TpTrace Verbose: 0 : 14016, 1, 2022/05/12, 11:16:33.861, 74946488242, vstest.console.dll, Version: 17.1.0-release-20220113-05
TpTrace Information: 0 : 14016, 1, 2022/05/12, 11:16:33.883, 74946651300, vstest.console.dll, FilePatternParser: The given file C:\Users\Oleg\Desktop\QA Automation May 2022\02 Unit Testing And NUnit\Nunit-Collections-Project\Collection.Tests\bin\Debug\net6.0\fine-code-coverage\build-output\Collections.Tests.dll is a full path.
TpTrace Verbose: 0 : 14016, 1, 2022/05/12, 11:16:33.900, 74946823043, vstest.console.dll, TestPluginCache.DiscoverTestExtensions: finding test extensions in assemblies ends with: RuntimeProvider.dll TPluginInfo: Microsoft.VisualStudio.TestPlatform.Common.ExtensionFramework.Utilities.TestRuntimePluginInformation TExtension: Microsoft.VisualStudio.TestPlatform.ObjectModel.Host.ITestRuntimeProvider
TpTrace Verbose: 0 : 14016, 1, 2022/05/12, 11:16:33.901, 74946834474, vstest.console.dll, TestPluginCache.GetExtensionPaths: Filtered extension paths: 
TpTrace Verbose: 0 : 14016, 1, 2022/05/12, 11:16:33.901, 74946835933, vstest.console.dll, TestPluginCache.GetExtensionPaths: Added default extension paths: C:\Program Files\dotnet\sdk\6.0.202\Extensions\DumpMinitool.exe
C:\Program Files\dotnet\sdk\6.0.202\Extensions\DumpMinitool.x86.exe
C:\Program Files\dotnet\sdk\6.0.202\Extensions\Microsoft.Diagnostics.NETCore.Client.dll
C:\Program Files\dotnet\sdk\6.0.202\Extensions\Microsoft.TestPlatform.Extensions.BlameDataCollector.dll
C:\Program Files\dotnet\sdk\6.0.202\Extensions\Microsoft.TestPlatform.Extensions.EventLogCollector.dll
C:\Program Files\dotnet\sdk\6.0.202\Extensions\Microsoft.TestPlatform.TestHostRuntimeProvider.dll
C:\Program Files\dotnet\sdk\6.0.202\Extensions\Microsoft.VisualStudio.TestPlatform.Extensions.Html.TestLogger.dll
C:\Program Files\dotnet\sdk\6.0.202\Extensions\Microsoft.VisualStudio.TestPlatform.Extensions.Trx.TestLogger.dll
TpTrace Verbose: 0 : 14016, 1, 2022/05/12, 11:16:33.901, 74946836430, vstest.console.dll, TestPluginCache.GetExtensionPaths: Added unfilterableExtensionPaths: 
TpTrace Information: 0 : 14016, 1, 2022/05/12, 11:16:33.902, 74946846699, vstest.console.dll, AssemblyResolver.ctor: Creating AssemblyResolver with searchDirectories C:\Program Files\dotnet\sdk\6.0.202\Extensions,C:\Program Files\dotnet\sdk\6.0.202
TpTrace Verbose: 0 : 14016, 1, 2022/05/12, 11:16:33.903, 74946857160, vstest.console.dll, TestPluginCache.DiscoverTestExtensions: Discovering the extensions using extension path.
TpTrace Verbose: 0 : 14016, 1, 2022/05/12, 11:16:33.904, 74946858883, vstest.console.dll, TestPluginCache.GetExtensionPaths: Filtered extension paths: 
TpTrace Verbose: 0 : 14016, 1, 2022/05/12, 11:16:33.904, 74946859375, vstest.console.dll, TestPluginCache.GetExtensionPaths: Added default extension paths: C:\Program Files\dotnet\sdk\6.0.202\Extensions\DumpMinitool.exe
C:\Program Files\dotnet\sdk\6.0.202\Extensions\DumpMinitool.x86.exe
C:\Program Files\dotnet\sdk\6.0.202\Extensions\Microsoft.Diagnostics.NETCore.Client.dll
C:\Program Files\dotnet\sdk\6.0.202\Extensions\Microsoft.TestPlatform.Extensions.BlameDataCollector.dll
C:\Program Files\dotnet\sdk\6.0.202\Extensions\Microsoft.TestPlatform.Extensions.EventLogCollector.dll
C:\Program Files\dotnet\sdk\6.0.202\Extensions\Microsoft.TestPlatform.TestHostRuntimeProvider.dll
C:\Program Files\dotnet\sdk\6.0.202\Extensions\Microsoft.VisualStudio.TestPlatform.Extensions.Html.TestLogger.dll
C:\Program Files\dotnet\sdk\6.0.202\Extensions\Microsoft.VisualStudio.TestPlatform.Extensions.Trx.TestLogger.dll
TpTrace Verbose: 0 : 14016, 1, 2022/05/12, 11:16:33.904, 74946859912, vstest.console.dll, TestPluginCache.GetExtensionPaths: Added unfilterableExtensionPaths: 
TpTrace Verbose: 0 : 14016, 1, 2022/05/12, 11:16:33.904, 74946860906, vstest.console.dll, TestPluginCache.DiscoverTestExtensions: Discovering the extensions using allExtensionPaths: C:\Program Files\dotnet\sdk\6.0.202\Extensions\DumpMinitool.exe
C:\Program Files\dotnet\sdk\6.0.202\Extensions\DumpMinitool.x86.exe
C:\Program Files\dotnet\sdk\6.0.202\Extensions\Microsoft.Diagnostics.NETCore.Client.dll
C:\Program Files\dotnet\sdk\6.0.202\Extensions\Microsoft.TestPlatform.Extensions.BlameDataCollector.dll
C:\Program Files\dotnet\sdk\6.0.202\Extensions\Microsoft.TestPlatform.Extensions.EventLogCollector.dll
C:\Program Files\dotnet\sdk\6.0.202\Extensions\Microsoft.TestPlatform.TestHostRuntimeProvider.dll
C:\Program Files\dotnet\sdk\6.0.202\Extensions\Microsoft.VisualStudio.TestPlatform.Extensions.Html.TestLogger.dll
C:\Program Files\dotnet\sdk\6.0.202\Extensions\Microsoft.VisualStudio.TestPlatform.Extensions.Trx.TestLogger.dll
TpTrace Information: 0 : 14016, 1, 2022/05/12, 11:16:33.904, 74946862993, vstest.console.dll, AssemblyResolver.AddSearchDirectories: Adding more searchDirectories C:\Program Files\dotnet\sdk\6.0.202\Extensions,C:\Program Files\dotnet\sdk\6.0.202
TpTrace Information: 0 : 14016, 1, 2022/05/12, 11:16:33.904, 74946863667, vstest.console.dll, AssemblyResolver.AddSearchDirectories: Adding more searchDirectories C:\Program Files\dotnet\sdk\6.0.202\Extensions,C:\Program Files\dotnet\sdk\6.0.202
TpTrace Information: 0 : 14016, 1, 2022/05/12, 11:16:33.904, 74946864185, vstest.console.dll, AssemblyResolver.AddSearchDirectories: Adding more searchDirectories C:\Program Files\dotnet\sdk\6.0.202\Extensions,C:\Program Files\dotnet\sdk\6.0.202
TpTrace Information: 0 : 14016, 1, 2022/05/12, 11:16:33.904, 74946864594, vstest.console.dll, AssemblyResolver.AddSearchDirectories: Adding more searchDirectories C:\Program Files\dotnet\sdk\6.0.202\Extensions,C:\Program Files\dotnet\sdk\6.0.202
TpTrace Information: 0 : 14016, 1, 2022/05/12, 11:16:33.904, 74946864989, vstest.console.dll, AssemblyResolver.AddSearchDirectories: Adding more searchDirectories C:\Program Files\dotnet\sdk\6.0.202\Extensions,C:\Program Files\dotnet\sdk\6.0.202
TpTrace Information: 0 : 14016, 1, 2022/05/12, 11:16:33.904, 74946865462, vstest.console.dll, AssemblyResolver.AddSearchDirectories: Adding more searchDirectories C:\Program Files\dotnet\sdk\6.0.202\Extensions,C:\Program Files\dotnet\sdk\6.0.202
TpTrace Information: 0 : 14016, 1, 2022/05/12, 11:16:33.904, 74946865860, vstest.console.dll, AssemblyResolver.AddSearchDirectories: Adding more searchDirectories C:\Program Files\dotnet\sdk\6.0.202\Extensions,C:\Program Files\dotnet\sdk\6.0.202
TpTrace Information: 0 : 14016, 1, 2022/05/12, 11:16:33.904, 74946866251, vstest.console.dll, AssemblyResolver.AddSearchDirectories: Adding more searchDirectories C:\Program Files\dotnet\sdk\6.0.202\Extensions,C:\Program Files\dotnet\sdk\6.0.202
TpTrace Information: 0 : 14016, 1, 2022/05/12, 11:16:33.905, 74946870336, vstest.console.dll, AssemblyResolver.OnResolve: DumpMinitool: Resolving assembly.
TpTrace Information: 0 : 14016, 1, 2022/05/12, 11:16:33.905, 74946871119, vstest.console.dll, AssemblyResolver.OnResolve: DumpMinitool: Searching in: 'C:\Program Files\dotnet\sdk\6.0.202\Extensions'.
TpTrace Information: 0 : 14016, 1, 2022/05/12, 11:16:33.905, 74946872761, vstest.console.dll, AssemblyResolver.OnResolve: DumpMinitool: Assembly path does not exist: 'C:\Program Files\dotnet\sdk\6.0.202\Extensions\DumpMinitool.dll', returning.
TpTrace Information: 0 : 14016, 1, 2022/05/12, 11:16:33.907, 74946887823, vstest.console.dll, AssemblyResolver.OnResolve: DumpMinitool: Loading assembly 'C:\Program Files\dotnet\sdk\6.0.202\Extensions\DumpMinitool.exe'.
TpTrace Information: 0 : 14016, 1, 2022/05/12, 11:16:33.907, 74946896544, vstest.console.dll, AssemblyResolver.OnResolve: Resolved assembly: DumpMinitool, from path: C:\Program Files\dotnet\sdk\6.0.202\Extensions\DumpMinitool.exe
TpTrace Information: 0 : 14016, 1, 2022/05/12, 11:16:33.914, 74946963487, vstest.console.dll, AssemblyResolver.OnResolve: DumpMinitool.x86: Resolving assembly.
TpTrace Information: 0 : 14016, 1, 2022/05/12, 11:16:33.914, 74946964608, vstest.console.dll, AssemblyResolver.OnResolve: DumpMinitool.x86: Searching in: 'C:\Program Files\dotnet\sdk\6.0.202\Extensions'.
TpTrace Information: 0 : 14016, 1, 2022/05/12, 11:16:33.914, 74946965948, vstest.console.dll, AssemblyResolver.OnResolve: DumpMinitool.x86: Assembly path does not exist: 'C:\Program Files\dotnet\sdk\6.0.202\Extensions\DumpMinitool.x86.dll', returning.
TpTrace Information: 0 : 14016, 1, 2022/05/12, 11:16:33.915, 74946977177, vstest.console.dll, AssemblyResolver.OnResolve: DumpMinitool.x86: Loading assembly 'C:\Program Files\dotnet\sdk\6.0.202\Extensions\DumpMinitool.x86.exe'.
TpTrace Information: 0 : 14016, 1, 2022/05/12, 11:16:33.916, 74946984992, vstest.console.dll, AssemblyResolver.OnResolve: Resolved assembly: DumpMinitool.x86, from path: C:\Program Files\dotnet\sdk\6.0.202\Extensions\DumpMinitool.x86.exe
TpTrace Information: 0 : 14016, 1, 2022/05/12, 11:16:33.917, 74946990811, vstest.console.dll, AssemblyResolver.OnResolve: Microsoft.Diagnostics.NETCore.Client: Resolving assembly.
TpTrace Information: 0 : 14016, 1, 2022/05/12, 11:16:33.917, 74946991774, vstest.console.dll, AssemblyResolver.OnResolve: Microsoft.Diagnostics.NETCore.Client: Searching in: 'C:\Program Files\dotnet\sdk\6.0.202\Extensions'.
TpTrace Information: 0 : 14016, 1, 2022/05/12, 11:16:33.919, 74947014878, vstest.console.dll, AssemblyResolver.OnResolve: Microsoft.Diagnostics.NETCore.Client: Loading assembly 'C:\Program Files\dotnet\sdk\6.0.202\Extensions\Microsoft.Diagnostics.NETCore.Client.dll'.
TpTrace Information: 0 : 14016, 1, 2022/05/12, 11:16:33.921, 74947032852, vstest.console.dll, AssemblyResolver.OnResolve: Resolved assembly: Microsoft.Diagnostics.NETCore.Client, from path: C:\Program Files\dotnet\sdk\6.0.202\Extensions\Microsoft.Diagnostics.NETCore.Client.dll
TpTrace Information: 0 : 14016, 1, 2022/05/12, 11:16:33.924, 74947063662, vstest.console.dll, AssemblyResolver.OnResolve: Microsoft.Bcl.AsyncInterfaces: Resolving assembly.
TpTrace Information: 0 : 14016, 1, 2022/05/12, 11:16:33.924, 74947064740, vstest.console.dll, AssemblyResolver.OnResolve: Microsoft.Bcl.AsyncInterfaces: Searching in: 'C:\Program Files\dotnet\sdk\6.0.202\Extensions'.
TpTrace Information: 0 : 14016, 1, 2022/05/12, 11:16:33.924, 74947065916, vstest.console.dll, AssemblyResolver.OnResolve: Microsoft.Bcl.AsyncInterfaces: Assembly path does not exist: 'C:\Program Files\dotnet\sdk\6.0.202\Extensions\Microsoft.Bcl.AsyncInterfaces.dll', returning.
TpTrace Information: 0 : 14016, 1, 2022/05/12, 11:16:33.924, 74947066937, vstest.console.dll, AssemblyResolver.OnResolve: Microsoft.Bcl.AsyncInterfaces: Assembly path does not exist: 'C:\Program Files\dotnet\sdk\6.0.202\Extensions\Microsoft.Bcl.AsyncInterfaces.exe', returning.
TpTrace Information: 0 : 14016, 1, 2022/05/12, 11:16:33.924, 74947067333, vstest.console.dll, AssemblyResolver.OnResolve: Microsoft.Bcl.AsyncInterfaces: Searching in: 'C:\Program Files\dotnet\sdk\6.0.202'.
TpTrace Information: 0 : 14016, 1, 2022/05/12, 11:16:33.925, 74947068262, vstest.console.dll, AssemblyResolver.OnResolve: Microsoft.Bcl.AsyncInterfaces: Assembly path does not exist: 'C:\Program Files\dotnet\sdk\6.0.202\Microsoft.Bcl.AsyncInterfaces.dll', returning.
TpTrace Information: 0 : 14016, 1, 2022/05/12, 11:16:33.925, 74947069183, vstest.console.dll, AssemblyResolver.OnResolve: Microsoft.Bcl.AsyncInterfaces: Assembly path does not exist: 'C:\Program Files\dotnet\sdk\6.0.202\Microsoft.Bcl.AsyncInterfaces.exe', returning.
TpTrace Information: 0 : 14016, 1, 2022/05/12, 11:16:33.925, 74947069696, vstest.console.dll, AssemblyResolver.OnResolve: Microsoft.Bcl.AsyncInterfaces: Failed to load assembly.
TpTrace Verbose: 0 : 14016, 1, 2022/05/12, 11:16:33.925, 74947070258, vstest.console.dll, CurrentDomainAssemblyResolve: Resolving assembly 'Microsoft.Bcl.AsyncInterfaces'.
TpTrace Information: 0 : 14016, 1, 2022/05/12, 11:16:33.925, 74947070998, vstest.console.dll, AssemblyResolver.OnResolve: Microsoft.Bcl.AsyncInterfaces: Resolving assembly.
TpTrace Information: 0 : 14016, 1, 2022/05/12, 11:16:33.925, 74947071520, vstest.console.dll, AssemblyResolver.OnResolve: Microsoft.Bcl.AsyncInterfaces: Resolved from cache.
TpTrace Verbose: 0 : 14016, 1, 2022/05/12, 11:16:33.925, 74947071943, vstest.console.dll, CurrentDomainAssemblyResolve: Resolving assembly 'Microsoft.Bcl.AsyncInterfaces'.
TpTrace Verbose: 0 : 14016, 1, 2022/05/12, 11:16:33.925, 74947073390, vstest.console.dll, CurrentDomainAssemblyResolve: Failed to resolve assembly 'Microsoft.Bcl.AsyncInterfaces'.
TpTrace Verbose: 0 : 14016, 1, 2022/05/12, 11:16:33.928, 74947106227, vstest.console.dll, CurrentDomainAssemblyResolve: Failed to resolve assembly 'Microsoft.Bcl.AsyncInterfaces'.
TpTrace Warning: 0 : 14016, 1, 2022/05/12, 11:16:33.980, 74947623858, vstest.console.dll, TestPluginDiscoverer: Failed to get types from assembly 'Microsoft.Diagnostics.NETCore.Client, Version=0.2.5.801, Culture=neutral, PublicKeyToken=31bf3856ad364e35'.  Skipping test extension scan for this assembly.  Error: System.Reflection.ReflectionTypeLoadException: Unable to load one or more of the requested types.
Could not load file or assembly 'Microsoft.Bcl.AsyncInterfaces, Version=1.0.0.0, Culture=neutral, PublicKeyToken=cc7b13ffcd2ddd51'. The system cannot find the file specified.
   at System.Reflection.RuntimeModule.GetTypes(RuntimeModule module)
   at System.Reflection.Assembly.GetTypes()
   at Microsoft.VisualStudio.TestPlatform.Common.ExtensionFramework.TestPluginDiscoverer.GetTestExtensionsFromAssembly[TPluginInfo,TExtension](Assembly assembly, Dictionary`2 pluginInfos)
System.IO.FileNotFoundException: Could not load file or assembly 'Microsoft.Bcl.AsyncInterfaces, Version=1.0.0.0, Culture=neutral, PublicKeyToken=cc7b13ffcd2ddd51'. The system cannot find the file specified.
File name: 'Microsoft.Bcl.AsyncInterfaces, Version=1.0.0.0, Culture=neutral, PublicKeyToken=cc7b13ffcd2ddd51'
 ---> System.IO.FileNotFoundException: Could not load file or assembly 'Microsoft.Bcl.AsyncInterfaces, Culture=neutral, PublicKeyToken=null'. The system cannot find the file specified.
File name: 'Microsoft.Bcl.AsyncInterfaces, Culture=neutral, PublicKeyToken=null'
   at System.Reflection.RuntimeAssembly.InternalLoad(ObjectHandleOnStack assemblyName, ObjectHandleOnStack requestingAssembly, StackCrawlMarkHandle stackMark, Boolean throwOnFileNotFound, ObjectHandleOnStack assemblyLoadContext, ObjectHandleOnStack retAssembly)
   at System.Reflection.RuntimeAssembly.InternalLoad(AssemblyName assemblyName, RuntimeAssembly requestingAssembly, StackCrawlMark& stackMark, Boolean throwOnFileNotFound, AssemblyLoadContext assemblyLoadContext)
   at System.Reflection.Assembly.Load(AssemblyName assemblyRef)
   at Microsoft.VisualStudio.TestPlatform.Common.ExtensionFramework.TestPluginCache.CurrentDomainAssemblyResolve(Object sender, AssemblyResolveEventArgs args)
   at Microsoft.VisualStudio.TestPlatform.PlatformAbstractions.PlatformAssemblyResolver.AssemblyResolverEvent(Object sender, Object eventArgs)
   at System.Runtime.Loader.AssemblyLoadContext.GetFirstResolvedAssemblyFromResolvingEvent(AssemblyName assemblyName)
   at System.Runtime.Loader.AssemblyLoadContext.ResolveUsingEvent(AssemblyName assemblyName)
   at System.Runtime.Loader.AssemblyLoadContext.ResolveUsingResolvingEvent(IntPtr gchManagedAssemblyLoadContext, AssemblyName assemblyName)
TpTrace Warning: 0 : 14016, 1, 2022/05/12, 11:16:33.980, 74947626420, vstest.console.dll, LoaderExceptions: System.IO.FileNotFoundException: Could not load file or assembly 'Microsoft.Bcl.AsyncInterfaces, Version=1.0.0.0, Culture=neutral, PublicKeyToken=cc7b13ffcd2ddd51'. The system cannot find the file specified.
File name: 'Microsoft.Bcl.AsyncInterfaces, Version=1.0.0.0, Culture=neutral, PublicKeyToken=cc7b13ffcd2ddd51'
 ---> System.IO.FileNotFoundException: Could not load file or assembly 'Microsoft.Bcl.AsyncInterfaces, Culture=neutral, PublicKeyToken=null'. The system cannot find the file specified.
File name: 'Microsoft.Bcl.AsyncInterfaces, Culture=neutral, PublicKeyToken=null'
   at System.Reflection.RuntimeAssembly.InternalLoad(ObjectHandleOnStack assemblyName, ObjectHandleOnStack requestingAssembly, StackCrawlMarkHandle stackMark, Boolean throwOnFileNotFound, ObjectHandleOnStack assemblyLoadContext, ObjectHandleOnStack retAssembly)
   at System.Reflection.RuntimeAssembly.InternalLoad(AssemblyName assemblyName, RuntimeAssembly requestingAssembly, StackCrawlMark& stackMark, Boolean throwOnFileNotFound, AssemblyLoadContext assemblyLoadContext)
   at System.Reflection.Assembly.Load(AssemblyName assemblyRef)
   at Microsoft.VisualStudio.TestPlatform.Common.ExtensionFramework.TestPluginCache.CurrentDomainAssemblyResolve(Object sender, AssemblyResolveEventArgs args)
   at Microsoft.VisualStudio.TestPlatform.PlatformAbstractions.PlatformAssemblyResolver.AssemblyResolverEvent(Object sender, Object eventArgs)
   at System.Runtime.Loader.AssemblyLoadContext.GetFirstResolvedAssemblyFromResolvingEvent(AssemblyName assemblyName)
   at System.Runtime.Loader.AssemblyLoadContext.ResolveUsingEvent(AssemblyName assemblyName)
   at System.Runtime.Loader.AssemblyLoadContext.ResolveUsingResolvingEvent(IntPtr gchManagedAssemblyLoadContext, AssemblyName assemblyName)
TpTrace Information: 0 : 14016, 1, 2022/05/12, 11:16:33.981, 74947627879, vstest.console.dll, AssemblyResolver.OnResolve: Microsoft.TestPlatform.Extensions.BlameDataCollector: Resolving assembly.
TpTrace Information: 0 : 14016, 1, 2022/05/12, 11:16:33.981, 74947628888, vstest.console.dll, AssemblyResolver.OnResolve: Microsoft.TestPlatform.Extensions.BlameDataCollector: Searching in: 'C:\Program Files\dotnet\sdk\6.0.202\Extensions'.
TpTrace Information: 0 : 14016, 1, 2022/05/12, 11:16:33.984, 74947658664, vstest.console.dll, AssemblyResolver.OnResolve: Microsoft.TestPlatform.Extensions.BlameDataCollector: Loading assembly 'C:\Program Files\dotnet\sdk\6.0.202\Extensions\Microsoft.TestPlatform.Extensions.BlameDataCollector.dll'.
TpTrace Information: 0 : 14016, 1, 2022/05/12, 11:16:33.985, 74947673766, vstest.console.dll, AssemblyResolver.OnResolve: Resolved assembly: Microsoft.TestPlatform.Extensions.BlameDataCollector, from path: C:\Program Files\dotnet\sdk\6.0.202\Extensions\Microsoft.TestPlatform.Extensions.BlameDataCollector.dll
TpTrace Information: 0 : 14016, 1, 2022/05/12, 11:16:33.987, 74947690698, vstest.console.dll, AssemblyResolver.OnResolve: Microsoft.TestPlatform.Extensions.EventLogCollector: Resolving assembly.
TpTrace Information: 0 : 14016, 1, 2022/05/12, 11:16:33.987, 74947692044, vstest.console.dll, AssemblyResolver.OnResolve: Microsoft.TestPlatform.Extensions.EventLogCollector: Searching in: 'C:\Program Files\dotnet\sdk\6.0.202\Extensions'.
TpTrace Information: 0 : 14016, 1, 2022/05/12, 11:16:33.989, 74947709028, vstest.console.dll, AssemblyResolver.OnResolve: Microsoft.TestPlatform.Extensions.EventLogCollector: Loading assembly 'C:\Program Files\dotnet\sdk\6.0.202\Extensions\Microsoft.TestPlatform.Extensions.EventLogCollector.dll'.
TpTrace Information: 0 : 14016, 1, 2022/05/12, 11:16:33.990, 74947719724, vstest.console.dll, AssemblyResolver.OnResolve: Resolved assembly: Microsoft.TestPlatform.Extensions.EventLogCollector, from path: C:\Program Files\dotnet\sdk\6.0.202\Extensions\Microsoft.TestPlatform.Extensions.EventLogCollector.dll
TpTrace Information: 0 : 14016, 1, 2022/05/12, 11:16:33.992, 74947744371, vstest.console.dll, AssemblyResolver.OnResolve: Microsoft.TestPlatform.TestHostRuntimeProvider: Resolving assembly.
TpTrace Information: 0 : 14016, 1, 2022/05/12, 11:16:33.992, 74947745422, vstest.console.dll, AssemblyResolver.OnResolve: Microsoft.TestPlatform.TestHostRuntimeProvider: Searching in: 'C:\Program Files\dotnet\sdk\6.0.202\Extensions'.
TpTrace Information: 0 : 14016, 1, 2022/05/12, 11:16:33.994, 74947762712, vstest.console.dll, AssemblyResolver.OnResolve: Microsoft.TestPlatform.TestHostRuntimeProvider: Loading assembly 'C:\Program Files\dotnet\sdk\6.0.202\Extensions\Microsoft.TestPlatform.TestHostRuntimeProvider.dll'.
TpTrace Information: 0 : 14016, 1, 2022/05/12, 11:16:33.996, 74947778157, vstest.console.dll, AssemblyResolver.OnResolve: Resolved assembly: Microsoft.TestPlatform.TestHostRuntimeProvider, from path: C:\Program Files\dotnet\sdk\6.0.202\Extensions\Microsoft.TestPlatform.TestHostRuntimeProvider.dll
TpTrace Information: 0 : 14016, 1, 2022/05/12, 11:16:33.998, 74947804996, vstest.console.dll, AssemblyResolver.OnResolve: Microsoft.VisualStudio.TestPlatform.Extensions.Html.TestLogger: Resolving assembly.
TpTrace Information: 0 : 14016, 1, 2022/05/12, 11:16:33.998, 74947806385, vstest.console.dll, AssemblyResolver.OnResolve: Microsoft.VisualStudio.TestPlatform.Extensions.Html.TestLogger: Searching in: 'C:\Program Files\dotnet\sdk\6.0.202\Extensions'.
TpTrace Information: 0 : 14016, 1, 2022/05/12, 11:16:34.000, 74947827148, vstest.console.dll, AssemblyResolver.OnResolve: Microsoft.VisualStudio.TestPlatform.Extensions.Html.TestLogger: Loading assembly 'C:\Program Files\dotnet\sdk\6.0.202\Extensions\Microsoft.VisualStudio.TestPlatform.Extensions.Html.TestLogger.dll'.
TpTrace Information: 0 : 14016, 1, 2022/05/12, 11:16:34.002, 74947839325, vstest.console.dll, AssemblyResolver.OnResolve: Resolved assembly: Microsoft.VisualStudio.TestPlatform.Extensions.Html.TestLogger, from path: C:\Program Files\dotnet\sdk\6.0.202\Extensions\Microsoft.VisualStudio.TestPlatform.Extensions.Html.TestLogger.dll
TpTrace Information: 0 : 14016, 1, 2022/05/12, 11:16:34.002, 74947846035, vstest.console.dll, AssemblyResolver.OnResolve: Microsoft.VisualStudio.TestPlatform.Extensions.Trx.TestLogger: Resolving assembly.
TpTrace Information: 0 : 14016, 1, 2022/05/12, 11:16:34.002, 74947847128, vstest.console.dll, AssemblyResolver.OnResolve: Microsoft.VisualStudio.TestPlatform.Extensions.Trx.TestLogger: Searching in: 'C:\Program Files\dotnet\sdk\6.0.202\Extensions'.
TpTrace Information: 0 : 14016, 1, 2022/05/12, 11:16:34.005, 74947868698, vstest.console.dll, AssemblyResolver.OnResolve: Microsoft.VisualStudio.TestPlatform.Extensions.Trx.TestLogger: Loading assembly 'C:\Program Files\dotnet\sdk\6.0.202\Extensions\Microsoft.VisualStudio.TestPlatform.Extensions.Trx.TestLogger.dll'.
TpTrace Information: 0 : 14016, 1, 2022/05/12, 11:16:34.006, 74947884682, vstest.console.dll, AssemblyResolver.OnResolve: Resolved assembly: Microsoft.VisualStudio.TestPlatform.Extensions.Trx.TestLogger, from path: C:\Program Files\dotnet\sdk\6.0.202\Extensions\Microsoft.VisualStudio.TestPlatform.Extensions.Trx.TestLogger.dll
TpTrace Verbose: 0 : 14016, 1, 2022/05/12, 11:16:34.008, 74947903995, vstest.console.dll, TestPluginCache: Discovered the extensions using extension path ''.
TpTrace Verbose: 0 : 14016, 1, 2022/05/12, 11:16:34.008, 74947905373, vstest.console.dll, TestPluginCache: Discoverers are ''.
TpTrace Verbose: 0 : 14016, 1, 2022/05/12, 11:16:34.008, 74947905992, vstest.console.dll, TestPluginCache: Executors are ''.
TpTrace Verbose: 0 : 14016, 1, 2022/05/12, 11:16:34.008, 74947906588, vstest.console.dll, TestPluginCache: Executors2 are ''.
TpTrace Verbose: 0 : 14016, 1, 2022/05/12, 11:16:34.008, 74947907303, vstest.console.dll, TestPluginCache: Setting providers are ''.
TpTrace Verbose: 0 : 14016, 1, 2022/05/12, 11:16:34.009, 74947907927, vstest.console.dll, TestPluginCache: Loggers are ''.
TpTrace Information: 0 : 14016, 1, 2022/05/12, 11:16:34.016, 74947977986, vstest.console.dll, RunTestsArgumentProcessor:Execute: Test run is starting.
TpTrace Verbose: 0 : 14016, 1, 2022/05/12, 11:16:34.016, 74947979443, vstest.console.dll, RunTestsArgumentProcessor:Execute: Queuing Test run.
TpTrace Information: 0 : 14016, 1, 2022/05/12, 11:16:34.016, 74947983789, vstest.console.dll, TestRequestManager.RunTests: run tests started.
TpTrace Information: 0 : 14016, 1, 2022/05/12, 11:16:34.025, 74948070954, vstest.console.dll, AssemblyMetadataProvider.GetFrameWork: Determined framework:'.NETCoreApp,Version=v6.0' for source: 'C:\Users\Oleg\Desktop\QA Automation May 2022\02 Unit Testing And NUnit\Nunit-Collections-Project\Collection.Tests\bin\Debug\net6.0\fine-code-coverage\build-output\Collections.Tests.dll'
TpTrace Information: 0 : 14016, 1, 2022/05/12, 11:16:34.025, 74948073814, vstest.console.dll, Determined framework for all sources: .NETCoreApp,Version=v6.0
TpTrace Verbose: 0 : 14016, 1, 2022/05/12, 11:16:34.026, 74948078073, vstest.console.dll, Default architecture: X64 IsDefaultTargetArchitecture: True
TpTrace Information: 0 : 14016, 1, 2022/05/12, 11:16:34.026, 74948082043, vstest.console.dll, AssemblyMetadataProvider.GetArchitecture: Determined architecture:AnyCPU info for assembly: C:\Users\Oleg\Desktop\QA Automation May 2022\02 Unit Testing And NUnit\Nunit-Collections-Project\Collection.Tests\bin\Debug\net6.0\fine-code-coverage\build-output\Collections.Tests.dll
TpTrace Information: 0 : 14016, 1, 2022/05/12, 11:16:34.026, 74948082811, vstest.console.dll, Determined platform for source 'C:\Users\Oleg\Desktop\QA Automation May 2022\02 Unit Testing And NUnit\Nunit-Collections-Project\Collection.Tests\bin\Debug\net6.0\fine-code-coverage\build-output\Collections.Tests.dll' is 'AnyCPU'
TpTrace Information: 0 : 14016, 1, 2022/05/12, 11:16:34.028, 74948106969, vstest.console.dll, Determined platform for all sources: X64
TpTrace Information: 0 : 14016, 1, 2022/05/12, 11:16:34.029, 74948108127, vstest.console.dll, Infered platform 'X64'.
TpTrace Information: 0 : 14016, 1, 2022/05/12, 11:16:34.029, 74948108603, vstest.console.dll, Platform update to 'X64' required.
TpTrace Information: 0 : 14016, 1, 2022/05/12, 11:16:34.037, 74948189117, vstest.console.dll, Compatible sources list : 
TpTrace Information: 0 : 14016, 1, 2022/05/12, 11:16:34.037, 74948190801, vstest.console.dll, C:\Users\Oleg\Desktop\QA Automation May 2022\02 Unit Testing And NUnit\Nunit-Collections-Project\Collection.Tests\bin\Debug\net6.0\fine-code-coverage\build-output\Collections.Tests.dll
TpTrace Information: 0 : 14016, 1, 2022/05/12, 11:16:34.042, 74948243675, vstest.console.dll, InferRunSettingsHelper.IsTestSettingsEnabled: Unable to navigate to RunSettings/MSTest. Current node: RunSettings
TpTrace Information: 0 : 14016, 1, 2022/05/12, 11:16:34.043, 74948253446, vstest.console.dll, AssemblyResolver.OnResolve: Microsoft.VisualStudio.TestPlatform.Fakes: Resolving assembly.
TpTrace Information: 0 : 14016, 1, 2022/05/12, 11:16:34.043, 74948254840, vstest.console.dll, AssemblyResolver.OnResolve: Microsoft.VisualStudio.TestPlatform.Fakes: Searching in: 'C:\Program Files\dotnet\sdk\6.0.202\Extensions'.
TpTrace Information: 0 : 14016, 1, 2022/05/12, 11:16:34.043, 74948256553, vstest.console.dll, AssemblyResolver.OnResolve: Microsoft.VisualStudio.TestPlatform.Fakes: Assembly path does not exist: 'C:\Program Files\dotnet\sdk\6.0.202\Extensions\Microsoft.VisualStudio.TestPlatform.Fakes.dll', returning.
TpTrace Information: 0 : 14016, 1, 2022/05/12, 11:16:34.044, 74948258022, vstest.console.dll, AssemblyResolver.OnResolve: Microsoft.VisualStudio.TestPlatform.Fakes: Assembly path does not exist: 'C:\Program Files\dotnet\sdk\6.0.202\Extensions\Microsoft.VisualStudio.TestPlatform.Fakes.exe', returning.
TpTrace Information: 0 : 14016, 1, 2022/05/12, 11:16:34.044, 74948258693, vstest.console.dll, AssemblyResolver.OnResolve: Microsoft.VisualStudio.TestPlatform.Fakes: Searching in: 'C:\Program Files\dotnet\sdk\6.0.202'.
TpTrace Information: 0 : 14016, 1, 2022/05/12, 11:16:34.044, 74948260171, vstest.console.dll, AssemblyResolver.OnResolve: Microsoft.VisualStudio.TestPlatform.Fakes: Assembly path does not exist: 'C:\Program Files\dotnet\sdk\6.0.202\Microsoft.VisualStudio.TestPlatform.Fakes.dll', returning.
TpTrace Information: 0 : 14016, 1, 2022/05/12, 11:16:34.044, 74948261177, vstest.console.dll, AssemblyResolver.OnResolve: Microsoft.VisualStudio.TestPlatform.Fakes: Assembly path does not exist: 'C:\Program Files\dotnet\sdk\6.0.202\Microsoft.VisualStudio.TestPlatform.Fakes.exe', returning.
TpTrace Information: 0 : 14016, 1, 2022/05/12, 11:16:34.044, 74948261580, vstest.console.dll, AssemblyResolver.OnResolve: Microsoft.VisualStudio.TestPlatform.Fakes: Failed to load assembly.
TpTrace Information: 0 : 14016, 1, 2022/05/12, 11:16:34.044, 74948266140, vstest.console.dll, Failed to load assembly Microsoft.VisualStudio.TestPlatform.Fakes, Version=17.0.0.0, Culture=neutral. Reason:System.IO.FileNotFoundException: Could not load file or assembly 'Microsoft.VisualStudio.TestPlatform.Fakes, Version=17.0.0.0, Culture=neutral, PublicKeyToken=null'. The system cannot find the file specified.
File name: 'Microsoft.VisualStudio.TestPlatform.Fakes, Version=17.0.0.0, Culture=neutral, PublicKeyToken=null'
   at System.Reflection.RuntimeAssembly.InternalLoad(ObjectHandleOnStack assemblyName, ObjectHandleOnStack requestingAssembly, StackCrawlMarkHandle stackMark, Boolean throwOnFileNotFound, ObjectHandleOnStack assemblyLoadContext, ObjectHandleOnStack retAssembly)
   at System.Reflection.RuntimeAssembly.InternalLoad(AssemblyName assemblyName, RuntimeAssembly requestingAssembly, StackCrawlMark& stackMark, Boolean throwOnFileNotFound, AssemblyLoadContext assemblyLoadContext)
   at System.Reflection.Assembly.Load(AssemblyName assemblyRef)
   at Microsoft.VisualStudio.TestPlatform.Common.Utilities.FakesUtilities.LoadTestPlatformAssembly()
TpTrace Verbose: 0 : 14016, 1, 2022/05/12, 11:16:34.051, 74948327733, vstest.console.dll, TestPluginCache.DiscoverTestExtensions: finding test extensions in assemblies ends with: TestLogger.dll TPluginInfo: Microsoft.VisualStudio.TestPlatform.Common.ExtensionFramework.Utilities.TestLoggerPluginInformation TExtension: Microsoft.VisualStudio.TestPlatform.ObjectModel.Client.ITestLogger
TpTrace Verbose: 0 : 14016, 1, 2022/05/12, 11:16:34.051, 74948328951, vstest.console.dll, TestPluginCache.GetExtensionPaths: Filtered extension paths: 
TpTrace Verbose: 0 : 14016, 1, 2022/05/12, 11:16:34.051, 74948329434, vstest.console.dll, TestPluginCache.GetExtensionPaths: Added default extension paths: C:\Program Files\dotnet\sdk\6.0.202\Extensions\DumpMinitool.exe
C:\Program Files\dotnet\sdk\6.0.202\Extensions\DumpMinitool.x86.exe
C:\Program Files\dotnet\sdk\6.0.202\Extensions\Microsoft.Diagnostics.NETCore.Client.dll
C:\Program Files\dotnet\sdk\6.0.202\Extensions\Microsoft.TestPlatform.Extensions.BlameDataCollector.dll
C:\Program Files\dotnet\sdk\6.0.202\Extensions\Microsoft.TestPlatform.Extensions.EventLogCollector.dll
C:\Program Files\dotnet\sdk\6.0.202\Extensions\Microsoft.TestPlatform.TestHostRuntimeProvider.dll
C:\Program Files\dotnet\sdk\6.0.202\Extensions\Microsoft.VisualStudio.TestPlatform.Extensions.Html.TestLogger.dll
C:\Program Files\dotnet\sdk\6.0.202\Extensions\Microsoft.VisualStudio.TestPlatform.Extensions.Trx.TestLogger.dll
TpTrace Verbose: 0 : 14016, 1, 2022/05/12, 11:16:34.051, 74948329932, vstest.console.dll, TestPluginCache.GetExtensionPaths: Added unfilterableExtensionPaths: 
TpTrace Information: 0 : 14016, 1, 2022/05/12, 11:16:34.051, 74948332360, vstest.console.dll, AssemblyResolver.AddSearchDirectories: Adding more searchDirectories C:\Program Files\dotnet\sdk\6.0.202\Extensions,C:\Program Files\dotnet\sdk\6.0.202
TpTrace Verbose: 0 : 14016, 1, 2022/05/12, 11:16:34.051, 74948332942, vstest.console.dll, TestPluginCache.DiscoverTestExtensions: Discovering the extensions using extension path.
TpTrace Verbose: 0 : 14016, 1, 2022/05/12, 11:16:34.051, 74948333419, vstest.console.dll, TestPluginCache.GetExtensionPaths: Filtered extension paths: 
TpTrace Verbose: 0 : 14016, 1, 2022/05/12, 11:16:34.051, 74948333810, vstest.console.dll, TestPluginCache.GetExtensionPaths: Added default extension paths: C:\Program Files\dotnet\sdk\6.0.202\Extensions\DumpMinitool.exe
C:\Program Files\dotnet\sdk\6.0.202\Extensions\DumpMinitool.x86.exe
C:\Program Files\dotnet\sdk\6.0.202\Extensions\Microsoft.Diagnostics.NETCore.Client.dll
C:\Program Files\dotnet\sdk\6.0.202\Extensions\Microsoft.TestPlatform.Extensions.BlameDataCollector.dll
C:\Program Files\dotnet\sdk\6.0.202\Extensions\Microsoft.TestPlatform.Extensions.EventLogCollector.dll
C:\Program Files\dotnet\sdk\6.0.202\Extensions\Microsoft.TestPlatform.TestHostRuntimeProvider.dll
C:\Program Files\dotnet\sdk\6.0.202\Extensions\Microsoft.VisualStudio.TestPlatform.Extensions.Html.TestLogger.dll
C:\Program Files\dotnet\sdk\6.0.202\Extensions\Microsoft.VisualStudio.TestPlatform.Extensions.Trx.TestLogger.dll
TpTrace Verbose: 0 : 14016, 1, 2022/05/12, 11:16:34.051, 74948334286, vstest.console.dll, TestPluginCache.GetExtensionPaths: Added unfilterableExtensionPaths: 
TpTrace Verbose: 0 : 14016, 1, 2022/05/12, 11:16:34.051, 74948334746, vstest.console.dll, TestPluginCache.DiscoverTestExtensions: Discovering the extensions using allExtensionPaths: C:\Program Files\dotnet\sdk\6.0.202\Extensions\DumpMinitool.exe
C:\Program Files\dotnet\sdk\6.0.202\Extensions\DumpMinitool.x86.exe
C:\Program Files\dotnet\sdk\6.0.202\Extensions\Microsoft.Diagnostics.NETCore.Client.dll
C:\Program Files\dotnet\sdk\6.0.202\Extensions\Microsoft.TestPlatform.Extensions.BlameDataCollector.dll
C:\Program Files\dotnet\sdk\6.0.202\Extensions\Microsoft.TestPlatform.Extensions.EventLogCollector.dll
C:\Program Files\dotnet\sdk\6.0.202\Extensions\Microsoft.TestPlatform.TestHostRuntimeProvider.dll
C:\Program Files\dotnet\sdk\6.0.202\Extensions\Microsoft.VisualStudio.TestPlatform.Extensions.Html.TestLogger.dll
C:\Program Files\dotnet\sdk\6.0.202\Extensions\Microsoft.VisualStudio.TestPlatform.Extensions.Trx.TestLogger.dll
TpTrace Information: 0 : 14016, 1, 2022/05/12, 11:16:34.051, 74948335883, vstest.console.dll, AssemblyResolver.AddSearchDirectories: Adding more searchDirectories C:\Program Files\dotnet\sdk\6.0.202\Extensions,C:\Program Files\dotnet\sdk\6.0.202
TpTrace Information: 0 : 14016, 1, 2022/05/12, 11:16:34.051, 74948336365, vstest.console.dll, AssemblyResolver.AddSearchDirectories: Adding more searchDirectories C:\Program Files\dotnet\sdk\6.0.202\Extensions,C:\Program Files\dotnet\sdk\6.0.202
TpTrace Information: 0 : 14016, 1, 2022/05/12, 11:16:34.051, 74948336833, vstest.console.dll, AssemblyResolver.AddSearchDirectories: Adding more searchDirectories C:\Program Files\dotnet\sdk\6.0.202\Extensions,C:\Program Files\dotnet\sdk\6.0.202
TpTrace Information: 0 : 14016, 1, 2022/05/12, 11:16:34.051, 74948349205, vstest.console.dll, AssemblyResolver.AddSearchDirectories: Adding more searchDirectories C:\Program Files\dotnet\sdk\6.0.202\Extensions,C:\Program Files\dotnet\sdk\6.0.202
TpTrace Information: 0 : 14016, 1, 2022/05/12, 11:16:34.053, 74948350853, vstest.console.dll, AssemblyResolver.AddSearchDirectories: Adding more searchDirectories C:\Program Files\dotnet\sdk\6.0.202\Extensions,C:\Program Files\dotnet\sdk\6.0.202
TpTrace Information: 0 : 14016, 1, 2022/05/12, 11:16:34.053, 74948351574, vstest.console.dll, AssemblyResolver.AddSearchDirectories: Adding more searchDirectories C:\Program Files\dotnet\sdk\6.0.202\Extensions,C:\Program Files\dotnet\sdk\6.0.202
TpTrace Information: 0 : 14016, 1, 2022/05/12, 11:16:34.053, 74948352254, vstest.console.dll, AssemblyResolver.AddSearchDirectories: Adding more searchDirectories C:\Program Files\dotnet\sdk\6.0.202\Extensions,C:\Program Files\dotnet\sdk\6.0.202
TpTrace Information: 0 : 14016, 1, 2022/05/12, 11:16:34.053, 74948352933, vstest.console.dll, AssemblyResolver.AddSearchDirectories: Adding more searchDirectories C:\Program Files\dotnet\sdk\6.0.202\Extensions,C:\Program Files\dotnet\sdk\6.0.202
TpTrace Information: 0 : 14016, 1, 2022/05/12, 11:16:34.054, 74948362251, vstest.console.dll, AssemblyResolver.OnResolve: Microsoft.Bcl.AsyncInterfaces: Resolving assembly.
TpTrace Information: 0 : 14016, 1, 2022/05/12, 11:16:34.054, 74948363113, vstest.console.dll, AssemblyResolver.OnResolve: Microsoft.Bcl.AsyncInterfaces: Resolved from cache.
TpTrace Verbose: 0 : 14016, 1, 2022/05/12, 11:16:34.054, 74948363564, vstest.console.dll, CurrentDomainAssemblyResolve: Resolving assembly 'Microsoft.Bcl.AsyncInterfaces'.
TpTrace Information: 0 : 14016, 1, 2022/05/12, 11:16:34.054, 74948364147, vstest.console.dll, AssemblyResolver.OnResolve: Microsoft.Bcl.AsyncInterfaces: Resolving assembly.
TpTrace Information: 0 : 14016, 1, 2022/05/12, 11:16:34.054, 74948364537, vstest.console.dll, AssemblyResolver.OnResolve: Microsoft.Bcl.AsyncInterfaces: Resolved from cache.
TpTrace Verbose: 0 : 14016, 1, 2022/05/12, 11:16:34.054, 74948364939, vstest.console.dll, CurrentDomainAssemblyResolve: Resolving assembly 'Microsoft.Bcl.AsyncInterfaces'.
TpTrace Verbose: 0 : 14016, 1, 2022/05/12, 11:16:34.054, 74948365300, vstest.console.dll, CurrentDomainAssemblyResolve: Failed to resolve assembly 'Microsoft.Bcl.AsyncInterfaces'.
TpTrace Verbose: 0 : 14016, 1, 2022/05/12, 11:16:34.054, 74948366982, vstest.console.dll, CurrentDomainAssemblyResolve: Failed to resolve assembly 'Microsoft.Bcl.AsyncInterfaces'.
TpTrace Warning: 0 : 14016, 1, 2022/05/12, 11:16:34.055, 74948372006, vstest.console.dll, TestPluginDiscoverer: Failed to get types from assembly 'Microsoft.Diagnostics.NETCore.Client, Version=0.2.5.801, Culture=neutral, PublicKeyToken=31bf3856ad364e35'.  Skipping test extension scan for this assembly.  Error: System.Reflection.ReflectionTypeLoadException: Unable to load one or more of the requested types.
Could not load file or assembly 'Microsoft.Bcl.AsyncInterfaces, Version=1.0.0.0, Culture=neutral, PublicKeyToken=cc7b13ffcd2ddd51'. The system cannot find the file specified.
   at System.Reflection.RuntimeModule.GetTypes(RuntimeModule module)
   at System.Reflection.Assembly.GetTypes()
   at Microsoft.VisualStudio.TestPlatform.Common.ExtensionFramework.TestPluginDiscoverer.GetTestExtensionsFromAssembly[TPluginInfo,TExtension](Assembly assembly, Dictionary`2 pluginInfos)
System.IO.FileNotFoundException: Could not load file or assembly 'Microsoft.Bcl.AsyncInterfaces, Version=1.0.0.0, Culture=neutral, PublicKeyToken=cc7b13ffcd2ddd51'. The system cannot find the file specified.
File name: 'Microsoft.Bcl.AsyncInterfaces, Version=1.0.0.0, Culture=neutral, PublicKeyToken=cc7b13ffcd2ddd51'
 ---> System.IO.FileNotFoundException: Could not load file or assembly 'Microsoft.Bcl.AsyncInterfaces, Culture=neutral, PublicKeyToken=null'. The system cannot find the file specified.
File name: 'Microsoft.Bcl.AsyncInterfaces, Culture=neutral, PublicKeyToken=null'
   at System.Reflection.RuntimeAssembly.InternalLoad(ObjectHandleOnStack assemblyName, ObjectHandleOnStack requestingAssembly, StackCrawlMarkHandle stackMark, Boolean throwOnFileNotFound, ObjectHandleOnStack assemblyLoadContext, ObjectHandleOnStack retAssembly)
   at System.Reflection.RuntimeAssembly.InternalLoad(AssemblyName assemblyName, RuntimeAssembly requestingAssembly, StackCrawlMark& stackMark, Boolean throwOnFileNotFound, AssemblyLoadContext assemblyLoadContext)
   at System.Reflection.Assembly.Load(AssemblyName assemblyRef)
   at Microsoft.VisualStudio.TestPlatform.Common.ExtensionFramework.TestPluginCache.CurrentDomainAssemblyResolve(Object sender, AssemblyResolveEventArgs args)
   at Microsoft.VisualStudio.TestPlatform.PlatformAbstractions.PlatformAssemblyResolver.AssemblyResolverEvent(Object sender, Object eventArgs)
   at System.Runtime.Loader.AssemblyLoadContext.GetFirstResolvedAssemblyFromResolvingEvent(AssemblyName assemblyName)
   at System.Runtime.Loader.AssemblyLoadContext.ResolveUsingEvent(AssemblyName assemblyName)
   at System.Runtime.Loader.AssemblyLoadContext.ResolveUsingResolvingEvent(IntPtr gchManagedAssemblyLoadContext, AssemblyName assemblyName)
TpTrace Warning: 0 : 14016, 1, 2022/05/12, 11:16:34.055, 74948374691, vstest.console.dll, LoaderExceptions: System.IO.FileNotFoundException: Could not load file or assembly 'Microsoft.Bcl.AsyncInterfaces, Version=1.0.0.0, Culture=neutral, PublicKeyToken=cc7b13ffcd2ddd51'. The system cannot find the file specified.
File name: 'Microsoft.Bcl.AsyncInterfaces, Version=1.0.0.0, Culture=neutral, PublicKeyToken=cc7b13ffcd2ddd51'
 ---> System.IO.FileNotFoundException: Could not load file or assembly 'Microsoft.Bcl.AsyncInterfaces, Culture=neutral, PublicKeyToken=null'. The system cannot find the file specified.
File name: 'Microsoft.Bcl.AsyncInterfaces, Culture=neutral, PublicKeyToken=null'
   at System.Reflection.RuntimeAssembly.InternalLoad(ObjectHandleOnStack assemblyName, ObjectHandleOnStack requestingAssembly, StackCrawlMarkHandle stackMark, Boolean throwOnFileNotFound, ObjectHandleOnStack assemblyLoadContext, ObjectHandleOnStack retAssembly)
   at System.Reflection.RuntimeAssembly.InternalLoad(AssemblyName assemblyName, RuntimeAssembly requestingAssembly, StackCrawlMark& stackMark, Boolean throwOnFileNotFound, AssemblyLoadContext assemblyLoadContext)
   at System.Reflection.Assembly.Load(AssemblyName assemblyRef)
   at Microsoft.VisualStudio.TestPlatform.Common.ExtensionFramework.TestPluginCache.CurrentDomainAssemblyResolve(Object sender, AssemblyResolveEventArgs args)
   at Microsoft.VisualStudio.TestPlatform.PlatformAbstractions.PlatformAssemblyResolver.AssemblyResolverEvent(Object sender, Object eventArgs)
   at System.Runtime.Loader.AssemblyLoadContext.GetFirstResolvedAssemblyFromResolvingEvent(AssemblyName assemblyName)
   at System.Runtime.Loader.AssemblyLoadContext.ResolveUsingEvent(AssemblyName assemblyName)
   at System.Runtime.Loader.AssemblyLoadContext.ResolveUsingResolvingEvent(IntPtr gchManagedAssemblyLoadContext, AssemblyName assemblyName)
TpTrace Verbose: 0 : 14016, 1, 2022/05/12, 11:16:34.056, 74948383771, vstest.console.dll, TestPluginCache: Discovered the extensions using extension path ''.
TpTrace Verbose: 0 : 14016, 1, 2022/05/12, 11:16:34.056, 74948384879, vstest.console.dll, TestPluginCache: Discoverers are ''.
TpTrace Verbose: 0 : 14016, 1, 2022/05/12, 11:16:34.056, 74948385506, vstest.console.dll, TestPluginCache: Executors are ''.
TpTrace Verbose: 0 : 14016, 1, 2022/05/12, 11:16:34.056, 74948386068, vstest.console.dll, TestPluginCache: Executors2 are ''.
TpTrace Verbose: 0 : 14016, 1, 2022/05/12, 11:16:34.056, 74948386635, vstest.console.dll, TestPluginCache: Setting providers are ''.
TpTrace Verbose: 0 : 14016, 1, 2022/05/12, 11:16:34.057, 74948388030, vstest.console.dll, TestPluginCache: Loggers are 'logger://Microsoft/TestPlatform/Extensions/Blame/v1,logger://Microsoft/TestPlatform/HtmlLogger/v1,logger://Microsoft/TestPlatform/TrxLogger/v1'.
TpTrace Information: 0 : 14016, 1, 2022/05/12, 11:16:34.058, 74948400476, vstest.console.dll, TestPluginManager.CreateTestExtension: Attempting to load test extension: Microsoft.TestPlatform.Extensions.BlameDataCollector.BlameLogger
TpTrace Information: 0 : 14016, 1, 2022/05/12, 11:16:34.067, 74948488832, vstest.console.dll, TestPluginManager.CreateTestExtension: Attempting to load test extension: Microsoft.VisualStudio.TestPlatform.CrossPlatEngine.Hosting.DefaultTestHostManager
TpTrace Information: 0 : 14016, 1, 2022/05/12, 11:16:34.068, 74948503894, vstest.console.dll, TestPluginManager.CreateTestExtension: Attempting to load test extension: Microsoft.VisualStudio.TestPlatform.CrossPlatEngine.Hosting.DotnetTestHostManager
TpTrace Verbose: 0 : 14016, 1, 2022/05/12, 11:16:34.069, 74948511206, vstest.console.dll, TestEngine: Initializing Parallel Execution as MaxCpuCount is set to: 1
TpTrace Information: 0 : 14016, 1, 2022/05/12, 11:16:34.070, 74948522240, vstest.console.dll, InferRunSettingsHelper.IsTestSettingsEnabled: Unable to navigate to RunSettings/MSTest. Current node: RunSettings
TpTrace Verbose: 0 : 14016, 1, 2022/05/12, 11:16:34.110, 74948921050, vstest.console.dll, TestRequestSender is acting as server
TpTrace Verbose: 0 : 14016, 5, 2022/05/12, 11:16:34.120, 74949027463, vstest.console.dll, DataCollectionRequestSender.InitializeCommunication : Initialize communication. 
TpTrace Information: 0 : 14016, 5, 2022/05/12, 11:16:34.130, 74949122264, vstest.console.dll, Listening on Endpoint : 127.0.0.1:50488
TpTrace Verbose: 0 : 14016, 5, 2022/05/12, 11:16:34.143, 74949248088, vstest.console.dll, DotnetDataCollectionLauncher: Full path of dotnet.exe is C:\Program Files\dotnet\dotnet.exe
TpTrace Verbose: 0 : 14016, 5, 2022/05/12, 11:16:34.143, 74949254348, vstest.console.dll, DotnetDataCollectionLauncher: Adding  --runtimeconfig "C:\Program Files\dotnet\sdk\6.0.202\datacollector.runtimeconfig.json" in args
TpTrace Verbose: 0 : 14016, 5, 2022/05/12, 11:16:34.144, 74949257821, vstest.console.dll, DotnetDataCollectionLauncher: Adding  --depsfile "C:\Program Files\dotnet\sdk\6.0.202\datacollector.deps.json" in args
TpTrace Information: 0 : 14016, 5, 2022/05/12, 11:16:34.161, 74949428583, vstest.console.dll, ProxyDataCollectionManager.Initialize: Launched datacollector processId: 3792 port: 50488
TpTrace Information: 0 : 14016, 5, 2022/05/12, 11:16:34.161, 74949430955, vstest.console.dll, ProxyDataCollectionManager.Initialize: waiting for connection with timeout: 90 seconds
TpTrace Verbose: 0 : 14016, 5, 2022/05/12, 11:16:34.161, 74949431893, vstest.console.dll, DataCollectionRequestSender.WaitForRequestHandlerConnection : Waiting for connection with timeout: 90000
TpTrace Information: 0 : 14016, 8, 2022/05/12, 11:16:34.357, 74951391510, vstest.console.dll, Using the buffer size of 16384 bytes
TpTrace Verbose: 0 : 14016, 5, 2022/05/12, 11:16:34.357, 74951392326, vstest.console.dll, ProxyDataCollectionManager.InvokeDataCollectionServiceAction: Starting.
TpTrace Information: 0 : 14016, 8, 2022/05/12, 11:16:34.357, 74951392946, vstest.console.dll, Accepted Client request and set the flag
TpTrace Information: 0 : 14016, 5, 2022/05/12, 11:16:34.357, 74951394099, vstest.console.dll, ProxyDataCollectionManager.BeforeTestRunStart: Get environment variable and port for datacollector processId: 3792 port: 50488
TpTrace Verbose: 0 : 14016, 5, 2022/05/12, 11:16:34.357, 74951395840, vstest.console.dll, DataCollectionRequestSender.SendBeforeTestRunStartAndGetResult : Send BeforeTestRunStart message with settingsXml <RunSettings><RunConfiguration><ResultsDirectory>C:\Users\Oleg\Desktop\QA Automation May 2022\02 Unit Testing And NUnit\Nunit-Collections-Project\Collection.Tests\bin\Debug\net6.0\fine-code-coverage\coverage-tool-output</ResultsDirectory><TargetPlatform>X64</TargetPlatform><TargetFrameworkVersion>.NETCoreApp,Version=v6.0</TargetFrameworkVersion><DesignMode>False</DesignMode><CollectSourceInformation>False</CollectSourceInformation><TestAdaptersPaths>C:\Program Files\dotnet\sdk\6.0.202\Extensions</TestAdaptersPaths></RunConfiguration><LoggerRunSettings><Loggers><Logger friendlyName="blame" enabled="True" /><Logger friendlyName="Console" uri="logger://microsoft/TestPlatform/ConsoleLogger/v1" assemblyQualifiedName="Microsoft.VisualStudio.TestPlatform.CommandLine.Internal.ConsoleLogger, vstest.console, Version=15.0.0.0, Culture=neutral, PublicKeyToken=b03f5f7f11d50a3a" codeBase="C:\Program Files\dotnet\sdk\6.0.202\vstest.console.dll" enabled="True" /></Loggers></LoggerRunSettings><DataCollectionRunSettings><DataCollectors><DataCollector friendlyName="blame" enabled="True"><Configuration><ResultsDirectory>C:\Users\Oleg\Desktop\QA Automation May 2022\02 Unit Testing And NUnit\Nunit-Collections-Project\Collection.Tests\bin\Debug\net6.0\fine-code-coverage\coverage-tool-output</ResultsDirectory></Configuration></DataCollector></DataCollectors></DataCollectionRunSettings></RunSettings> and sources System.Linq.Enumerable+Concat2Iterator`1[System.String]: 
TpTrace Verbose: 0 : 14016, 5, 2022/05/12, 11:16:34.480, 74952624940, vstest.console.dll, DataCollectionRequestSender.SendBeforeTestRunStartAndGetResult : Received message: (DataCollection.SendMessage) -> {
  "FriendlyName": null,
  "Uri": null,
  "TestCaseId": "00000000-0000-0000-0000-000000000000",
  "Message": "Logging DataCollector Diagnostics in file: C:\\Users\\Oleg\\Desktop\\QA Automation May 2022\\02 Unit Testing And NUnit\\Nunit-Collections-Project\\Collection.Tests\\bin\\Debug\\net6.0\\fine-code-coverage\\coverage-tool-output\\diagnostics.datacollector.22-05-12_11-16-34_13861_5.log",
  "Level": 0
}
TpTrace Verbose: 0 : 14016, 5, 2022/05/12, 11:16:34.576, 74953581552, vstest.console.dll, DataCollectionRequestSender.SendBeforeTestRunStartAndGetResult : Received message: (DataCollection.BeforeTestRunStartResult) -> {
  "EnvironmentVariables": {},
  "DataCollectionEventsPort": 50492
}
TpTrace Information: 0 : 14016, 5, 2022/05/12, 11:16:34.583, 74953648396, vstest.console.dll, ProxyDataCollectionManager.BeforeTestRunStart: SendBeforeTestRunStartAndGetResult successful, env variable from datacollector:   and testhost port: 50492
TpTrace Information: 0 : 14016, 5, 2022/05/12, 11:16:34.583, 74953649728, vstest.console.dll, ProxyDataCollectionManager.InvokeDataCollectionServiceAction: Completed.
TpTrace Verbose: 0 : 14016, 1, 2022/05/12, 11:16:34.583, 74953651407, vstest.console.dll, TestRunRequest.ExecuteAsync: Creating test run request.
TpTrace Verbose: 0 : 14016, 1, 2022/05/12, 11:16:34.583, 74953654581, vstest.console.dll, TestRunRequest.ExecuteAsync: Starting.
TpTrace Information: 0 : 14016, 1, 2022/05/12, 11:16:34.584, 74953658499, vstest.console.dll, TestRunRequest.ExecuteAsync: Starting run with settings:TestRunCriteria:
   KeepAlive=False,FrequencyOfRunStatsChangeEvent=10,RunStatsChangeEventTimeout=00:00:01.5000000,TestCaseFilter=,TestExecutorLauncher=
   Settingsxml=<RunSettings>
  <RunConfiguration>
    <ResultsDirectory>C:\Users\Oleg\Desktop\QA Automation May 2022\02 Unit Testing And NUnit\Nunit-Collections-Project\Collection.Tests\bin\Debug\net6.0\fine-code-coverage\coverage-tool-output</ResultsDirectory>
    <TargetPlatform>X64</TargetPlatform>
    <TargetFrameworkVersion>.NETCoreApp,Version=v6.0</TargetFrameworkVersion>
    <DesignMode>False</DesignMode>
    <CollectSourceInformation>False</CollectSourceInformation>
  </RunConfiguration>
  <LoggerRunSettings>
    <Loggers>
      <Logger friendlyName="blame" enabled="True" />
      <Logger friendlyName="Console" uri="logger://microsoft/TestPlatform/ConsoleLogger/v1" assemblyQualifiedName="Microsoft.VisualStudio.TestPlatform.CommandLine.Internal.ConsoleLogger, vstest.console, Version=15.0.0.0, Culture=neutral, PublicKeyToken=b03f5f7f11d50a3a" codeBase="C:\Program Files\dotnet\sdk\6.0.202\vstest.console.dll" enabled="True" />
    </Loggers>
  </LoggerRunSettings>
  <DataCollectionRunSettings>
    <DataCollectors>
      <DataCollector friendlyName="blame" enabled="True">
        <Configuration>
          <ResultsDirectory>C:\Users\Oleg\Desktop\QA Automation May 2022\02 Unit Testing And NUnit\Nunit-Collections-Project\Collection.Tests\bin\Debug\net6.0\fine-code-coverage\coverage-tool-output</ResultsDirectory>
        </Configuration>
      </DataCollector>
    </DataCollectors>
  </DataCollectionRunSettings>
</RunSettings>

TpTrace Verbose: 0 : 14016, 1, 2022/05/12, 11:16:34.584, 74953660579, vstest.console.dll, TestRunRequest.ExecuteAsync: Wait for the first run request is over.
TpTrace Verbose: 0 : 14016, 1, 2022/05/12, 11:16:34.584, 74953666699, vstest.console.dll, ParallelProxyExecutionManager: Start execution. Total sources: 1
TpTrace Information: 0 : 14016, 1, 2022/05/12, 11:16:34.585, 74953673853, vstest.console.dll, ProxyParallelExecutionManager: Triggering test run for next source: C:\Users\Oleg\Desktop\QA Automation May 2022\02 Unit Testing And NUnit\Nunit-Collections-Project\Collection.Tests\bin\Debug\net6.0\fine-code-coverage\build-output\Collections.Tests.dll
TpTrace Verbose: 0 : 14016, 5, 2022/05/12, 11:16:34.585, 74953675949, vstest.console.dll, ParallelProxyExecutionManager: Execution started. Started clients: 1
TpTrace Verbose: 0 : 14016, 1, 2022/05/12, 11:16:34.585, 74953676745, vstest.console.dll, ProxyParallelExecutionManager: No sources available for execution.
TpTrace Information: 0 : 14016, 1, 2022/05/12, 11:16:34.585, 74953677500, vstest.console.dll, TestRunRequest.ExecuteAsync: Started.
TpTrace Verbose: 0 : 14016, 1, 2022/05/12, 11:16:34.586, 74953678774, vstest.console.dll, TestRunRequest.WaitForCompletion: Waiting with timeout -1.
TpTrace Verbose: 0 : 14016, 5, 2022/05/12, 11:16:34.586, 74953680326, vstest.console.dll, TestRunRequest:SendTestRunMessage: Starting.
TpTrace Information: 0 : 14016, 5, 2022/05/12, 11:16:34.586, 74953682122, vstest.console.dll, TestRunRequest:SendTestRunMessage: Completed.
TpTrace Verbose: 0 : 14016, 5, 2022/05/12, 11:16:34.586, 74953684742, vstest.console.dll, ProxyExecutionManager: Test host is always Lazy initialize.
TpTrace Verbose: 0 : 14016, 5, 2022/05/12, 11:16:34.586, 74953687031, vstest.console.dll, TestRequestSender.InitializeCommunication: initialize communication. 
TpTrace Information: 0 : 14016, 5, 2022/05/12, 11:16:34.587, 74953692731, vstest.console.dll, SocketServer.Start: Listening on endpoint : 127.0.0.1:50493
TpTrace Verbose: 0 : 14016, 5, 2022/05/12, 11:16:34.588, 74953701730, vstest.console.dll, DotnetTestHostmanager.GetTestHostProcessStartInfo: Platform environment 'X64' target architecture 'X64' framework '.NETCoreApp,Version=v6.0' OS 'Windows'
TpTrace Verbose: 0 : 14016, 5, 2022/05/12, 11:16:34.588, 74953705401, vstest.console.dll, DotnetTestHostmanager: Adding  --runtimeconfig "C:\Users\Oleg\Desktop\QA Automation May 2022\02 Unit Testing And NUnit\Nunit-Collections-Project\Collection.Tests\bin\Debug\net6.0\fine-code-coverage\build-output\Collections.Tests.runtimeconfig.json" in args
TpTrace Verbose: 0 : 14016, 5, 2022/05/12, 11:16:34.588, 74953707354, vstest.console.dll, DotnetTestHostmanager: Adding  --depsfile "C:\Users\Oleg\Desktop\QA Automation May 2022\02 Unit Testing And NUnit\Nunit-Collections-Project\Collection.Tests\bin\Debug\net6.0\fine-code-coverage\build-output\Collections.Tests.deps.json" in args
TpTrace Verbose: 0 : 14016, 5, 2022/05/12, 11:16:34.591, 74953727730, vstest.console.dll, DotnetTestHostmanager.IsWinOnArm: Current PROCESSOR_ARCHITECTURE from registry 'AMD64'
TpTrace Verbose: 0 : 14016, 5, 2022/05/12, 11:16:34.591, 74953729312, vstest.console.dll, DotnetTestHostmanager.IsWinOnArm: Is Windows on ARM 'False'
TpTrace Verbose: 0 : 14016, 5, 2022/05/12, 11:16:34.591, 74953731028, vstest.console.dll, DotnetTestHostManager: testhost.exe found at path: C:\Users\Oleg\Desktop\QA Automation May 2022\02 Unit Testing And NUnit\Nunit-Collections-Project\Collection.Tests\bin\Debug\net6.0\fine-code-coverage\build-output\testhost.exe
TpTrace Verbose: 0 : 14016, 5, 2022/05/12, 11:16:34.591, 74953731747, vstest.console.dll, DotnetTestHostmanager: Full path of host exe is C:\Users\Oleg\Desktop\QA Automation May 2022\02 Unit Testing And NUnit\Nunit-Collections-Project\Collection.Tests\bin\Debug\net6.0\fine-code-coverage\build-output\testhost.exe
TpTrace Verbose: 0 : 14016, 5, 2022/05/12, 11:16:34.591, 74953733511, vstest.console.dll, DotnetTestHostmanager.LaunchTestHostAsync: Found 'VSTEST_WINAPPHOST_DOTNET_ROOT' in env variables, value 'C:\Program Files\dotnet'
TpTrace Verbose: 0 : 14016, 7, 2022/05/12, 11:16:34.592, 74953743439, vstest.console.dll, DotnetTestHostManager: Starting process 'C:\Users\Oleg\Desktop\QA Automation May 2022\02 Unit Testing And NUnit\Nunit-Collections-Project\Collection.Tests\bin\Debug\net6.0\fine-code-coverage\build-output\testhost.exe' with command line ' --runtimeconfig "C:\Users\Oleg\Desktop\QA Automation May 2022\02 Unit Testing And NUnit\Nunit-Collections-Project\Collection.Tests\bin\Debug\net6.0\fine-code-coverage\build-output\Collections.Tests.runtimeconfig.json" --depsfile "C:\Users\Oleg\Desktop\QA Automation May 2022\02 Unit Testing And NUnit\Nunit-Collections-Project\Collection.Tests\bin\Debug\net6.0\fine-code-coverage\build-output\Collections.Tests.deps.json" --port 50493 --endpoint 127.0.0.1:050493 --role client --parentprocessid 14016 --diag "C:\Users\Oleg\Desktop\QA Automation May 2022\02 Unit Testing And NUnit\Nunit-Collections-Project\Collection.Tests\bin\Debug\net6.0\fine-code-coverage\coverage-tool-output\diagnostics.host.22-05-12_11-16-34_58802_5.log" --tracelevel 4 --datacollectionport 50492 --telemetryoptedin false'
TpTrace Verbose: 0 : 14016, 7, 2022/05/12, 11:16:34.602, 74953843848, vstest.console.dll, Test Runtime launched
TpTrace Verbose: 0 : 14016, 5, 2022/05/12, 11:16:34.603, 74953853078, vstest.console.dll, TestRequestSender.WaitForRequestHandlerConnection: waiting for connection with timeout: 90000
TpTrace Verbose: 0 : 14016, 11, 2022/05/12, 11:16:34.836, 74956187529, vstest.console.dll, SocketServer.OnClientConnected: Client connected for endPoint: 127.0.0.1:50493, starting MessageLoopAsync:
TpTrace Verbose: 0 : 14016, 11, 2022/05/12, 11:16:34.837, 74956190448, vstest.console.dll, TcpClientExtensions.MessageLoopAsync: Polling on remoteEndPoint: 127.0.0.1:50496 localEndPoint: 127.0.0.1:50493
TpTrace Verbose: 0 : 14016, 5, 2022/05/12, 11:16:34.838, 74956201269, vstest.console.dll, TestRequestSender.CheckVersionWithTestHost: Sending check version message: {"MessageType":"ProtocolVersion","Payload":5}
TpTrace Verbose: 0 : 14016, 11, 2022/05/12, 11:16:35.096, 74958778481, vstest.console.dll, TcpClientExtensions.MessageLoopAsync: NotifyDataAvailable remoteEndPoint: 127.0.0.1:50496 localEndPoint: 127.0.0.1:50493
TpTrace Verbose: 0 : 14016, 11, 2022/05/12, 11:16:35.096, 74958781836, vstest.console.dll, TestRequestSender.CheckVersionWithTestHost: onMessageReceived received message: (ProtocolVersion) -> 5
TpTrace Verbose: 0 : 14016, 11, 2022/05/12, 11:16:35.097, 74958787872, vstest.console.dll, TcpClientExtensions.MessageLoopAsync: Polling on remoteEndPoint: 127.0.0.1:50496 localEndPoint: 127.0.0.1:50493
TpTrace Verbose: 0 : 14016, 5, 2022/05/12, 11:16:35.097, 74958788750, vstest.console.dll, TestPluginCache.GetExtensionPaths: Filtered extension paths: 
TpTrace Verbose: 0 : 14016, 5, 2022/05/12, 11:16:35.097, 74958789930, vstest.console.dll, TestPluginCache.GetExtensionPaths: Added default extension paths: C:\Program Files\dotnet\sdk\6.0.202\Extensions\DumpMinitool.exe
C:\Program Files\dotnet\sdk\6.0.202\Extensions\DumpMinitool.x86.exe
C:\Program Files\dotnet\sdk\6.0.202\Extensions\Microsoft.Diagnostics.NETCore.Client.dll
C:\Program Files\dotnet\sdk\6.0.202\Extensions\Microsoft.TestPlatform.Extensions.BlameDataCollector.dll
C:\Program Files\dotnet\sdk\6.0.202\Extensions\Microsoft.TestPlatform.Extensions.EventLogCollector.dll
C:\Program Files\dotnet\sdk\6.0.202\Extensions\Microsoft.TestPlatform.TestHostRuntimeProvider.dll
C:\Program Files\dotnet\sdk\6.0.202\Extensions\Microsoft.VisualStudio.TestPlatform.Extensions.Html.TestLogger.dll
C:\Program Files\dotnet\sdk\6.0.202\Extensions\Microsoft.VisualStudio.TestPlatform.Extensions.Trx.TestLogger.dll
TpTrace Verbose: 0 : 14016, 5, 2022/05/12, 11:16:35.097, 74958791037, vstest.console.dll, TestPluginCache.GetExtensionPaths: Added unfilterableExtensionPaths: 
TpTrace Verbose: 0 : 14016, 5, 2022/05/12, 11:16:35.102, 74958845445, vstest.console.dll, TestRequestSender.InitializeExecution: Sending initialize execution with message: {"Version":5,"MessageType":"TestExecution.Initialize","Payload":["C:\\Users\\Oleg\\Desktop\\QA Automation May 2022\\02 Unit Testing And NUnit\\Nunit-Collections-Project\\Collection.Tests\\bin\\Debug\\net6.0\\fine-code-coverage\\build-output\\NUnit3.TestAdapter.dll"]}
TpTrace Warning: 0 : 14016, 5, 2022/05/12, 11:16:35.103, 74958851763, vstest.console.dll, InferRunSettingsHelper.MakeRunsettingsCompatible: Removing the following settings: TargetPlatform from RunSettings file. To use those settings please move to latest version of Microsoft.NET.Test.Sdk
TpTrace Verbose: 0 : 14016, 11, 2022/05/12, 11:16:35.117, 74958990121, vstest.console.dll, TcpClientExtensions.MessageLoopAsync: NotifyDataAvailable remoteEndPoint: 127.0.0.1:50496 localEndPoint: 127.0.0.1:50493
TpTrace Verbose: 0 : 14016, 11, 2022/05/12, 11:16:35.117, 74958992359, vstest.console.dll, TestRequestSender.OnExecutionMessageReceived: Received message: {"Version":5,"MessageType":"TestSession.Message","Payload":{"MessageLevel":0,"Message":"Logging TestHost Diagnostics in file: C:\\Users\\Oleg\\Desktop\\QA Automation May 2022\\02 Unit Testing And NUnit\\Nunit-Collections-Project\\Collection.Tests\\bin\\Debug\\net6.0\\fine-code-coverage\\coverage-tool-output\\diagnostics.host.22-05-12_11-16-34_58802_5.log"}}
TpTrace Verbose: 0 : 14016, 11, 2022/05/12, 11:16:35.120, 74959026806, vstest.console.dll, TestRunRequest:SendTestRunMessage: Starting.
TpTrace Information: 0 : 14016, 11, 2022/05/12, 11:16:35.121, 74959028498, vstest.console.dll, TestRunRequest:SendTestRunMessage: Completed.
TpTrace Verbose: 0 : 14016, 11, 2022/05/12, 11:16:35.121, 74959029185, vstest.console.dll, TcpClientExtensions.MessageLoopAsync: Polling on remoteEndPoint: 127.0.0.1:50496 localEndPoint: 127.0.0.1:50493
TpTrace Verbose: 0 : 14016, 5, 2022/05/12, 11:16:35.122, 74959044632, vstest.console.dll, TestRequestSender.StartTestRun: Sending test run with message: {"Version":5,"MessageType":"TestExecution.StartWithSources","Payload":{"AdapterSourceMap":{"_none_":["C:\\Users\\Oleg\\Desktop\\QA Automation May 2022\\02 Unit Testing And NUnit\\Nunit-Collections-Project\\Collection.Tests\\bin\\Debug\\net6.0\\fine-code-coverage\\build-output\\Collections.Tests.dll"]},"RunSettings":"<RunSettings>\r\n  <RunConfiguration>\r\n    <ResultsDirectory>C:\\Users\\Oleg\\Desktop\\QA Automation May 2022\\02 Unit Testing And NUnit\\Nunit-Collections-Project\\Collection.Tests\\bin\\Debug\\net6.0\\fine-code-coverage\\coverage-tool-output</ResultsDirectory>\r\n    <TargetFrameworkVersion>.NETCoreApp,Version=v6.0</TargetFrameworkVersion>\r\n    <DesignMode>False</DesignMode>\r\n    <CollectSourceInformation>False</CollectSourceInformation>\r\n  </RunConfiguration>\r\n  <LoggerRunSettings>\r\n    <Loggers>\r\n      <Logger friendlyName=\"blame\" enabled=\"True\" />\r\n      <Logger friendlyName=\"Console\" uri=\"logger://microsoft/TestPlatform/ConsoleLogger/v1\" assemblyQualifiedName=\"Microsoft.VisualStudio.TestPlatform.CommandLine.Internal.ConsoleLogger, vstest.console, Version=15.0.0.0, Culture=neutral, PublicKeyToken=b03f5f7f11d50a3a\" codeBase=\"C:\\Program Files\\dotnet\\sdk\\6.0.202\\vstest.console.dll\" enabled=\"True\" />\r\n    </Loggers>\r\n  </LoggerRunSettings>\r\n  <DataCollectionRunSettings>\r\n    <DataCollectors>\r\n      <DataCollector friendlyName=\"blame\" enabled=\"True\">\r\n        <Configuration>\r\n          <ResultsDirectory>C:\\Users\\Oleg\\Desktop\\QA Automation May 2022\\02 Unit Testing And NUnit\\Nunit-Collections-Project\\Collection.Tests\\bin\\Debug\\net6.0\\fine-code-coverage\\coverage-tool-output</ResultsDirectory>\r\n        </Configuration>\r\n      </DataCollector>\r\n    </DataCollectors>\r\n  </DataCollectionRunSettings>\r\n</RunSettings>","TestExecutionContext":{"FrequencyOfRunStatsChangeEvent":10,"RunStatsChangeEventTimeout":"00:00:01.5000000","InIsolation":false,"KeepAlive":false,"AreTestCaseLevelEventsRequired":false,"IsDebug":false,"TestCaseFilter":null,"FilterOptions":null},"Package":null}}
TpTrace Verbose: 0 : 14016, 11, 2022/05/12, 11:16:35.334, 74961159685, vstest.console.dll, TcpClientExtensions.MessageLoopAsync: NotifyDataAvailable remoteEndPoint: 127.0.0.1:50496 localEndPoint: 127.0.0.1:50493
TpTrace Verbose: 0 : 14016, 11, 2022/05/12, 11:16:35.334, 74961161426, vstest.console.dll, TestRequestSender.OnExecutionMessageReceived: Received message: {"Version":5,"MessageType":"TestSession.Message","Payload":{"MessageLevel":0,"Message":"NUnit Adapter 4.0.0.0: Test execution started"}}
TpTrace Verbose: 0 : 14016, 11, 2022/05/12, 11:16:35.334, 74961164474, vstest.console.dll, TestRunRequest:SendTestRunMessage: Starting.
TpTrace Information: 0 : 14016, 11, 2022/05/12, 11:16:35.334, 74961165193, vstest.console.dll, TestRunRequest:SendTestRunMessage: Completed.
TpTrace Verbose: 0 : 14016, 11, 2022/05/12, 11:16:35.334, 74961165806, vstest.console.dll, TcpClientExtensions.MessageLoopAsync: Polling on remoteEndPoint: 127.0.0.1:50496 localEndPoint: 127.0.0.1:50493
TpTrace Verbose: 0 : 14016, 11, 2022/05/12, 11:16:35.368, 74961504179, vstest.console.dll, TcpClientExtensions.MessageLoopAsync: NotifyDataAvailable remoteEndPoint: 127.0.0.1:50496 localEndPoint: 127.0.0.1:50493
TpTrace Verbose: 0 : 14016, 11, 2022/05/12, 11:16:35.368, 74961505362, vstest.console.dll, TestRequestSender.OnExecutionMessageReceived: Received message: {"Version":5,"MessageType":"TestSession.Message","Payload":{"MessageLevel":0,"Message":"Running all tests in C:\\Users\\Oleg\\Desktop\\QA Automation May 2022\\02 Unit Testing And NUnit\\Nunit-Collections-Project\\Collection.Tests\\bin\\Debug\\net6.0\\fine-code-coverage\\build-output\\Collections.Tests.dll"}}
TpTrace Verbose: 0 : 14016, 11, 2022/05/12, 11:16:35.369, 74961507726, vstest.console.dll, TestRunRequest:SendTestRunMessage: Starting.
TpTrace Information: 0 : 14016, 11, 2022/05/12, 11:16:35.369, 74961508370, vstest.console.dll, TestRunRequest:SendTestRunMessage: Completed.
TpTrace Verbose: 0 : 14016, 11, 2022/05/12, 11:16:35.369, 74961508860, vstest.console.dll, TcpClientExtensions.MessageLoopAsync: Polling on remoteEndPoint: 127.0.0.1:50496 localEndPoint: 127.0.0.1:50493
TpTrace Verbose: 0 : 14016, 11, 2022/05/12, 11:16:35.556, 74963386311, vstest.console.dll, TcpClientExtensions.MessageLoopAsync: NotifyDataAvailable remoteEndPoint: 127.0.0.1:50496 localEndPoint: 127.0.0.1:50493
TpTrace Verbose: 0 : 14016, 11, 2022/05/12, 11:16:35.557, 74963387843, vstest.console.dll, TestRequestSender.OnExecutionMessageReceived: Received message: {"Version":5,"MessageType":"TestSession.Message","Payload":{"MessageLevel":0,"Message":"   NUnit3TestExecutor discovered 36 of 36 NUnit test cases using Current Discovery mode, Non-Explicit run"}}
TpTrace Verbose: 0 : 14016, 11, 2022/05/12, 11:16:35.557, 74963391998, vstest.console.dll, TestRunRequest:SendTestRunMessage: Starting.
TpTrace Information: 0 : 14016, 11, 2022/05/12, 11:16:35.557, 74963392960, vstest.console.dll, TestRunRequest:SendTestRunMessage: Completed.
TpTrace Verbose: 0 : 14016, 11, 2022/05/12, 11:16:35.557, 74963393563, vstest.console.dll, TcpClientExtensions.MessageLoopAsync: Polling on remoteEndPoint: 127.0.0.1:50496 localEndPoint: 127.0.0.1:50493
TpTrace Verbose: 0 : 14016, 11, 2022/05/12, 11:16:36.182, 74969644873, vstest.console.dll, TcpClientExtensions.MessageLoopAsync: NotifyDataAvailable remoteEndPoint: 127.0.0.1:50496 localEndPoint: 127.0.0.1:50493
TpTrace Verbose: 0 : 14016, 11, 2022/05/12, 11:16:36.183, 74969648109, vstest.console.dll, TestRequestSender.OnExecutionMessageReceived: Received message: {"Version":5,"MessageType":"TestExecution.StatsChange","Payload":{"NewTestResults":[{"TestCase":{"Id":"0cc59eff-1754-1cb4-2535-254ef7bd686d","FullyQualifiedName":"Collections.Tests.CollectionsTests.Test_Collection_1MillionItems","DisplayName":"Test_Collection_1MillionItems","ExecutorUri":"executor://NUnit3TestExecutor","Source":"C:\\Users\\Oleg\\Desktop\\QA Automation May 2022\\02 Unit Testing And NUnit\\Nunit-Collections-Project\\Collection.Tests\\bin\\Debug\\net6.0\\fine-code-coverage\\build-output\\Collections.Tests.dll","CodeFilePath":null,"LineNumber":0,"Properties":[{"Key":{"Id":"NUnit.Seed","Label":"Seed","Category":"","Description":"","Attributes":0,"ValueType":"System.String"},"Value":"1610793833"}]},"Attachments":[],"Outcome":1,"ErrorMessage":null,"ErrorStackTrace":null,"DisplayName":"Test_Collection_1MillionItems","Messages":[],"ComputerName":"DESKTOP-VSB273D","Duration":"00:00:00.5030450","StartTime":"2022-05-12T08:16:35.5895185+00:00","EndTime":"2022-05-12T08:16:36.0924508+00:00","Properties":[{"Key":{"Id":"NUnit.Seed","Label":"Seed","Category":"","Description":"","Attributes":0,"ValueType":"System.String"},"Value":"1610793833"}]},{"TestCase":{"Id":"a06ab261-1090-a9e6-7628-ab1db28df54b","FullyQualifiedName":"Collections.Tests.CollectionsTests.Test_Collections_Add","DisplayName":"Test_Collections_Add","ExecutorUri":"executor://NUnit3TestExecutor","Source":"C:\\Users\\Oleg\\Desktop\\QA Automation May 2022\\02 Unit Testing And NUnit\\Nunit-Collections-Project\\Collection.Tests\\bin\\Debug\\net6.0\\fine-code-coverage\\build-output\\Collections.Tests.dll","CodeFilePath":null,"LineNumber":0,"Properties":[{"Key":{"Id":"NUnit.Seed","Label":"Seed","Category":"","Description":"","Attributes":0,"ValueType":"System.String"},"Value":"455684739"}]},"Attachments":[],"Outcome":1,"ErrorMessage":null,"ErrorStackTrace":null,"DisplayName":"Test_Collections_Add","Messages":[],"ComputerName":"DESKTOP-VSB273D","Duration":"00:00:00.0097000","StartTime":"2022-05-12T08:16:36.0945213+00:00","EndTime":"2022-05-12T08:16:36.1042216+00:00","Properties":[{"Key":{"Id":"NUnit.Seed","Label":"Seed","Category":"","Description":"","Attributes":0,"ValueType":"System.String"},"Value":"455684739"}]},{"TestCase":{"Id":"da2f5892-f1f7-7eea-5666-749683a433ac","FullyQualifiedName":"Collections.Tests.CollectionsTests.Test_Collections_AddRange","DisplayName":"Test_Collections_AddRange","ExecutorUri":"executor://NUnit3TestExecutor","Source":"C:\\Users\\Oleg\\Desktop\\QA Automation May 2022\\02 Unit Testing And NUnit\\Nunit-Collections-Project\\Collection.Tests\\bin\\Debug\\net6.0\\fine-code-coverage\\build-output\\Collections.Tests.dll","CodeFilePath":null,"LineNumber":0,"Properties":[{"Key":{"Id":"NUnit.Seed","Label":"Seed","Category":"","Description":"","Attributes":0,"ValueType":"System.String"},"Value":"1897171459"}]},"Attachments":[],"Outcome":1,"ErrorMessage":null,"ErrorStackTrace":null,"DisplayName":"Test_Collections_AddRange","Messages":[],"ComputerName":"DESKTOP-VSB273D","Duration":"00:00:00.0002730","StartTime":"2022-05-12T08:16:36.104261+00:00","EndTime":"2022-05-12T08:16:36.1045337+00:00","Properties":[{"Key":{"Id":"NUnit.Seed","Label":"Seed","Category":"","Description":"","Attributes":0,"ValueType":"System.String"},"Value":"1897171459"}]},{"TestCase":{"Id":"575ce3bc-4a9e-ceae-f8ef-f4263285f9aa","FullyQualifiedName":"Collections.Tests.CollectionsTests.Test_Collections_AddRangeWithGrow","DisplayName":"Test_Collections_AddRangeWithGrow","ExecutorUri":"executor://NUnit3TestExecutor","Source":"C:\\Users\\Oleg\\Desktop\\QA Automation May 2022\\02 Unit Testing And NUnit\\Nunit-Collections-Project\\Collection.Tests\\bin\\Debug\\net6.0\\fine-code-coverage\\build-output\\Collections.Tests.dll","CodeFilePath":null,"LineNumber":0,"Properties":[{"Key":{"Id":"NUnit.Seed","Label":"Seed","Category":"","Description":"","Attributes":0,"ValueType":"System.String"},"Value":"746948591"}]},"Attachments":[],"Outcome":1,"ErrorMessage":null,"ErrorStackTrace":null,"DisplayName":"Test_Collections_AddRangeWithGrow","Messages":[],"ComputerName":"DESKTOP-VSB273D","Duration":"00:00:00.0019320","StartTime":"2022-05-12T08:16:36.1045467+00:00","EndTime":"2022-05-12T08:16:36.1064781+00:00","Properties":[{"Key":{"Id":"NUnit.Seed","Label":"Seed","Category":"","Description":"","Attributes":0,"ValueType":"System.String"},"Value":"746948591"}]},{"TestCase":{"Id":"a9bfe4bd-6542-1198-0e9a-813910337a97","FullyQualifiedName":"Collections.Tests.CollectionsTests.Test_Collections_Clear","DisplayName":"Test_Collections_Clear","ExecutorUri":"executor://NUnit3TestExecutor","Source":"C:\\Users\\Oleg\\Desktop\\QA Automation May 2022\\02 Unit Testing And NUnit\\Nunit-Collections-Project\\Collection.Tests\\bin\\Debug\\net6.0\\fine-code-coverage\\build-output\\Collections.Tests.dll","CodeFilePath":null,"LineNumber":0,"Properties":[{"Key":{"Id":"NUnit.Seed","Label":"Seed","Category":"","Description":"","Attributes":0,"ValueType":"System.String"},"Value":"917697843"}]},"Attachments":[],"Outcome":1,"ErrorMessage":null,"ErrorStackTrace":null,"DisplayName":"Test_Collections_Clear","Messages":[],"ComputerName":"DESKTOP-VSB273D","Duration":"00:00:00.0003350","StartTime":"2022-05-12T08:16:36.1065018+00:00","EndTime":"2022-05-12T08:16:36.1068369+00:00","Properties":[{"Key":{"Id":"NUnit.Seed","Label":"Seed","Category":"","Description":"","Attributes":0,"ValueType":"System.String"},"Value":"917697843"}]},{"TestCase":{"Id":"e2af83ac-ec44-61f6-4bd4-d1dec8f7d8c3","FullyQualifiedName":"Collections.Tests.CollectionsTests.Test_Collections_ConstructorMultipleItems","DisplayName":"Test_Collections_ConstructorMultipleItems","ExecutorUri":"executor://NUnit3TestExecutor","Source":"C:\\Users\\Oleg\\Desktop\\QA Automation May 2022\\02 Unit Testing And NUnit\\Nunit-Collections-Project\\Collection.Tests\\bin\\Debug\\net6.0\\fine-code-coverage\\build-output\\Collections.Tests.dll","CodeFilePath":null,"LineNumber":0,"Properties":[{"Key":{"Id":"NUnit.Seed","Label":"Seed","Category":"","Description":"","Attributes":0,"ValueType":"System.String"},"Value":"214517972"}]},"Attachments":[],"Outcome":1,"ErrorMessage":null,"ErrorStackTrace":null,"DisplayName":"Test_Collections_ConstructorMultipleItems","Messages":[],"ComputerName":"DESKTOP-VSB273D","Duration":"00:00:00.0002490","StartTime":"2022-05-12T08:16:36.1068499+00:00","EndTime":"2022-05-12T08:16:36.1070986+00:00","Properties":[{"Key":{"Id":"NUnit.Seed","Label":"Seed","Category":"","Description":"","Attributes":0,"ValueType":"System.String"},"Value":"214517972"}]},{"TestCase":{"Id":"9cbba3a3-7f20-5107-16b4-8513189d796f","FullyQualifiedName":"Collections.Tests.CollectionsTests.Test_Collections_ConstructorSingleItem","DisplayName":"Test_Collections_ConstructorSingleItem","ExecutorUri":"executor://NUnit3TestExecutor","Source":"C:\\Users\\Oleg\\Desktop\\QA Automation May 2022\\02 Unit Testing And NUnit\\Nunit-Collections-Project\\Collection.Tests\\bin\\Debug\\net6.0\\fine-code-coverage\\build-output\\Collections.Tests.dll","CodeFilePath":null,"LineNumber":0,"Properties":[{"Key":{"Id":"NUnit.Seed","Label":"Seed","Category":"","Description":"","Attributes":0,"ValueType":"System.String"},"Value":"2126022964"}]},"Attachments":[],"Outcome":1,"ErrorMessage":null,"ErrorStackTrace":null,"DisplayName":"Test_Collections_ConstructorSingleItem","Messages":[],"ComputerName":"DESKTOP-VSB273D","Duration":"00:00:00.0002310","StartTime":"2022-05-12T08:16:36.1071109+00:00","EndTime":"2022-05-12T08:16:36.1073414+00:00","Properties":[{"Key":{"Id":"NUnit.Seed","Label":"Seed","Category":"","Description":"","Attributes":0,"ValueType":"System.String"},"Value":"2126022964"}]},{"TestCase":{"Id":"d09389ab-8b5d-ae52-4aca-9828208a309f","FullyQualifiedName":"Collections.Tests.CollectionsTests.Test_Collections_EmptyConstructor","DisplayName":"Test_Collections_EmptyConstructor","ExecutorUri":"executor://NUnit3TestExecutor","Source":"C:\\Users\\Oleg\\Desktop\\QA Automation May 2022\\02 Unit Testing And NUnit\\Nunit-Collections-Project\\Collection.Tests\\bin\\Debug\\net6.0\\fine-code-coverage\\build-output\\Collections.Tests.dll","CodeFilePath":null,"LineNumber":0,"Properties":[{"Key":{"Id":"NUnit.Seed","Label":"Seed","Category":"","Description":"","Attributes":0,"ValueType":"System.String"},"Value":"1497555028"}]},"Attachments":[],"Outcome":1,"ErrorMessage":null,"ErrorStackTrace":null,"DisplayName":"Test_Collections_EmptyConstructor","Messages":[],"ComputerName":"DESKTOP-VSB273D","Duration":"00:00:00.0003390","StartTime":"2022-05-12T08:16:36.1073538+00:00","EndTime":"2022-05-12T08:16:36.1076923+00:00","Properties":[{"Key":{"Id":"NUnit.Seed","Label":"Seed","Category":"","Description":"","Attributes":0,"ValueType":"System.String"},"Value":"1497555028"}]},{"TestCase":{"Id":"4f732daa-739a-1385-0f89-73f951c2e170","FullyQualifiedName":"Collections.Tests.CollectionsTests.Test_Collections_ExchangeFirstLast","DisplayName":"Test_Collections_ExchangeFirstLast","ExecutorUri":"executor://NUnit3TestExecutor","Source":"C:\\Users\\Oleg\\Desktop\\QA Automation May 2022\\02 Unit Testing And NUnit\\Nunit-Collections-Project\\Collection.Tests\\bin\\Debug\\net6.0\\fine-code-coverage\\build-output\\Collections.Tests.dll","CodeFilePath":null,"LineNumber":0,"Properties":[{"Key":{"Id":"NUnit.Seed","Label":"Seed","Category":"","Description":"","Attributes":0,"ValueType":"System.String"},"Value":"295077740"}]},"Attachments":[],"Outcome":1,"ErrorMessage":null,"ErrorStackTrace":null,"DisplayName":"Test_Collections_ExchangeFirstLast","Messages":[],"ComputerName":"DESKTOP-VSB273D","Duration":"00:00:00.0007540","StartTime":"2022-05-12T08:16:36.1077126+00:00","EndTime":"2022-05-12T08:16:36.1084665+00:00","Properties":[{"Key":{"Id":"NUnit.Seed","Label":"Seed","Category":"","Description":"","Attributes":0,"ValueType":"System.String"},"Value":"295077740"}]}],"TestRunStatistics":{"ExecutedTests":9,"Stats":{"Passed":9}},"ActiveTests":[{"Id":"3515ebd2-b924-2268-db98-35dff68db48e","FullyQualifiedName":"Collections.Tests.CollectionsTests.Test_Collections_ExchangeInvalidIndexes","DisplayName":"Test_Collections_ExchangeInvalidIndexes","ExecutorUri":"executor://NUnit3TestExecutor","Source":"C:\\Users\\Oleg\\Desktop\\QA Automation May 2022\\02 Unit Testing And NUnit\\Nunit-Collections-Project\\Collection.Tests\\bin\\Debug\\net6.0\\fine-code-coverage\\build-output\\Collections.Tests.dll","CodeFilePath":null,"LineNumber":0,"Properties":[{"Key":{"Id":"NUnit.Seed","Label":"Seed","Category":"","Description":"","Attributes":0,"ValueType":"System.String"},"Value":"367802507"}]}]}}
TpTrace Verbose: 0 : 14016, 11, 2022/05/12, 11:16:36.223, 74970054825, vstest.console.dll, TestRunRequest:SendTestRunStatsChange: Starting.
TpTrace Verbose: 0 : 14016, 11, 2022/05/12, 11:16:36.223, 74970056456, vstest.console.dll, InProgress is Test_Collections_ExchangeInvalidIndexes
TpTrace Information: 0 : 14016, 11, 2022/05/12, 11:16:36.224, 74970058477, vstest.console.dll, TestRunRequest:SendTestRunStatsChange: Completed.
TpTrace Verbose: 0 : 14016, 11, 2022/05/12, 11:16:36.224, 74970058904, vstest.console.dll, TcpClientExtensions.MessageLoopAsync: Polling on remoteEndPoint: 127.0.0.1:50496 localEndPoint: 127.0.0.1:50493
TpTrace Verbose: 0 : 14016, 11, 2022/05/12, 11:16:36.224, 74970059504, vstest.console.dll, TcpClientExtensions.MessageLoopAsync: NotifyDataAvailable remoteEndPoint: 127.0.0.1:50496 localEndPoint: 127.0.0.1:50493
TpTrace Verbose: 0 : 14016, 11, 2022/05/12, 11:16:36.224, 74970062174, vstest.console.dll, TestRequestSender.OnExecutionMessageReceived: Received message: {"Version":5,"MessageType":"TestExecution.StatsChange","Payload":{"NewTestResults":[{"TestCase":{"Id":"3515ebd2-b924-2268-db98-35dff68db48e","FullyQualifiedName":"Collections.Tests.CollectionsTests.Test_Collections_ExchangeInvalidIndexes","DisplayName":"Test_Collections_ExchangeInvalidIndexes","ExecutorUri":"executor://NUnit3TestExecutor","Source":"C:\\Users\\Oleg\\Desktop\\QA Automation May 2022\\02 Unit Testing And NUnit\\Nunit-Collections-Project\\Collection.Tests\\bin\\Debug\\net6.0\\fine-code-coverage\\build-output\\Collections.Tests.dll","CodeFilePath":null,"LineNumber":0,"Properties":[{"Key":{"Id":"NUnit.Seed","Label":"Seed","Category":"","Description":"","Attributes":0,"ValueType":"System.String"},"Value":"367802507"}]},"Attachments":[],"Outcome":1,"ErrorMessage":null,"ErrorStackTrace":null,"DisplayName":"Test_Collections_ExchangeInvalidIndexes","Messages":[],"ComputerName":"DESKTOP-VSB273D","Duration":"00:00:00.0062330","StartTime":"2022-05-12T08:16:36.1084912+00:00","EndTime":"2022-05-12T08:16:36.1147243+00:00","Properties":[{"Key":{"Id":"NUnit.Seed","Label":"Seed","Category":"","Description":"","Attributes":0,"ValueType":"System.String"},"Value":"367802507"}]},{"TestCase":{"Id":"e4cf773c-6c31-56c0-24cb-dfbd5361c884","FullyQualifiedName":"Collections.Tests.CollectionsTests.Test_Collections_ExchangeMidleFirst","DisplayName":"Test_Collections_ExchangeMidleFirst","ExecutorUri":"executor://NUnit3TestExecutor","Source":"C:\\Users\\Oleg\\Desktop\\QA Automation May 2022\\02 Unit Testing And NUnit\\Nunit-Collections-Project\\Collection.Tests\\bin\\Debug\\net6.0\\fine-code-coverage\\build-output\\Collections.Tests.dll","CodeFilePath":null,"LineNumber":0,"Properties":[{"Key":{"Id":"NUnit.Seed","Label":"Seed","Category":"","Description":"","Attributes":0,"ValueType":"System.String"},"Value":"771537775"}]},"Attachments":[],"Outcome":1,"ErrorMessage":null,"ErrorStackTrace":null,"DisplayName":"Test_Collections_ExchangeMidleFirst","Messages":[],"ComputerName":"DESKTOP-VSB273D","Duration":"00:00:00.0003280","StartTime":"2022-05-12T08:16:36.1147535+00:00","EndTime":"2022-05-12T08:16:36.1150814+00:00","Properties":[{"Key":{"Id":"NUnit.Seed","Label":"Seed","Category":"","Description":"","Attributes":0,"ValueType":"System.String"},"Value":"771537775"}]},{"TestCase":{"Id":"cb9097bc-7bcf-ed5d-a6cf-7bf2732174df","FullyQualifiedName":"Collections.Tests.CollectionsTests.Test_Collections_GetByIndex","DisplayName":"Test_Collections_GetByIndex","ExecutorUri":"executor://NUnit3TestExecutor","Source":"C:\\Users\\Oleg\\Desktop\\QA Automation May 2022\\02 Unit Testing And NUnit\\Nunit-Collections-Project\\Collection.Tests\\bin\\Debug\\net6.0\\fine-code-coverage\\build-output\\Collections.Tests.dll","CodeFilePath":null,"LineNumber":0,"Properties":[{"Key":{"Id":"NUnit.Seed","Label":"Seed","Category":"","Description":"","Attributes":0,"ValueType":"System.String"},"Value":"1726555902"}]},"Attachments":[],"Outcome":1,"ErrorMessage":null,"ErrorStackTrace":null,"DisplayName":"Test_Collections_GetByIndex","Messages":[],"ComputerName":"DESKTOP-VSB273D","Duration":"00:00:00.0001870","StartTime":"2022-05-12T08:16:36.1150947+00:00","EndTime":"2022-05-12T08:16:36.1152814+00:00","Properties":[{"Key":{"Id":"NUnit.Seed","Label":"Seed","Category":"","Description":"","Attributes":0,"ValueType":"System.String"},"Value":"1726555902"}]},{"TestCase":{"Id":"5ef1c868-44c3-afa0-7239-913ca97376a0","FullyQualifiedName":"Collections.Tests.CollectionsTests.Test_Collections_GetByInvalidIndex","DisplayName":"Test_Collections_GetByInvalidIndex","ExecutorUri":"executor://NUnit3TestExecutor","Source":"C:\\Users\\Oleg\\Desktop\\QA Automation May 2022\\02 Unit Testing And NUnit\\Nunit-Collections-Project\\Collection.Tests\\bin\\Debug\\net6.0\\fine-code-coverage\\build-output\\Collections.Tests.dll","CodeFilePath":null,"LineNumber":0,"Properties":[{"Key":{"Id":"NUnit.Seed","Label":"Seed","Category":"","Description":"","Attributes":0,"ValueType":"System.String"},"Value":"506796148"}]},"Attachments":[],"Outcome":1,"ErrorMessage":null,"ErrorStackTrace":null,"DisplayName":"Test_Collections_GetByInvalidIndex","Messages":[],"ComputerName":"DESKTOP-VSB273D","Duration":"00:00:00.0072140","StartTime":"2022-05-12T08:16:36.115293+00:00","EndTime":"2022-05-12T08:16:36.1225061+00:00","Properties":[{"Key":{"Id":"NUnit.Seed","Label":"Seed","Category":"","Description":"","Attributes":0,"ValueType":"System.String"},"Value":"506796148"}]},{"TestCase":{"Id":"e73bbe46-9072-0b5d-dddb-842a6d42baf8","FullyQualifiedName":"Collections.Tests.CollectionsTests.Test_Collections_InsertAtEnd","DisplayName":"Test_Collections_InsertAtEnd","ExecutorUri":"executor://NUnit3TestExecutor","Source":"C:\\Users\\Oleg\\Desktop\\QA Automation May 2022\\02 Unit Testing And NUnit\\Nunit-Collections-Project\\Collection.Tests\\bin\\Debug\\net6.0\\fine-code-coverage\\build-output\\Collections.Tests.dll","CodeFilePath":null,"LineNumber":0,"Properties":[{"Key":{"Id":"NUnit.Seed","Label":"Seed","Category":"","Description":"","Attributes":0,"ValueType":"System.String"},"Value":"2142957898"}]},"Attachments":[],"Outcome":1,"ErrorMessage":null,"ErrorStackTrace":null,"DisplayName":"Test_Collections_InsertAtEnd","Messages":[],"ComputerName":"DESKTOP-VSB273D","Duration":"00:00:00.0005520","StartTime":"2022-05-12T08:16:36.1225326+00:00","EndTime":"2022-05-12T08:16:36.1230844+00:00","Properties":[{"Key":{"Id":"NUnit.Seed","Label":"Seed","Category":"","Description":"","Attributes":0,"ValueType":"System.String"},"Value":"2142957898"}]},{"TestCase":{"Id":"63405796-14f3-1e1f-e37d-ba4478bdb1d0","FullyQualifiedName":"Collections.Tests.CollectionsTests.Test_Collections_InsertAtInvalidIndex","DisplayName":"Test_Collections_InsertAtInvalidIndex","ExecutorUri":"executor://NUnit3TestExecutor","Source":"C:\\Users\\Oleg\\Desktop\\QA Automation May 2022\\02 Unit Testing And NUnit\\Nunit-Collections-Project\\Collection.Tests\\bin\\Debug\\net6.0\\fine-code-coverage\\build-output\\Collections.Tests.dll","CodeFilePath":null,"LineNumber":0,"Properties":[{"Key":{"Id":"NUnit.Seed","Label":"Seed","Category":"","Description":"","Attributes":0,"ValueType":"System.String"},"Value":"1579354527"}]},"Attachments":[],"Outcome":1,"ErrorMessage":null,"ErrorStackTrace":null,"DisplayName":"Test_Collections_InsertAtInvalidIndex","Messages":[],"ComputerName":"DESKTOP-VSB273D","Duration":"00:00:00.0003890","StartTime":"2022-05-12T08:16:36.1231859+00:00","EndTime":"2022-05-12T08:16:36.1235756+00:00","Properties":[{"Key":{"Id":"NUnit.Seed","Label":"Seed","Category":"","Description":"","Attributes":0,"ValueType":"System.String"},"Value":"1579354527"}]},{"TestCase":{"Id":"9568cc8f-8378-b095-bfcc-b1e4c0e6992c","FullyQualifiedName":"Collections.Tests.CollectionsTests.Test_Collections_InsertAtMiddle","DisplayName":"Test_Collections_InsertAtMiddle","ExecutorUri":"executor://NUnit3TestExecutor","Source":"C:\\Users\\Oleg\\Desktop\\QA Automation May 2022\\02 Unit Testing And NUnit\\Nunit-Collections-Project\\Collection.Tests\\bin\\Debug\\net6.0\\fine-code-coverage\\build-output\\Collections.Tests.dll","CodeFilePath":null,"LineNumber":0,"Properties":[{"Key":{"Id":"NUnit.Seed","Label":"Seed","Category":"","Description":"","Attributes":0,"ValueType":"System.String"},"Value":"1925610715"}]},"Attachments":[],"Outcome":1,"ErrorMessage":null,"ErrorStackTrace":null,"DisplayName":"Test_Collections_InsertAtMiddle","Messages":[],"ComputerName":"DESKTOP-VSB273D","Duration":"00:00:00.0002430","StartTime":"2022-05-12T08:16:36.1235939+00:00","EndTime":"2022-05-12T08:16:36.1238363+00:00","Properties":[{"Key":{"Id":"NUnit.Seed","Label":"Seed","Category":"","Description":"","Attributes":0,"ValueType":"System.String"},"Value":"1925610715"}]},{"TestCase":{"Id":"69158a56-bc58-95bd-6829-ff22894d2c7b","FullyQualifiedName":"Collections.Tests.CollectionsTests.Test_Collections_InsertAtStart","DisplayName":"Test_Collections_InsertAtStart","ExecutorUri":"executor://NUnit3TestExecutor","Source":"C:\\Users\\Oleg\\Desktop\\QA Automation May 2022\\02 Unit Testing And NUnit\\Nunit-Collections-Project\\Collection.Tests\\bin\\Debug\\net6.0\\fine-code-coverage\\build-output\\Collections.Tests.dll","CodeFilePath":null,"LineNumber":0,"Properties":[{"Key":{"Id":"NUnit.Seed","Label":"Seed","Category":"","Description":"","Attributes":0,"ValueType":"System.String"},"Value":"1856782596"}]},"Attachments":[],"Outcome":1,"ErrorMessage":null,"ErrorStackTrace":null,"DisplayName":"Test_Collections_InsertAtStart","Messages":[],"ComputerName":"DESKTOP-VSB273D","Duration":"00:00:00.0001940","StartTime":"2022-05-12T08:16:36.1238492+00:00","EndTime":"2022-05-12T08:16:36.1240431+00:00","Properties":[{"Key":{"Id":"NUnit.Seed","Label":"Seed","Category":"","Description":"","Attributes":0,"ValueType":"System.String"},"Value":"1856782596"}]},{"TestCase":{"Id":"6e5c7651-72b3-5cef-5617-9c5efd1be527","FullyQualifiedName":"Collections.Tests.CollectionsTests.Test_Collections_InsertWithGrow","DisplayName":"Test_Collections_InsertWithGrow","ExecutorUri":"executor://NUnit3TestExecutor","Source":"C:\\Users\\Oleg\\Desktop\\QA Automation May 2022\\02 Unit Testing And NUnit\\Nunit-Collections-Project\\Collection.Tests\\bin\\Debug\\net6.0\\fine-code-coverage\\build-output\\Collections.Tests.dll","CodeFilePath":null,"LineNumber":0,"Properties":[{"Key":{"Id":"NUnit.Seed","Label":"Seed","Category":"","Description":"","Attributes":0,"ValueType":"System.String"},"Value":"600448575"}]},"Attachments":[],"Outcome":1,"ErrorMessage":null,"ErrorStackTrace":null,"DisplayName":"Test_Collections_InsertWithGrow","Messages":[],"ComputerName":"DESKTOP-VSB273D","Duration":"00:00:00.0002660","StartTime":"2022-05-12T08:16:36.124068+00:00","EndTime":"2022-05-12T08:16:36.1243339+00:00","Properties":[{"Key":{"Id":"NUnit.Seed","Label":"Seed","Category":"","Description":"","Attributes":0,"ValueType":"System.String"},"Value":"600448575"}]}],"TestRunStatistics":{"ExecutedTests":18,"Stats":{"Passed":18}},"ActiveTests":[{"Id":"1d22826e-e8cd-61d7-9d1d-1ba3f08478b1","FullyQualifiedName":"Collections.Tests.CollectionsTests.Test_Collections_RemoveFirstIndex","DisplayName":"Test_Collections_RemoveFirstIndex","ExecutorUri":"executor://NUnit3TestExecutor","Source":"C:\\Users\\Oleg\\Desktop\\QA Automation May 2022\\02 Unit Testing And NUnit\\Nunit-Collections-Project\\Collection.Tests\\bin\\Debug\\net6.0\\fine-code-coverage\\build-output\\Collections.Tests.dll","CodeFilePath":null,"LineNumber":0,"Properties":[{"Key":{"Id":"NUnit.Seed","Label":"Seed","Category":"","Description":"","Attributes":0,"ValueType":"System.String"},"Value":"954335010"}]}]}}
TpTrace Verbose: 0 : 14016, 11, 2022/05/12, 11:16:36.229, 74970117250, vstest.console.dll, TestRunRequest:SendTestRunStatsChange: Starting.
TpTrace Verbose: 0 : 14016, 11, 2022/05/12, 11:16:36.230, 74970118010, vstest.console.dll, InProgress is Test_Collections_RemoveFirstIndex
TpTrace Information: 0 : 14016, 11, 2022/05/12, 11:16:36.230, 74970118735, vstest.console.dll, TestRunRequest:SendTestRunStatsChange: Completed.
TpTrace Verbose: 0 : 14016, 11, 2022/05/12, 11:16:36.230, 74970119291, vstest.console.dll, TcpClientExtensions.MessageLoopAsync: Polling on remoteEndPoint: 127.0.0.1:50496 localEndPoint: 127.0.0.1:50493
TpTrace Verbose: 0 : 14016, 11, 2022/05/12, 11:16:36.240, 74970219374, vstest.console.dll, TcpClientExtensions.MessageLoopAsync: NotifyDataAvailable remoteEndPoint: 127.0.0.1:50496 localEndPoint: 127.0.0.1:50493
TpTrace Verbose: 0 : 14016, 11, 2022/05/12, 11:16:36.240, 74970221854, vstest.console.dll, TestRequestSender.OnExecutionMessageReceived: Received message: {"Version":5,"MessageType":"TestExecution.StatsChange","Payload":{"NewTestResults":[{"TestCase":{"Id":"1d22826e-e8cd-61d7-9d1d-1ba3f08478b1","FullyQualifiedName":"Collections.Tests.CollectionsTests.Test_Collections_RemoveFirstIndex","DisplayName":"Test_Collections_RemoveFirstIndex","ExecutorUri":"executor://NUnit3TestExecutor","Source":"C:\\Users\\Oleg\\Desktop\\QA Automation May 2022\\02 Unit Testing And NUnit\\Nunit-Collections-Project\\Collection.Tests\\bin\\Debug\\net6.0\\fine-code-coverage\\build-output\\Collections.Tests.dll","CodeFilePath":null,"LineNumber":0,"Properties":[{"Key":{"Id":"NUnit.Seed","Label":"Seed","Category":"","Description":"","Attributes":0,"ValueType":"System.String"},"Value":"954335010"}]},"Attachments":[],"Outcome":1,"ErrorMessage":null,"ErrorStackTrace":null,"DisplayName":"Test_Collections_RemoveFirstIndex","Messages":[],"ComputerName":"DESKTOP-VSB273D","Duration":"00:00:00.0001700","StartTime":"2022-05-12T08:16:36.1243467+00:00","EndTime":"2022-05-12T08:16:36.124517+00:00","Properties":[{"Key":{"Id":"NUnit.Seed","Label":"Seed","Category":"","Description":"","Attributes":0,"ValueType":"System.String"},"Value":"954335010"}]},{"TestCase":{"Id":"d1a9d509-bb76-c1cc-a976-ed42af6bee79","FullyQualifiedName":"Collections.Tests.CollectionsTests.Test_Collections_RemoveInvalidIndex","DisplayName":"Test_Collections_RemoveInvalidIndex","ExecutorUri":"executor://NUnit3TestExecutor","Source":"C:\\Users\\Oleg\\Desktop\\QA Automation May 2022\\02 Unit Testing And NUnit\\Nunit-Collections-Project\\Collection.Tests\\bin\\Debug\\net6.0\\fine-code-coverage\\build-output\\Collections.Tests.dll","CodeFilePath":null,"LineNumber":0,"Properties":[{"Key":{"Id":"NUnit.Seed","Label":"Seed","Category":"","Description":"","Attributes":0,"ValueType":"System.String"},"Value":"30516855"}]},"Attachments":[],"Outcome":1,"ErrorMessage":null,"ErrorStackTrace":null,"DisplayName":"Test_Collections_RemoveInvalidIndex","Messages":[],"ComputerName":"DESKTOP-VSB273D","Duration":"00:00:00.0004640","StartTime":"2022-05-12T08:16:36.1245286+00:00","EndTime":"2022-05-12T08:16:36.1249927+00:00","Properties":[{"Key":{"Id":"NUnit.Seed","Label":"Seed","Category":"","Description":"","Attributes":0,"ValueType":"System.String"},"Value":"30516855"}]},{"TestCase":{"Id":"b0d39a6d-0518-cffa-290e-a4141acec665","FullyQualifiedName":"Collections.Tests.CollectionsTests.Test_Collections_RemoveLastIndex","DisplayName":"Test_Collections_RemoveLastIndex","ExecutorUri":"executor://NUnit3TestExecutor","Source":"C:\\Users\\Oleg\\Desktop\\QA Automation May 2022\\02 Unit Testing And NUnit\\Nunit-Collections-Project\\Collection.Tests\\bin\\Debug\\net6.0\\fine-code-coverage\\build-output\\Collections.Tests.dll","CodeFilePath":null,"LineNumber":0,"Properties":[{"Key":{"Id":"NUnit.Seed","Label":"Seed","Category":"","Description":"","Attributes":0,"ValueType":"System.String"},"Value":"409075275"}]},"Attachments":[],"Outcome":1,"ErrorMessage":null,"ErrorStackTrace":null,"DisplayName":"Test_Collections_RemoveLastIndex","Messages":[],"ComputerName":"DESKTOP-VSB273D","Duration":"00:00:00.0002880","StartTime":"2022-05-12T08:16:36.1250129+00:00","EndTime":"2022-05-12T08:16:36.1253004+00:00","Properties":[{"Key":{"Id":"NUnit.Seed","Label":"Seed","Category":"","Description":"","Attributes":0,"ValueType":"System.String"},"Value":"409075275"}]},{"TestCase":{"Id":"99f2819f-22cd-147b-2b96-e6b6fddb0351","FullyQualifiedName":"Collections.Tests.CollectionsTests.Test_Collections_RemoveMidleIndex","DisplayName":"Test_Collections_RemoveMidleIndex","ExecutorUri":"executor://NUnit3TestExecutor","Source":"C:\\Users\\Oleg\\Desktop\\QA Automation May 2022\\02 Unit Testing And NUnit\\Nunit-Collections-Project\\Collection.Tests\\bin\\Debug\\net6.0\\fine-code-coverage\\build-output\\Collections.Tests.dll","CodeFilePath":null,"LineNumber":0,"Properties":[{"Key":{"Id":"NUnit.Seed","Label":"Seed","Category":"","Description":"","Attributes":0,"ValueType":"System.String"},"Value":"2081477872"}]},"Attachments":[],"Outcome":1,"ErrorMessage":null,"ErrorStackTrace":null,"DisplayName":"Test_Collections_RemoveMidleIndex","Messages":[],"ComputerName":"DESKTOP-VSB273D","Duration":"00:00:00.0002680","StartTime":"2022-05-12T08:16:36.1253187+00:00","EndTime":"2022-05-12T08:16:36.1255871+00:00","Properties":[{"Key":{"Id":"NUnit.Seed","Label":"Seed","Category":"","Description":"","Attributes":0,"ValueType":"System.String"},"Value":"2081477872"}]},{"TestCase":{"Id":"d9f8798f-117b-2a33-3ebf-d51f054f114e","FullyQualifiedName":"Collections.Tests.CollectionsTests.Test_Collections_SetByIndex","DisplayName":"Test_Collections_SetByIndex","ExecutorUri":"executor://NUnit3TestExecutor","Source":"C:\\Users\\Oleg\\Desktop\\QA Automation May 2022\\02 Unit Testing And NUnit\\Nunit-Collections-Project\\Collection.Tests\\bin\\Debug\\net6.0\\fine-code-coverage\\build-output\\Collections.Tests.dll","CodeFilePath":null,"LineNumber":0,"Properties":[{"Key":{"Id":"NUnit.Seed","Label":"Seed","Category":"","Description":"","Attributes":0,"ValueType":"System.String"},"Value":"929320892"}]},"Attachments":[],"Outcome":1,"ErrorMessage":null,"ErrorStackTrace":null,"DisplayName":"Test_Collections_SetByIndex","Messages":[],"ComputerName":"DESKTOP-VSB273D","Duration":"00:00:00.0003730","StartTime":"2022-05-12T08:16:36.1256028+00:00","EndTime":"2022-05-12T08:16:36.1259759+00:00","Properties":[{"Key":{"Id":"NUnit.Seed","Label":"Seed","Category":"","Description":"","Attributes":0,"ValueType":"System.String"},"Value":"929320892"}]},{"TestCase":{"Id":"df754e99-e631-5adc-507b-86fae2d20046","FullyQualifiedName":"Collections.Tests.CollectionsTests.Test_Collections_SetByInvalidIndex","DisplayName":"Test_Collections_SetByInvalidIndex","ExecutorUri":"executor://NUnit3TestExecutor","Source":"C:\\Users\\Oleg\\Desktop\\QA Automation May 2022\\02 Unit Testing And NUnit\\Nunit-Collections-Project\\Collection.Tests\\bin\\Debug\\net6.0\\fine-code-coverage\\build-output\\Collections.Tests.dll","CodeFilePath":null,"LineNumber":0,"Properties":[{"Key":{"Id":"NUnit.Seed","Label":"Seed","Category":"","Description":"","Attributes":0,"ValueType":"System.String"},"Value":"956085856"}]},"Attachments":[],"Outcome":1,"ErrorMessage":null,"ErrorStackTrace":null,"DisplayName":"Test_Collections_SetByInvalidIndex","Messages":[],"ComputerName":"DESKTOP-VSB273D","Duration":"00:00:00.0004420","StartTime":"2022-05-12T08:16:36.1259915+00:00","EndTime":"2022-05-12T08:16:36.1264332+00:00","Properties":[{"Key":{"Id":"NUnit.Seed","Label":"Seed","Category":"","Description":"","Attributes":0,"ValueType":"System.String"},"Value":"956085856"}]},{"TestCase":{"Id":"eec923e9-8058-f224-950e-df99dab6fff5","FullyQualifiedName":"Collections.Tests.CollectionsTests.Test_Collections_ToString","DisplayName":"Test_Collections_ToString","ExecutorUri":"executor://NUnit3TestExecutor","Source":"C:\\Users\\Oleg\\Desktop\\QA Automation May 2022\\02 Unit Testing And NUnit\\Nunit-Collections-Project\\Collection.Tests\\bin\\Debug\\net6.0\\fine-code-coverage\\build-output\\Collections.Tests.dll","CodeFilePath":null,"LineNumber":0,"Properties":[{"Key":{"Id":"NUnit.Seed","Label":"Seed","Category":"","Description":"","Attributes":0,"ValueType":"System.String"},"Value":"913198830"}]},"Attachments":[],"Outcome":1,"ErrorMessage":null,"ErrorStackTrace":null,"DisplayName":"Test_Collections_ToString","Messages":[],"ComputerName":"DESKTOP-VSB273D","Duration":"00:00:00.0002210","StartTime":"2022-05-12T08:16:36.1264474+00:00","EndTime":"2022-05-12T08:16:36.1266681+00:00","Properties":[{"Key":{"Id":"NUnit.Seed","Label":"Seed","Category":"","Description":"","Attributes":0,"ValueType":"System.String"},"Value":"913198830"}]},{"TestCase":{"Id":"90fb7721-e8c8-568c-5707-be693b5886bf","FullyQualifiedName":"Collections.Tests.CollectionsTests.Test_Collections_ToStringNestedCollections","DisplayName":"Test_Collections_ToStringNestedCollections","ExecutorUri":"executor://NUnit3TestExecutor","Source":"C:\\Users\\Oleg\\Desktop\\QA Automation May 2022\\02 Unit Testing And NUnit\\Nunit-Collections-Project\\Collection.Tests\\bin\\Debug\\net6.0\\fine-code-coverage\\build-output\\Collections.Tests.dll","CodeFilePath":null,"LineNumber":0,"Properties":[{"Key":{"Id":"NUnit.Seed","Label":"Seed","Category":"","Description":"","Attributes":0,"ValueType":"System.String"},"Value":"426357903"}]},"Attachments":[],"Outcome":1,"ErrorMessage":null,"ErrorStackTrace":null,"DisplayName":"Test_Collections_ToStringNestedCollections","Messages":[],"ComputerName":"DESKTOP-VSB273D","Duration":"00:00:00.0019250","StartTime":"2022-05-12T08:16:36.1266955+00:00","EndTime":"2022-05-12T08:16:36.1286196+00:00","Properties":[{"Key":{"Id":"NUnit.Seed","Label":"Seed","Category":"","Description":"","Attributes":0,"ValueType":"System.String"},"Value":"426357903"}]},{"TestCase":{"Id":"4a0aa416-7301-c3b8-4a26-0ecf41691ad3","FullyQualifiedName":"Collections.Tests.DataDrivenTests.DataDrivenTest_GetByInvalidIndex(\"\",0)","DisplayName":"DataDrivenTest_GetByInvalidIndex(\"\",0)","ExecutorUri":"executor://NUnit3TestExecutor","Source":"C:\\Users\\Oleg\\Desktop\\QA Automation May 2022\\02 Unit Testing And NUnit\\Nunit-Collections-Project\\Collection.Tests\\bin\\Debug\\net6.0\\fine-code-coverage\\build-output\\Collections.Tests.dll","CodeFilePath":null,"LineNumber":0,"Properties":[{"Key":{"Id":"NUnit.Seed","Label":"Seed","Category":"","Description":"","Attributes":0,"ValueType":"System.String"},"Value":"1230723229"}]},"Attachments":[],"Outcome":1,"ErrorMessage":null,"ErrorStackTrace":null,"DisplayName":"DataDrivenTest_GetByInvalidIndex(\"\",0)","Messages":[],"ComputerName":"DESKTOP-VSB273D","Duration":"00:00:00.0016930","StartTime":"2022-05-12T08:16:36.1321528+00:00","EndTime":"2022-05-12T08:16:36.1338459+00:00","Properties":[{"Key":{"Id":"NUnit.Seed","Label":"Seed","Category":"","Description":"","Attributes":0,"ValueType":"System.String"},"Value":"1230723229"}]}],"TestRunStatistics":{"ExecutedTests":27,"Stats":{"Passed":27}},"ActiveTests":[{"Id":"2f973dd9-b47c-df02-26f2-5b107bec74c6","FullyQualifiedName":"Collections.Tests.DataDrivenTests.DataDrivenTest_GetByInvalidIndex(\"Vlad\",1)","DisplayName":"DataDrivenTest_GetByInvalidIndex(\"Vlad\",1)","ExecutorUri":"executor://NUnit3TestExecutor","Source":"C:\\Users\\Oleg\\Desktop\\QA Automation May 2022\\02 Unit Testing And NUnit\\Nunit-Collections-Project\\Collection.Tests\\bin\\Debug\\net6.0\\fine-code-coverage\\build-output\\Collections.Tests.dll","CodeFilePath":null,"LineNumber":0,"Properties":[{"Key":{"Id":"NUnit.Seed","Label":"Seed","Category":"","Description":"","Attributes":0,"ValueType":"System.String"},"Value":"1075060888"}]}]}}
TpTrace Verbose: 0 : 14016, 11, 2022/05/12, 11:16:36.244, 74970262148, vstest.console.dll, TestRunRequest:SendTestRunStatsChange: Starting.
TpTrace Verbose: 0 : 14016, 11, 2022/05/12, 11:16:36.244, 74970262966, vstest.console.dll, InProgress is DataDrivenTest_GetByInvalidIndex("Vlad",1)
TpTrace Information: 0 : 14016, 11, 2022/05/12, 11:16:36.244, 74970263687, vstest.console.dll, TestRunRequest:SendTestRunStatsChange: Completed.
TpTrace Verbose: 0 : 14016, 11, 2022/05/12, 11:16:36.244, 74970264051, vstest.console.dll, TcpClientExtensions.MessageLoopAsync: Polling on remoteEndPoint: 127.0.0.1:50496 localEndPoint: 127.0.0.1:50493
TpTrace Verbose: 0 : 14016, 11, 2022/05/12, 11:16:36.266, 74970478319, vstest.console.dll, TcpClientExtensions.MessageLoopAsync: NotifyDataAvailable remoteEndPoint: 127.0.0.1:50496 localEndPoint: 127.0.0.1:50493
TpTrace Verbose: 0 : 14016, 11, 2022/05/12, 11:16:36.266, 74970479377, vstest.console.dll, TestRequestSender.OnExecutionMessageReceived: Received message: {"Version":5,"MessageType":"TestSession.Message","Payload":{"MessageLevel":0,"Message":"NUnit Adapter 4.0.0.0: Test execution complete"}}
TpTrace Verbose: 0 : 14016, 11, 2022/05/12, 11:16:36.266, 74970481077, vstest.console.dll, TestRunRequest:SendTestRunMessage: Starting.
TpTrace Information: 0 : 14016, 11, 2022/05/12, 11:16:36.266, 74970481745, vstest.console.dll, TestRunRequest:SendTestRunMessage: Completed.
TpTrace Verbose: 0 : 14016, 11, 2022/05/12, 11:16:36.266, 74970482099, vstest.console.dll, TcpClientExtensions.MessageLoopAsync: Polling on remoteEndPoint: 127.0.0.1:50496 localEndPoint: 127.0.0.1:50493
TpTrace Verbose: 0 : 14016, 11, 2022/05/12, 11:16:36.285, 74970676744, vstest.console.dll, TcpClientExtensions.MessageLoopAsync: NotifyDataAvailable remoteEndPoint: 127.0.0.1:50496 localEndPoint: 127.0.0.1:50493
TpTrace Verbose: 0 : 14016, 11, 2022/05/12, 11:16:36.286, 74970679746, vstest.console.dll, TestRequestSender.OnExecutionMessageReceived: Received message: {"Version":5,"MessageType":"TestExecution.Completed","Payload":{"TestRunCompleteArgs":{"TestRunStatistics":{"ExecutedTests":36,"Stats":{"Passed":36}},"IsCanceled":false,"IsAborted":false,"Error":null,"AttachmentSets":[],"ElapsedTimeInRunningTests":"00:00:00.9591421","Metrics":{}},"LastRunTests":{"NewTestResults":[{"TestCase":{"Id":"2f973dd9-b47c-df02-26f2-5b107bec74c6","FullyQualifiedName":"Collections.Tests.DataDrivenTests.DataDrivenTest_GetByInvalidIndex(\"Vlad\",1)","DisplayName":"DataDrivenTest_GetByInvalidIndex(\"Vlad\",1)","ExecutorUri":"executor://NUnit3TestExecutor","Source":"C:\\Users\\Oleg\\Desktop\\QA Automation May 2022\\02 Unit Testing And NUnit\\Nunit-Collections-Project\\Collection.Tests\\bin\\Debug\\net6.0\\fine-code-coverage\\build-output\\Collections.Tests.dll","CodeFilePath":null,"LineNumber":0,"Properties":[{"Key":{"Id":"NUnit.Seed","Label":"Seed","Category":"","Description":"","Attributes":0,"ValueType":"System.String"},"Value":"1075060888"}]},"Attachments":[],"Outcome":1,"ErrorMessage":null,"ErrorStackTrace":null,"DisplayName":"DataDrivenTest_GetByInvalidIndex(\"Vlad\",1)","Messages":[],"ComputerName":"DESKTOP-VSB273D","Duration":"00:00:00.0006269","StartTime":"2022-05-12T08:16:36.1338778+00:00","EndTime":"2022-05-12T08:16:36.1345046+00:00","Properties":[{"Key":{"Id":"NUnit.Seed","Label":"Seed","Category":"","Description":"","Attributes":0,"ValueType":"System.String"},"Value":"1075060888"}]},{"TestCase":{"Id":"6dc86432-bec4-183b-4392-f68a49fe2198","FullyQualifiedName":"Collections.Tests.DataDrivenTests.DataDrivenTest_GetByInvalidIndex(\"Vlad\",-1)","DisplayName":"DataDrivenTest_GetByInvalidIndex(\"Vlad\",-1)","ExecutorUri":"executor://NUnit3TestExecutor","Source":"C:\\Users\\Oleg\\Desktop\\QA Automation May 2022\\02 Unit Testing And NUnit\\Nunit-Collections-Project\\Collection.Tests\\bin\\Debug\\net6.0\\fine-code-coverage\\build-output\\Collections.Tests.dll","CodeFilePath":null,"LineNumber":0,"Properties":[{"Key":{"Id":"NUnit.Seed","Label":"Seed","Category":"","Description":"","Attributes":0,"ValueType":"System.String"},"Value":"1052522511"}]},"Attachments":[],"Outcome":1,"ErrorMessage":null,"ErrorStackTrace":null,"DisplayName":"DataDrivenTest_GetByInvalidIndex(\"Vlad\",-1)","Messages":[],"ComputerName":"DESKTOP-VSB273D","Duration":"00:00:00.0008050","StartTime":"2022-05-12T08:16:36.1345346+00:00","EndTime":"2022-05-12T08:16:36.1353388+00:00","Properties":[{"Key":{"Id":"NUnit.Seed","Label":"Seed","Category":"","Description":"","Attributes":0,"ValueType":"System.String"},"Value":"1052522511"}]},{"TestCase":{"Id":"37386682-1de1-7d3b-8760-73b3fbf5bfa4","FullyQualifiedName":"Collections.Tests.DataDrivenTests.DataDrivenTest_GetByInvalidIndex(\"Vlad, Anton, Ned\",-1)","DisplayName":"DataDrivenTest_GetByInvalidIndex(\"Vlad, Anton, Ned\",-1)","ExecutorUri":"executor://NUnit3TestExecutor","Source":"C:\\Users\\Oleg\\Desktop\\QA Automation May 2022\\02 Unit Testing And NUnit\\Nunit-Collections-Project\\Collection.Tests\\bin\\Debug\\net6.0\\fine-code-coverage\\build-output\\Collections.Tests.dll","CodeFilePath":null,"LineNumber":0,"Properties":[{"Key":{"Id":"NUnit.Seed","Label":"Seed","Category":"","Description":"","Attributes":0,"ValueType":"System.String"},"Value":"35380570"}]},"Attachments":[],"Outcome":1,"ErrorMessage":null,"ErrorStackTrace":null,"DisplayName":"DataDrivenTest_GetByInvalidIndex(\"Vlad, Anton, Ned\",-1)","Messages":[],"ComputerName":"DESKTOP-VSB273D","Duration":"00:00:00.0005560","StartTime":"2022-05-12T08:16:36.1353662+00:00","EndTime":"2022-05-12T08:16:36.1359217+00:00","Properties":[{"Key":{"Id":"NUnit.Seed","Label":"Seed","Category":"","Description":"","Attributes":0,"ValueType":"System.String"},"Value":"35380570"}]},{"TestCase":{"Id":"182cb501-8ad3-8823-ab15-f8a852c8b4d8","FullyQualifiedName":"Collections.Tests.DataDrivenTests.DataDrivenTest_GetByInvalidIndex(\"Vlad, Anton, Ned\",3)","DisplayName":"DataDrivenTest_GetByInvalidIndex(\"Vlad, Anton, Ned\",3)","ExecutorUri":"executor://NUnit3TestExecutor","Source":"C:\\Users\\Oleg\\Desktop\\QA Automation May 2022\\02 Unit Testing And NUnit\\Nunit-Collections-Project\\Collection.Tests\\bin\\Debug\\net6.0\\fine-code-coverage\\build-output\\Collections.Tests.dll","CodeFilePath":null,"LineNumber":0,"Properties":[{"Key":{"Id":"NUnit.Seed","Label":"Seed","Category":"","Description":"","Attributes":0,"ValueType":"System.String"},"Value":"571512501"}]},"Attachments":[],"Outcome":1,"ErrorMessage":null,"ErrorStackTrace":null,"DisplayName":"DataDrivenTest_GetByInvalidIndex(\"Vlad, Anton, Ned\",3)","Messages":[],"ComputerName":"DESKTOP-VSB273D","Duration":"00:00:00.0007069","StartTime":"2022-05-12T08:16:36.1359468+00:00","EndTime":"2022-05-12T08:16:36.1366535+00:00","Properties":[{"Key":{"Id":"NUnit.Seed","Label":"Seed","Category":"","Description":"","Attributes":0,"ValueType":"System.String"},"Value":"571512501"}]},{"TestCase":{"Id":"adde30d0-5ad3-eeff-b0a3-cb2766fb6544","FullyQualifiedName":"Collections.Tests.DataDrivenTests.DataDrivenTest_GetByInvalidIndex(\"Vlad, Anton, Ned\",100)","DisplayName":"DataDrivenTest_GetByInvalidIndex(\"Vlad, Anton, Ned\",100)","ExecutorUri":"executor://NUnit3TestExecutor","Source":"C:\\Users\\Oleg\\Desktop\\QA Automation May 2022\\02 Unit Testing And NUnit\\Nunit-Collections-Project\\Collection.Tests\\bin\\Debug\\net6.0\\fine-code-coverage\\build-output\\Collections.Tests.dll","CodeFilePath":null,"LineNumber":0,"Properties":[{"Key":{"Id":"NUnit.Seed","Label":"Seed","Category":"","Description":"","Attributes":0,"ValueType":"System.String"},"Value":"925364046"}]},"Attachments":[],"Outcome":1,"ErrorMessage":null,"ErrorStackTrace":null,"DisplayName":"DataDrivenTest_GetByInvalidIndex(\"Vlad, Anton, Ned\",100)","Messages":[],"ComputerName":"DESKTOP-VSB273D","Duration":"00:00:00.0005640","StartTime":"2022-05-12T08:16:36.1366755+00:00","EndTime":"2022-05-12T08:16:36.1372393+00:00","Properties":[{"Key":{"Id":"NUnit.Seed","Label":"Seed","Category":"","Description":"","Attributes":0,"ValueType":"System.String"},"Value":"925364046"}]},{"TestCase":{"Id":"642cb5a6-01af-b2e4-dba4-db03a140b30e","FullyQualifiedName":"Collections.Tests.DataDrivenTests.DataDrivenTest_GetByValidIndex(\"Vlad\",0,\"Vlad\")","DisplayName":"DataDrivenTest_GetByValidIndex(\"Vlad\",0,\"Vlad\")","ExecutorUri":"executor://NUnit3TestExecutor","Source":"C:\\Users\\Oleg\\Desktop\\QA Automation May 2022\\02 Unit Testing And NUnit\\Nunit-Collections-Project\\Collection.Tests\\bin\\Debug\\net6.0\\fine-code-coverage\\build-output\\Collections.Tests.dll","CodeFilePath":null,"LineNumber":0,"Properties":[{"Key":{"Id":"NUnit.Seed","Label":"Seed","Category":"","Description":"","Attributes":0,"ValueType":"System.String"},"Value":"998153163"}]},"Attachments":[],"Outcome":1,"ErrorMessage":null,"ErrorStackTrace":null,"DisplayName":"DataDrivenTest_GetByValidIndex(\"Vlad\",0,\"Vlad\")","Messages":[],"ComputerName":"DESKTOP-VSB273D","Duration":"00:00:00.0002799","StartTime":"2022-05-12T08:16:36.1373304+00:00","EndTime":"2022-05-12T08:16:36.1376102+00:00","Properties":[{"Key":{"Id":"NUnit.Seed","Label":"Seed","Category":"","Description":"","Attributes":0,"ValueType":"System.String"},"Value":"998153163"}]},{"TestCase":{"Id":"276faaa8-eca2-4852-b432-c48b49a0d97c","FullyQualifiedName":"Collections.Tests.DataDrivenTests.DataDrivenTest_GetByValidIndex(\"Vlad, Anton, Ned\",0,\"Vlad\")","DisplayName":"DataDrivenTest_GetByValidIndex(\"Vlad, Anton, Ned\",0,\"Vlad\")","ExecutorUri":"executor://NUnit3TestExecutor","Source":"C:\\Users\\Oleg\\Desktop\\QA Automation May 2022\\02 Unit Testing And NUnit\\Nunit-Collections-Project\\Collection.Tests\\bin\\Debug\\net6.0\\fine-code-coverage\\build-output\\Collections.Tests.dll","CodeFilePath":null,"LineNumber":0,"Properties":[{"Key":{"Id":"NUnit.Seed","Label":"Seed","Category":"","Description":"","Attributes":0,"ValueType":"System.String"},"Value":"830926466"}]},"Attachments":[],"Outcome":1,"ErrorMessage":null,"ErrorStackTrace":null,"DisplayName":"DataDrivenTest_GetByValidIndex(\"Vlad, Anton, Ned\",0,\"Vlad\")","Messages":[],"ComputerName":"DESKTOP-VSB273D","Duration":"00:00:00.0000930","StartTime":"2022-05-12T08:16:36.1376294+00:00","EndTime":"2022-05-12T08:16:36.1377225+00:00","Properties":[{"Key":{"Id":"NUnit.Seed","Label":"Seed","Category":"","Description":"","Attributes":0,"ValueType":"System.String"},"Value":"830926466"}]},{"TestCase":{"Id":"aec0ada8-c1ad-93f8-dc4d-0284976b4762","FullyQualifiedName":"Collections.Tests.DataDrivenTests.DataDrivenTest_GetByValidIndex(\"Vlad, Anton, Ned\",1,\"Anton\")","DisplayName":"DataDrivenTest_GetByValidIndex(\"Vlad, Anton, Ned\",1,\"Anton\")","ExecutorUri":"executor://NUnit3TestExecutor","Source":"C:\\Users\\Oleg\\Desktop\\QA Automation May 2022\\02 Unit Testing And NUnit\\Nunit-Collections-Project\\Collection.Tests\\bin\\Debug\\net6.0\\fine-code-coverage\\build-output\\Collections.Tests.dll","CodeFilePath":null,"LineNumber":0,"Properties":[{"Key":{"Id":"NUnit.Seed","Label":"Seed","Category":"","Description":"","Attributes":0,"ValueType":"System.String"},"Value":"271173819"}]},"Attachments":[],"Outcome":1,"ErrorMessage":null,"ErrorStackTrace":null,"DisplayName":"DataDrivenTest_GetByValidIndex(\"Vlad, Anton, Ned\",1,\"Anton\")","Messages":[],"ComputerName":"DESKTOP-VSB273D","Duration":"00:00:00.0000720","StartTime":"2022-05-12T08:16:36.1377368+00:00","EndTime":"2022-05-12T08:16:36.1378085+00:00","Properties":[{"Key":{"Id":"NUnit.Seed","Label":"Seed","Category":"","Description":"","Attributes":0,"ValueType":"System.String"},"Value":"271173819"}]},{"TestCase":{"Id":"5150bd6d-999b-72da-f816-3bb11ba14ba7","FullyQualifiedName":"Collections.Tests.DataDrivenTests.DataDrivenTest_GetByValidIndex(\"Vlad, Anton, Ned\",2,\"Ned\")","DisplayName":"DataDrivenTest_GetByValidIndex(\"Vlad, Anton, Ned\",2,\"Ned\")","ExecutorUri":"executor://NUnit3TestExecutor","Source":"C:\\Users\\Oleg\\Desktop\\QA Automation May 2022\\02 Unit Testing And NUnit\\Nunit-Collections-Project\\Collection.Tests\\bin\\Debug\\net6.0\\fine-code-coverage\\build-output\\Collections.Tests.dll","CodeFilePath":null,"LineNumber":0,"Properties":[{"Key":{"Id":"NUnit.Seed","Label":"Seed","Category":"","Description":"","Attributes":0,"ValueType":"System.String"},"Value":"2075442483"}]},"Attachments":[],"Outcome":1,"ErrorMessage":null,"ErrorStackTrace":null,"DisplayName":"DataDrivenTest_GetByValidIndex(\"Vlad, Anton, Ned\",2,\"Ned\")","Messages":[],"ComputerName":"DESKTOP-VSB273D","Duration":"00:00:00.0000830","StartTime":"2022-05-12T08:16:36.1378229+00:00","EndTime":"2022-05-12T08:16:36.1379057+00:00","Properties":[{"Key":{"Id":"NUnit.Seed","Label":"Seed","Category":"","Description":"","Attributes":0,"ValueType":"System.String"},"Value":"2075442483"}]}],"TestRunStatistics":{"ExecutedTests":36,"Stats":{"Passed":36}},"ActiveTests":[]},"RunAttachments":[],"ExecutorUris":["executor://nunit3testexecutor/"]}}
TpTrace Verbose: 0 : 14016, 11, 2022/05/12, 11:16:36.287, 74970687640, vstest.console.dll, TestRequestSender.EndSession: Sending end session.
TpTrace Verbose: 0 : 14016, 11, 2022/05/12, 11:16:36.287, 74970689120, vstest.console.dll, ProxyOperationManager.Close: waiting for test host to exit for 100 ms
TpTrace Warning: 0 : 14016, 7, 2022/05/12, 11:16:36.312, 74970939638, vstest.console.dll, TestHostManagerCallbacks.ErrorReceivedCallback Test host standard error line: 
TpTrace Verbose: 0 : 14016, 8, 2022/05/12, 11:16:36.319, 74971010065, vstest.console.dll, TestHostProvider.ExitCallBack: Host exited starting callback.
TpTrace Information: 0 : 14016, 8, 2022/05/12, 11:16:36.319, 74971015438, vstest.console.dll, TestHostManagerCallbacks.ExitCallBack: Testhost processId: 9880 exited with exitcode: 0 error: ''
TpTrace Verbose: 0 : 14016, 8, 2022/05/12, 11:16:36.319, 74971015987, vstest.console.dll, DotnetTestHostManager.OnHostExited: invoking OnHostExited callback
TpTrace Verbose: 0 : 14016, 8, 2022/05/12, 11:16:36.319, 74971016579, vstest.console.dll, CrossPlatEngine.TestHostManagerHostExited: calling on client process exit callback.
TpTrace Information: 0 : 14016, 8, 2022/05/12, 11:16:36.319, 74971017201, vstest.console.dll, TestRequestSender.OnClientProcessExit: Test host process exited. Standard error: 
TpTrace Information: 0 : 14016, 11, 2022/05/12, 11:16:36.320, 74971017579, vstest.console.dll, SocketServer.Stop: Stop server endPoint: 127.0.0.1:50493
TpTrace Information: 0 : 14016, 11, 2022/05/12, 11:16:36.320, 74971018313, vstest.console.dll, SocketServer.Stop: Cancellation requested. Stopping message loop.
TpTrace Information: 0 : 14016, 8, 2022/05/12, 11:16:36.320, 74971018498, vstest.console.dll, SocketServer.Stop: Stop server endPoint: 127.0.0.1:50493
TpTrace Information: 0 : 14016, 8, 2022/05/12, 11:16:36.320, 74971019452, vstest.console.dll, SocketServer.Stop: Cancellation requested. Stopping message loop.
TpTrace Information: 0 : 14016, 11, 2022/05/12, 11:16:36.320, 74971020084, vstest.console.dll, Closing the connection
TpTrace Warning: 0 : 14016, 11, 2022/05/12, 11:16:36.320, 74971020494, vstest.console.dll, ProxyOperationManager: Timed out waiting for test host to exit. Will terminate process.
TpTrace Verbose: 0 : 14016, 11, 2022/05/12, 11:16:36.321, 74971028679, vstest.console.dll, ProxyDataCollectionManager.InvokeDataCollectionServiceAction: Starting.
TpTrace Information: 0 : 14016, 11, 2022/05/12, 11:16:36.321, 74971029196, vstest.console.dll, ProxyDataCollectionManager.AfterTestRunEnd: Get attachment set for datacollector processId: 3792 port: 50488
TpTrace Verbose: 0 : 14016, 11, 2022/05/12, 11:16:36.321, 74971029711, vstest.console.dll, DataCollectionRequestSender.SendAfterTestRunStartAndGetResult : Send AfterTestRunEnd message with isCancelled: False
TpTrace Verbose: 0 : 14016, 11, 2022/05/12, 11:16:36.325, 74971068386, vstest.console.dll, DataCollectionRequestSender.SendAfterTestRunStartAndGetResult : Received message: (DataCollection.AfterTestRunEndResult) -> {
  "AttachmentSets": [],
  "Metrics": {}
}
TpTrace Information: 0 : 14016, 11, 2022/05/12, 11:16:36.327, 74971095794, vstest.console.dll, ProxyDataCollectionManager.InvokeDataCollectionServiceAction: Completed.
TpTrace Warning: 0 : 14016, 10, 2022/05/12, 11:16:36.329, 74971111440, vstest.console.dll, DataCollectionLauncher.ErrorReceivedCallback datacollector standard error line: 
TpTrace Information: 0 : 14016, 8, 2022/05/12, 11:16:36.340, 74971218796, vstest.console.dll, DataCollectionLauncher.ExitCallBack: Data collector exited with exitcode: 0 error: ''
TpTrace Verbose: 0 : 14016, 11, 2022/05/12, 11:16:36.361, 74971436535, vstest.console.dll, TestRunRequest:SendTestRunStatsChange: Starting.
TpTrace Information: 0 : 14016, 11, 2022/05/12, 11:16:36.362, 74971437788, vstest.console.dll, TestRunRequest:SendTestRunStatsChange: Completed.
TpTrace Verbose: 0 : 14016, 11, 2022/05/12, 11:16:36.362, 74971439836, vstest.console.dll, ParallelProxyExecutionManager: HandlePartialRunComplete: Total completed clients = 1, Run complete = True, Run canceled: False.
TpTrace Verbose: 0 : 14016, 11, 2022/05/12, 11:16:36.381, 74971634529, vstest.console.dll, TestRunRequest:TestRunComplete: Starting. IsAborted:False IsCanceled:False.
TpTrace Verbose: 0 : 14016, 11, 2022/05/12, 11:16:36.381, 74971636533, vstest.console.dll, TestLoggerManager.HandleTestRunComplete: Ignoring as the object is disposed.
TpTrace Information: 0 : 14016, 11, 2022/05/12, 11:16:36.382, 74971639528, vstest.console.dll, TestRunRequest:TestRunComplete: Completed.
TpTrace Verbose: 0 : 14016, 1, 2022/05/12, 11:16:36.382, 74971639997, vstest.console.dll, TestRunRequest.Dispose: Starting.
TpTrace Verbose: 0 : 14016, 11, 2022/05/12, 11:16:36.382, 74971640117, vstest.console.dll, TestRequestSender.SetOperationComplete: Setting operation complete.
TpTrace Information: 0 : 14016, 1, 2022/05/12, 11:16:36.382, 74971640897, vstest.console.dll, TestRunRequest.Dispose: Completed.
TpTrace Information: 0 : 14016, 11, 2022/05/12, 11:16:36.382, 74971641544, vstest.console.dll, SocketServer.Stop: Stop server endPoint: 127.0.0.1:50493
TpTrace Information: 0 : 14016, 1, 2022/05/12, 11:16:36.382, 74971641678, vstest.console.dll, TestRequestManager.RunTests: run tests completed.
TpTrace Information: 0 : 14016, 11, 2022/05/12, 11:16:36.382, 74971642356, vstest.console.dll, SocketServer.Stop: Cancellation requested. Stopping message loop.
TpTrace Information: 0 : 14016, 1, 2022/05/12, 11:16:36.382, 74971642869, vstest.console.dll, RunTestsArgumentProcessor:Execute: Test run is completed.
TpTrace Information: 0 : 14016, 11, 2022/05/12, 11:16:36.382, 74971642900, vstest.console.dll, SocketServer.PrivateStop: Stopping server endPoint: 127.0.0.1:50493 error: 
TpTrace Verbose: 0 : 14016, 1, 2022/05/12, 11:16:36.382, 74971644799, vstest.console.dll, Executor.Execute: Exiting with exit code of 0
TpTrace Verbose: 0 : 14016, 11, 2022/05/12, 11:16:36.383, 74971648153, vstest.console.dll, LengthPrefixCommunicationChannel.Dispose: Dispose reader and writer.
TpTrace Information: 0 : 14016, 11, 2022/05/12, 11:16:36.383, 74971649043, vstest.console.dll, SocketServer.Stop: Raise disconnected event endPoint: 127.0.0.1:50493 error: 
TpTrace Verbose: 0 : 14016, 11, 2022/05/12, 11:16:36.383, 74971649677, vstest.console.dll, TestRequestSender: OnTestRunAbort: Operation is already complete. Skip error message.
