TpTrace Verbose: 0 : 5848, 1, 2022/05/18, 10:09:58.608, 553337469543, vstest.console.dll, Version: 17.1.0-release-20220113-05
TpTrace Information: 0 : 5848, 1, 2022/05/18, 10:09:58.629, 553337619657, vstest.console.dll, FilePatternParser: The given file C:\Users\Oleg\Desktop\RestSharp_GitHub_Demo\GitHub_API_Tests\bin\Debug\net6.0\fine-code-coverage\build-output\GitHub_API_Tests.dll is a full path.
TpTrace Verbose: 0 : 5848, 1, 2022/05/18, 10:09:58.645, 553337774084, vstest.console.dll, TestPluginCache.DiscoverTestExtensions: finding test extensions in assemblies ends with: RuntimeProvider.dll TPluginInfo: Microsoft.VisualStudio.TestPlatform.Common.ExtensionFramework.Utilities.TestRuntimePluginInformation TExtension: Microsoft.VisualStudio.TestPlatform.ObjectModel.Host.ITestRuntimeProvider
TpTrace Verbose: 0 : 5848, 1, 2022/05/18, 10:09:58.645, 553337778737, vstest.console.dll, TestPluginCache.GetExtensionPaths: Filtered extension paths: 
TpTrace Verbose: 0 : 5848, 1, 2022/05/18, 10:09:58.645, 553337779860, vstest.console.dll, TestPluginCache.GetExtensionPaths: Added default extension paths: C:\Program Files\dotnet\sdk\6.0.202\Extensions\DumpMinitool.exe
C:\Program Files\dotnet\sdk\6.0.202\Extensions\DumpMinitool.x86.exe
C:\Program Files\dotnet\sdk\6.0.202\Extensions\Microsoft.Diagnostics.NETCore.Client.dll
C:\Program Files\dotnet\sdk\6.0.202\Extensions\Microsoft.TestPlatform.Extensions.BlameDataCollector.dll
C:\Program Files\dotnet\sdk\6.0.202\Extensions\Microsoft.TestPlatform.Extensions.EventLogCollector.dll
C:\Program Files\dotnet\sdk\6.0.202\Extensions\Microsoft.TestPlatform.TestHostRuntimeProvider.dll
C:\Program Files\dotnet\sdk\6.0.202\Extensions\Microsoft.VisualStudio.TestPlatform.Extensions.Html.TestLogger.dll
C:\Program Files\dotnet\sdk\6.0.202\Extensions\Microsoft.VisualStudio.TestPlatform.Extensions.Trx.TestLogger.dll
TpTrace Verbose: 0 : 5848, 1, 2022/05/18, 10:09:58.645, 553337780422, vstest.console.dll, TestPluginCache.GetExtensionPaths: Added unfilterableExtensionPaths: 
TpTrace Information: 0 : 5848, 1, 2022/05/18, 10:09:58.646, 553337790305, vstest.console.dll, AssemblyResolver.ctor: Creating AssemblyResolver with searchDirectories C:\Program Files\dotnet\sdk\6.0.202\Extensions,C:\Program Files\dotnet\sdk\6.0.202
TpTrace Verbose: 0 : 5848, 1, 2022/05/18, 10:09:58.647, 553337800629, vstest.console.dll, TestPluginCache.DiscoverTestExtensions: Discovering the extensions using extension path.
TpTrace Verbose: 0 : 5848, 1, 2022/05/18, 10:09:58.648, 553337802445, vstest.console.dll, TestPluginCache.GetExtensionPaths: Filtered extension paths: 
TpTrace Verbose: 0 : 5848, 1, 2022/05/18, 10:09:58.648, 553337802997, vstest.console.dll, TestPluginCache.GetExtensionPaths: Added default extension paths: C:\Program Files\dotnet\sdk\6.0.202\Extensions\DumpMinitool.exe
C:\Program Files\dotnet\sdk\6.0.202\Extensions\DumpMinitool.x86.exe
C:\Program Files\dotnet\sdk\6.0.202\Extensions\Microsoft.Diagnostics.NETCore.Client.dll
C:\Program Files\dotnet\sdk\6.0.202\Extensions\Microsoft.TestPlatform.Extensions.BlameDataCollector.dll
C:\Program Files\dotnet\sdk\6.0.202\Extensions\Microsoft.TestPlatform.Extensions.EventLogCollector.dll
C:\Program Files\dotnet\sdk\6.0.202\Extensions\Microsoft.TestPlatform.TestHostRuntimeProvider.dll
C:\Program Files\dotnet\sdk\6.0.202\Extensions\Microsoft.VisualStudio.TestPlatform.Extensions.Html.TestLogger.dll
C:\Program Files\dotnet\sdk\6.0.202\Extensions\Microsoft.VisualStudio.TestPlatform.Extensions.Trx.TestLogger.dll
TpTrace Verbose: 0 : 5848, 1, 2022/05/18, 10:09:58.648, 553337803415, vstest.console.dll, TestPluginCache.GetExtensionPaths: Added unfilterableExtensionPaths: 
TpTrace Verbose: 0 : 5848, 1, 2022/05/18, 10:09:58.648, 553337804249, vstest.console.dll, TestPluginCache.DiscoverTestExtensions: Discovering the extensions using allExtensionPaths: C:\Program Files\dotnet\sdk\6.0.202\Extensions\DumpMinitool.exe
C:\Program Files\dotnet\sdk\6.0.202\Extensions\DumpMinitool.x86.exe
C:\Program Files\dotnet\sdk\6.0.202\Extensions\Microsoft.Diagnostics.NETCore.Client.dll
C:\Program Files\dotnet\sdk\6.0.202\Extensions\Microsoft.TestPlatform.Extensions.BlameDataCollector.dll
C:\Program Files\dotnet\sdk\6.0.202\Extensions\Microsoft.TestPlatform.Extensions.EventLogCollector.dll
C:\Program Files\dotnet\sdk\6.0.202\Extensions\Microsoft.TestPlatform.TestHostRuntimeProvider.dll
C:\Program Files\dotnet\sdk\6.0.202\Extensions\Microsoft.VisualStudio.TestPlatform.Extensions.Html.TestLogger.dll
C:\Program Files\dotnet\sdk\6.0.202\Extensions\Microsoft.VisualStudio.TestPlatform.Extensions.Trx.TestLogger.dll
TpTrace Information: 0 : 5848, 1, 2022/05/18, 10:09:58.648, 553337806255, vstest.console.dll, AssemblyResolver.AddSearchDirectories: Adding more searchDirectories C:\Program Files\dotnet\sdk\6.0.202\Extensions,C:\Program Files\dotnet\sdk\6.0.202
TpTrace Information: 0 : 5848, 1, 2022/05/18, 10:09:58.648, 553337806920, vstest.console.dll, AssemblyResolver.AddSearchDirectories: Adding more searchDirectories C:\Program Files\dotnet\sdk\6.0.202\Extensions,C:\Program Files\dotnet\sdk\6.0.202
TpTrace Information: 0 : 5848, 1, 2022/05/18, 10:09:58.648, 553337807346, vstest.console.dll, AssemblyResolver.AddSearchDirectories: Adding more searchDirectories C:\Program Files\dotnet\sdk\6.0.202\Extensions,C:\Program Files\dotnet\sdk\6.0.202
TpTrace Information: 0 : 5848, 1, 2022/05/18, 10:09:58.648, 553337807796, vstest.console.dll, AssemblyResolver.AddSearchDirectories: Adding more searchDirectories C:\Program Files\dotnet\sdk\6.0.202\Extensions,C:\Program Files\dotnet\sdk\6.0.202
TpTrace Information: 0 : 5848, 1, 2022/05/18, 10:09:58.648, 553337808192, vstest.console.dll, AssemblyResolver.AddSearchDirectories: Adding more searchDirectories C:\Program Files\dotnet\sdk\6.0.202\Extensions,C:\Program Files\dotnet\sdk\6.0.202
TpTrace Information: 0 : 5848, 1, 2022/05/18, 10:09:58.648, 553337808613, vstest.console.dll, AssemblyResolver.AddSearchDirectories: Adding more searchDirectories C:\Program Files\dotnet\sdk\6.0.202\Extensions,C:\Program Files\dotnet\sdk\6.0.202
TpTrace Information: 0 : 5848, 1, 2022/05/18, 10:09:58.648, 553337808997, vstest.console.dll, AssemblyResolver.AddSearchDirectories: Adding more searchDirectories C:\Program Files\dotnet\sdk\6.0.202\Extensions,C:\Program Files\dotnet\sdk\6.0.202
TpTrace Information: 0 : 5848, 1, 2022/05/18, 10:09:58.648, 553337809436, vstest.console.dll, AssemblyResolver.AddSearchDirectories: Adding more searchDirectories C:\Program Files\dotnet\sdk\6.0.202\Extensions,C:\Program Files\dotnet\sdk\6.0.202
TpTrace Information: 0 : 5848, 1, 2022/05/18, 10:09:58.649, 553337813343, vstest.console.dll, AssemblyResolver.OnResolve: DumpMinitool: Resolving assembly.
TpTrace Information: 0 : 5848, 1, 2022/05/18, 10:09:58.649, 553337814122, vstest.console.dll, AssemblyResolver.OnResolve: DumpMinitool: Searching in: 'C:\Program Files\dotnet\sdk\6.0.202\Extensions'.
TpTrace Information: 0 : 5848, 1, 2022/05/18, 10:09:58.649, 553337815487, vstest.console.dll, AssemblyResolver.OnResolve: DumpMinitool: Assembly path does not exist: 'C:\Program Files\dotnet\sdk\6.0.202\Extensions\DumpMinitool.dll', returning.
TpTrace Information: 0 : 5848, 1, 2022/05/18, 10:09:58.650, 553337822515, vstest.console.dll, AssemblyResolver.OnResolve: DumpMinitool: Loading assembly 'C:\Program Files\dotnet\sdk\6.0.202\Extensions\DumpMinitool.exe'.
TpTrace Information: 0 : 5848, 1, 2022/05/18, 10:09:58.650, 553337829979, vstest.console.dll, AssemblyResolver.OnResolve: Resolved assembly: DumpMinitool, from path: C:\Program Files\dotnet\sdk\6.0.202\Extensions\DumpMinitool.exe
TpTrace Information: 0 : 5848, 1, 2022/05/18, 10:09:58.661, 553337933624, vstest.console.dll, AssemblyResolver.OnResolve: DumpMinitool.x86: Resolving assembly.
TpTrace Information: 0 : 5848, 1, 2022/05/18, 10:09:58.661, 553337934676, vstest.console.dll, AssemblyResolver.OnResolve: DumpMinitool.x86: Searching in: 'C:\Program Files\dotnet\sdk\6.0.202\Extensions'.
TpTrace Information: 0 : 5848, 1, 2022/05/18, 10:09:58.661, 553337935857, vstest.console.dll, AssemblyResolver.OnResolve: DumpMinitool.x86: Assembly path does not exist: 'C:\Program Files\dotnet\sdk\6.0.202\Extensions\DumpMinitool.x86.dll', returning.
TpTrace Information: 0 : 5848, 1, 2022/05/18, 10:09:58.662, 553337942181, vstest.console.dll, AssemblyResolver.OnResolve: DumpMinitool.x86: Loading assembly 'C:\Program Files\dotnet\sdk\6.0.202\Extensions\DumpMinitool.x86.exe'.
TpTrace Information: 0 : 5848, 1, 2022/05/18, 10:09:58.662, 553337948677, vstest.console.dll, AssemblyResolver.OnResolve: Resolved assembly: DumpMinitool.x86, from path: C:\Program Files\dotnet\sdk\6.0.202\Extensions\DumpMinitool.x86.exe
TpTrace Information: 0 : 5848, 1, 2022/05/18, 10:09:58.663, 553337954064, vstest.console.dll, AssemblyResolver.OnResolve: Microsoft.Diagnostics.NETCore.Client: Resolving assembly.
TpTrace Information: 0 : 5848, 1, 2022/05/18, 10:09:58.663, 553337954929, vstest.console.dll, AssemblyResolver.OnResolve: Microsoft.Diagnostics.NETCore.Client: Searching in: 'C:\Program Files\dotnet\sdk\6.0.202\Extensions'.
TpTrace Information: 0 : 5848, 1, 2022/05/18, 10:09:58.665, 553337978144, vstest.console.dll, AssemblyResolver.OnResolve: Microsoft.Diagnostics.NETCore.Client: Loading assembly 'C:\Program Files\dotnet\sdk\6.0.202\Extensions\Microsoft.Diagnostics.NETCore.Client.dll'.
TpTrace Information: 0 : 5848, 1, 2022/05/18, 10:09:58.667, 553337997122, vstest.console.dll, AssemblyResolver.OnResolve: Resolved assembly: Microsoft.Diagnostics.NETCore.Client, from path: C:\Program Files\dotnet\sdk\6.0.202\Extensions\Microsoft.Diagnostics.NETCore.Client.dll
TpTrace Information: 0 : 5848, 1, 2022/05/18, 10:09:58.671, 553338033901, vstest.console.dll, AssemblyResolver.OnResolve: Microsoft.Bcl.AsyncInterfaces: Resolving assembly.
TpTrace Information: 0 : 5848, 1, 2022/05/18, 10:09:58.671, 553338034985, vstest.console.dll, AssemblyResolver.OnResolve: Microsoft.Bcl.AsyncInterfaces: Searching in: 'C:\Program Files\dotnet\sdk\6.0.202\Extensions'.
TpTrace Information: 0 : 5848, 1, 2022/05/18, 10:09:58.671, 553338036048, vstest.console.dll, AssemblyResolver.OnResolve: Microsoft.Bcl.AsyncInterfaces: Assembly path does not exist: 'C:\Program Files\dotnet\sdk\6.0.202\Extensions\Microsoft.Bcl.AsyncInterfaces.dll', returning.
TpTrace Information: 0 : 5848, 1, 2022/05/18, 10:09:58.671, 553338036967, vstest.console.dll, AssemblyResolver.OnResolve: Microsoft.Bcl.AsyncInterfaces: Assembly path does not exist: 'C:\Program Files\dotnet\sdk\6.0.202\Extensions\Microsoft.Bcl.AsyncInterfaces.exe', returning.
TpTrace Information: 0 : 5848, 1, 2022/05/18, 10:09:58.671, 553338037349, vstest.console.dll, AssemblyResolver.OnResolve: Microsoft.Bcl.AsyncInterfaces: Searching in: 'C:\Program Files\dotnet\sdk\6.0.202'.
TpTrace Information: 0 : 5848, 1, 2022/05/18, 10:09:58.671, 553338038175, vstest.console.dll, AssemblyResolver.OnResolve: Microsoft.Bcl.AsyncInterfaces: Assembly path does not exist: 'C:\Program Files\dotnet\sdk\6.0.202\Microsoft.Bcl.AsyncInterfaces.dll', returning.
TpTrace Information: 0 : 5848, 1, 2022/05/18, 10:09:58.671, 553338039006, vstest.console.dll, AssemblyResolver.OnResolve: Microsoft.Bcl.AsyncInterfaces: Assembly path does not exist: 'C:\Program Files\dotnet\sdk\6.0.202\Microsoft.Bcl.AsyncInterfaces.exe', returning.
TpTrace Information: 0 : 5848, 1, 2022/05/18, 10:09:58.671, 553338039369, vstest.console.dll, AssemblyResolver.OnResolve: Microsoft.Bcl.AsyncInterfaces: Failed to load assembly.
TpTrace Verbose: 0 : 5848, 1, 2022/05/18, 10:09:58.672, 553338044124, vstest.console.dll, CurrentDomainAssemblyResolve: Resolving assembly 'Microsoft.Bcl.AsyncInterfaces'.
TpTrace Information: 0 : 5848, 1, 2022/05/18, 10:09:58.672, 553338045647, vstest.console.dll, AssemblyResolver.OnResolve: Microsoft.Bcl.AsyncInterfaces: Resolving assembly.
TpTrace Information: 0 : 5848, 1, 2022/05/18, 10:09:58.672, 553338046446, vstest.console.dll, AssemblyResolver.OnResolve: Microsoft.Bcl.AsyncInterfaces: Resolved from cache.
TpTrace Verbose: 0 : 5848, 1, 2022/05/18, 10:09:58.672, 553338046941, vstest.console.dll, CurrentDomainAssemblyResolve: Resolving assembly 'Microsoft.Bcl.AsyncInterfaces'.
TpTrace Verbose: 0 : 5848, 1, 2022/05/18, 10:09:58.672, 553338047493, vstest.console.dll, CurrentDomainAssemblyResolve: Failed to resolve assembly 'Microsoft.Bcl.AsyncInterfaces'.
TpTrace Verbose: 0 : 5848, 1, 2022/05/18, 10:09:58.681, 553338132622, vstest.console.dll, CurrentDomainAssemblyResolve: Failed to resolve assembly 'Microsoft.Bcl.AsyncInterfaces'.
TpTrace Warning: 0 : 5848, 1, 2022/05/18, 10:09:58.706, 553338388350, vstest.console.dll, TestPluginDiscoverer: Failed to get types from assembly 'Microsoft.Diagnostics.NETCore.Client, Version=0.2.5.801, Culture=neutral, PublicKeyToken=31bf3856ad364e35'.  Skipping test extension scan for this assembly.  Error: System.Reflection.ReflectionTypeLoadException: Unable to load one or more of the requested types.
Could not load file or assembly 'Microsoft.Bcl.AsyncInterfaces, Version=1.0.0.0, Culture=neutral, PublicKeyToken=cc7b13ffcd2ddd51'. The system cannot find the file specified.
   at System.Reflection.RuntimeModule.GetTypes(RuntimeModule module)
   at System.Reflection.Assembly.GetTypes()
   at Microsoft.VisualStudio.TestPlatform.Common.ExtensionFramework.TestPluginDiscoverer.GetTestExtensionsFromAssembly[TPluginInfo,TExtension](Assembly assembly, Dictionary`2 pluginInfos)
System.IO.FileNotFoundException: Could not load file or assembly 'Microsoft.Bcl.AsyncInterfaces, Version=1.0.0.0, Culture=neutral, PublicKeyToken=cc7b13ffcd2ddd51'. The system cannot find the file specified.
File name: 'Microsoft.Bcl.AsyncInterfaces, Version=1.0.0.0, Culture=neutral, PublicKeyToken=cc7b13ffcd2ddd51'
 ---> System.IO.FileNotFoundException: Could not load file or assembly 'Microsoft.Bcl.AsyncInterfaces, Culture=neutral, PublicKeyToken=null'. The system cannot find the file specified.
File name: 'Microsoft.Bcl.AsyncInterfaces, Culture=neutral, PublicKeyToken=null'
   at System.Reflection.RuntimeAssembly.InternalLoad(ObjectHandleOnStack assemblyName, ObjectHandleOnStack requestingAssembly, StackCrawlMarkHandle stackMark, Boolean throwOnFileNotFound, ObjectHandleOnStack assemblyLoadContext, ObjectHandleOnStack retAssembly)
   at System.Reflection.RuntimeAssembly.InternalLoad(AssemblyName assemblyName, RuntimeAssembly requestingAssembly, StackCrawlMark& stackMark, Boolean throwOnFileNotFound, AssemblyLoadContext assemblyLoadContext)
   at System.Reflection.Assembly.Load(AssemblyName assemblyRef)
   at Microsoft.VisualStudio.TestPlatform.Common.ExtensionFramework.TestPluginCache.CurrentDomainAssemblyResolve(Object sender, AssemblyResolveEventArgs args)
   at Microsoft.VisualStudio.TestPlatform.PlatformAbstractions.PlatformAssemblyResolver.AssemblyResolverEvent(Object sender, Object eventArgs)
   at System.Runtime.Loader.AssemblyLoadContext.GetFirstResolvedAssemblyFromResolvingEvent(AssemblyName assemblyName)
   at System.Runtime.Loader.AssemblyLoadContext.ResolveUsingEvent(AssemblyName assemblyName)
   at System.Runtime.Loader.AssemblyLoadContext.ResolveUsingResolvingEvent(IntPtr gchManagedAssemblyLoadContext, AssemblyName assemblyName)
TpTrace Warning: 0 : 5848, 1, 2022/05/18, 10:09:58.706, 553338390945, vstest.console.dll, LoaderExceptions: System.IO.FileNotFoundException: Could not load file or assembly 'Microsoft.Bcl.AsyncInterfaces, Version=1.0.0.0, Culture=neutral, PublicKeyToken=cc7b13ffcd2ddd51'. The system cannot find the file specified.
File name: 'Microsoft.Bcl.AsyncInterfaces, Version=1.0.0.0, Culture=neutral, PublicKeyToken=cc7b13ffcd2ddd51'
 ---> System.IO.FileNotFoundException: Could not load file or assembly 'Microsoft.Bcl.AsyncInterfaces, Culture=neutral, PublicKeyToken=null'. The system cannot find the file specified.
File name: 'Microsoft.Bcl.AsyncInterfaces, Culture=neutral, PublicKeyToken=null'
   at System.Reflection.RuntimeAssembly.InternalLoad(ObjectHandleOnStack assemblyName, ObjectHandleOnStack requestingAssembly, StackCrawlMarkHandle stackMark, Boolean throwOnFileNotFound, ObjectHandleOnStack assemblyLoadContext, ObjectHandleOnStack retAssembly)
   at System.Reflection.RuntimeAssembly.InternalLoad(AssemblyName assemblyName, RuntimeAssembly requestingAssembly, StackCrawlMark& stackMark, Boolean throwOnFileNotFound, AssemblyLoadContext assemblyLoadContext)
   at System.Reflection.Assembly.Load(AssemblyName assemblyRef)
   at Microsoft.VisualStudio.TestPlatform.Common.ExtensionFramework.TestPluginCache.CurrentDomainAssemblyResolve(Object sender, AssemblyResolveEventArgs args)
   at Microsoft.VisualStudio.TestPlatform.PlatformAbstractions.PlatformAssemblyResolver.AssemblyResolverEvent(Object sender, Object eventArgs)
   at System.Runtime.Loader.AssemblyLoadContext.GetFirstResolvedAssemblyFromResolvingEvent(AssemblyName assemblyName)
   at System.Runtime.Loader.AssemblyLoadContext.ResolveUsingEvent(AssemblyName assemblyName)
   at System.Runtime.Loader.AssemblyLoadContext.ResolveUsingResolvingEvent(IntPtr gchManagedAssemblyLoadContext, AssemblyName assemblyName)
TpTrace Information: 0 : 5848, 1, 2022/05/18, 10:09:58.707, 553338392771, vstest.console.dll, AssemblyResolver.OnResolve: Microsoft.TestPlatform.Extensions.BlameDataCollector: Resolving assembly.
TpTrace Information: 0 : 5848, 1, 2022/05/18, 10:09:58.707, 553338393309, vstest.console.dll, AssemblyResolver.OnResolve: Microsoft.TestPlatform.Extensions.BlameDataCollector: Searching in: 'C:\Program Files\dotnet\sdk\6.0.202\Extensions'.
TpTrace Information: 0 : 5848, 1, 2022/05/18, 10:09:58.709, 553338417469, vstest.console.dll, AssemblyResolver.OnResolve: Microsoft.TestPlatform.Extensions.BlameDataCollector: Loading assembly 'C:\Program Files\dotnet\sdk\6.0.202\Extensions\Microsoft.TestPlatform.Extensions.BlameDataCollector.dll'.
TpTrace Information: 0 : 5848, 1, 2022/05/18, 10:09:58.710, 553338427511, vstest.console.dll, AssemblyResolver.OnResolve: Resolved assembly: Microsoft.TestPlatform.Extensions.BlameDataCollector, from path: C:\Program Files\dotnet\sdk\6.0.202\Extensions\Microsoft.TestPlatform.Extensions.BlameDataCollector.dll
TpTrace Information: 0 : 5848, 1, 2022/05/18, 10:09:58.711, 553338438406, vstest.console.dll, AssemblyResolver.OnResolve: Microsoft.TestPlatform.Extensions.EventLogCollector: Resolving assembly.
TpTrace Information: 0 : 5848, 1, 2022/05/18, 10:09:58.711, 553338439158, vstest.console.dll, AssemblyResolver.OnResolve: Microsoft.TestPlatform.Extensions.EventLogCollector: Searching in: 'C:\Program Files\dotnet\sdk\6.0.202\Extensions'.
TpTrace Information: 0 : 5848, 1, 2022/05/18, 10:09:58.713, 553338453474, vstest.console.dll, AssemblyResolver.OnResolve: Microsoft.TestPlatform.Extensions.EventLogCollector: Loading assembly 'C:\Program Files\dotnet\sdk\6.0.202\Extensions\Microsoft.TestPlatform.Extensions.EventLogCollector.dll'.
TpTrace Information: 0 : 5848, 1, 2022/05/18, 10:09:58.713, 553338459836, vstest.console.dll, AssemblyResolver.OnResolve: Resolved assembly: Microsoft.TestPlatform.Extensions.EventLogCollector, from path: C:\Program Files\dotnet\sdk\6.0.202\Extensions\Microsoft.TestPlatform.Extensions.EventLogCollector.dll
TpTrace Information: 0 : 5848, 1, 2022/05/18, 10:09:58.715, 553338477926, vstest.console.dll, AssemblyResolver.OnResolve: Microsoft.TestPlatform.TestHostRuntimeProvider: Resolving assembly.
TpTrace Information: 0 : 5848, 1, 2022/05/18, 10:09:58.715, 553338478808, vstest.console.dll, AssemblyResolver.OnResolve: Microsoft.TestPlatform.TestHostRuntimeProvider: Searching in: 'C:\Program Files\dotnet\sdk\6.0.202\Extensions'.
TpTrace Information: 0 : 5848, 1, 2022/05/18, 10:09:58.717, 553338498596, vstest.console.dll, AssemblyResolver.OnResolve: Microsoft.TestPlatform.TestHostRuntimeProvider: Loading assembly 'C:\Program Files\dotnet\sdk\6.0.202\Extensions\Microsoft.TestPlatform.TestHostRuntimeProvider.dll'.
TpTrace Information: 0 : 5848, 1, 2022/05/18, 10:09:58.719, 553338511338, vstest.console.dll, AssemblyResolver.OnResolve: Resolved assembly: Microsoft.TestPlatform.TestHostRuntimeProvider, from path: C:\Program Files\dotnet\sdk\6.0.202\Extensions\Microsoft.TestPlatform.TestHostRuntimeProvider.dll
TpTrace Information: 0 : 5848, 1, 2022/05/18, 10:09:58.721, 553338533638, vstest.console.dll, AssemblyResolver.OnResolve: Microsoft.VisualStudio.TestPlatform.Extensions.Html.TestLogger: Resolving assembly.
TpTrace Information: 0 : 5848, 1, 2022/05/18, 10:09:58.721, 553338535691, vstest.console.dll, AssemblyResolver.OnResolve: Microsoft.VisualStudio.TestPlatform.Extensions.Html.TestLogger: Searching in: 'C:\Program Files\dotnet\sdk\6.0.202\Extensions'.
TpTrace Information: 0 : 5848, 1, 2022/05/18, 10:09:58.723, 553338560766, vstest.console.dll, AssemblyResolver.OnResolve: Microsoft.VisualStudio.TestPlatform.Extensions.Html.TestLogger: Loading assembly 'C:\Program Files\dotnet\sdk\6.0.202\Extensions\Microsoft.VisualStudio.TestPlatform.Extensions.Html.TestLogger.dll'.
TpTrace Information: 0 : 5848, 1, 2022/05/18, 10:09:58.724, 553338570650, vstest.console.dll, AssemblyResolver.OnResolve: Resolved assembly: Microsoft.VisualStudio.TestPlatform.Extensions.Html.TestLogger, from path: C:\Program Files\dotnet\sdk\6.0.202\Extensions\Microsoft.VisualStudio.TestPlatform.Extensions.Html.TestLogger.dll
TpTrace Information: 0 : 5848, 1, 2022/05/18, 10:09:58.725, 553338575577, vstest.console.dll, AssemblyResolver.OnResolve: Microsoft.VisualStudio.TestPlatform.Extensions.Trx.TestLogger: Resolving assembly.
TpTrace Information: 0 : 5848, 1, 2022/05/18, 10:09:58.725, 553338576311, vstest.console.dll, AssemblyResolver.OnResolve: Microsoft.VisualStudio.TestPlatform.Extensions.Trx.TestLogger: Searching in: 'C:\Program Files\dotnet\sdk\6.0.202\Extensions'.
TpTrace Information: 0 : 5848, 1, 2022/05/18, 10:09:58.727, 553338596505, vstest.console.dll, AssemblyResolver.OnResolve: Microsoft.VisualStudio.TestPlatform.Extensions.Trx.TestLogger: Loading assembly 'C:\Program Files\dotnet\sdk\6.0.202\Extensions\Microsoft.VisualStudio.TestPlatform.Extensions.Trx.TestLogger.dll'.
TpTrace Information: 0 : 5848, 1, 2022/05/18, 10:09:58.729, 553338611663, vstest.console.dll, AssemblyResolver.OnResolve: Resolved assembly: Microsoft.VisualStudio.TestPlatform.Extensions.Trx.TestLogger, from path: C:\Program Files\dotnet\sdk\6.0.202\Extensions\Microsoft.VisualStudio.TestPlatform.Extensions.Trx.TestLogger.dll
TpTrace Verbose: 0 : 5848, 1, 2022/05/18, 10:09:58.730, 553338628665, vstest.console.dll, TestPluginCache: Discovered the extensions using extension path ''.
TpTrace Verbose: 0 : 5848, 1, 2022/05/18, 10:09:58.730, 553338629387, vstest.console.dll, TestPluginCache: Discoverers are ''.
TpTrace Verbose: 0 : 5848, 1, 2022/05/18, 10:09:58.730, 553338629828, vstest.console.dll, TestPluginCache: Executors are ''.
TpTrace Verbose: 0 : 5848, 1, 2022/05/18, 10:09:58.730, 553338630160, vstest.console.dll, TestPluginCache: Executors2 are ''.
TpTrace Verbose: 0 : 5848, 1, 2022/05/18, 10:09:58.730, 553338630478, vstest.console.dll, TestPluginCache: Setting providers are ''.
TpTrace Verbose: 0 : 5848, 1, 2022/05/18, 10:09:58.730, 553338630791, vstest.console.dll, TestPluginCache: Loggers are ''.
TpTrace Information: 0 : 5848, 1, 2022/05/18, 10:09:58.737, 553338691885, vstest.console.dll, RunTestsArgumentProcessor:Execute: Test run is starting.
TpTrace Verbose: 0 : 5848, 1, 2022/05/18, 10:09:58.737, 553338692865, vstest.console.dll, RunTestsArgumentProcessor:Execute: Queuing Test run.
TpTrace Information: 0 : 5848, 1, 2022/05/18, 10:09:58.737, 553338695221, vstest.console.dll, TestRequestManager.RunTests: run tests started.
TpTrace Information: 0 : 5848, 1, 2022/05/18, 10:09:58.750, 553338822343, vstest.console.dll, AssemblyMetadataProvider.GetFrameWork: Determined framework:'.NETCoreApp,Version=v6.0' for source: 'C:\Users\Oleg\Desktop\RestSharp_GitHub_Demo\GitHub_API_Tests\bin\Debug\net6.0\fine-code-coverage\build-output\GitHub_API_Tests.dll'
TpTrace Information: 0 : 5848, 1, 2022/05/18, 10:09:58.750, 553338824380, vstest.console.dll, Determined framework for all sources: .NETCoreApp,Version=v6.0
TpTrace Verbose: 0 : 5848, 1, 2022/05/18, 10:09:58.750, 553338827582, vstest.console.dll, Default architecture: X64 IsDefaultTargetArchitecture: True
TpTrace Information: 0 : 5848, 1, 2022/05/18, 10:09:58.751, 553338831227, vstest.console.dll, AssemblyMetadataProvider.GetArchitecture: Determined architecture:AnyCPU info for assembly: C:\Users\Oleg\Desktop\RestSharp_GitHub_Demo\GitHub_API_Tests\bin\Debug\net6.0\fine-code-coverage\build-output\GitHub_API_Tests.dll
TpTrace Information: 0 : 5848, 1, 2022/05/18, 10:09:58.751, 553338831817, vstest.console.dll, Determined platform for source 'C:\Users\Oleg\Desktop\RestSharp_GitHub_Demo\GitHub_API_Tests\bin\Debug\net6.0\fine-code-coverage\build-output\GitHub_API_Tests.dll' is 'AnyCPU'
TpTrace Information: 0 : 5848, 1, 2022/05/18, 10:09:58.754, 553338863572, vstest.console.dll, Determined platform for all sources: X64
TpTrace Information: 0 : 5848, 1, 2022/05/18, 10:09:58.754, 553338865121, vstest.console.dll, Infered platform 'X64'.
TpTrace Information: 0 : 5848, 1, 2022/05/18, 10:09:58.754, 553338865873, vstest.console.dll, Platform update to 'X64' required.
TpTrace Information: 0 : 5848, 1, 2022/05/18, 10:09:58.759, 553338919070, vstest.console.dll, Compatible sources list : 
TpTrace Information: 0 : 5848, 1, 2022/05/18, 10:09:58.759, 553338920245, vstest.console.dll, C:\Users\Oleg\Desktop\RestSharp_GitHub_Demo\GitHub_API_Tests\bin\Debug\net6.0\fine-code-coverage\build-output\GitHub_API_Tests.dll
TpTrace Information: 0 : 5848, 1, 2022/05/18, 10:09:58.763, 553338954802, vstest.console.dll, InferRunSettingsHelper.IsTestSettingsEnabled: Unable to navigate to RunSettings/MSTest. Current node: RunSettings
TpTrace Information: 0 : 5848, 1, 2022/05/18, 10:09:58.764, 553338962462, vstest.console.dll, AssemblyResolver.OnResolve: Microsoft.VisualStudio.TestPlatform.Fakes: Resolving assembly.
TpTrace Information: 0 : 5848, 1, 2022/05/18, 10:09:58.764, 553338963163, vstest.console.dll, AssemblyResolver.OnResolve: Microsoft.VisualStudio.TestPlatform.Fakes: Searching in: 'C:\Program Files\dotnet\sdk\6.0.202\Extensions'.
TpTrace Information: 0 : 5848, 1, 2022/05/18, 10:09:58.764, 553338964446, vstest.console.dll, AssemblyResolver.OnResolve: Microsoft.VisualStudio.TestPlatform.Fakes: Assembly path does not exist: 'C:\Program Files\dotnet\sdk\6.0.202\Extensions\Microsoft.VisualStudio.TestPlatform.Fakes.dll', returning.
TpTrace Information: 0 : 5848, 1, 2022/05/18, 10:09:58.764, 553338965320, vstest.console.dll, AssemblyResolver.OnResolve: Microsoft.VisualStudio.TestPlatform.Fakes: Assembly path does not exist: 'C:\Program Files\dotnet\sdk\6.0.202\Extensions\Microsoft.VisualStudio.TestPlatform.Fakes.exe', returning.
TpTrace Information: 0 : 5848, 1, 2022/05/18, 10:09:58.764, 553338965759, vstest.console.dll, AssemblyResolver.OnResolve: Microsoft.VisualStudio.TestPlatform.Fakes: Searching in: 'C:\Program Files\dotnet\sdk\6.0.202'.
TpTrace Information: 0 : 5848, 1, 2022/05/18, 10:09:58.764, 553338966622, vstest.console.dll, AssemblyResolver.OnResolve: Microsoft.VisualStudio.TestPlatform.Fakes: Assembly path does not exist: 'C:\Program Files\dotnet\sdk\6.0.202\Microsoft.VisualStudio.TestPlatform.Fakes.dll', returning.
TpTrace Information: 0 : 5848, 1, 2022/05/18, 10:09:58.764, 553338967470, vstest.console.dll, AssemblyResolver.OnResolve: Microsoft.VisualStudio.TestPlatform.Fakes: Assembly path does not exist: 'C:\Program Files\dotnet\sdk\6.0.202\Microsoft.VisualStudio.TestPlatform.Fakes.exe', returning.
TpTrace Information: 0 : 5848, 1, 2022/05/18, 10:09:58.764, 553338967928, vstest.console.dll, AssemblyResolver.OnResolve: Microsoft.VisualStudio.TestPlatform.Fakes: Failed to load assembly.
TpTrace Information: 0 : 5848, 1, 2022/05/18, 10:09:58.764, 553338970781, vstest.console.dll, Failed to load assembly Microsoft.VisualStudio.TestPlatform.Fakes, Version=17.0.0.0, Culture=neutral. Reason:System.IO.FileNotFoundException: Could not load file or assembly 'Microsoft.VisualStudio.TestPlatform.Fakes, Version=17.0.0.0, Culture=neutral, PublicKeyToken=null'. The system cannot find the file specified.
File name: 'Microsoft.VisualStudio.TestPlatform.Fakes, Version=17.0.0.0, Culture=neutral, PublicKeyToken=null'
   at System.Reflection.RuntimeAssembly.InternalLoad(ObjectHandleOnStack assemblyName, ObjectHandleOnStack requestingAssembly, StackCrawlMarkHandle stackMark, Boolean throwOnFileNotFound, ObjectHandleOnStack assemblyLoadContext, ObjectHandleOnStack retAssembly)
   at System.Reflection.RuntimeAssembly.InternalLoad(AssemblyName assemblyName, RuntimeAssembly requestingAssembly, StackCrawlMark& stackMark, Boolean throwOnFileNotFound, AssemblyLoadContext assemblyLoadContext)
   at System.Reflection.Assembly.Load(AssemblyName assemblyRef)
   at Microsoft.VisualStudio.TestPlatform.Common.Utilities.FakesUtilities.LoadTestPlatformAssembly()
TpTrace Verbose: 0 : 5848, 1, 2022/05/18, 10:09:58.769, 553339020871, vstest.console.dll, TestPluginCache.DiscoverTestExtensions: finding test extensions in assemblies ends with: TestLogger.dll TPluginInfo: Microsoft.VisualStudio.TestPlatform.Common.ExtensionFramework.Utilities.TestLoggerPluginInformation TExtension: Microsoft.VisualStudio.TestPlatform.ObjectModel.Client.ITestLogger
TpTrace Verbose: 0 : 5848, 1, 2022/05/18, 10:09:58.770, 553339022389, vstest.console.dll, TestPluginCache.GetExtensionPaths: Filtered extension paths: 
TpTrace Verbose: 0 : 5848, 1, 2022/05/18, 10:09:58.770, 553339022883, vstest.console.dll, TestPluginCache.GetExtensionPaths: Added default extension paths: C:\Program Files\dotnet\sdk\6.0.202\Extensions\DumpMinitool.exe
C:\Program Files\dotnet\sdk\6.0.202\Extensions\DumpMinitool.x86.exe
C:\Program Files\dotnet\sdk\6.0.202\Extensions\Microsoft.Diagnostics.NETCore.Client.dll
C:\Program Files\dotnet\sdk\6.0.202\Extensions\Microsoft.TestPlatform.Extensions.BlameDataCollector.dll
C:\Program Files\dotnet\sdk\6.0.202\Extensions\Microsoft.TestPlatform.Extensions.EventLogCollector.dll
C:\Program Files\dotnet\sdk\6.0.202\Extensions\Microsoft.TestPlatform.TestHostRuntimeProvider.dll
C:\Program Files\dotnet\sdk\6.0.202\Extensions\Microsoft.VisualStudio.TestPlatform.Extensions.Html.TestLogger.dll
C:\Program Files\dotnet\sdk\6.0.202\Extensions\Microsoft.VisualStudio.TestPlatform.Extensions.Trx.TestLogger.dll
TpTrace Verbose: 0 : 5848, 1, 2022/05/18, 10:09:58.770, 553339023454, vstest.console.dll, TestPluginCache.GetExtensionPaths: Added unfilterableExtensionPaths: 
TpTrace Information: 0 : 5848, 1, 2022/05/18, 10:09:58.770, 553339026036, vstest.console.dll, AssemblyResolver.AddSearchDirectories: Adding more searchDirectories C:\Program Files\dotnet\sdk\6.0.202\Extensions,C:\Program Files\dotnet\sdk\6.0.202
TpTrace Verbose: 0 : 5848, 1, 2022/05/18, 10:09:58.770, 553339027077, vstest.console.dll, TestPluginCache.DiscoverTestExtensions: Discovering the extensions using extension path.
TpTrace Verbose: 0 : 5848, 1, 2022/05/18, 10:09:58.770, 553339028319, vstest.console.dll, TestPluginCache.GetExtensionPaths: Filtered extension paths: 
TpTrace Verbose: 0 : 5848, 1, 2022/05/18, 10:09:58.770, 553339029284, vstest.console.dll, TestPluginCache.GetExtensionPaths: Added default extension paths: C:\Program Files\dotnet\sdk\6.0.202\Extensions\DumpMinitool.exe
C:\Program Files\dotnet\sdk\6.0.202\Extensions\DumpMinitool.x86.exe
C:\Program Files\dotnet\sdk\6.0.202\Extensions\Microsoft.Diagnostics.NETCore.Client.dll
C:\Program Files\dotnet\sdk\6.0.202\Extensions\Microsoft.TestPlatform.Extensions.BlameDataCollector.dll
C:\Program Files\dotnet\sdk\6.0.202\Extensions\Microsoft.TestPlatform.Extensions.EventLogCollector.dll
C:\Program Files\dotnet\sdk\6.0.202\Extensions\Microsoft.TestPlatform.TestHostRuntimeProvider.dll
C:\Program Files\dotnet\sdk\6.0.202\Extensions\Microsoft.VisualStudio.TestPlatform.Extensions.Html.TestLogger.dll
C:\Program Files\dotnet\sdk\6.0.202\Extensions\Microsoft.VisualStudio.TestPlatform.Extensions.Trx.TestLogger.dll
TpTrace Verbose: 0 : 5848, 1, 2022/05/18, 10:09:58.770, 553339030510, vstest.console.dll, TestPluginCache.GetExtensionPaths: Added unfilterableExtensionPaths: 
TpTrace Verbose: 0 : 5848, 1, 2022/05/18, 10:09:58.771, 553339031415, vstest.console.dll, TestPluginCache.DiscoverTestExtensions: Discovering the extensions using allExtensionPaths: C:\Program Files\dotnet\sdk\6.0.202\Extensions\DumpMinitool.exe
C:\Program Files\dotnet\sdk\6.0.202\Extensions\DumpMinitool.x86.exe
C:\Program Files\dotnet\sdk\6.0.202\Extensions\Microsoft.Diagnostics.NETCore.Client.dll
C:\Program Files\dotnet\sdk\6.0.202\Extensions\Microsoft.TestPlatform.Extensions.BlameDataCollector.dll
C:\Program Files\dotnet\sdk\6.0.202\Extensions\Microsoft.TestPlatform.Extensions.EventLogCollector.dll
C:\Program Files\dotnet\sdk\6.0.202\Extensions\Microsoft.TestPlatform.TestHostRuntimeProvider.dll
C:\Program Files\dotnet\sdk\6.0.202\Extensions\Microsoft.VisualStudio.TestPlatform.Extensions.Html.TestLogger.dll
C:\Program Files\dotnet\sdk\6.0.202\Extensions\Microsoft.VisualStudio.TestPlatform.Extensions.Trx.TestLogger.dll
TpTrace Information: 0 : 5848, 1, 2022/05/18, 10:09:58.771, 553339032707, vstest.console.dll, AssemblyResolver.AddSearchDirectories: Adding more searchDirectories C:\Program Files\dotnet\sdk\6.0.202\Extensions,C:\Program Files\dotnet\sdk\6.0.202
TpTrace Information: 0 : 5848, 1, 2022/05/18, 10:09:58.771, 553339033554, vstest.console.dll, AssemblyResolver.AddSearchDirectories: Adding more searchDirectories C:\Program Files\dotnet\sdk\6.0.202\Extensions,C:\Program Files\dotnet\sdk\6.0.202
TpTrace Information: 0 : 5848, 1, 2022/05/18, 10:09:58.771, 553339034094, vstest.console.dll, AssemblyResolver.AddSearchDirectories: Adding more searchDirectories C:\Program Files\dotnet\sdk\6.0.202\Extensions,C:\Program Files\dotnet\sdk\6.0.202
TpTrace Information: 0 : 5848, 1, 2022/05/18, 10:09:58.771, 553339034498, vstest.console.dll, AssemblyResolver.AddSearchDirectories: Adding more searchDirectories C:\Program Files\dotnet\sdk\6.0.202\Extensions,C:\Program Files\dotnet\sdk\6.0.202
TpTrace Information: 0 : 5848, 1, 2022/05/18, 10:09:58.771, 553339034887, vstest.console.dll, AssemblyResolver.AddSearchDirectories: Adding more searchDirectories C:\Program Files\dotnet\sdk\6.0.202\Extensions,C:\Program Files\dotnet\sdk\6.0.202
TpTrace Information: 0 : 5848, 1, 2022/05/18, 10:09:58.771, 553339035307, vstest.console.dll, AssemblyResolver.AddSearchDirectories: Adding more searchDirectories C:\Program Files\dotnet\sdk\6.0.202\Extensions,C:\Program Files\dotnet\sdk\6.0.202
TpTrace Information: 0 : 5848, 1, 2022/05/18, 10:09:58.771, 553339035700, vstest.console.dll, AssemblyResolver.AddSearchDirectories: Adding more searchDirectories C:\Program Files\dotnet\sdk\6.0.202\Extensions,C:\Program Files\dotnet\sdk\6.0.202
TpTrace Information: 0 : 5848, 1, 2022/05/18, 10:09:58.773, 553339055761, vstest.console.dll, AssemblyResolver.AddSearchDirectories: Adding more searchDirectories C:\Program Files\dotnet\sdk\6.0.202\Extensions,C:\Program Files\dotnet\sdk\6.0.202
TpTrace Information: 0 : 5848, 1, 2022/05/18, 10:09:58.774, 553339070663, vstest.console.dll, AssemblyResolver.OnResolve: Microsoft.Bcl.AsyncInterfaces: Resolving assembly.
TpTrace Information: 0 : 5848, 1, 2022/05/18, 10:09:58.775, 553339072255, vstest.console.dll, AssemblyResolver.OnResolve: Microsoft.Bcl.AsyncInterfaces: Resolved from cache.
TpTrace Verbose: 0 : 5848, 1, 2022/05/18, 10:09:58.775, 553339072900, vstest.console.dll, CurrentDomainAssemblyResolve: Resolving assembly 'Microsoft.Bcl.AsyncInterfaces'.
TpTrace Information: 0 : 5848, 1, 2022/05/18, 10:09:58.775, 553339073712, vstest.console.dll, AssemblyResolver.OnResolve: Microsoft.Bcl.AsyncInterfaces: Resolving assembly.
TpTrace Information: 0 : 5848, 1, 2022/05/18, 10:09:58.775, 553339074690, vstest.console.dll, AssemblyResolver.OnResolve: Microsoft.Bcl.AsyncInterfaces: Resolved from cache.
TpTrace Verbose: 0 : 5848, 1, 2022/05/18, 10:09:58.775, 553339075637, vstest.console.dll, CurrentDomainAssemblyResolve: Resolving assembly 'Microsoft.Bcl.AsyncInterfaces'.
TpTrace Verbose: 0 : 5848, 1, 2022/05/18, 10:09:58.775, 553339076205, vstest.console.dll, CurrentDomainAssemblyResolve: Failed to resolve assembly 'Microsoft.Bcl.AsyncInterfaces'.
TpTrace Verbose: 0 : 5848, 1, 2022/05/18, 10:09:58.775, 553339079127, vstest.console.dll, CurrentDomainAssemblyResolve: Failed to resolve assembly 'Microsoft.Bcl.AsyncInterfaces'.
TpTrace Warning: 0 : 5848, 1, 2022/05/18, 10:09:58.776, 553339085910, vstest.console.dll, TestPluginDiscoverer: Failed to get types from assembly 'Microsoft.Diagnostics.NETCore.Client, Version=0.2.5.801, Culture=neutral, PublicKeyToken=31bf3856ad364e35'.  Skipping test extension scan for this assembly.  Error: System.Reflection.ReflectionTypeLoadException: Unable to load one or more of the requested types.
Could not load file or assembly 'Microsoft.Bcl.AsyncInterfaces, Version=1.0.0.0, Culture=neutral, PublicKeyToken=cc7b13ffcd2ddd51'. The system cannot find the file specified.
   at System.Reflection.RuntimeModule.GetTypes(RuntimeModule module)
   at System.Reflection.Assembly.GetTypes()
   at Microsoft.VisualStudio.TestPlatform.Common.ExtensionFramework.TestPluginDiscoverer.GetTestExtensionsFromAssembly[TPluginInfo,TExtension](Assembly assembly, Dictionary`2 pluginInfos)
System.IO.FileNotFoundException: Could not load file or assembly 'Microsoft.Bcl.AsyncInterfaces, Version=1.0.0.0, Culture=neutral, PublicKeyToken=cc7b13ffcd2ddd51'. The system cannot find the file specified.
File name: 'Microsoft.Bcl.AsyncInterfaces, Version=1.0.0.0, Culture=neutral, PublicKeyToken=cc7b13ffcd2ddd51'
 ---> System.IO.FileNotFoundException: Could not load file or assembly 'Microsoft.Bcl.AsyncInterfaces, Culture=neutral, PublicKeyToken=null'. The system cannot find the file specified.
File name: 'Microsoft.Bcl.AsyncInterfaces, Culture=neutral, PublicKeyToken=null'
   at System.Reflection.RuntimeAssembly.InternalLoad(ObjectHandleOnStack assemblyName, ObjectHandleOnStack requestingAssembly, StackCrawlMarkHandle stackMark, Boolean throwOnFileNotFound, ObjectHandleOnStack assemblyLoadContext, ObjectHandleOnStack retAssembly)
   at System.Reflection.RuntimeAssembly.InternalLoad(AssemblyName assemblyName, RuntimeAssembly requestingAssembly, StackCrawlMark& stackMark, Boolean throwOnFileNotFound, AssemblyLoadContext assemblyLoadContext)
   at System.Reflection.Assembly.Load(AssemblyName assemblyRef)
   at Microsoft.VisualStudio.TestPlatform.Common.ExtensionFramework.TestPluginCache.CurrentDomainAssemblyResolve(Object sender, AssemblyResolveEventArgs args)
   at Microsoft.VisualStudio.TestPlatform.PlatformAbstractions.PlatformAssemblyResolver.AssemblyResolverEvent(Object sender, Object eventArgs)
   at System.Runtime.Loader.AssemblyLoadContext.GetFirstResolvedAssemblyFromResolvingEvent(AssemblyName assemblyName)
   at System.Runtime.Loader.AssemblyLoadContext.ResolveUsingEvent(AssemblyName assemblyName)
   at System.Runtime.Loader.AssemblyLoadContext.ResolveUsingResolvingEvent(IntPtr gchManagedAssemblyLoadContext, AssemblyName assemblyName)
TpTrace Warning: 0 : 5848, 1, 2022/05/18, 10:09:58.776, 553339089685, vstest.console.dll, LoaderExceptions: System.IO.FileNotFoundException: Could not load file or assembly 'Microsoft.Bcl.AsyncInterfaces, Version=1.0.0.0, Culture=neutral, PublicKeyToken=cc7b13ffcd2ddd51'. The system cannot find the file specified.
File name: 'Microsoft.Bcl.AsyncInterfaces, Version=1.0.0.0, Culture=neutral, PublicKeyToken=cc7b13ffcd2ddd51'
 ---> System.IO.FileNotFoundException: Could not load file or assembly 'Microsoft.Bcl.AsyncInterfaces, Culture=neutral, PublicKeyToken=null'. The system cannot find the file specified.
File name: 'Microsoft.Bcl.AsyncInterfaces, Culture=neutral, PublicKeyToken=null'
   at System.Reflection.RuntimeAssembly.InternalLoad(ObjectHandleOnStack assemblyName, ObjectHandleOnStack requestingAssembly, StackCrawlMarkHandle stackMark, Boolean throwOnFileNotFound, ObjectHandleOnStack assemblyLoadContext, ObjectHandleOnStack retAssembly)
   at System.Reflection.RuntimeAssembly.InternalLoad(AssemblyName assemblyName, RuntimeAssembly requestingAssembly, StackCrawlMark& stackMark, Boolean throwOnFileNotFound, AssemblyLoadContext assemblyLoadContext)
   at System.Reflection.Assembly.Load(AssemblyName assemblyRef)
   at Microsoft.VisualStudio.TestPlatform.Common.ExtensionFramework.TestPluginCache.CurrentDomainAssemblyResolve(Object sender, AssemblyResolveEventArgs args)
   at Microsoft.VisualStudio.TestPlatform.PlatformAbstractions.PlatformAssemblyResolver.AssemblyResolverEvent(Object sender, Object eventArgs)
   at System.Runtime.Loader.AssemblyLoadContext.GetFirstResolvedAssemblyFromResolvingEvent(AssemblyName assemblyName)
   at System.Runtime.Loader.AssemblyLoadContext.ResolveUsingEvent(AssemblyName assemblyName)
   at System.Runtime.Loader.AssemblyLoadContext.ResolveUsingResolvingEvent(IntPtr gchManagedAssemblyLoadContext, AssemblyName assemblyName)
TpTrace Verbose: 0 : 5848, 1, 2022/05/18, 10:09:58.777, 553339099506, vstest.console.dll, TestPluginCache: Discovered the extensions using extension path ''.
TpTrace Verbose: 0 : 5848, 1, 2022/05/18, 10:09:58.777, 553339100432, vstest.console.dll, TestPluginCache: Discoverers are ''.
TpTrace Verbose: 0 : 5848, 1, 2022/05/18, 10:09:58.777, 553339100853, vstest.console.dll, TestPluginCache: Executors are ''.
TpTrace Verbose: 0 : 5848, 1, 2022/05/18, 10:09:58.778, 553339101180, vstest.console.dll, TestPluginCache: Executors2 are ''.
TpTrace Verbose: 0 : 5848, 1, 2022/05/18, 10:09:58.778, 553339101737, vstest.console.dll, TestPluginCache: Setting providers are ''.
TpTrace Verbose: 0 : 5848, 1, 2022/05/18, 10:09:58.778, 553339103510, vstest.console.dll, TestPluginCache: Loggers are 'logger://Microsoft/TestPlatform/Extensions/Blame/v1,logger://Microsoft/TestPlatform/HtmlLogger/v1,logger://Microsoft/TestPlatform/TrxLogger/v1'.
TpTrace Information: 0 : 5848, 1, 2022/05/18, 10:09:58.779, 553339116153, vstest.console.dll, TestPluginManager.CreateTestExtension: Attempting to load test extension: Microsoft.TestPlatform.Extensions.BlameDataCollector.BlameLogger
TpTrace Information: 0 : 5848, 1, 2022/05/18, 10:09:58.792, 553339243988, vstest.console.dll, TestPluginManager.CreateTestExtension: Attempting to load test extension: Microsoft.VisualStudio.TestPlatform.CrossPlatEngine.Hosting.DefaultTestHostManager
TpTrace Information: 0 : 5848, 1, 2022/05/18, 10:09:58.795, 553339273955, vstest.console.dll, TestPluginManager.CreateTestExtension: Attempting to load test extension: Microsoft.VisualStudio.TestPlatform.CrossPlatEngine.Hosting.DotnetTestHostManager
TpTrace Verbose: 0 : 5848, 1, 2022/05/18, 10:09:58.796, 553339283524, vstest.console.dll, TestEngine: Initializing Parallel Execution as MaxCpuCount is set to: 1
TpTrace Information: 0 : 5848, 1, 2022/05/18, 10:09:58.797, 553339291167, vstest.console.dll, InferRunSettingsHelper.IsTestSettingsEnabled: Unable to navigate to RunSettings/MSTest. Current node: RunSettings
TpTrace Verbose: 0 : 5848, 1, 2022/05/18, 10:09:58.835, 553339671274, vstest.console.dll, TestRequestSender is acting as server
TpTrace Verbose: 0 : 5848, 5, 2022/05/18, 10:09:58.840, 553339724428, vstest.console.dll, DataCollectionRequestSender.InitializeCommunication : Initialize communication. 
TpTrace Information: 0 : 5848, 5, 2022/05/18, 10:09:58.847, 553339800580, vstest.console.dll, Listening on Endpoint : 127.0.0.1:53421
TpTrace Verbose: 0 : 5848, 5, 2022/05/18, 10:09:58.860, 553339926009, vstest.console.dll, DotnetDataCollectionLauncher: Full path of dotnet.exe is C:\Program Files\dotnet\dotnet.exe
TpTrace Verbose: 0 : 5848, 5, 2022/05/18, 10:09:58.861, 553339932662, vstest.console.dll, DotnetDataCollectionLauncher: Adding  --runtimeconfig "C:\Program Files\dotnet\sdk\6.0.202\datacollector.runtimeconfig.json" in args
TpTrace Verbose: 0 : 5848, 5, 2022/05/18, 10:09:58.861, 553339936880, vstest.console.dll, DotnetDataCollectionLauncher: Adding  --depsfile "C:\Program Files\dotnet\sdk\6.0.202\datacollector.deps.json" in args
TpTrace Information: 0 : 5848, 5, 2022/05/18, 10:09:58.874, 553340064337, vstest.console.dll, ProxyDataCollectionManager.Initialize: Launched datacollector processId: 12336 port: 53421
TpTrace Information: 0 : 5848, 5, 2022/05/18, 10:09:58.874, 553340066517, vstest.console.dll, ProxyDataCollectionManager.Initialize: waiting for connection with timeout: 90 seconds
TpTrace Verbose: 0 : 5848, 5, 2022/05/18, 10:09:58.874, 553340067462, vstest.console.dll, DataCollectionRequestSender.WaitForRequestHandlerConnection : Waiting for connection with timeout: 90000
TpTrace Information: 0 : 5848, 8, 2022/05/18, 10:09:59.045, 553341778676, vstest.console.dll, Using the buffer size of 16384 bytes
TpTrace Verbose: 0 : 5848, 5, 2022/05/18, 10:09:59.045, 553341779770, vstest.console.dll, ProxyDataCollectionManager.InvokeDataCollectionServiceAction: Starting.
TpTrace Information: 0 : 5848, 8, 2022/05/18, 10:09:59.045, 553341780147, vstest.console.dll, Accepted Client request and set the flag
TpTrace Information: 0 : 5848, 5, 2022/05/18, 10:09:59.046, 553341782194, vstest.console.dll, ProxyDataCollectionManager.BeforeTestRunStart: Get environment variable and port for datacollector processId: 12336 port: 53421
TpTrace Verbose: 0 : 5848, 5, 2022/05/18, 10:09:59.046, 553341783995, vstest.console.dll, DataCollectionRequestSender.SendBeforeTestRunStartAndGetResult : Send BeforeTestRunStart message with settingsXml <RunSettings><RunConfiguration><ResultsDirectory>C:\Users\Oleg\Desktop\RestSharp_GitHub_Demo\GitHub_API_Tests\bin\Debug\net6.0\fine-code-coverage\coverage-tool-output</ResultsDirectory><TargetPlatform>X64</TargetPlatform><TargetFrameworkVersion>.NETCoreApp,Version=v6.0</TargetFrameworkVersion><DesignMode>False</DesignMode><CollectSourceInformation>False</CollectSourceInformation><TestAdaptersPaths>C:\Program Files\dotnet\sdk\6.0.202\Extensions</TestAdaptersPaths></RunConfiguration><LoggerRunSettings><Loggers><Logger friendlyName="blame" enabled="True" /><Logger friendlyName="Console" uri="logger://microsoft/TestPlatform/ConsoleLogger/v1" assemblyQualifiedName="Microsoft.VisualStudio.TestPlatform.CommandLine.Internal.ConsoleLogger, vstest.console, Version=15.0.0.0, Culture=neutral, PublicKeyToken=b03f5f7f11d50a3a" codeBase="C:\Program Files\dotnet\sdk\6.0.202\vstest.console.dll" enabled="True" /></Loggers></LoggerRunSettings><DataCollectionRunSettings><DataCollectors><DataCollector friendlyName="blame" enabled="True"><Configuration><ResultsDirectory>C:\Users\Oleg\Desktop\RestSharp_GitHub_Demo\GitHub_API_Tests\bin\Debug\net6.0\fine-code-coverage\coverage-tool-output</ResultsDirectory></Configuration></DataCollector></DataCollectors></DataCollectionRunSettings></RunSettings> and sources System.Linq.Enumerable+Concat2Iterator`1[System.String]: 
TpTrace Verbose: 0 : 5848, 5, 2022/05/18, 10:09:59.160, 553342922986, vstest.console.dll, DataCollectionRequestSender.SendBeforeTestRunStartAndGetResult : Received message: (DataCollection.SendMessage) -> {
  "FriendlyName": null,
  "Uri": null,
  "TestCaseId": "00000000-0000-0000-0000-000000000000",
  "Message": "Logging DataCollector Diagnostics in file: C:\\Users\\Oleg\\Desktop\\RestSharp_GitHub_Demo\\GitHub_API_Tests\\bin\\Debug\\net6.0\\fine-code-coverage\\coverage-tool-output\\diagnostics.datacollector.22-05-18_10-09-58_85513_5.log",
  "Level": 0
}
TpTrace Verbose: 0 : 5848, 5, 2022/05/18, 10:09:59.252, 553343845586, vstest.console.dll, DataCollectionRequestSender.SendBeforeTestRunStartAndGetResult : Received message: (DataCollection.BeforeTestRunStartResult) -> {
  "EnvironmentVariables": {},
  "DataCollectionEventsPort": 53425
}
TpTrace Information: 0 : 5848, 5, 2022/05/18, 10:09:59.260, 553343928801, vstest.console.dll, ProxyDataCollectionManager.BeforeTestRunStart: SendBeforeTestRunStartAndGetResult successful, env variable from datacollector:   and testhost port: 53425
TpTrace Information: 0 : 5848, 5, 2022/05/18, 10:09:59.260, 553343930136, vstest.console.dll, ProxyDataCollectionManager.InvokeDataCollectionServiceAction: Completed.
TpTrace Verbose: 0 : 5848, 1, 2022/05/18, 10:09:59.261, 553343931944, vstest.console.dll, TestRunRequest.ExecuteAsync: Creating test run request.
TpTrace Verbose: 0 : 5848, 1, 2022/05/18, 10:09:59.261, 553343935340, vstest.console.dll, TestRunRequest.ExecuteAsync: Starting.
TpTrace Information: 0 : 5848, 1, 2022/05/18, 10:09:59.261, 553343938918, vstest.console.dll, TestRunRequest.ExecuteAsync: Starting run with settings:TestRunCriteria:
   KeepAlive=False,FrequencyOfRunStatsChangeEvent=10,RunStatsChangeEventTimeout=00:00:01.5000000,TestCaseFilter=,TestExecutorLauncher=
   Settingsxml=<RunSettings>
  <RunConfiguration>
    <ResultsDirectory>C:\Users\Oleg\Desktop\RestSharp_GitHub_Demo\GitHub_API_Tests\bin\Debug\net6.0\fine-code-coverage\coverage-tool-output</ResultsDirectory>
    <TargetPlatform>X64</TargetPlatform>
    <TargetFrameworkVersion>.NETCoreApp,Version=v6.0</TargetFrameworkVersion>
    <DesignMode>False</DesignMode>
    <CollectSourceInformation>False</CollectSourceInformation>
  </RunConfiguration>
  <LoggerRunSettings>
    <Loggers>
      <Logger friendlyName="blame" enabled="True" />
      <Logger friendlyName="Console" uri="logger://microsoft/TestPlatform/ConsoleLogger/v1" assemblyQualifiedName="Microsoft.VisualStudio.TestPlatform.CommandLine.Internal.ConsoleLogger, vstest.console, Version=15.0.0.0, Culture=neutral, PublicKeyToken=b03f5f7f11d50a3a" codeBase="C:\Program Files\dotnet\sdk\6.0.202\vstest.console.dll" enabled="True" />
    </Loggers>
  </LoggerRunSettings>
  <DataCollectionRunSettings>
    <DataCollectors>
      <DataCollector friendlyName="blame" enabled="True">
        <Configuration>
          <ResultsDirectory>C:\Users\Oleg\Desktop\RestSharp_GitHub_Demo\GitHub_API_Tests\bin\Debug\net6.0\fine-code-coverage\coverage-tool-output</ResultsDirectory>
        </Configuration>
      </DataCollector>
    </DataCollectors>
  </DataCollectionRunSettings>
</RunSettings>

TpTrace Verbose: 0 : 5848, 1, 2022/05/18, 10:09:59.261, 553343939771, vstest.console.dll, TestRunRequest.ExecuteAsync: Wait for the first run request is over.
TpTrace Verbose: 0 : 5848, 1, 2022/05/18, 10:09:59.262, 553343944634, vstest.console.dll, ParallelProxyExecutionManager: Start execution. Total sources: 1
TpTrace Information: 0 : 5848, 1, 2022/05/18, 10:09:59.263, 553343953668, vstest.console.dll, ProxyParallelExecutionManager: Triggering test run for next source: C:\Users\Oleg\Desktop\RestSharp_GitHub_Demo\GitHub_API_Tests\bin\Debug\net6.0\fine-code-coverage\build-output\GitHub_API_Tests.dll
TpTrace Verbose: 0 : 5848, 5, 2022/05/18, 10:09:59.263, 553343956055, vstest.console.dll, ParallelProxyExecutionManager: Execution started. Started clients: 1
TpTrace Verbose: 0 : 5848, 1, 2022/05/18, 10:09:59.263, 553343956502, vstest.console.dll, ProxyParallelExecutionManager: No sources available for execution.
TpTrace Information: 0 : 5848, 1, 2022/05/18, 10:09:59.263, 553343957540, vstest.console.dll, TestRunRequest.ExecuteAsync: Started.
TpTrace Verbose: 0 : 5848, 1, 2022/05/18, 10:09:59.263, 553343958928, vstest.console.dll, TestRunRequest.WaitForCompletion: Waiting with timeout -1.
TpTrace Verbose: 0 : 5848, 5, 2022/05/18, 10:09:59.263, 553343960563, vstest.console.dll, TestRunRequest:SendTestRunMessage: Starting.
TpTrace Information: 0 : 5848, 5, 2022/05/18, 10:09:59.264, 553343961897, vstest.console.dll, TestRunRequest:SendTestRunMessage: Completed.
TpTrace Verbose: 0 : 5848, 5, 2022/05/18, 10:09:59.264, 553343964534, vstest.console.dll, ProxyExecutionManager: Test host is always Lazy initialize.
TpTrace Verbose: 0 : 5848, 5, 2022/05/18, 10:09:59.264, 553343966844, vstest.console.dll, TestRequestSender.InitializeCommunication: initialize communication. 
TpTrace Information: 0 : 5848, 5, 2022/05/18, 10:09:59.265, 553343972318, vstest.console.dll, SocketServer.Start: Listening on endpoint : 127.0.0.1:53426
TpTrace Verbose: 0 : 5848, 5, 2022/05/18, 10:09:59.265, 553343979924, vstest.console.dll, DotnetTestHostmanager.GetTestHostProcessStartInfo: Platform environment 'X64' target architecture 'X64' framework '.NETCoreApp,Version=v6.0' OS 'Windows'
TpTrace Verbose: 0 : 5848, 5, 2022/05/18, 10:09:59.266, 553343983289, vstest.console.dll, DotnetTestHostmanager: Adding  --runtimeconfig "C:\Users\Oleg\Desktop\RestSharp_GitHub_Demo\GitHub_API_Tests\bin\Debug\net6.0\fine-code-coverage\build-output\GitHub_API_Tests.runtimeconfig.json" in args
TpTrace Verbose: 0 : 5848, 5, 2022/05/18, 10:09:59.266, 553343984918, vstest.console.dll, DotnetTestHostmanager: Adding  --depsfile "C:\Users\Oleg\Desktop\RestSharp_GitHub_Demo\GitHub_API_Tests\bin\Debug\net6.0\fine-code-coverage\build-output\GitHub_API_Tests.deps.json" in args
TpTrace Verbose: 0 : 5848, 5, 2022/05/18, 10:09:59.268, 553344005128, vstest.console.dll, DotnetTestHostmanager.IsWinOnArm: Current PROCESSOR_ARCHITECTURE from registry 'AMD64'
TpTrace Verbose: 0 : 5848, 5, 2022/05/18, 10:09:59.268, 553344006938, vstest.console.dll, DotnetTestHostmanager.IsWinOnArm: Is Windows on ARM 'False'
TpTrace Verbose: 0 : 5848, 5, 2022/05/18, 10:09:59.268, 553344008415, vstest.console.dll, DotnetTestHostManager: testhost.exe found at path: C:\Users\Oleg\Desktop\RestSharp_GitHub_Demo\GitHub_API_Tests\bin\Debug\net6.0\fine-code-coverage\build-output\testhost.exe
TpTrace Verbose: 0 : 5848, 5, 2022/05/18, 10:09:59.268, 553344009096, vstest.console.dll, DotnetTestHostmanager: Full path of host exe is C:\Users\Oleg\Desktop\RestSharp_GitHub_Demo\GitHub_API_Tests\bin\Debug\net6.0\fine-code-coverage\build-output\testhost.exe
TpTrace Verbose: 0 : 5848, 5, 2022/05/18, 10:09:59.268, 553344010784, vstest.console.dll, DotnetTestHostmanager.LaunchTestHostAsync: Found 'VSTEST_WINAPPHOST_DOTNET_ROOT' in env variables, value 'C:\Program Files\dotnet'
TpTrace Verbose: 0 : 5848, 7, 2022/05/18, 10:09:59.269, 553344019723, vstest.console.dll, DotnetTestHostManager: Starting process 'C:\Users\Oleg\Desktop\RestSharp_GitHub_Demo\GitHub_API_Tests\bin\Debug\net6.0\fine-code-coverage\build-output\testhost.exe' with command line ' --runtimeconfig "C:\Users\Oleg\Desktop\RestSharp_GitHub_Demo\GitHub_API_Tests\bin\Debug\net6.0\fine-code-coverage\build-output\GitHub_API_Tests.runtimeconfig.json" --depsfile "C:\Users\Oleg\Desktop\RestSharp_GitHub_Demo\GitHub_API_Tests\bin\Debug\net6.0\fine-code-coverage\build-output\GitHub_API_Tests.deps.json" --port 53426 --endpoint 127.0.0.1:053426 --role client --parentprocessid 5848 --diag "C:\Users\Oleg\Desktop\RestSharp_GitHub_Demo\GitHub_API_Tests\bin\Debug\net6.0\fine-code-coverage\coverage-tool-output\diagnostics.host.22-05-18_10-09-59_26551_5.log" --tracelevel 4 --datacollectionport 53425 --telemetryoptedin false'
TpTrace Verbose: 0 : 5848, 7, 2022/05/18, 10:09:59.278, 553344103108, vstest.console.dll, Test Runtime launched
TpTrace Verbose: 0 : 5848, 5, 2022/05/18, 10:09:59.279, 553344111668, vstest.console.dll, TestRequestSender.WaitForRequestHandlerConnection: waiting for connection with timeout: 90000
TpTrace Verbose: 0 : 5848, 7, 2022/05/18, 10:09:59.512, 553346448005, vstest.console.dll, SocketServer.OnClientConnected: Client connected for endPoint: 127.0.0.1:53426, starting MessageLoopAsync:
TpTrace Verbose: 0 : 5848, 7, 2022/05/18, 10:09:59.512, 553346450841, vstest.console.dll, TcpClientExtensions.MessageLoopAsync: Polling on remoteEndPoint: 127.0.0.1:53429 localEndPoint: 127.0.0.1:53426
TpTrace Verbose: 0 : 5848, 5, 2022/05/18, 10:09:59.513, 553346460628, vstest.console.dll, TestRequestSender.CheckVersionWithTestHost: Sending check version message: {"MessageType":"ProtocolVersion","Payload":5}
TpTrace Verbose: 0 : 5848, 7, 2022/05/18, 10:09:59.682, 553348143100, vstest.console.dll, TcpClientExtensions.MessageLoopAsync: NotifyDataAvailable remoteEndPoint: 127.0.0.1:53429 localEndPoint: 127.0.0.1:53426
TpTrace Verbose: 0 : 5848, 7, 2022/05/18, 10:09:59.682, 553348145971, vstest.console.dll, TestRequestSender.CheckVersionWithTestHost: onMessageReceived received message: (ProtocolVersion) -> 5
TpTrace Verbose: 0 : 5848, 7, 2022/05/18, 10:09:59.682, 553348149904, vstest.console.dll, TcpClientExtensions.MessageLoopAsync: Polling on remoteEndPoint: 127.0.0.1:53429 localEndPoint: 127.0.0.1:53426
TpTrace Verbose: 0 : 5848, 5, 2022/05/18, 10:09:59.683, 553348151099, vstest.console.dll, TestPluginCache.GetExtensionPaths: Filtered extension paths: 
TpTrace Verbose: 0 : 5848, 5, 2022/05/18, 10:09:59.683, 553348151890, vstest.console.dll, TestPluginCache.GetExtensionPaths: Added default extension paths: C:\Program Files\dotnet\sdk\6.0.202\Extensions\DumpMinitool.exe
C:\Program Files\dotnet\sdk\6.0.202\Extensions\DumpMinitool.x86.exe
C:\Program Files\dotnet\sdk\6.0.202\Extensions\Microsoft.Diagnostics.NETCore.Client.dll
C:\Program Files\dotnet\sdk\6.0.202\Extensions\Microsoft.TestPlatform.Extensions.BlameDataCollector.dll
C:\Program Files\dotnet\sdk\6.0.202\Extensions\Microsoft.TestPlatform.Extensions.EventLogCollector.dll
C:\Program Files\dotnet\sdk\6.0.202\Extensions\Microsoft.TestPlatform.TestHostRuntimeProvider.dll
C:\Program Files\dotnet\sdk\6.0.202\Extensions\Microsoft.VisualStudio.TestPlatform.Extensions.Html.TestLogger.dll
C:\Program Files\dotnet\sdk\6.0.202\Extensions\Microsoft.VisualStudio.TestPlatform.Extensions.Trx.TestLogger.dll
TpTrace Verbose: 0 : 5848, 5, 2022/05/18, 10:09:59.683, 553348152695, vstest.console.dll, TestPluginCache.GetExtensionPaths: Added unfilterableExtensionPaths: 
TpTrace Verbose: 0 : 5848, 5, 2022/05/18, 10:09:59.688, 553348204653, vstest.console.dll, TestRequestSender.InitializeExecution: Sending initialize execution with message: {"Version":5,"MessageType":"TestExecution.Initialize","Payload":["C:\\Users\\Oleg\\Desktop\\RestSharp_GitHub_Demo\\GitHub_API_Tests\\bin\\Debug\\net6.0\\fine-code-coverage\\build-output\\NUnit3.TestAdapter.dll"]}
TpTrace Warning: 0 : 5848, 5, 2022/05/18, 10:09:59.689, 553348213942, vstest.console.dll, InferRunSettingsHelper.MakeRunsettingsCompatible: Removing the following settings: TargetPlatform from RunSettings file. To use those settings please move to latest version of Microsoft.NET.Test.Sdk
TpTrace Verbose: 0 : 5848, 7, 2022/05/18, 10:09:59.700, 553348330213, vstest.console.dll, TcpClientExtensions.MessageLoopAsync: NotifyDataAvailable remoteEndPoint: 127.0.0.1:53429 localEndPoint: 127.0.0.1:53426
TpTrace Verbose: 0 : 5848, 7, 2022/05/18, 10:09:59.701, 553348331825, vstest.console.dll, TestRequestSender.OnExecutionMessageReceived: Received message: {"Version":5,"MessageType":"TestSession.Message","Payload":{"MessageLevel":0,"Message":"Logging TestHost Diagnostics in file: C:\\Users\\Oleg\\Desktop\\RestSharp_GitHub_Demo\\GitHub_API_Tests\\bin\\Debug\\net6.0\\fine-code-coverage\\coverage-tool-output\\diagnostics.host.22-05-18_10-09-59_26551_5.log"}}
TpTrace Verbose: 0 : 5848, 7, 2022/05/18, 10:09:59.703, 553348358382, vstest.console.dll, TestRunRequest:SendTestRunMessage: Starting.
TpTrace Information: 0 : 5848, 7, 2022/05/18, 10:09:59.703, 553348360105, vstest.console.dll, TestRunRequest:SendTestRunMessage: Completed.
TpTrace Verbose: 0 : 5848, 7, 2022/05/18, 10:09:59.703, 553348360824, vstest.console.dll, TcpClientExtensions.MessageLoopAsync: Polling on remoteEndPoint: 127.0.0.1:53429 localEndPoint: 127.0.0.1:53426
TpTrace Verbose: 0 : 5848, 5, 2022/05/18, 10:09:59.704, 553348362330, vstest.console.dll, TestRequestSender.StartTestRun: Sending test run with message: {"Version":5,"MessageType":"TestExecution.StartWithSources","Payload":{"AdapterSourceMap":{"_none_":["C:\\Users\\Oleg\\Desktop\\RestSharp_GitHub_Demo\\GitHub_API_Tests\\bin\\Debug\\net6.0\\fine-code-coverage\\build-output\\GitHub_API_Tests.dll"]},"RunSettings":"<RunSettings>\r\n  <RunConfiguration>\r\n    <ResultsDirectory>C:\\Users\\Oleg\\Desktop\\RestSharp_GitHub_Demo\\GitHub_API_Tests\\bin\\Debug\\net6.0\\fine-code-coverage\\coverage-tool-output</ResultsDirectory>\r\n    <TargetFrameworkVersion>.NETCoreApp,Version=v6.0</TargetFrameworkVersion>\r\n    <DesignMode>False</DesignMode>\r\n    <CollectSourceInformation>False</CollectSourceInformation>\r\n  </RunConfiguration>\r\n  <LoggerRunSettings>\r\n    <Loggers>\r\n      <Logger friendlyName=\"blame\" enabled=\"True\" />\r\n      <Logger friendlyName=\"Console\" uri=\"logger://microsoft/TestPlatform/ConsoleLogger/v1\" assemblyQualifiedName=\"Microsoft.VisualStudio.TestPlatform.CommandLine.Internal.ConsoleLogger, vstest.console, Version=15.0.0.0, Culture=neutral, PublicKeyToken=b03f5f7f11d50a3a\" codeBase=\"C:\\Program Files\\dotnet\\sdk\\6.0.202\\vstest.console.dll\" enabled=\"True\" />\r\n    </Loggers>\r\n  </LoggerRunSettings>\r\n  <DataCollectionRunSettings>\r\n    <DataCollectors>\r\n      <DataCollector friendlyName=\"blame\" enabled=\"True\">\r\n        <Configuration>\r\n          <ResultsDirectory>C:\\Users\\Oleg\\Desktop\\RestSharp_GitHub_Demo\\GitHub_API_Tests\\bin\\Debug\\net6.0\\fine-code-coverage\\coverage-tool-output</ResultsDirectory>\r\n        </Configuration>\r\n      </DataCollector>\r\n    </DataCollectors>\r\n  </DataCollectionRunSettings>\r\n</RunSettings>","TestExecutionContext":{"FrequencyOfRunStatsChangeEvent":10,"RunStatsChangeEventTimeout":"00:00:01.5000000","InIsolation":false,"KeepAlive":false,"AreTestCaseLevelEventsRequired":false,"IsDebug":false,"TestCaseFilter":null,"FilterOptions":null},"Package":null}}
TpTrace Verbose: 0 : 5848, 7, 2022/05/18, 10:09:59.914, 553350466658, vstest.console.dll, TcpClientExtensions.MessageLoopAsync: NotifyDataAvailable remoteEndPoint: 127.0.0.1:53429 localEndPoint: 127.0.0.1:53426
TpTrace Verbose: 0 : 5848, 7, 2022/05/18, 10:09:59.914, 553350468301, vstest.console.dll, TestRequestSender.OnExecutionMessageReceived: Received message: {"Version":5,"MessageType":"TestSession.Message","Payload":{"MessageLevel":0,"Message":"NUnit Adapter 4.0.0.0: Test execution started"}}
TpTrace Verbose: 0 : 5848, 7, 2022/05/18, 10:09:59.915, 553350473319, vstest.console.dll, TestRunRequest:SendTestRunMessage: Starting.
TpTrace Information: 0 : 5848, 7, 2022/05/18, 10:09:59.915, 553350474356, vstest.console.dll, TestRunRequest:SendTestRunMessage: Completed.
TpTrace Verbose: 0 : 5848, 7, 2022/05/18, 10:09:59.915, 553350475046, vstest.console.dll, TcpClientExtensions.MessageLoopAsync: Polling on remoteEndPoint: 127.0.0.1:53429 localEndPoint: 127.0.0.1:53426
TpTrace Verbose: 0 : 5848, 7, 2022/05/18, 10:09:59.958, 553350907342, vstest.console.dll, TcpClientExtensions.MessageLoopAsync: NotifyDataAvailable remoteEndPoint: 127.0.0.1:53429 localEndPoint: 127.0.0.1:53426
TpTrace Verbose: 0 : 5848, 7, 2022/05/18, 10:09:59.958, 553350909126, vstest.console.dll, TestRequestSender.OnExecutionMessageReceived: Received message: {"Version":5,"MessageType":"TestSession.Message","Payload":{"MessageLevel":0,"Message":"Running all tests in C:\\Users\\Oleg\\Desktop\\RestSharp_GitHub_Demo\\GitHub_API_Tests\\bin\\Debug\\net6.0\\fine-code-coverage\\build-output\\GitHub_API_Tests.dll"}}
TpTrace Verbose: 0 : 5848, 7, 2022/05/18, 10:09:59.959, 553350912732, vstest.console.dll, TestRunRequest:SendTestRunMessage: Starting.
TpTrace Information: 0 : 5848, 7, 2022/05/18, 10:09:59.959, 553350913904, vstest.console.dll, TestRunRequest:SendTestRunMessage: Completed.
TpTrace Verbose: 0 : 5848, 7, 2022/05/18, 10:09:59.959, 553350914546, vstest.console.dll, TcpClientExtensions.MessageLoopAsync: Polling on remoteEndPoint: 127.0.0.1:53429 localEndPoint: 127.0.0.1:53426
TpTrace Verbose: 0 : 5848, 7, 2022/05/18, 10:10:00.151, 553352835227, vstest.console.dll, TcpClientExtensions.MessageLoopAsync: NotifyDataAvailable remoteEndPoint: 127.0.0.1:53429 localEndPoint: 127.0.0.1:53426
TpTrace Verbose: 0 : 5848, 7, 2022/05/18, 10:10:00.151, 553352836480, vstest.console.dll, TestRequestSender.OnExecutionMessageReceived: Received message: {"Version":5,"MessageType":"TestSession.Message","Payload":{"MessageLevel":0,"Message":"   NUnit3TestExecutor discovered 24 of 24 NUnit test cases using Current Discovery mode, Non-Explicit run"}}
TpTrace Verbose: 0 : 5848, 7, 2022/05/18, 10:10:00.151, 553352838562, vstest.console.dll, TestRunRequest:SendTestRunMessage: Starting.
TpTrace Information: 0 : 5848, 7, 2022/05/18, 10:10:00.151, 553352839209, vstest.console.dll, TestRunRequest:SendTestRunMessage: Completed.
TpTrace Verbose: 0 : 5848, 7, 2022/05/18, 10:10:00.151, 553352839751, vstest.console.dll, TcpClientExtensions.MessageLoopAsync: Polling on remoteEndPoint: 127.0.0.1:53429 localEndPoint: 127.0.0.1:53426
TpTrace Verbose: 0 : 5848, 7, 2022/05/18, 10:10:01.161, 553362933598, vstest.console.dll, TcpClientExtensions.MessageLoopAsync: Polling on remoteEndPoint: 127.0.0.1:53429 localEndPoint: 127.0.0.1:53426
TpTrace Verbose: 0 : 5848, 7, 2022/05/18, 10:10:01.349, 553364819497, vstest.console.dll, TcpClientExtensions.MessageLoopAsync: NotifyDataAvailable remoteEndPoint: 127.0.0.1:53429 localEndPoint: 127.0.0.1:53426
TpTrace Verbose: 0 : 5848, 7, 2022/05/18, 10:10:01.350, 553364821092, vstest.console.dll, TestRequestSender.OnExecutionMessageReceived: Received message: {"Version":5,"MessageType":"TestExecution.StatsChange","Payload":{"NewTestResults":[{"TestCase":{"Id":"5ae3486b-b457-8d09-28de-42819033c07d","FullyQualifiedName":"GitHub_Issues_API_Tests.IssueCommentsApiTests.Test_IssueCommentCreateComment","DisplayName":"Test_IssueCommentCreateComment","ExecutorUri":"executor://NUnit3TestExecutor","Source":"C:\\Users\\Oleg\\Desktop\\RestSharp_GitHub_Demo\\GitHub_API_Tests\\bin\\Debug\\net6.0\\fine-code-coverage\\build-output\\GitHub_API_Tests.dll","CodeFilePath":null,"LineNumber":0,"Properties":[{"Key":{"Id":"NUnit.Seed","Label":"Seed","Category":"","Description":"","Attributes":0,"ValueType":"System.String"},"Value":"1796448535"}]},"Attachments":[],"Outcome":1,"ErrorMessage":null,"ErrorStackTrace":null,"DisplayName":"Test_IssueCommentCreateComment","Messages":[],"ComputerName":"DESKTOP-VSB273D","Duration":"00:00:01.0195450","StartTime":"2022-05-18T07:10:00.1864034+00:00","EndTime":"2022-05-18T07:10:01.2056896+00:00","Properties":[{"Key":{"Id":"NUnit.Seed","Label":"Seed","Category":"","Description":"","Attributes":0,"ValueType":"System.String"},"Value":"1796448535"}]}],"TestRunStatistics":{"ExecutedTests":1,"Stats":{"Passed":1}},"ActiveTests":[{"Id":"ab24d775-8f0f-7179-3bee-d2be68c44927","FullyQualifiedName":"GitHub_Issues_API_Tests.IssueCommentsApiTests.Test_IssueCommentCreateCommentNoBody","DisplayName":"Test_IssueCommentCreateCommentNoBody","ExecutorUri":"executor://NUnit3TestExecutor","Source":"C:\\Users\\Oleg\\Desktop\\RestSharp_GitHub_Demo\\GitHub_API_Tests\\bin\\Debug\\net6.0\\fine-code-coverage\\build-output\\GitHub_API_Tests.dll","CodeFilePath":null,"LineNumber":0,"Properties":[{"Key":{"Id":"NUnit.Seed","Label":"Seed","Category":"","Description":"","Attributes":0,"ValueType":"System.String"},"Value":"1046097622"}]}]}}
TpTrace Verbose: 0 : 5848, 7, 2022/05/18, 10:10:01.379, 553365113935, vstest.console.dll, TestRunRequest:SendTestRunStatsChange: Starting.
TpTrace Verbose: 0 : 5848, 7, 2022/05/18, 10:10:01.379, 553365115364, vstest.console.dll, InProgress is Test_IssueCommentCreateCommentNoBody
TpTrace Information: 0 : 5848, 7, 2022/05/18, 10:10:01.379, 553365117040, vstest.console.dll, TestRunRequest:SendTestRunStatsChange: Completed.
TpTrace Verbose: 0 : 5848, 7, 2022/05/18, 10:10:01.379, 553365117445, vstest.console.dll, TcpClientExtensions.MessageLoopAsync: Polling on remoteEndPoint: 127.0.0.1:53429 localEndPoint: 127.0.0.1:53426
TpTrace Verbose: 0 : 5848, 7, 2022/05/18, 10:10:02.391, 553375235711, vstest.console.dll, TcpClientExtensions.MessageLoopAsync: Polling on remoteEndPoint: 127.0.0.1:53429 localEndPoint: 127.0.0.1:53426
TpTrace Verbose: 0 : 5848, 7, 2022/05/18, 10:10:02.863, 553379954928, vstest.console.dll, TcpClientExtensions.MessageLoopAsync: NotifyDataAvailable remoteEndPoint: 127.0.0.1:53429 localEndPoint: 127.0.0.1:53426
TpTrace Verbose: 0 : 5848, 7, 2022/05/18, 10:10:02.863, 553379957118, vstest.console.dll, TestRequestSender.OnExecutionMessageReceived: Received message: {"Version":5,"MessageType":"TestExecution.StatsChange","Payload":{"NewTestResults":[{"TestCase":{"Id":"ab24d775-8f0f-7179-3bee-d2be68c44927","FullyQualifiedName":"GitHub_Issues_API_Tests.IssueCommentsApiTests.Test_IssueCommentCreateCommentNoBody","DisplayName":"Test_IssueCommentCreateCommentNoBody","ExecutorUri":"executor://NUnit3TestExecutor","Source":"C:\\Users\\Oleg\\Desktop\\RestSharp_GitHub_Demo\\GitHub_API_Tests\\bin\\Debug\\net6.0\\fine-code-coverage\\build-output\\GitHub_API_Tests.dll","CodeFilePath":null,"LineNumber":0,"Properties":[{"Key":{"Id":"NUnit.Seed","Label":"Seed","Category":"","Description":"","Attributes":0,"ValueType":"System.String"},"Value":"1046097622"}]},"Attachments":[],"Outcome":1,"ErrorMessage":null,"ErrorStackTrace":null,"DisplayName":"Test_IssueCommentCreateCommentNoBody","Messages":[],"ComputerName":"DESKTOP-VSB273D","Duration":"00:00:00.3546340","StartTime":"2022-05-18T07:10:01.208982+00:00","EndTime":"2022-05-18T07:10:01.5636156+00:00","Properties":[{"Key":{"Id":"NUnit.Seed","Label":"Seed","Category":"","Description":"","Attributes":0,"ValueType":"System.String"},"Value":"1046097622"}]},{"TestCase":{"Id":"be019901-c232-b474-2121-607c3ac59cd0","FullyQualifiedName":"GitHub_Issues_API_Tests.IssueCommentsApiTests.Test_IssueCommentDeleteComment","DisplayName":"Test_IssueCommentDeleteComment","ExecutorUri":"executor://NUnit3TestExecutor","Source":"C:\\Users\\Oleg\\Desktop\\RestSharp_GitHub_Demo\\GitHub_API_Tests\\bin\\Debug\\net6.0\\fine-code-coverage\\build-output\\GitHub_API_Tests.dll","CodeFilePath":null,"LineNumber":0,"Properties":[{"Key":{"Id":"NUnit.Seed","Label":"Seed","Category":"","Description":"","Attributes":0,"ValueType":"System.String"},"Value":"1697191128"}]},"Attachments":[],"Outcome":2,"ErrorMessage":"  Expected: NoContent\r\n  But was:  NotFound\r\n","ErrorStackTrace":"   at GitHub_Issues_API_Tests.IssueCommentsApiTests.Test_IssueCommentDeleteComment() in C:\\Users\\Oleg\\Desktop\\RestSharp_GitHub_Demo\\GitHub_API_Tests\\GitHubIssueApiTests.cs:line 277\r\n   at NUnit.Framework.Internal.TaskAwaitAdapter.GenericAdapter`1.BlockUntilCompleted()\r\n   at NUnit.Framework.Internal.MessagePumpStrategy.NoMessagePumpStrategy.WaitForCompletion(AwaitAdapter awaiter)\r\n   at NUnit.Framework.Internal.AsyncToSyncAdapter.Await(Func`1 invoke)\r\n   at NUnit.Framework.Internal.Commands.TestMethodCommand.RunTestMethod(TestExecutionContext context)\r\n   at NUnit.Framework.Internal.Commands.TestMethodCommand.Execute(TestExecutionContext context)\r\n   at NUnit.Framework.Internal.Commands.BeforeAndAfterTestCommand.<>c__DisplayClass1_0.<Execute>b__0()\r\n   at NUnit.Framework.Internal.Commands.BeforeAndAfterTestCommand.RunTestMethodInThreadAbortSafeZone(TestExecutionContext context, Action action)\r\n","DisplayName":"Test_IssueCommentDeleteComment","Messages":[],"ComputerName":"DESKTOP-VSB273D","Duration":"00:00:00.3317480","StartTime":"2022-05-18T07:10:01.5636718+00:00","EndTime":"2022-05-18T07:10:01.8954198+00:00","Properties":[{"Key":{"Id":"NUnit.Seed","Label":"Seed","Category":"","Description":"","Attributes":0,"ValueType":"System.String"},"Value":"1697191128"}]},{"TestCase":{"Id":"b06ef5f6-7b8a-a0c3-0466-3e951c28cf68","FullyQualifiedName":"GitHub_Issues_API_Tests.IssueCommentsApiTests.Test_IssueCommentsGetAllComments","DisplayName":"Test_IssueCommentsGetAllComments","ExecutorUri":"executor://NUnit3TestExecutor","Source":"C:\\Users\\Oleg\\Desktop\\RestSharp_GitHub_Demo\\GitHub_API_Tests\\bin\\Debug\\net6.0\\fine-code-coverage\\build-output\\GitHub_API_Tests.dll","CodeFilePath":null,"LineNumber":0,"Properties":[{"Key":{"Id":"NUnit.Seed","Label":"Seed","Category":"","Description":"","Attributes":0,"ValueType":"System.String"},"Value":"305636825"}]},"Attachments":[],"Outcome":1,"ErrorMessage":null,"ErrorStackTrace":null,"DisplayName":"Test_IssueCommentsGetAllComments","Messages":[],"ComputerName":"DESKTOP-VSB273D","Duration":"00:00:00.3794770","StartTime":"2022-05-18T07:10:01.8955592+00:00","EndTime":"2022-05-18T07:10:02.2750352+00:00","Properties":[{"Key":{"Id":"NUnit.Seed","Label":"Seed","Category":"","Description":"","Attributes":0,"ValueType":"System.String"},"Value":"305636825"}]},{"TestCase":{"Id":"be585659-96b6-eb38-3ba1-b3ceccd0e524","FullyQualifiedName":"GitHub_Issues_API_Tests.IssueCommentsApiTests.Test_IssueCommentsGetSingleComment","DisplayName":"Test_IssueCommentsGetSingleComment","ExecutorUri":"executor://NUnit3TestExecutor","Source":"C:\\Users\\Oleg\\Desktop\\RestSharp_GitHub_Demo\\GitHub_API_Tests\\bin\\Debug\\net6.0\\fine-code-coverage\\build-output\\GitHub_API_Tests.dll","CodeFilePath":null,"LineNumber":0,"Properties":[{"Key":{"Id":"NUnit.Seed","Label":"Seed","Category":"","Description":"","Attributes":0,"ValueType":"System.String"},"Value":"1670893245"}]},"Attachments":[],"Outcome":2,"ErrorMessage":"  Expected: OK\r\n  But was:  NotFound\r\n","ErrorStackTrace":"   at GitHub_Issues_API_Tests.IssueCommentsApiTests.Test_IssueCommentsGetSingleComment() in C:\\Users\\Oleg\\Desktop\\RestSharp_GitHub_Demo\\GitHub_API_Tests\\GitHubIssueApiTests.cs:line 205\r\n   at NUnit.Framework.Internal.TaskAwaitAdapter.GenericAdapter`1.BlockUntilCompleted()\r\n   at NUnit.Framework.Internal.MessagePumpStrategy.NoMessagePumpStrategy.WaitForCompletion(AwaitAdapter awaiter)\r\n   at NUnit.Framework.Internal.AsyncToSyncAdapter.Await(Func`1 invoke)\r\n   at NUnit.Framework.Internal.Commands.TestMethodCommand.RunTestMethod(TestExecutionContext context)\r\n   at NUnit.Framework.Internal.Commands.TestMethodCommand.Execute(TestExecutionContext context)\r\n   at NUnit.Framework.Internal.Commands.BeforeAndAfterTestCommand.<>c__DisplayClass1_0.<Execute>b__0()\r\n   at NUnit.Framework.Internal.Commands.BeforeAndAfterTestCommand.RunTestMethodInThreadAbortSafeZone(TestExecutionContext context, Action action)\r\n","DisplayName":"Test_IssueCommentsGetSingleComment","Messages":[],"ComputerName":"DESKTOP-VSB273D","Duration":"00:00:00.2609450","StartTime":"2022-05-18T07:10:02.2750656+00:00","EndTime":"2022-05-18T07:10:02.53601+00:00","Properties":[{"Key":{"Id":"NUnit.Seed","Label":"Seed","Category":"","Description":"","Attributes":0,"ValueType":"System.String"},"Value":"1670893245"}]}],"TestRunStatistics":{"ExecutedTests":5,"Stats":{"Passed":3,"Failed":2}},"ActiveTests":[{"Id":"42b0b17a-3715-e197-be13-03a3c3039c7f","FullyQualifiedName":"GitHub_Issues_API_Tests.IssueCommentsApiTests.Test_IssueCommentUpdateExistingComment","DisplayName":"Test_IssueCommentUpdateExistingComment","ExecutorUri":"executor://NUnit3TestExecutor","Source":"C:\\Users\\Oleg\\Desktop\\RestSharp_GitHub_Demo\\GitHub_API_Tests\\bin\\Debug\\net6.0\\fine-code-coverage\\build-output\\GitHub_API_Tests.dll","CodeFilePath":null,"LineNumber":0,"Properties":[{"Key":{"Id":"NUnit.Seed","Label":"Seed","Category":"","Description":"","Attributes":0,"ValueType":"System.String"},"Value":"657810806"}]}]}}
TpTrace Verbose: 0 : 5848, 7, 2022/05/18, 10:10:02.868, 553380002357, vstest.console.dll, TestRunRequest:SendTestRunStatsChange: Starting.
TpTrace Verbose: 0 : 5848, 7, 2022/05/18, 10:10:02.868, 553380003482, vstest.console.dll, InProgress is Test_IssueCommentUpdateExistingComment
TpTrace Information: 0 : 5848, 7, 2022/05/18, 10:10:02.868, 553380004042, vstest.console.dll, TestRunRequest:SendTestRunStatsChange: Completed.
TpTrace Verbose: 0 : 5848, 7, 2022/05/18, 10:10:02.868, 553380004408, vstest.console.dll, TcpClientExtensions.MessageLoopAsync: Polling on remoteEndPoint: 127.0.0.1:53429 localEndPoint: 127.0.0.1:53426
TpTrace Verbose: 0 : 5848, 7, 2022/05/18, 10:10:03.883, 553390152713, vstest.console.dll, TcpClientExtensions.MessageLoopAsync: Polling on remoteEndPoint: 127.0.0.1:53429 localEndPoint: 127.0.0.1:53426
TpTrace Verbose: 0 : 5848, 7, 2022/05/18, 10:10:04.392, 553395244045, vstest.console.dll, TcpClientExtensions.MessageLoopAsync: NotifyDataAvailable remoteEndPoint: 127.0.0.1:53429 localEndPoint: 127.0.0.1:53426
TpTrace Verbose: 0 : 5848, 7, 2022/05/18, 10:10:04.392, 553395249407, vstest.console.dll, TestRequestSender.OnExecutionMessageReceived: Received message: {"Version":5,"MessageType":"TestExecution.StatsChange","Payload":{"NewTestResults":[{"TestCase":{"Id":"42b0b17a-3715-e197-be13-03a3c3039c7f","FullyQualifiedName":"GitHub_Issues_API_Tests.IssueCommentsApiTests.Test_IssueCommentUpdateExistingComment","DisplayName":"Test_IssueCommentUpdateExistingComment","ExecutorUri":"executor://NUnit3TestExecutor","Source":"C:\\Users\\Oleg\\Desktop\\RestSharp_GitHub_Demo\\GitHub_API_Tests\\bin\\Debug\\net6.0\\fine-code-coverage\\build-output\\GitHub_API_Tests.dll","CodeFilePath":null,"LineNumber":0,"Properties":[{"Key":{"Id":"NUnit.Seed","Label":"Seed","Category":"","Description":"","Attributes":0,"ValueType":"System.String"},"Value":"657810806"}]},"Attachments":[],"Outcome":1,"ErrorMessage":null,"ErrorStackTrace":null,"DisplayName":"Test_IssueCommentUpdateExistingComment","Messages":[],"ComputerName":"DESKTOP-VSB273D","Duration":"00:00:00.4779170","StartTime":"2022-05-18T07:10:02.5360428+00:00","EndTime":"2022-05-18T07:10:03.0139589+00:00","Properties":[{"Key":{"Id":"NUnit.Seed","Label":"Seed","Category":"","Description":"","Attributes":0,"ValueType":"System.String"},"Value":"657810806"}]},{"TestCase":{"Id":"98efe736-080f-aefa-1c20-78a78ae3276f","FullyQualifiedName":"GitHub_Issues_API_Tests.IssueCommentsApiTests.Test_IssueCommentUpdateNonExistingComment","DisplayName":"Test_IssueCommentUpdateNonExistingComment","ExecutorUri":"executor://NUnit3TestExecutor","Source":"C:\\Users\\Oleg\\Desktop\\RestSharp_GitHub_Demo\\GitHub_API_Tests\\bin\\Debug\\net6.0\\fine-code-coverage\\build-output\\GitHub_API_Tests.dll","CodeFilePath":null,"LineNumber":0,"Properties":[{"Key":{"Id":"NUnit.Seed","Label":"Seed","Category":"","Description":"","Attributes":0,"ValueType":"System.String"},"Value":"1498891154"}]},"Attachments":[],"Outcome":1,"ErrorMessage":null,"ErrorStackTrace":null,"DisplayName":"Test_IssueCommentUpdateNonExistingComment","Messages":[],"ComputerName":"DESKTOP-VSB273D","Duration":"00:00:00.2636650","StartTime":"2022-05-18T07:10:03.0139897+00:00","EndTime":"2022-05-18T07:10:03.2776539+00:00","Properties":[{"Key":{"Id":"NUnit.Seed","Label":"Seed","Category":"","Description":"","Attributes":0,"ValueType":"System.String"},"Value":"1498891154"}]},{"TestCase":{"Id":"555be5e6-4118-3050-bf3e-af72a0b65a62","FullyQualifiedName":"GitHub_Issues_API_Tests.IssuesApiTests.Test_GetAllIssuesInvalidRepository","DisplayName":"Test_GetAllIssuesInvalidRepository","ExecutorUri":"executor://NUnit3TestExecutor","Source":"C:\\Users\\Oleg\\Desktop\\RestSharp_GitHub_Demo\\GitHub_API_Tests\\bin\\Debug\\net6.0\\fine-code-coverage\\build-output\\GitHub_API_Tests.dll","CodeFilePath":null,"LineNumber":0,"Properties":[{"Key":{"Id":"NUnit.Seed","Label":"Seed","Category":"","Description":"","Attributes":0,"ValueType":"System.String"},"Value":"917107520"}]},"Attachments":[],"Outcome":1,"ErrorMessage":null,"ErrorStackTrace":null,"DisplayName":"Test_GetAllIssuesInvalidRepository","Messages":[],"ComputerName":"DESKTOP-VSB273D","Duration":"00:00:00.2798050","StartTime":"2022-05-18T07:10:03.2809774+00:00","EndTime":"2022-05-18T07:10:03.5607823+00:00","Properties":[{"Key":{"Id":"NUnit.Seed","Label":"Seed","Category":"","Description":"","Attributes":0,"ValueType":"System.String"},"Value":"917107520"}]},{"TestCase":{"Id":"efa65239-2eb2-3d31-ba01-b11b9d069ef2","FullyQualifiedName":"GitHub_Issues_API_Tests.IssuesApiTests.Test_GetAllIssuesInvalidUser","DisplayName":"Test_GetAllIssuesInvalidUser","ExecutorUri":"executor://NUnit3TestExecutor","Source":"C:\\Users\\Oleg\\Desktop\\RestSharp_GitHub_Demo\\GitHub_API_Tests\\bin\\Debug\\net6.0\\fine-code-coverage\\build-output\\GitHub_API_Tests.dll","CodeFilePath":null,"LineNumber":0,"Properties":[{"Key":{"Id":"NUnit.Seed","Label":"Seed","Category":"","Description":"","Attributes":0,"ValueType":"System.String"},"Value":"217843133"}]},"Attachments":[],"Outcome":1,"ErrorMessage":null,"ErrorStackTrace":null,"DisplayName":"Test_GetAllIssuesInvalidUser","Messages":[],"ComputerName":"DESKTOP-VSB273D","Duration":"00:00:00.2583400","StartTime":"2022-05-18T07:10:03.5608159+00:00","EndTime":"2022-05-18T07:10:03.8191554+00:00","Properties":[{"Key":{"Id":"NUnit.Seed","Label":"Seed","Category":"","Description":"","Attributes":0,"ValueType":"System.String"},"Value":"217843133"}]},{"TestCase":{"Id":"8424af0d-f95a-cfe8-07f6-9173d874ac9e","FullyQualifiedName":"GitHub_Issues_API_Tests.IssuesApiTests.Test_GetAllIssuesMiltipleIssues","DisplayName":"Test_GetAllIssuesMiltipleIssues","ExecutorUri":"executor://NUnit3TestExecutor","Source":"C:\\Users\\Oleg\\Desktop\\RestSharp_GitHub_Demo\\GitHub_API_Tests\\bin\\Debug\\net6.0\\fine-code-coverage\\build-output\\GitHub_API_Tests.dll","CodeFilePath":null,"LineNumber":0,"Properties":[{"Key":{"Id":"NUnit.Seed","Label":"Seed","Category":"","Description":"","Attributes":0,"ValueType":"System.String"},"Value":"778489807"}]},"Attachments":[],"Outcome":1,"ErrorMessage":null,"ErrorStackTrace":null,"DisplayName":"Test_GetAllIssuesMiltipleIssues","Messages":[],"ComputerName":"DESKTOP-VSB273D","Duration":"00:00:00.3934610","StartTime":"2022-05-18T07:10:03.8192003+00:00","EndTime":"2022-05-18T07:10:04.2126604+00:00","Properties":[{"Key":{"Id":"NUnit.Seed","Label":"Seed","Category":"","Description":"","Attributes":0,"ValueType":"System.String"},"Value":"778489807"}]}],"TestRunStatistics":{"ExecutedTests":10,"Stats":{"Passed":8,"Failed":2}},"ActiveTests":[{"Id":"bc200a49-f1a5-1918-02ce-693decf2fb64","FullyQualifiedName":"GitHub_Issues_API_Tests.IssuesApiTests.Test_GetAllIssuesStatusOk","DisplayName":"Test_GetAllIssuesStatusOk","ExecutorUri":"executor://NUnit3TestExecutor","Source":"C:\\Users\\Oleg\\Desktop\\RestSharp_GitHub_Demo\\GitHub_API_Tests\\bin\\Debug\\net6.0\\fine-code-coverage\\build-output\\GitHub_API_Tests.dll","CodeFilePath":null,"LineNumber":0,"Properties":[{"Key":{"Id":"NUnit.Seed","Label":"Seed","Category":"","Description":"","Attributes":0,"ValueType":"System.String"},"Value":"1327563185"}]}]}}
TpTrace Verbose: 0 : 5848, 7, 2022/05/18, 10:10:04.399, 553395316923, vstest.console.dll, TestRunRequest:SendTestRunStatsChange: Starting.
TpTrace Verbose: 0 : 5848, 7, 2022/05/18, 10:10:04.399, 553395318975, vstest.console.dll, InProgress is Test_GetAllIssuesStatusOk
TpTrace Information: 0 : 5848, 7, 2022/05/18, 10:10:04.399, 553395320684, vstest.console.dll, TestRunRequest:SendTestRunStatsChange: Completed.
TpTrace Verbose: 0 : 5848, 7, 2022/05/18, 10:10:04.400, 553395321848, vstest.console.dll, TcpClientExtensions.MessageLoopAsync: Polling on remoteEndPoint: 127.0.0.1:53429 localEndPoint: 127.0.0.1:53426
TpTrace Verbose: 0 : 5848, 7, 2022/05/18, 10:10:05.403, 553405357570, vstest.console.dll, TcpClientExtensions.MessageLoopAsync: Polling on remoteEndPoint: 127.0.0.1:53429 localEndPoint: 127.0.0.1:53426
TpTrace Verbose: 0 : 5848, 7, 2022/05/18, 10:10:05.906, 553410389436, vstest.console.dll, TcpClientExtensions.MessageLoopAsync: NotifyDataAvailable remoteEndPoint: 127.0.0.1:53429 localEndPoint: 127.0.0.1:53426
TpTrace Verbose: 0 : 5848, 7, 2022/05/18, 10:10:05.907, 553410392382, vstest.console.dll, TestRequestSender.OnExecutionMessageReceived: Received message: {"Version":5,"MessageType":"TestExecution.StatsChange","Payload":{"NewTestResults":[{"TestCase":{"Id":"bc200a49-f1a5-1918-02ce-693decf2fb64","FullyQualifiedName":"GitHub_Issues_API_Tests.IssuesApiTests.Test_GetAllIssuesStatusOk","DisplayName":"Test_GetAllIssuesStatusOk","ExecutorUri":"executor://NUnit3TestExecutor","Source":"C:\\Users\\Oleg\\Desktop\\RestSharp_GitHub_Demo\\GitHub_API_Tests\\bin\\Debug\\net6.0\\fine-code-coverage\\build-output\\GitHub_API_Tests.dll","CodeFilePath":null,"LineNumber":0,"Properties":[{"Key":{"Id":"NUnit.Seed","Label":"Seed","Category":"","Description":"","Attributes":0,"ValueType":"System.String"},"Value":"1327563185"}]},"Attachments":[],"Outcome":1,"ErrorMessage":null,"ErrorStackTrace":null,"DisplayName":"Test_GetAllIssuesStatusOk","Messages":[],"ComputerName":"DESKTOP-VSB273D","Duration":"00:00:00.3581470","StartTime":"2022-05-18T07:10:04.2127096+00:00","EndTime":"2022-05-18T07:10:04.5708557+00:00","Properties":[{"Key":{"Id":"NUnit.Seed","Label":"Seed","Category":"","Description":"","Attributes":0,"ValueType":"System.String"},"Value":"1327563185"}]},{"TestCase":{"Id":"e8037afc-dfc8-c473-903f-376c79a138ae","FullyQualifiedName":"GitHub_Issues_API_Tests.IssuesApiTests.Test_GetSignleIssue","DisplayName":"Test_GetSignleIssue","ExecutorUri":"executor://NUnit3TestExecutor","Source":"C:\\Users\\Oleg\\Desktop\\RestSharp_GitHub_Demo\\GitHub_API_Tests\\bin\\Debug\\net6.0\\fine-code-coverage\\build-output\\GitHub_API_Tests.dll","CodeFilePath":null,"LineNumber":0,"Properties":[{"Key":{"Id":"NUnit.Seed","Label":"Seed","Category":"","Description":"","Attributes":0,"ValueType":"System.String"},"Value":"170775850"}]},"Attachments":[],"Outcome":1,"ErrorMessage":null,"ErrorStackTrace":null,"DisplayName":"Test_GetSignleIssue","Messages":[],"ComputerName":"DESKTOP-VSB273D","Duration":"00:00:00.3137160","StartTime":"2022-05-18T07:10:04.5708943+00:00","EndTime":"2022-05-18T07:10:04.8846101+00:00","Properties":[{"Key":{"Id":"NUnit.Seed","Label":"Seed","Category":"","Description":"","Attributes":0,"ValueType":"System.String"},"Value":"170775850"}]},{"TestCase":{"Id":"cf448604-d0bd-f2e6-dcc2-f27f08d596fa","FullyQualifiedName":"GitHub_Issues_API_Tests.IssuesApiTests.Test_PostIssueWithoutTitle","DisplayName":"Test_PostIssueWithoutTitle","ExecutorUri":"executor://NUnit3TestExecutor","Source":"C:\\Users\\Oleg\\Desktop\\RestSharp_GitHub_Demo\\GitHub_API_Tests\\bin\\Debug\\net6.0\\fine-code-coverage\\build-output\\GitHub_API_Tests.dll","CodeFilePath":null,"LineNumber":0,"Properties":[{"Key":{"Id":"NUnit.Seed","Label":"Seed","Category":"","Description":"","Attributes":0,"ValueType":"System.String"},"Value":"1062830686"}]},"Attachments":[],"Outcome":1,"ErrorMessage":null,"ErrorStackTrace":null,"DisplayName":"Test_PostIssueWithoutTitle","Messages":[],"ComputerName":"DESKTOP-VSB273D","Duration":"00:00:00.3209700","StartTime":"2022-05-18T07:10:04.8846629+00:00","EndTime":"2022-05-18T07:10:05.205632+00:00","Properties":[{"Key":{"Id":"NUnit.Seed","Label":"Seed","Category":"","Description":"","Attributes":0,"ValueType":"System.String"},"Value":"1062830686"}]},{"TestCase":{"Id":"c7670e2e-beed-6547-f866-82937c8ed34f","FullyQualifiedName":"GitHub_Issues_API_Tests.IssuesApiTests.Test_PostIssueWithTitleAndBody","DisplayName":"Test_PostIssueWithTitleAndBody","ExecutorUri":"executor://NUnit3TestExecutor","Source":"C:\\Users\\Oleg\\Desktop\\RestSharp_GitHub_Demo\\GitHub_API_Tests\\bin\\Debug\\net6.0\\fine-code-coverage\\build-output\\GitHub_API_Tests.dll","CodeFilePath":null,"LineNumber":0,"Properties":[{"Key":{"Id":"NUnit.Seed","Label":"Seed","Category":"","Description":"","Attributes":0,"ValueType":"System.String"},"Value":"870818395"}]},"Attachments":[],"Outcome":1,"ErrorMessage":null,"ErrorStackTrace":null,"DisplayName":"Test_PostIssueWithTitleAndBody","Messages":[],"ComputerName":"DESKTOP-VSB273D","Duration":"00:00:00.6425790","StartTime":"2022-05-18T07:10:05.2056696+00:00","EndTime":"2022-05-18T07:10:05.8482477+00:00","Properties":[{"Key":{"Id":"NUnit.Seed","Label":"Seed","Category":"","Description":"","Attributes":0,"ValueType":"System.String"},"Value":"870818395"}]}],"TestRunStatistics":{"ExecutedTests":14,"Stats":{"Passed":12,"Failed":2}},"ActiveTests":[{"Id":"ec1db5cd-8433-dd98-1273-f49199ff14bb","FullyQualifiedName":"GitHub_Issues_API_Tests.IssuesApiTests.Test_UpdateExistingIssue","DisplayName":"Test_UpdateExistingIssue","ExecutorUri":"executor://NUnit3TestExecutor","Source":"C:\\Users\\Oleg\\Desktop\\RestSharp_GitHub_Demo\\GitHub_API_Tests\\bin\\Debug\\net6.0\\fine-code-coverage\\build-output\\GitHub_API_Tests.dll","CodeFilePath":null,"LineNumber":0,"Properties":[{"Key":{"Id":"NUnit.Seed","Label":"Seed","Category":"","Description":"","Attributes":0,"ValueType":"System.String"},"Value":"559782179"}]}]}}
TpTrace Verbose: 0 : 5848, 7, 2022/05/18, 10:10:05.909, 553410414509, vstest.console.dll, TestRunRequest:SendTestRunStatsChange: Starting.
TpTrace Verbose: 0 : 5848, 7, 2022/05/18, 10:10:05.909, 553410415879, vstest.console.dll, InProgress is Test_UpdateExistingIssue
TpTrace Information: 0 : 5848, 7, 2022/05/18, 10:10:05.909, 553410416915, vstest.console.dll, TestRunRequest:SendTestRunStatsChange: Completed.
TpTrace Verbose: 0 : 5848, 7, 2022/05/18, 10:10:05.909, 553410417743, vstest.console.dll, TcpClientExtensions.MessageLoopAsync: Polling on remoteEndPoint: 127.0.0.1:53429 localEndPoint: 127.0.0.1:53426
TpTrace Verbose: 0 : 5848, 7, 2022/05/18, 10:10:06.910, 553420427627, vstest.console.dll, TcpClientExtensions.MessageLoopAsync: Polling on remoteEndPoint: 127.0.0.1:53429 localEndPoint: 127.0.0.1:53426
TpTrace Verbose: 0 : 5848, 7, 2022/05/18, 10:10:07.412, 553425444538, vstest.console.dll, TcpClientExtensions.MessageLoopAsync: NotifyDataAvailable remoteEndPoint: 127.0.0.1:53429 localEndPoint: 127.0.0.1:53426
TpTrace Verbose: 0 : 5848, 7, 2022/05/18, 10:10:07.412, 553425448536, vstest.console.dll, TestRequestSender.OnExecutionMessageReceived: Received message: {"Version":5,"MessageType":"TestExecution.StatsChange","Payload":{"NewTestResults":[{"TestCase":{"Id":"ec1db5cd-8433-dd98-1273-f49199ff14bb","FullyQualifiedName":"GitHub_Issues_API_Tests.IssuesApiTests.Test_UpdateExistingIssue","DisplayName":"Test_UpdateExistingIssue","ExecutorUri":"executor://NUnit3TestExecutor","Source":"C:\\Users\\Oleg\\Desktop\\RestSharp_GitHub_Demo\\GitHub_API_Tests\\bin\\Debug\\net6.0\\fine-code-coverage\\build-output\\GitHub_API_Tests.dll","CodeFilePath":null,"LineNumber":0,"Properties":[{"Key":{"Id":"NUnit.Seed","Label":"Seed","Category":"","Description":"","Attributes":0,"ValueType":"System.String"},"Value":"559782179"}]},"Attachments":[],"Outcome":1,"ErrorMessage":null,"ErrorStackTrace":null,"DisplayName":"Test_UpdateExistingIssue","Messages":[],"ComputerName":"DESKTOP-VSB273D","Duration":"00:00:00.5728860","StartTime":"2022-05-18T07:10:05.8483062+00:00","EndTime":"2022-05-18T07:10:06.4211919+00:00","Properties":[{"Key":{"Id":"NUnit.Seed","Label":"Seed","Category":"","Description":"","Attributes":0,"ValueType":"System.String"},"Value":"559782179"}]},{"TestCase":{"Id":"839dbdd9-2d62-bcfa-ccc9-cae1bfcdcb5d","FullyQualifiedName":"GitHub_Issues_API_Tests.IssuesApiTests.Test_UpdateNonExistingIssue","DisplayName":"Test_UpdateNonExistingIssue","ExecutorUri":"executor://NUnit3TestExecutor","Source":"C:\\Users\\Oleg\\Desktop\\RestSharp_GitHub_Demo\\GitHub_API_Tests\\bin\\Debug\\net6.0\\fine-code-coverage\\build-output\\GitHub_API_Tests.dll","CodeFilePath":null,"LineNumber":0,"Properties":[{"Key":{"Id":"NUnit.Seed","Label":"Seed","Category":"","Description":"","Attributes":0,"ValueType":"System.String"},"Value":"1200327354"}]},"Attachments":[],"Outcome":1,"ErrorMessage":null,"ErrorStackTrace":null,"DisplayName":"Test_UpdateNonExistingIssue","Messages":[],"ComputerName":"DESKTOP-VSB273D","Duration":"00:00:00.2636800","StartTime":"2022-05-18T07:10:06.4212555+00:00","EndTime":"2022-05-18T07:10:06.6849348+00:00","Properties":[{"Key":{"Id":"NUnit.Seed","Label":"Seed","Category":"","Description":"","Attributes":0,"ValueType":"System.String"},"Value":"1200327354"}]}],"TestRunStatistics":{"ExecutedTests":16,"Stats":{"Passed":14,"Failed":2}},"ActiveTests":[{"Id":"05af782d-8c1a-6c4a-0975-7841ad2ccf98","FullyQualifiedName":"GitHub_Repos_API_Tests.RepoApiTests.Test_CreateRepository","DisplayName":"Test_CreateRepository","ExecutorUri":"executor://NUnit3TestExecutor","Source":"C:\\Users\\Oleg\\Desktop\\RestSharp_GitHub_Demo\\GitHub_API_Tests\\bin\\Debug\\net6.0\\fine-code-coverage\\build-output\\GitHub_API_Tests.dll","CodeFilePath":null,"LineNumber":0,"Properties":[{"Key":{"Id":"NUnit.Seed","Label":"Seed","Category":"","Description":"","Attributes":0,"ValueType":"System.String"},"Value":"503528261"}]}]}}
TpTrace Verbose: 0 : 5848, 7, 2022/05/18, 10:10:07.423, 553425550986, vstest.console.dll, TestRunRequest:SendTestRunStatsChange: Starting.
TpTrace Verbose: 0 : 5848, 7, 2022/05/18, 10:10:07.423, 553425553253, vstest.console.dll, InProgress is Test_CreateRepository
TpTrace Information: 0 : 5848, 7, 2022/05/18, 10:10:07.423, 553425555324, vstest.console.dll, TestRunRequest:SendTestRunStatsChange: Completed.
TpTrace Verbose: 0 : 5848, 7, 2022/05/18, 10:10:07.423, 553425556668, vstest.console.dll, TcpClientExtensions.MessageLoopAsync: Polling on remoteEndPoint: 127.0.0.1:53429 localEndPoint: 127.0.0.1:53426
TpTrace Verbose: 0 : 5848, 7, 2022/05/18, 10:10:08.427, 553435597578, vstest.console.dll, TcpClientExtensions.MessageLoopAsync: Polling on remoteEndPoint: 127.0.0.1:53429 localEndPoint: 127.0.0.1:53426
TpTrace Verbose: 0 : 5848, 7, 2022/05/18, 10:10:09.442, 553445748420, vstest.console.dll, TcpClientExtensions.MessageLoopAsync: Polling on remoteEndPoint: 127.0.0.1:53429 localEndPoint: 127.0.0.1:53426
TpTrace Verbose: 0 : 5848, 7, 2022/05/18, 10:10:09.829, 553449614881, vstest.console.dll, TcpClientExtensions.MessageLoopAsync: NotifyDataAvailable remoteEndPoint: 127.0.0.1:53429 localEndPoint: 127.0.0.1:53426
TpTrace Verbose: 0 : 5848, 7, 2022/05/18, 10:10:09.829, 553449618086, vstest.console.dll, TestRequestSender.OnExecutionMessageReceived: Received message: {"Version":5,"MessageType":"TestExecution.StatsChange","Payload":{"NewTestResults":[{"TestCase":{"Id":"05af782d-8c1a-6c4a-0975-7841ad2ccf98","FullyQualifiedName":"GitHub_Repos_API_Tests.RepoApiTests.Test_CreateRepository","DisplayName":"Test_CreateRepository","ExecutorUri":"executor://NUnit3TestExecutor","Source":"C:\\Users\\Oleg\\Desktop\\RestSharp_GitHub_Demo\\GitHub_API_Tests\\bin\\Debug\\net6.0\\fine-code-coverage\\build-output\\GitHub_API_Tests.dll","CodeFilePath":null,"LineNumber":0,"Properties":[{"Key":{"Id":"NUnit.Seed","Label":"Seed","Category":"","Description":"","Attributes":0,"ValueType":"System.String"},"Value":"503528261"}]},"Attachments":[],"Outcome":1,"ErrorMessage":null,"ErrorStackTrace":null,"DisplayName":"Test_CreateRepository","Messages":[],"ComputerName":"DESKTOP-VSB273D","Duration":"00:00:03.1397719","StartTime":"2022-05-18T07:10:06.6854645+00:00","EndTime":"2022-05-18T07:10:09.8252363+00:00","Properties":[{"Key":{"Id":"NUnit.Seed","Label":"Seed","Category":"","Description":"","Attributes":0,"ValueType":"System.String"},"Value":"503528261"}]}],"TestRunStatistics":{"ExecutedTests":17,"Stats":{"Passed":15,"Failed":2}},"ActiveTests":[{"Id":"a34133d2-6d27-9db6-b6d0-60b0e92af440","FullyQualifiedName":"GitHub_Repos_API_Tests.RepoApiTests.Test_DeleteRepository","DisplayName":"Test_DeleteRepository","ExecutorUri":"executor://NUnit3TestExecutor","Source":"C:\\Users\\Oleg\\Desktop\\RestSharp_GitHub_Demo\\GitHub_API_Tests\\bin\\Debug\\net6.0\\fine-code-coverage\\build-output\\GitHub_API_Tests.dll","CodeFilePath":null,"LineNumber":0,"Properties":[{"Key":{"Id":"NUnit.Seed","Label":"Seed","Category":"","Description":"","Attributes":0,"ValueType":"System.String"},"Value":"1666922772"}]}]}}
TpTrace Verbose: 0 : 5848, 7, 2022/05/18, 10:10:09.831, 553449640357, vstest.console.dll, TestRunRequest:SendTestRunStatsChange: Starting.
TpTrace Verbose: 0 : 5848, 7, 2022/05/18, 10:10:09.832, 553449642174, vstest.console.dll, InProgress is Test_DeleteRepository
TpTrace Information: 0 : 5848, 7, 2022/05/18, 10:10:09.832, 553449643500, vstest.console.dll, TestRunRequest:SendTestRunStatsChange: Completed.
TpTrace Verbose: 0 : 5848, 7, 2022/05/18, 10:10:09.832, 553449644627, vstest.console.dll, TcpClientExtensions.MessageLoopAsync: Polling on remoteEndPoint: 127.0.0.1:53429 localEndPoint: 127.0.0.1:53426
TpTrace Verbose: 0 : 5848, 7, 2022/05/18, 10:10:10.847, 553459795173, vstest.console.dll, TcpClientExtensions.MessageLoopAsync: Polling on remoteEndPoint: 127.0.0.1:53429 localEndPoint: 127.0.0.1:53426
TpTrace Verbose: 0 : 5848, 7, 2022/05/18, 10:10:11.334, 553464669174, vstest.console.dll, TcpClientExtensions.MessageLoopAsync: NotifyDataAvailable remoteEndPoint: 127.0.0.1:53429 localEndPoint: 127.0.0.1:53426
TpTrace Verbose: 0 : 5848, 7, 2022/05/18, 10:10:11.335, 553464671477, vstest.console.dll, TestRequestSender.OnExecutionMessageReceived: Received message: {"Version":5,"MessageType":"TestExecution.StatsChange","Payload":{"NewTestResults":[{"TestCase":{"Id":"a34133d2-6d27-9db6-b6d0-60b0e92af440","FullyQualifiedName":"GitHub_Repos_API_Tests.RepoApiTests.Test_DeleteRepository","DisplayName":"Test_DeleteRepository","ExecutorUri":"executor://NUnit3TestExecutor","Source":"C:\\Users\\Oleg\\Desktop\\RestSharp_GitHub_Demo\\GitHub_API_Tests\\bin\\Debug\\net6.0\\fine-code-coverage\\build-output\\GitHub_API_Tests.dll","CodeFilePath":null,"LineNumber":0,"Properties":[{"Key":{"Id":"NUnit.Seed","Label":"Seed","Category":"","Description":"","Attributes":0,"ValueType":"System.String"},"Value":"1666922772"}]},"Attachments":[],"Outcome":1,"ErrorMessage":null,"ErrorStackTrace":null,"DisplayName":"Test_DeleteRepository","Messages":[],"ComputerName":"DESKTOP-VSB273D","Duration":"00:00:01.0250620","StartTime":"2022-05-18T07:10:09.8253619+00:00","EndTime":"2022-05-18T07:10:10.8504243+00:00","Properties":[{"Key":{"Id":"NUnit.Seed","Label":"Seed","Category":"","Description":"","Attributes":0,"ValueType":"System.String"},"Value":"1666922772"}]},{"TestCase":{"Id":"61637127-d273-f7c4-cdc9-eb15f40f83e1","FullyQualifiedName":"GitHub_Repos_API_Tests.RepoApiTests.Test_DeleteRepositoryInvalidRepoName","DisplayName":"Test_DeleteRepositoryInvalidRepoName","ExecutorUri":"executor://NUnit3TestExecutor","Source":"C:\\Users\\Oleg\\Desktop\\RestSharp_GitHub_Demo\\GitHub_API_Tests\\bin\\Debug\\net6.0\\fine-code-coverage\\build-output\\GitHub_API_Tests.dll","CodeFilePath":null,"LineNumber":0,"Properties":[{"Key":{"Id":"NUnit.Seed","Label":"Seed","Category":"","Description":"","Attributes":0,"ValueType":"System.String"},"Value":"967537456"}]},"Attachments":[],"Outcome":1,"ErrorMessage":null,"ErrorStackTrace":null,"DisplayName":"Test_DeleteRepositoryInvalidRepoName","Messages":[],"ComputerName":"DESKTOP-VSB273D","Duration":"00:00:00.2464190","StartTime":"2022-05-18T07:10:10.8504638+00:00","EndTime":"2022-05-18T07:10:11.0968819+00:00","Properties":[{"Key":{"Id":"NUnit.Seed","Label":"Seed","Category":"","Description":"","Attributes":0,"ValueType":"System.String"},"Value":"967537456"}]}],"TestRunStatistics":{"ExecutedTests":19,"Stats":{"Passed":17,"Failed":2}},"ActiveTests":[{"Id":"2f4edad1-81db-34f9-d7e2-c5687a1f70af","FullyQualifiedName":"GitHub_Repos_API_Tests.RepoApiTests.Test_GetAllReposForUser","DisplayName":"Test_GetAllReposForUser","ExecutorUri":"executor://NUnit3TestExecutor","Source":"C:\\Users\\Oleg\\Desktop\\RestSharp_GitHub_Demo\\GitHub_API_Tests\\bin\\Debug\\net6.0\\fine-code-coverage\\build-output\\GitHub_API_Tests.dll","CodeFilePath":null,"LineNumber":0,"Properties":[{"Key":{"Id":"NUnit.Seed","Label":"Seed","Category":"","Description":"","Attributes":0,"ValueType":"System.String"},"Value":"2100556243"}]}]}}
TpTrace Verbose: 0 : 5848, 7, 2022/05/18, 10:10:11.336, 553464683685, vstest.console.dll, TestRunRequest:SendTestRunStatsChange: Starting.
TpTrace Verbose: 0 : 5848, 7, 2022/05/18, 10:10:11.336, 553464684800, vstest.console.dll, InProgress is Test_GetAllReposForUser
TpTrace Information: 0 : 5848, 7, 2022/05/18, 10:10:11.336, 553464685576, vstest.console.dll, TestRunRequest:SendTestRunStatsChange: Completed.
TpTrace Verbose: 0 : 5848, 7, 2022/05/18, 10:10:11.336, 553464686363, vstest.console.dll, TcpClientExtensions.MessageLoopAsync: Polling on remoteEndPoint: 127.0.0.1:53429 localEndPoint: 127.0.0.1:53426
TpTrace Verbose: 0 : 5848, 7, 2022/05/18, 10:10:12.348, 553474803065, vstest.console.dll, TcpClientExtensions.MessageLoopAsync: Polling on remoteEndPoint: 127.0.0.1:53429 localEndPoint: 127.0.0.1:53426
TpTrace Verbose: 0 : 5848, 7, 2022/05/18, 10:10:12.839, 553479714998, vstest.console.dll, TcpClientExtensions.MessageLoopAsync: NotifyDataAvailable remoteEndPoint: 127.0.0.1:53429 localEndPoint: 127.0.0.1:53426
TpTrace Verbose: 0 : 5848, 7, 2022/05/18, 10:10:12.839, 553479717269, vstest.console.dll, TestRequestSender.OnExecutionMessageReceived: Received message: {"Version":5,"MessageType":"TestExecution.StatsChange","Payload":{"NewTestResults":[{"TestCase":{"Id":"2f4edad1-81db-34f9-d7e2-c5687a1f70af","FullyQualifiedName":"GitHub_Repos_API_Tests.RepoApiTests.Test_GetAllReposForUser","DisplayName":"Test_GetAllReposForUser","ExecutorUri":"executor://NUnit3TestExecutor","Source":"C:\\Users\\Oleg\\Desktop\\RestSharp_GitHub_Demo\\GitHub_API_Tests\\bin\\Debug\\net6.0\\fine-code-coverage\\build-output\\GitHub_API_Tests.dll","CodeFilePath":null,"LineNumber":0,"Properties":[{"Key":{"Id":"NUnit.Seed","Label":"Seed","Category":"","Description":"","Attributes":0,"ValueType":"System.String"},"Value":"2100556243"}]},"Attachments":[],"Outcome":1,"ErrorMessage":null,"ErrorStackTrace":null,"DisplayName":"Test_GetAllReposForUser","Messages":[],"ComputerName":"DESKTOP-VSB273D","Duration":"00:00:00.3397299","StartTime":"2022-05-18T07:10:11.0969353+00:00","EndTime":"2022-05-18T07:10:11.4366649+00:00","Properties":[{"Key":{"Id":"NUnit.Seed","Label":"Seed","Category":"","Description":"","Attributes":0,"ValueType":"System.String"},"Value":"2100556243"}]},{"TestCase":{"Id":"3adbe593-2ba7-529d-b855-12e34eafe3b8","FullyQualifiedName":"GitHub_Repos_API_Tests.RepoApiTests.Test_GetRepository","DisplayName":"Test_GetRepository","ExecutorUri":"executor://NUnit3TestExecutor","Source":"C:\\Users\\Oleg\\Desktop\\RestSharp_GitHub_Demo\\GitHub_API_Tests\\bin\\Debug\\net6.0\\fine-code-coverage\\build-output\\GitHub_API_Tests.dll","CodeFilePath":null,"LineNumber":0,"Properties":[{"Key":{"Id":"NUnit.Seed","Label":"Seed","Category":"","Description":"","Attributes":0,"ValueType":"System.String"},"Value":"2097324553"}]},"Attachments":[],"Outcome":1,"ErrorMessage":null,"ErrorStackTrace":null,"DisplayName":"Test_GetRepository","Messages":[],"ComputerName":"DESKTOP-VSB273D","Duration":"00:00:00.2858790","StartTime":"2022-05-18T07:10:11.4367258+00:00","EndTime":"2022-05-18T07:10:11.7226047+00:00","Properties":[{"Key":{"Id":"NUnit.Seed","Label":"Seed","Category":"","Description":"","Attributes":0,"ValueType":"System.String"},"Value":"2097324553"}]},{"TestCase":{"Id":"7dcf26ae-e58c-6247-e9f2-787e122f7ff4","FullyQualifiedName":"GitHub_Repos_API_Tests.RepoApiTests.Test_GetRepositoryInvalidRepoName","DisplayName":"Test_GetRepositoryInvalidRepoName","ExecutorUri":"executor://NUnit3TestExecutor","Source":"C:\\Users\\Oleg\\Desktop\\RestSharp_GitHub_Demo\\GitHub_API_Tests\\bin\\Debug\\net6.0\\fine-code-coverage\\build-output\\GitHub_API_Tests.dll","CodeFilePath":null,"LineNumber":0,"Properties":[{"Key":{"Id":"NUnit.Seed","Label":"Seed","Category":"","Description":"","Attributes":0,"ValueType":"System.String"},"Value":"422190818"}]},"Attachments":[],"Outcome":1,"ErrorMessage":null,"ErrorStackTrace":null,"DisplayName":"Test_GetRepositoryInvalidRepoName","Messages":[],"ComputerName":"DESKTOP-VSB273D","Duration":"00:00:00.2533900","StartTime":"2022-05-18T07:10:11.7228195+00:00","EndTime":"2022-05-18T07:10:11.9762086+00:00","Properties":[{"Key":{"Id":"NUnit.Seed","Label":"Seed","Category":"","Description":"","Attributes":0,"ValueType":"System.String"},"Value":"422190818"}]},{"TestCase":{"Id":"92dfe7ee-0e5f-8088-938e-0a5df45e433a","FullyQualifiedName":"GitHub_Repos_API_Tests.RepoApiTests.Test_UpdateRepository","DisplayName":"Test_UpdateRepository","ExecutorUri":"executor://NUnit3TestExecutor","Source":"C:\\Users\\Oleg\\Desktop\\RestSharp_GitHub_Demo\\GitHub_API_Tests\\bin\\Debug\\net6.0\\fine-code-coverage\\build-output\\GitHub_API_Tests.dll","CodeFilePath":null,"LineNumber":0,"Properties":[{"Key":{"Id":"NUnit.Seed","Label":"Seed","Category":"","Description":"","Attributes":0,"ValueType":"System.String"},"Value":"245903397"}]},"Attachments":[],"Outcome":2,"ErrorMessage":"  Expected: OK\r\n  But was:  NotFound\r\n","ErrorStackTrace":"   at GitHub_Repos_API_Tests.RepoApiTests.Test_UpdateRepository() in C:\\Users\\Oleg\\Desktop\\RestSharp_GitHub_Demo\\GitHub_API_Tests\\GitHubReposApiTests.cs:line 134\r\n   at NUnit.Framework.Internal.TaskAwaitAdapter.GenericAdapter`1.BlockUntilCompleted()\r\n   at NUnit.Framework.Internal.MessagePumpStrategy.NoMessagePumpStrategy.WaitForCompletion(AwaitAdapter awaiter)\r\n   at NUnit.Framework.Internal.AsyncToSyncAdapter.Await(Func`1 invoke)\r\n   at NUnit.Framework.Internal.Commands.TestMethodCommand.RunTestMethod(TestExecutionContext context)\r\n   at NUnit.Framework.Internal.Commands.TestMethodCommand.Execute(TestExecutionContext context)\r\n   at NUnit.Framework.Internal.Commands.BeforeAndAfterTestCommand.<>c__DisplayClass1_0.<Execute>b__0()\r\n   at NUnit.Framework.Internal.Commands.BeforeAndAfterTestCommand.RunTestMethodInThreadAbortSafeZone(TestExecutionContext context, Action action)\r\n","DisplayName":"Test_UpdateRepository","Messages":[],"ComputerName":"DESKTOP-VSB273D","Duration":"00:00:00.7018960","StartTime":"2022-05-18T07:10:11.9762556+00:00","EndTime":"2022-05-18T07:10:12.6781508+00:00","Properties":[{"Key":{"Id":"NUnit.Seed","Label":"Seed","Category":"","Description":"","Attributes":0,"ValueType":"System.String"},"Value":"245903397"}]}],"TestRunStatistics":{"ExecutedTests":23,"Stats":{"Passed":20,"Failed":3}},"ActiveTests":[{"Id":"336e480d-6bbf-3023-8ac4-076d30fe8adc","FullyQualifiedName":"GitHub_Repos_API_Tests.RepoApiTests.Test_UpdateRepositoryInvalidRepoName","DisplayName":"Test_UpdateRepositoryInvalidRepoName","ExecutorUri":"executor://NUnit3TestExecutor","Source":"C:\\Users\\Oleg\\Desktop\\RestSharp_GitHub_Demo\\GitHub_API_Tests\\bin\\Debug\\net6.0\\fine-code-coverage\\build-output\\GitHub_API_Tests.dll","CodeFilePath":null,"LineNumber":0,"Properties":[{"Key":{"Id":"NUnit.Seed","Label":"Seed","Category":"","Description":"","Attributes":0,"ValueType":"System.String"},"Value":"1304495229"}]}]}}
TpTrace Verbose: 0 : 5848, 7, 2022/05/18, 10:10:12.841, 553479734267, vstest.console.dll, TestRunRequest:SendTestRunStatsChange: Starting.
TpTrace Verbose: 0 : 5848, 7, 2022/05/18, 10:10:12.841, 553479735099, vstest.console.dll, InProgress is Test_UpdateRepositoryInvalidRepoName
TpTrace Information: 0 : 5848, 7, 2022/05/18, 10:10:12.841, 553479735807, vstest.console.dll, TestRunRequest:SendTestRunStatsChange: Completed.
TpTrace Verbose: 0 : 5848, 7, 2022/05/18, 10:10:12.841, 553479736751, vstest.console.dll, TcpClientExtensions.MessageLoopAsync: Polling on remoteEndPoint: 127.0.0.1:53429 localEndPoint: 127.0.0.1:53426
TpTrace Verbose: 0 : 5848, 7, 2022/05/18, 10:10:12.963, 553480956248, vstest.console.dll, TcpClientExtensions.MessageLoopAsync: NotifyDataAvailable remoteEndPoint: 127.0.0.1:53429 localEndPoint: 127.0.0.1:53426
TpTrace Verbose: 0 : 5848, 7, 2022/05/18, 10:10:12.963, 553480958246, vstest.console.dll, TestRequestSender.OnExecutionMessageReceived: Received message: {"Version":5,"MessageType":"TestSession.Message","Payload":{"MessageLevel":0,"Message":"NUnit Adapter 4.0.0.0: Test execution complete"}}
TpTrace Verbose: 0 : 5848, 7, 2022/05/18, 10:10:12.963, 553480960407, vstest.console.dll, TestRunRequest:SendTestRunMessage: Starting.
TpTrace Information: 0 : 5848, 7, 2022/05/18, 10:10:12.964, 553480961804, vstest.console.dll, TestRunRequest:SendTestRunMessage: Completed.
TpTrace Verbose: 0 : 5848, 7, 2022/05/18, 10:10:12.964, 553480963097, vstest.console.dll, TcpClientExtensions.MessageLoopAsync: Polling on remoteEndPoint: 127.0.0.1:53429 localEndPoint: 127.0.0.1:53426
TpTrace Verbose: 0 : 5848, 7, 2022/05/18, 10:10:12.993, 553481251057, vstest.console.dll, TcpClientExtensions.MessageLoopAsync: NotifyDataAvailable remoteEndPoint: 127.0.0.1:53429 localEndPoint: 127.0.0.1:53426
TpTrace Verbose: 0 : 5848, 7, 2022/05/18, 10:10:12.993, 553481252592, vstest.console.dll, TestRequestSender.OnExecutionMessageReceived: Received message: {"Version":5,"MessageType":"TestExecution.Completed","Payload":{"TestRunCompleteArgs":{"TestRunStatistics":{"ExecutedTests":24,"Stats":{"Passed":21,"Failed":3}},"IsCanceled":false,"IsAborted":false,"Error":null,"AttachmentSets":[],"ElapsedTimeInRunningTests":"00:00:13.0840263","Metrics":{}},"LastRunTests":{"NewTestResults":[{"TestCase":{"Id":"336e480d-6bbf-3023-8ac4-076d30fe8adc","FullyQualifiedName":"GitHub_Repos_API_Tests.RepoApiTests.Test_UpdateRepositoryInvalidRepoName","DisplayName":"Test_UpdateRepositoryInvalidRepoName","ExecutorUri":"executor://NUnit3TestExecutor","Source":"C:\\Users\\Oleg\\Desktop\\RestSharp_GitHub_Demo\\GitHub_API_Tests\\bin\\Debug\\net6.0\\fine-code-coverage\\build-output\\GitHub_API_Tests.dll","CodeFilePath":null,"LineNumber":0,"Properties":[{"Key":{"Id":"NUnit.Seed","Label":"Seed","Category":"","Description":"","Attributes":0,"ValueType":"System.String"},"Value":"1304495229"}]},"Attachments":[],"Outcome":1,"ErrorMessage":null,"ErrorStackTrace":null,"DisplayName":"Test_UpdateRepositoryInvalidRepoName","Messages":[],"ComputerName":"DESKTOP-VSB273D","Duration":"00:00:00.2662890","StartTime":"2022-05-18T07:10:12.6781993+00:00","EndTime":"2022-05-18T07:10:12.9444876+00:00","Properties":[{"Key":{"Id":"NUnit.Seed","Label":"Seed","Category":"","Description":"","Attributes":0,"ValueType":"System.String"},"Value":"1304495229"}]}],"TestRunStatistics":{"ExecutedTests":24,"Stats":{"Passed":21,"Failed":3}},"ActiveTests":[]},"RunAttachments":[],"ExecutorUris":["executor://nunit3testexecutor/"]}}
TpTrace Verbose: 0 : 5848, 7, 2022/05/18, 10:10:12.993, 553481254726, vstest.console.dll, TestRequestSender.EndSession: Sending end session.
TpTrace Verbose: 0 : 5848, 7, 2022/05/18, 10:10:12.993, 553481256198, vstest.console.dll, ProxyOperationManager.Close: waiting for test host to exit for 100 ms
TpTrace Warning: 0 : 5848, 11, 2022/05/18, 10:10:13.021, 553481540653, vstest.console.dll, TestHostManagerCallbacks.ErrorReceivedCallback Test host standard error line: 
TpTrace Verbose: 0 : 5848, 8, 2022/05/18, 10:10:13.039, 553481719264, vstest.console.dll, TestHostProvider.ExitCallBack: Host exited starting callback.
TpTrace Information: 0 : 5848, 8, 2022/05/18, 10:10:13.040, 553481724710, vstest.console.dll, TestHostManagerCallbacks.ExitCallBack: Testhost processId: 6028 exited with exitcode: 0 error: ''
TpTrace Verbose: 0 : 5848, 8, 2022/05/18, 10:10:13.040, 553481725269, vstest.console.dll, DotnetTestHostManager.OnHostExited: invoking OnHostExited callback
TpTrace Verbose: 0 : 5848, 8, 2022/05/18, 10:10:13.040, 553481725799, vstest.console.dll, CrossPlatEngine.TestHostManagerHostExited: calling on client process exit callback.
TpTrace Information: 0 : 5848, 8, 2022/05/18, 10:10:13.040, 553481726372, vstest.console.dll, TestRequestSender.OnClientProcessExit: Test host process exited. Standard error: 
TpTrace Information: 0 : 5848, 7, 2022/05/18, 10:10:13.040, 553481726606, vstest.console.dll, SocketServer.Stop: Stop server endPoint: 127.0.0.1:53426
TpTrace Information: 0 : 5848, 8, 2022/05/18, 10:10:13.040, 553481726798, vstest.console.dll, SocketServer.Stop: Stop server endPoint: 127.0.0.1:53426
TpTrace Information: 0 : 5848, 7, 2022/05/18, 10:10:13.040, 553481727149, vstest.console.dll, SocketServer.Stop: Cancellation requested. Stopping message loop.
TpTrace Information: 0 : 5848, 8, 2022/05/18, 10:10:13.040, 553481727523, vstest.console.dll, SocketServer.Stop: Cancellation requested. Stopping message loop.
TpTrace Information: 0 : 5848, 7, 2022/05/18, 10:10:13.040, 553481728724, vstest.console.dll, Closing the connection
TpTrace Warning: 0 : 5848, 7, 2022/05/18, 10:10:13.040, 553481729647, vstest.console.dll, ProxyOperationManager: Timed out waiting for test host to exit. Will terminate process.
TpTrace Verbose: 0 : 5848, 7, 2022/05/18, 10:10:13.041, 553481733098, vstest.console.dll, ProxyDataCollectionManager.InvokeDataCollectionServiceAction: Starting.
TpTrace Information: 0 : 5848, 7, 2022/05/18, 10:10:13.041, 553481733540, vstest.console.dll, ProxyDataCollectionManager.AfterTestRunEnd: Get attachment set for datacollector processId: 12336 port: 53421
TpTrace Verbose: 0 : 5848, 7, 2022/05/18, 10:10:13.041, 553481734046, vstest.console.dll, DataCollectionRequestSender.SendAfterTestRunStartAndGetResult : Send AfterTestRunEnd message with isCancelled: False
TpTrace Verbose: 0 : 5848, 7, 2022/05/18, 10:10:13.044, 553481769643, vstest.console.dll, DataCollectionRequestSender.SendAfterTestRunStartAndGetResult : Received message: (DataCollection.AfterTestRunEndResult) -> {
  "AttachmentSets": [],
  "Metrics": {}
}
TpTrace Information: 0 : 5848, 7, 2022/05/18, 10:10:13.048, 553481810296, vstest.console.dll, ProxyDataCollectionManager.InvokeDataCollectionServiceAction: Completed.
TpTrace Warning: 0 : 5848, 10, 2022/05/18, 10:10:13.049, 553481818622, vstest.console.dll, DataCollectionLauncher.ErrorReceivedCallback datacollector standard error line: 
TpTrace Information: 0 : 5848, 8, 2022/05/18, 10:10:13.058, 553481902124, vstest.console.dll, DataCollectionLauncher.ExitCallBack: Data collector exited with exitcode: 0 error: ''
TpTrace Verbose: 0 : 5848, 7, 2022/05/18, 10:10:13.074, 553482061037, vstest.console.dll, TestRunRequest:SendTestRunStatsChange: Starting.
TpTrace Information: 0 : 5848, 7, 2022/05/18, 10:10:13.074, 553482062016, vstest.console.dll, TestRunRequest:SendTestRunStatsChange: Completed.
TpTrace Verbose: 0 : 5848, 7, 2022/05/18, 10:10:13.074, 553482064357, vstest.console.dll, ParallelProxyExecutionManager: HandlePartialRunComplete: Total completed clients = 1, Run complete = True, Run canceled: False.
TpTrace Verbose: 0 : 5848, 7, 2022/05/18, 10:10:13.094, 553482261908, vstest.console.dll, TestRunRequest:TestRunComplete: Starting. IsAborted:False IsCanceled:False.
TpTrace Verbose: 0 : 5848, 7, 2022/05/18, 10:10:13.094, 553482263665, vstest.console.dll, TestLoggerManager.HandleTestRunComplete: Ignoring as the object is disposed.
TpTrace Information: 0 : 5848, 7, 2022/05/18, 10:10:13.094, 553482266312, vstest.console.dll, TestRunRequest:TestRunComplete: Completed.
TpTrace Verbose: 0 : 5848, 1, 2022/05/18, 10:10:13.094, 553482266510, vstest.console.dll, TestRunRequest.Dispose: Starting.
TpTrace Verbose: 0 : 5848, 7, 2022/05/18, 10:10:13.094, 553482266807, vstest.console.dll, TestRequestSender.SetOperationComplete: Setting operation complete.
TpTrace Information: 0 : 5848, 1, 2022/05/18, 10:10:13.094, 553482267389, vstest.console.dll, TestRunRequest.Dispose: Completed.
TpTrace Information: 0 : 5848, 7, 2022/05/18, 10:10:13.094, 553482267698, vstest.console.dll, SocketServer.Stop: Stop server endPoint: 127.0.0.1:53426
TpTrace Information: 0 : 5848, 1, 2022/05/18, 10:10:13.094, 553482268194, vstest.console.dll, TestRequestManager.RunTests: run tests completed.
TpTrace Information: 0 : 5848, 7, 2022/05/18, 10:10:13.094, 553482268378, vstest.console.dll, SocketServer.Stop: Cancellation requested. Stopping message loop.
TpTrace Information: 0 : 5848, 7, 2022/05/18, 10:10:13.094, 553482269170, vstest.console.dll, SocketServer.PrivateStop: Stopping server endPoint: 127.0.0.1:53426 error: 
TpTrace Information: 0 : 5848, 1, 2022/05/18, 10:10:13.094, 553482269223, vstest.console.dll, RunTestsArgumentProcessor:Execute: Test run is completed.
TpTrace Verbose: 0 : 5848, 1, 2022/05/18, 10:10:13.095, 553482271364, vstest.console.dll, Executor.Execute: Exiting with exit code of 1
TpTrace Verbose: 0 : 5848, 7, 2022/05/18, 10:10:13.095, 553482273602, vstest.console.dll, LengthPrefixCommunicationChannel.Dispose: Dispose reader and writer.
TpTrace Information: 0 : 5848, 7, 2022/05/18, 10:10:13.095, 553482274381, vstest.console.dll, SocketServer.Stop: Raise disconnected event endPoint: 127.0.0.1:53426 error: 
TpTrace Verbose: 0 : 5848, 7, 2022/05/18, 10:10:13.095, 553482274990, vstest.console.dll, TestRequestSender: OnTestRunAbort: Operation is already complete. Skip error message.
TpTrace Verbose: 0 : 5848, 7, 2022/05/18, 10:10:13.095, 553482275327, vstest.console.dll, TcpClientExtensions.MessageLoopAsync: exiting MessageLoopAsync remoteEndPoint: 127.0.0.1:53429 localEndPoint: 127.0.0.1:53426
