<?xml version="1.0" encoding="utf-8"?>
<coverage line-rate="0.9192" branch-rate="0.75" version="1.9" timestamp="1652857813" lines-covered="239" lines-valid="260" branches-covered="6" branches-valid="8">
  <sources>
    <source>C:\Users\Oleg\</source>
  </sources>
  <packages>
    <package name="GitHub_API_Tests" line-rate="0.9439" branch-rate="1" complexity="32">
      <classes>
        <class name="AutoGeneratedProgram" filename=".nuget\packages\microsoft.net.test.sdk\16.11.0\build\netcoreapp2.1\Microsoft.NET.Test.Sdk.Program.cs" line-rate="0" branch-rate="1" complexity="1">
          <methods>
            <method name="Main" signature="(System.String[])" line-rate="0" branch-rate="1" complexity="1">
              <lines>
                <line number="4" hits="0" branch="False" />
              </lines>
            </method>
          </methods>
          <lines>
            <line number="4" hits="0" branch="False" />
          </lines>
        </class>
        <class name="GitHub_Repos_API_Tests.RepoApiTests" filename="Desktop\RestSharp_GitHub_Demo\GitHub_API_Tests\GitHubReposApiTests.cs" line-rate="1" branch-rate="1" complexity="1">
          <methods>
            <method name="init" signature="()" line-rate="1" branch-rate="1" complexity="1">
              <lines>
                <line number="19" hits="8" branch="False" />
                <line number="20" hits="8" branch="False" />
                <line number="21" hits="8" branch="False" />
                <line number="22" hits="8" branch="False" />
              </lines>
            </method>
          </methods>
          <lines>
            <line number="19" hits="8" branch="False" />
            <line number="20" hits="8" branch="False" />
            <line number="21" hits="8" branch="False" />
            <line number="22" hits="8" branch="False" />
          </lines>
        </class>
        <class name="GitHub_Repos_API_Tests.RepoApiTests/&lt;Test_CreateRepository&gt;d__5" filename="Desktop\RestSharp_GitHub_Demo\GitHub_API_Tests\GitHubReposApiTests.cs" line-rate="1" branch-rate="1" complexity="1">
          <methods>
            <method name="MoveNext" signature="()" line-rate="1" branch-rate="1" complexity="1">
              <lines>
                <line number="72" hits="1" branch="False" />
                <line number="73" hits="1" branch="False" />
                <line number="74" hits="1" branch="False" />
                <line number="76" hits="1" branch="False" />
                <line number="77" hits="1" branch="False" />
                <line number="78" hits="1" branch="False" />
                <line number="80" hits="1" branch="False" />
                <line number="82" hits="1" branch="False" />
                <line number="84" hits="1" branch="False" />
                <line number="86" hits="1" branch="False" />
                <line number="87" hits="1" branch="False" />
                <line number="88" hits="1" branch="False" />
                <line number="89" hits="1" branch="False" />
                <line number="91" hits="1" branch="False" />
                <line number="92" hits="1" branch="False" />
                <line number="93" hits="1" branch="False" />
              </lines>
            </method>
          </methods>
          <lines>
            <line number="72" hits="1" branch="False" />
            <line number="73" hits="1" branch="False" />
            <line number="74" hits="1" branch="False" />
            <line number="76" hits="1" branch="False" />
            <line number="77" hits="1" branch="False" />
            <line number="78" hits="1" branch="False" />
            <line number="80" hits="1" branch="False" />
            <line number="82" hits="1" branch="False" />
            <line number="84" hits="1" branch="False" />
            <line number="86" hits="1" branch="False" />
            <line number="87" hits="1" branch="False" />
            <line number="88" hits="1" branch="False" />
            <line number="89" hits="1" branch="False" />
            <line number="91" hits="1" branch="False" />
            <line number="92" hits="1" branch="False" />
            <line number="93" hits="1" branch="False" />
          </lines>
        </class>
        <class name="GitHub_Repos_API_Tests.RepoApiTests/&lt;Test_DeleteRepository&gt;d__6" filename="Desktop\RestSharp_GitHub_Demo\GitHub_API_Tests\GitHubReposApiTests.cs" line-rate="1" branch-rate="1" complexity="1">
          <methods>
            <method name="MoveNext" signature="()" line-rate="1" branch-rate="1" complexity="1">
              <lines>
                <line number="97" hits="1" branch="False" />
                <line number="98" hits="1" branch="False" />
                <line number="99" hits="1" branch="False" />
                <line number="101" hits="1" branch="False" />
                <line number="103" hits="1" branch="False" />
                <line number="105" hits="1" branch="False" />
                <line number="107" hits="1" branch="False" />
                <line number="108" hits="1" branch="False" />
                <line number="109" hits="1" branch="False" />
              </lines>
            </method>
          </methods>
          <lines>
            <line number="97" hits="1" branch="False" />
            <line number="98" hits="1" branch="False" />
            <line number="99" hits="1" branch="False" />
            <line number="101" hits="1" branch="False" />
            <line number="103" hits="1" branch="False" />
            <line number="105" hits="1" branch="False" />
            <line number="107" hits="1" branch="False" />
            <line number="108" hits="1" branch="False" />
            <line number="109" hits="1" branch="False" />
          </lines>
        </class>
        <class name="GitHub_Repos_API_Tests.RepoApiTests/&lt;Test_DeleteRepositoryInvalidRepoName&gt;d__7" filename="Desktop\RestSharp_GitHub_Demo\GitHub_API_Tests\GitHubReposApiTests.cs" line-rate="1" branch-rate="1" complexity="1">
          <methods>
            <method name="MoveNext" signature="()" line-rate="1" branch-rate="1" complexity="1">
              <lines>
                <line number="113" hits="1" branch="False" />
                <line number="114" hits="1" branch="False" />
                <line number="115" hits="1" branch="False" />
                <line number="117" hits="1" branch="False" />
                <line number="119" hits="1" branch="False" />
                <line number="120" hits="1" branch="False" />
              </lines>
            </method>
          </methods>
          <lines>
            <line number="113" hits="1" branch="False" />
            <line number="114" hits="1" branch="False" />
            <line number="115" hits="1" branch="False" />
            <line number="117" hits="1" branch="False" />
            <line number="119" hits="1" branch="False" />
            <line number="120" hits="1" branch="False" />
          </lines>
        </class>
        <class name="GitHub_Repos_API_Tests.RepoApiTests/&lt;Test_GetAllReposForUser&gt;d__2" filename="Desktop\RestSharp_GitHub_Demo\GitHub_API_Tests\GitHubReposApiTests.cs" line-rate="1" branch-rate="1" complexity="2">
          <methods>
            <method name="MoveNext" signature="()" line-rate="1" branch-rate="1" complexity="2">
              <lines>
                <line number="26" hits="1" branch="False" />
                <line number="27" hits="1" branch="False" />
                <line number="29" hits="1" branch="False" />
                <line number="31" hits="1" branch="False" />
                <line number="33" hits="1" branch="False" />
                <line number="35" hits="13" branch="True" condition-coverage="100% (2/2)">
                  <conditions>
                    <condition number="351" type="jump" coverage="100%" />
                  </conditions>
                </line>
                <line number="36" hits="5" branch="False" />
                <line number="37" hits="5" branch="False" />
                <line number="38" hits="5" branch="False" />
                <line number="39" hits="5" branch="False" />
                <line number="40" hits="5" branch="False" />
                <line number="41" hits="1" branch="False" />
              </lines>
            </method>
          </methods>
          <lines>
            <line number="26" hits="1" branch="False" />
            <line number="27" hits="1" branch="False" />
            <line number="29" hits="1" branch="False" />
            <line number="31" hits="1" branch="False" />
            <line number="33" hits="1" branch="False" />
            <line number="35" hits="13" branch="True" condition-coverage="100% (2/2)">
              <conditions>
                <condition number="351" type="jump" coverage="100%" />
              </conditions>
            </line>
            <line number="36" hits="5" branch="False" />
            <line number="37" hits="5" branch="False" />
            <line number="38" hits="5" branch="False" />
            <line number="39" hits="5" branch="False" />
            <line number="40" hits="5" branch="False" />
            <line number="41" hits="1" branch="False" />
          </lines>
        </class>
        <class name="GitHub_Repos_API_Tests.RepoApiTests/&lt;Test_GetRepository&gt;d__3" filename="Desktop\RestSharp_GitHub_Demo\GitHub_API_Tests\GitHubReposApiTests.cs" line-rate="1" branch-rate="1" complexity="1">
          <methods>
            <method name="MoveNext" signature="()" line-rate="1" branch-rate="1" complexity="1">
              <lines>
                <line number="45" hits="1" branch="False" />
                <line number="46" hits="1" branch="False" />
                <line number="48" hits="1" branch="False" />
                <line number="50" hits="1" branch="False" />
                <line number="52" hits="1" branch="False" />
                <line number="54" hits="1" branch="False" />
                <line number="55" hits="1" branch="False" />
                <line number="56" hits="1" branch="False" />
                <line number="57" hits="1" branch="False" />
                <line number="58" hits="1" branch="False" />
              </lines>
            </method>
          </methods>
          <lines>
            <line number="45" hits="1" branch="False" />
            <line number="46" hits="1" branch="False" />
            <line number="48" hits="1" branch="False" />
            <line number="50" hits="1" branch="False" />
            <line number="52" hits="1" branch="False" />
            <line number="54" hits="1" branch="False" />
            <line number="55" hits="1" branch="False" />
            <line number="56" hits="1" branch="False" />
            <line number="57" hits="1" branch="False" />
            <line number="58" hits="1" branch="False" />
          </lines>
        </class>
        <class name="GitHub_Repos_API_Tests.RepoApiTests/&lt;Test_GetRepositoryInvalidRepoName&gt;d__4" filename="Desktop\RestSharp_GitHub_Demo\GitHub_API_Tests\GitHubReposApiTests.cs" line-rate="1" branch-rate="1" complexity="1">
          <methods>
            <method name="MoveNext" signature="()" line-rate="1" branch-rate="1" complexity="1">
              <lines>
                <line number="62" hits="1" branch="False" />
                <line number="63" hits="1" branch="False" />
                <line number="65" hits="1" branch="False" />
                <line number="67" hits="1" branch="False" />
                <line number="68" hits="1" branch="False" />
              </lines>
            </method>
          </methods>
          <lines>
            <line number="62" hits="1" branch="False" />
            <line number="63" hits="1" branch="False" />
            <line number="65" hits="1" branch="False" />
            <line number="67" hits="1" branch="False" />
            <line number="68" hits="1" branch="False" />
          </lines>
        </class>
        <class name="GitHub_Repos_API_Tests.RepoApiTests/&lt;Test_UpdateRepository&gt;d__8" filename="Desktop\RestSharp_GitHub_Demo\GitHub_API_Tests\GitHubReposApiTests.cs" line-rate="0.5625" branch-rate="1" complexity="1">
          <methods>
            <method name="MoveNext" signature="()" line-rate="0.5625" branch-rate="1" complexity="1">
              <lines>
                <line number="124" hits="1" branch="False" />
                <line number="125" hits="1" branch="False" />
                <line number="126" hits="1" branch="False" />
                <line number="127" hits="1" branch="False" />
                <line number="128" hits="1" branch="False" />
                <line number="129" hits="1" branch="False" />
                <line number="131" hits="1" branch="False" />
                <line number="132" hits="1" branch="False" />
                <line number="134" hits="1" branch="False" />
                <line number="136" hits="0" branch="False" />
                <line number="138" hits="0" branch="False" />
                <line number="139" hits="0" branch="False" />
                <line number="140" hits="0" branch="False" />
                <line number="142" hits="0" branch="False" />
                <line number="143" hits="0" branch="False" />
                <line number="144" hits="0" branch="False" />
              </lines>
            </method>
          </methods>
          <lines>
            <line number="124" hits="1" branch="False" />
            <line number="125" hits="1" branch="False" />
            <line number="126" hits="1" branch="False" />
            <line number="127" hits="1" branch="False" />
            <line number="128" hits="1" branch="False" />
            <line number="129" hits="1" branch="False" />
            <line number="131" hits="1" branch="False" />
            <line number="132" hits="1" branch="False" />
            <line number="134" hits="1" branch="False" />
            <line number="136" hits="0" branch="False" />
            <line number="138" hits="0" branch="False" />
            <line number="139" hits="0" branch="False" />
            <line number="140" hits="0" branch="False" />
            <line number="142" hits="0" branch="False" />
            <line number="143" hits="0" branch="False" />
            <line number="144" hits="0" branch="False" />
          </lines>
        </class>
        <class name="GitHub_Repos_API_Tests.RepoApiTests/&lt;Test_UpdateRepositoryInvalidRepoName&gt;d__9" filename="Desktop\RestSharp_GitHub_Demo\GitHub_API_Tests\GitHubReposApiTests.cs" line-rate="1" branch-rate="1" complexity="1">
          <methods>
            <method name="MoveNext" signature="()" line-rate="1" branch-rate="1" complexity="1">
              <lines>
                <line number="148" hits="1" branch="False" />
                <line number="149" hits="1" branch="False" />
                <line number="150" hits="1" branch="False" />
                <line number="152" hits="1" branch="False" />
                <line number="154" hits="1" branch="False" />
                <line number="155" hits="1" branch="False" />
              </lines>
            </method>
          </methods>
          <lines>
            <line number="148" hits="1" branch="False" />
            <line number="149" hits="1" branch="False" />
            <line number="150" hits="1" branch="False" />
            <line number="152" hits="1" branch="False" />
            <line number="154" hits="1" branch="False" />
            <line number="155" hits="1" branch="False" />
          </lines>
        </class>
        <class name="GitHub_Repos_API_Tests.RepoApiTests/&lt;getReposCount&gt;d__10" filename="Desktop\RestSharp_GitHub_Demo\GitHub_API_Tests\GitHubReposApiTests.cs" line-rate="1" branch-rate="1" complexity="1">
          <methods>
            <method name="MoveNext" signature="()" line-rate="1" branch-rate="1" complexity="1">
              <lines>
                <line number="158" hits="5" branch="False" />
                <line number="159" hits="5" branch="False" />
                <line number="160" hits="5" branch="False" />
              </lines>
            </method>
          </methods>
          <lines>
            <line number="158" hits="5" branch="False" />
            <line number="159" hits="5" branch="False" />
            <line number="160" hits="5" branch="False" />
          </lines>
        </class>
        <class name="GitHub_Issues_API_Tests.IssuesApiTests" filename="Desktop\RestSharp_GitHub_Demo\GitHub_API_Tests\GitHubIssueApiTests.cs" line-rate="1" branch-rate="1" complexity="1">
          <methods>
            <method name="Setup" signature="()" line-rate="1" branch-rate="1" complexity="1">
              <lines>
                <line number="19" hits="9" branch="False" />
                <line number="20" hits="9" branch="False" />
                <line number="21" hits="9" branch="False" />
                <line number="22" hits="9" branch="False" />
              </lines>
            </method>
          </methods>
          <lines>
            <line number="19" hits="9" branch="False" />
            <line number="20" hits="9" branch="False" />
            <line number="21" hits="9" branch="False" />
            <line number="22" hits="9" branch="False" />
          </lines>
        </class>
        <class name="GitHub_Issues_API_Tests.IssuesApiTests/&lt;Test_GetAllIssuesInvalidRepository&gt;d__5" filename="Desktop\RestSharp_GitHub_Demo\GitHub_API_Tests\GitHubIssueApiTests.cs" line-rate="1" branch-rate="1" complexity="1">
          <methods>
            <method name="MoveNext" signature="()" line-rate="1" branch-rate="1" complexity="1">
              <lines>
                <line number="61" hits="1" branch="False" />
                <line number="62" hits="1" branch="False" />
                <line number="64" hits="1" branch="False" />
                <line number="67" hits="1" branch="False" />
                <line number="68" hits="1" branch="False" />
              </lines>
            </method>
          </methods>
          <lines>
            <line number="61" hits="1" branch="False" />
            <line number="62" hits="1" branch="False" />
            <line number="64" hits="1" branch="False" />
            <line number="67" hits="1" branch="False" />
            <line number="68" hits="1" branch="False" />
          </lines>
        </class>
        <class name="GitHub_Issues_API_Tests.IssuesApiTests/&lt;Test_GetAllIssuesInvalidUser&gt;d__6" filename="Desktop\RestSharp_GitHub_Demo\GitHub_API_Tests\GitHubIssueApiTests.cs" line-rate="1" branch-rate="1" complexity="1">
          <methods>
            <method name="MoveNext" signature="()" line-rate="1" branch-rate="1" complexity="1">
              <lines>
                <line number="72" hits="1" branch="False" />
                <line number="73" hits="1" branch="False" />
                <line number="75" hits="1" branch="False" />
                <line number="78" hits="1" branch="False" />
                <line number="79" hits="1" branch="False" />
              </lines>
            </method>
          </methods>
          <lines>
            <line number="72" hits="1" branch="False" />
            <line number="73" hits="1" branch="False" />
            <line number="75" hits="1" branch="False" />
            <line number="78" hits="1" branch="False" />
            <line number="79" hits="1" branch="False" />
          </lines>
        </class>
        <class name="GitHub_Issues_API_Tests.IssuesApiTests/&lt;Test_GetAllIssuesMiltipleIssues&gt;d__4" filename="Desktop\RestSharp_GitHub_Demo\GitHub_API_Tests\GitHubIssueApiTests.cs" line-rate="1" branch-rate="1" complexity="2">
          <methods>
            <method name="MoveNext" signature="()" line-rate="1" branch-rate="1" complexity="2">
              <lines>
                <line number="37" hits="1" branch="False" />
                <line number="39" hits="1" branch="False" />
                <line number="42" hits="1" branch="False" />
                <line number="44" hits="1" branch="False" />
                <line number="46" hits="1" branch="False" />
                <line number="49" hits="1" branch="False" />
                <line number="51" hits="63" branch="True" condition-coverage="100% (2/2)">
                  <conditions>
                    <condition number="373" type="jump" coverage="100%" />
                  </conditions>
                </line>
                <line number="52" hits="30" branch="False" />
                <line number="53" hits="30" branch="False" />
                <line number="54" hits="30" branch="False" />
                <line number="55" hits="30" branch="False" />
                <line number="56" hits="30" branch="False" />
                <line number="57" hits="1" branch="False" />
              </lines>
            </method>
          </methods>
          <lines>
            <line number="37" hits="1" branch="False" />
            <line number="39" hits="1" branch="False" />
            <line number="42" hits="1" branch="False" />
            <line number="44" hits="1" branch="False" />
            <line number="46" hits="1" branch="False" />
            <line number="49" hits="1" branch="False" />
            <line number="51" hits="63" branch="True" condition-coverage="100% (2/2)">
              <conditions>
                <condition number="373" type="jump" coverage="100%" />
              </conditions>
            </line>
            <line number="52" hits="30" branch="False" />
            <line number="53" hits="30" branch="False" />
            <line number="54" hits="30" branch="False" />
            <line number="55" hits="30" branch="False" />
            <line number="56" hits="30" branch="False" />
            <line number="57" hits="1" branch="False" />
          </lines>
        </class>
        <class name="GitHub_Issues_API_Tests.IssuesApiTests/&lt;Test_GetAllIssuesStatusOk&gt;d__3" filename="Desktop\RestSharp_GitHub_Demo\GitHub_API_Tests\GitHubIssueApiTests.cs" line-rate="1" branch-rate="1" complexity="1">
          <methods>
            <method name="MoveNext" signature="()" line-rate="1" branch-rate="1" complexity="1">
              <lines>
                <line number="26" hits="1" branch="False" />
                <line number="28" hits="1" branch="False" />
                <line number="30" hits="1" branch="False" />
                <line number="32" hits="1" branch="False" />
                <line number="33" hits="1" branch="False" />
              </lines>
            </method>
          </methods>
          <lines>
            <line number="26" hits="1" branch="False" />
            <line number="28" hits="1" branch="False" />
            <line number="30" hits="1" branch="False" />
            <line number="32" hits="1" branch="False" />
            <line number="33" hits="1" branch="False" />
          </lines>
        </class>
        <class name="GitHub_Issues_API_Tests.IssuesApiTests/&lt;Test_GetSignleIssue&gt;d__7" filename="Desktop\RestSharp_GitHub_Demo\GitHub_API_Tests\GitHubIssueApiTests.cs" line-rate="1" branch-rate="1" complexity="1">
          <methods>
            <method name="MoveNext" signature="()" line-rate="1" branch-rate="1" complexity="1">
              <lines>
                <line number="83" hits="1" branch="False" />
                <line number="84" hits="1" branch="False" />
                <line number="86" hits="1" branch="False" />
                <line number="88" hits="1" branch="False" />
                <line number="90" hits="1" branch="False" />
                <line number="92" hits="1" branch="False" />
                <line number="93" hits="1" branch="False" />
                <line number="94" hits="1" branch="False" />
                <line number="95" hits="1" branch="False" />
                <line number="96" hits="1" branch="False" />
              </lines>
            </method>
          </methods>
          <lines>
            <line number="83" hits="1" branch="False" />
            <line number="84" hits="1" branch="False" />
            <line number="86" hits="1" branch="False" />
            <line number="88" hits="1" branch="False" />
            <line number="90" hits="1" branch="False" />
            <line number="92" hits="1" branch="False" />
            <line number="93" hits="1" branch="False" />
            <line number="94" hits="1" branch="False" />
            <line number="95" hits="1" branch="False" />
            <line number="96" hits="1" branch="False" />
          </lines>
        </class>
        <class name="GitHub_Issues_API_Tests.IssuesApiTests/&lt;Test_PostIssueWithTitleAndBody&gt;d__8" filename="Desktop\RestSharp_GitHub_Demo\GitHub_API_Tests\GitHubIssueApiTests.cs" line-rate="1" branch-rate="1" complexity="1">
          <methods>
            <method name="MoveNext" signature="()" line-rate="1" branch-rate="1" complexity="1">
              <lines>
                <line number="100" hits="1" branch="False" />
                <line number="102" hits="1" branch="False" />
                <line number="103" hits="1" branch="False" />
                <line number="104" hits="1" branch="False" />
                <line number="105" hits="1" branch="False" />
                <line number="108" hits="1" branch="False" />
                <line number="110" hits="1" branch="False" />
                <line number="112" hits="1" branch="False" />
                <line number="114" hits="1" branch="False" />
                <line number="115" hits="1" branch="False" />
                <line number="116" hits="1" branch="False" />
                <line number="117" hits="1" branch="False" />
                <line number="118" hits="1" branch="False" />
              </lines>
            </method>
          </methods>
          <lines>
            <line number="100" hits="1" branch="False" />
            <line number="102" hits="1" branch="False" />
            <line number="103" hits="1" branch="False" />
            <line number="104" hits="1" branch="False" />
            <line number="105" hits="1" branch="False" />
            <line number="108" hits="1" branch="False" />
            <line number="110" hits="1" branch="False" />
            <line number="112" hits="1" branch="False" />
            <line number="114" hits="1" branch="False" />
            <line number="115" hits="1" branch="False" />
            <line number="116" hits="1" branch="False" />
            <line number="117" hits="1" branch="False" />
            <line number="118" hits="1" branch="False" />
          </lines>
        </class>
        <class name="GitHub_Issues_API_Tests.IssuesApiTests/&lt;Test_PostIssueWithoutTitle&gt;d__9" filename="Desktop\RestSharp_GitHub_Demo\GitHub_API_Tests\GitHubIssueApiTests.cs" line-rate="1" branch-rate="1" complexity="1">
          <methods>
            <method name="MoveNext" signature="()" line-rate="1" branch-rate="1" complexity="1">
              <lines>
                <line number="122" hits="1" branch="False" />
                <line number="123" hits="1" branch="False" />
                <line number="124" hits="1" branch="False" />
                <line number="125" hits="1" branch="False" />
                <line number="127" hits="1" branch="False" />
                <line number="129" hits="1" branch="False" />
                <line number="130" hits="1" branch="False" />
              </lines>
            </method>
          </methods>
          <lines>
            <line number="122" hits="1" branch="False" />
            <line number="123" hits="1" branch="False" />
            <line number="124" hits="1" branch="False" />
            <line number="125" hits="1" branch="False" />
            <line number="127" hits="1" branch="False" />
            <line number="129" hits="1" branch="False" />
            <line number="130" hits="1" branch="False" />
          </lines>
        </class>
        <class name="GitHub_Issues_API_Tests.IssuesApiTests/&lt;Test_UpdateExistingIssue&gt;d__10" filename="Desktop\RestSharp_GitHub_Demo\GitHub_API_Tests\GitHubIssueApiTests.cs" line-rate="1" branch-rate="1" complexity="1">
          <methods>
            <method name="MoveNext" signature="()" line-rate="1" branch-rate="1" complexity="1">
              <lines>
                <line number="134" hits="1" branch="False" />
                <line number="135" hits="1" branch="False" />
                <line number="136" hits="1" branch="False" />
                <line number="137" hits="1" branch="False" />
                <line number="138" hits="1" branch="False" />
                <line number="140" hits="1" branch="False" />
                <line number="142" hits="1" branch="False" />
                <line number="144" hits="1" branch="False" />
                <line number="146" hits="1" branch="False" />
                <line number="147" hits="1" branch="False" />
                <line number="148" hits="1" branch="False" />
                <line number="149" hits="1" branch="False" />
                <line number="150" hits="1" branch="False" />
              </lines>
            </method>
          </methods>
          <lines>
            <line number="134" hits="1" branch="False" />
            <line number="135" hits="1" branch="False" />
            <line number="136" hits="1" branch="False" />
            <line number="137" hits="1" branch="False" />
            <line number="138" hits="1" branch="False" />
            <line number="140" hits="1" branch="False" />
            <line number="142" hits="1" branch="False" />
            <line number="144" hits="1" branch="False" />
            <line number="146" hits="1" branch="False" />
            <line number="147" hits="1" branch="False" />
            <line number="148" hits="1" branch="False" />
            <line number="149" hits="1" branch="False" />
            <line number="150" hits="1" branch="False" />
          </lines>
        </class>
        <class name="GitHub_Issues_API_Tests.IssuesApiTests/&lt;Test_UpdateNonExistingIssue&gt;d__11" filename="Desktop\RestSharp_GitHub_Demo\GitHub_API_Tests\GitHubIssueApiTests.cs" line-rate="1" branch-rate="1" complexity="1">
          <methods>
            <method name="MoveNext" signature="()" line-rate="1" branch-rate="1" complexity="1">
              <lines>
                <line number="154" hits="1" branch="False" />
                <line number="155" hits="1" branch="False" />
                <line number="156" hits="1" branch="False" />
                <line number="157" hits="1" branch="False" />
                <line number="158" hits="1" branch="False" />
                <line number="160" hits="1" branch="False" />
                <line number="162" hits="1" branch="False" />
                <line number="163" hits="1" branch="False" />
              </lines>
            </method>
          </methods>
          <lines>
            <line number="154" hits="1" branch="False" />
            <line number="155" hits="1" branch="False" />
            <line number="156" hits="1" branch="False" />
            <line number="157" hits="1" branch="False" />
            <line number="158" hits="1" branch="False" />
            <line number="160" hits="1" branch="False" />
            <line number="162" hits="1" branch="False" />
            <line number="163" hits="1" branch="False" />
          </lines>
        </class>
        <class name="GitHub_Issues_API_Tests.IssueCommentsApiTests" filename="Desktop\RestSharp_GitHub_Demo\GitHub_API_Tests\GitHubIssueApiTests.cs" line-rate="1" branch-rate="1" complexity="1">
          <methods>
            <method name="Setup" signature="()" line-rate="1" branch-rate="1" complexity="1">
              <lines>
                <line number="173" hits="7" branch="False" />
                <line number="174" hits="7" branch="False" />
                <line number="175" hits="7" branch="False" />
                <line number="176" hits="7" branch="False" />
              </lines>
            </method>
          </methods>
          <lines>
            <line number="173" hits="7" branch="False" />
            <line number="174" hits="7" branch="False" />
            <line number="175" hits="7" branch="False" />
            <line number="176" hits="7" branch="False" />
          </lines>
        </class>
        <class name="GitHub_Issues_API_Tests.IssueCommentsApiTests/&lt;Test_IssueCommentCreateComment&gt;d__5" filename="Desktop\RestSharp_GitHub_Demo\GitHub_API_Tests\GitHubIssueApiTests.cs" line-rate="1" branch-rate="1" complexity="1">
          <methods>
            <method name="MoveNext" signature="()" line-rate="1" branch-rate="1" complexity="1">
              <lines>
                <line number="216" hits="1" branch="False" />
                <line number="217" hits="1" branch="False" />
                <line number="218" hits="1" branch="False" />
                <line number="219" hits="1" branch="False" />
                <line number="221" hits="1" branch="False" />
                <line number="223" hits="1" branch="False" />
                <line number="225" hits="1" branch="False" />
                <line number="227" hits="1" branch="False" />
                <line number="228" hits="1" branch="False" />
                <line number="229" hits="1" branch="False" />
              </lines>
            </method>
          </methods>
          <lines>
            <line number="216" hits="1" branch="False" />
            <line number="217" hits="1" branch="False" />
            <line number="218" hits="1" branch="False" />
            <line number="219" hits="1" branch="False" />
            <line number="221" hits="1" branch="False" />
            <line number="223" hits="1" branch="False" />
            <line number="225" hits="1" branch="False" />
            <line number="227" hits="1" branch="False" />
            <line number="228" hits="1" branch="False" />
            <line number="229" hits="1" branch="False" />
          </lines>
        </class>
        <class name="GitHub_Issues_API_Tests.IssueCommentsApiTests/&lt;Test_IssueCommentCreateCommentNoBody&gt;d__6" filename="Desktop\RestSharp_GitHub_Demo\GitHub_API_Tests\GitHubIssueApiTests.cs" line-rate="1" branch-rate="1" complexity="1">
          <methods>
            <method name="MoveNext" signature="()" line-rate="1" branch-rate="1" complexity="1">
              <lines>
                <line number="233" hits="1" branch="False" />
                <line number="234" hits="1" branch="False" />
                <line number="236" hits="1" branch="False" />
                <line number="238" hits="1" branch="False" />
                <line number="239" hits="1" branch="False" />
              </lines>
            </method>
          </methods>
          <lines>
            <line number="233" hits="1" branch="False" />
            <line number="234" hits="1" branch="False" />
            <line number="236" hits="1" branch="False" />
            <line number="238" hits="1" branch="False" />
            <line number="239" hits="1" branch="False" />
          </lines>
        </class>
        <class name="GitHub_Issues_API_Tests.IssueCommentsApiTests/&lt;Test_IssueCommentDeleteComment&gt;d__9" filename="Desktop\RestSharp_GitHub_Demo\GitHub_API_Tests\GitHubIssueApiTests.cs" line-rate="0.8" branch-rate="1" complexity="1">
          <methods>
            <method name="MoveNext" signature="()" line-rate="0.8" branch-rate="1" complexity="1">
              <lines>
                <line number="272" hits="1" branch="False" />
                <line number="273" hits="1" branch="False" />
                <line number="275" hits="1" branch="False" />
                <line number="277" hits="1" branch="False" />
                <line number="278" hits="0" branch="False" />
              </lines>
            </method>
          </methods>
          <lines>
            <line number="272" hits="1" branch="False" />
            <line number="273" hits="1" branch="False" />
            <line number="275" hits="1" branch="False" />
            <line number="277" hits="1" branch="False" />
            <line number="278" hits="0" branch="False" />
          </lines>
        </class>
        <class name="GitHub_Issues_API_Tests.IssueCommentsApiTests/&lt;Test_IssueCommentUpdateExistingComment&gt;d__7" filename="Desktop\RestSharp_GitHub_Demo\GitHub_API_Tests\GitHubIssueApiTests.cs" line-rate="1" branch-rate="1" complexity="1">
          <methods>
            <method name="MoveNext" signature="()" line-rate="1" branch-rate="1" complexity="1">
              <lines>
                <line number="243" hits="1" branch="False" />
                <line number="244" hits="1" branch="False" />
                <line number="245" hits="1" branch="False" />
                <line number="246" hits="1" branch="False" />
                <line number="248" hits="1" branch="False" />
                <line number="250" hits="1" branch="False" />
                <line number="252" hits="1" branch="False" />
                <line number="254" hits="1" branch="False" />
                <line number="255" hits="1" branch="False" />
                <line number="256" hits="1" branch="False" />
              </lines>
            </method>
          </methods>
          <lines>
            <line number="243" hits="1" branch="False" />
            <line number="244" hits="1" branch="False" />
            <line number="245" hits="1" branch="False" />
            <line number="246" hits="1" branch="False" />
            <line number="248" hits="1" branch="False" />
            <line number="250" hits="1" branch="False" />
            <line number="252" hits="1" branch="False" />
            <line number="254" hits="1" branch="False" />
            <line number="255" hits="1" branch="False" />
            <line number="256" hits="1" branch="False" />
          </lines>
        </class>
        <class name="GitHub_Issues_API_Tests.IssueCommentsApiTests/&lt;Test_IssueCommentUpdateNonExistingComment&gt;d__8" filename="Desktop\RestSharp_GitHub_Demo\GitHub_API_Tests\GitHubIssueApiTests.cs" line-rate="1" branch-rate="1" complexity="1">
          <methods>
            <method name="MoveNext" signature="()" line-rate="1" branch-rate="1" complexity="1">
              <lines>
                <line number="260" hits="1" branch="False" />
                <line number="261" hits="1" branch="False" />
                <line number="262" hits="1" branch="False" />
                <line number="263" hits="1" branch="False" />
                <line number="265" hits="1" branch="False" />
                <line number="267" hits="1" branch="False" />
                <line number="268" hits="1" branch="False" />
              </lines>
            </method>
          </methods>
          <lines>
            <line number="260" hits="1" branch="False" />
            <line number="261" hits="1" branch="False" />
            <line number="262" hits="1" branch="False" />
            <line number="263" hits="1" branch="False" />
            <line number="265" hits="1" branch="False" />
            <line number="267" hits="1" branch="False" />
            <line number="268" hits="1" branch="False" />
          </lines>
        </class>
        <class name="GitHub_Issues_API_Tests.IssueCommentsApiTests/&lt;Test_IssueCommentsGetAllComments&gt;d__3" filename="Desktop\RestSharp_GitHub_Demo\GitHub_API_Tests\GitHubIssueApiTests.cs" line-rate="1" branch-rate="1" complexity="2">
          <methods>
            <method name="MoveNext" signature="()" line-rate="1" branch-rate="1" complexity="2">
              <lines>
                <line number="180" hits="1" branch="False" />
                <line number="181" hits="1" branch="False" />
                <line number="183" hits="1" branch="False" />
                <line number="185" hits="1" branch="False" />
                <line number="187" hits="1" branch="False" />
                <line number="189" hits="1" branch="False" />
                <line number="191" hits="63" branch="True" condition-coverage="100% (2/2)">
                  <conditions>
                    <condition number="380" type="jump" coverage="100%" />
                  </conditions>
                </line>
                <line number="192" hits="30" branch="False" />
                <line number="193" hits="30" branch="False" />
                <line number="194" hits="30" branch="False" />
                <line number="195" hits="30" branch="False" />
                <line number="196" hits="1" branch="False" />
              </lines>
            </method>
          </methods>
          <lines>
            <line number="180" hits="1" branch="False" />
            <line number="181" hits="1" branch="False" />
            <line number="183" hits="1" branch="False" />
            <line number="185" hits="1" branch="False" />
            <line number="187" hits="1" branch="False" />
            <line number="189" hits="1" branch="False" />
            <line number="191" hits="63" branch="True" condition-coverage="100% (2/2)">
              <conditions>
                <condition number="380" type="jump" coverage="100%" />
              </conditions>
            </line>
            <line number="192" hits="30" branch="False" />
            <line number="193" hits="30" branch="False" />
            <line number="194" hits="30" branch="False" />
            <line number="195" hits="30" branch="False" />
            <line number="196" hits="1" branch="False" />
          </lines>
        </class>
        <class name="GitHub_Issues_API_Tests.IssueCommentsApiTests/&lt;Test_IssueCommentsGetSingleComment&gt;d__4" filename="Desktop\RestSharp_GitHub_Demo\GitHub_API_Tests\GitHubIssueApiTests.cs" line-rate="0.5" branch-rate="1" complexity="1">
          <methods>
            <method name="MoveNext" signature="()" line-rate="0.5" branch-rate="1" complexity="1">
              <lines>
                <line number="200" hits="1" branch="False" />
                <line number="201" hits="1" branch="False" />
                <line number="203" hits="1" branch="False" />
                <line number="205" hits="1" branch="False" />
                <line number="207" hits="0" branch="False" />
                <line number="209" hits="0" branch="False" />
                <line number="210" hits="0" branch="False" />
                <line number="212" hits="0" branch="False" />
              </lines>
            </method>
          </methods>
          <lines>
            <line number="200" hits="1" branch="False" />
            <line number="201" hits="1" branch="False" />
            <line number="203" hits="1" branch="False" />
            <line number="205" hits="1" branch="False" />
            <line number="207" hits="0" branch="False" />
            <line number="209" hits="0" branch="False" />
            <line number="210" hits="0" branch="False" />
            <line number="212" hits="0" branch="False" />
          </lines>
        </class>
      </classes>
    </package>
    <package name="GitHub_Models" line-rate="0.7142000000000001" branch-rate="0" complexity="15">
      <classes>
        <class name="Program/&lt;&lt;Main&gt;$&gt;d__0" filename="Desktop\RestSharp_GitHub_Demo\RestSharp_GitHub_Demo\Program.cs" line-rate="0" branch-rate="0" complexity="2">
          <methods>
            <method name="MoveNext" signature="()" line-rate="0" branch-rate="0" complexity="2">
              <lines>
                <line number="39" hits="0" branch="False" />
                <line number="40" hits="0" branch="False" />
                <line number="42" hits="0" branch="True" condition-coverage="0% (0/2)">
                  <conditions>
                    <condition number="328" type="jump" coverage="0%" />
                  </conditions>
                </line>
                <line number="43" hits="0" branch="False" />
                <line number="44" hits="0" branch="False" />
                <line number="45" hits="0" branch="False" />
                <line number="46" hits="0" branch="False" />
                <line number="47" hits="0" branch="False" />
              </lines>
            </method>
          </methods>
          <lines>
            <line number="39" hits="0" branch="False" />
            <line number="40" hits="0" branch="False" />
            <line number="42" hits="0" branch="True" condition-coverage="0% (0/2)">
              <conditions>
                <condition number="328" type="jump" coverage="0%" />
              </conditions>
            </line>
            <line number="43" hits="0" branch="False" />
            <line number="44" hits="0" branch="False" />
            <line number="45" hits="0" branch="False" />
            <line number="46" hits="0" branch="False" />
            <line number="47" hits="0" branch="False" />
          </lines>
        </class>
        <class name="GitHub_Models.GithubRepo" filename="Desktop\RestSharp_GitHub_Demo\RestSharp_GitHub_Demo\GithubRepo.cs" line-rate="1" branch-rate="1" complexity="7">
          <methods>
            <method name="get_id" signature="()" line-rate="1" branch-rate="1" complexity="1">
              <lines>
                <line number="13" hits="47" branch="False" />
              </lines>
            </method>
            <method name="get_name" signature="()" line-rate="1" branch-rate="1" complexity="1">
              <lines>
                <line number="16" hits="48" branch="False" />
              </lines>
            </method>
            <method name="get_fullName" signature="()" line-rate="1" branch-rate="1" complexity="1">
              <lines>
                <line number="19" hits="47" branch="False" />
              </lines>
            </method>
            <method name="get_description" signature="()" line-rate="1" branch-rate="1" complexity="1">
              <lines>
                <line number="22" hits="43" branch="False" />
              </lines>
            </method>
            <method name="get_access" signature="()" line-rate="1" branch-rate="1" complexity="1">
              <lines>
                <line number="25" hits="41" branch="False" />
              </lines>
            </method>
            <method name=".ctor" signature="()" line-rate="1" branch-rate="1" complexity="1">
              <lines>
                <line number="27" hits="39" branch="False" />
                <line number="28" hits="39" branch="False" />
                <line number="29" hits="39" branch="False" />
              </lines>
            </method>
            <method name=".ctor" signature="(System.String,System.String,System.Boolean)" line-rate="1" branch-rate="1" complexity="1">
              <lines>
                <line number="31" hits="1" branch="False" />
                <line number="32" hits="1" branch="False" />
                <line number="33" hits="1" branch="False" />
                <line number="34" hits="1" branch="False" />
                <line number="35" hits="1" branch="False" />
                <line number="36" hits="1" branch="False" />
              </lines>
            </method>
          </methods>
          <lines>
            <line number="13" hits="47" branch="False" />
            <line number="16" hits="48" branch="False" />
            <line number="19" hits="47" branch="False" />
            <line number="22" hits="43" branch="False" />
            <line number="25" hits="41" branch="False" />
            <line number="27" hits="39" branch="False" />
            <line number="28" hits="39" branch="False" />
            <line number="29" hits="39" branch="False" />
            <line number="31" hits="1" branch="False" />
            <line number="32" hits="1" branch="False" />
            <line number="33" hits="1" branch="False" />
            <line number="34" hits="1" branch="False" />
            <line number="35" hits="1" branch="False" />
            <line number="36" hits="1" branch="False" />
          </lines>
        </class>
        <class name="RestSharp_GitHub_Demo.GithubComment" filename="Desktop\RestSharp_GitHub_Demo\RestSharp_GitHub_Demo\GithubComment.cs" line-rate="1" branch-rate="1" complexity="2">
          <methods>
            <method name="get_id" signature="()" line-rate="1" branch-rate="1" complexity="1">
              <lines>
                <line number="11" hits="64" branch="False" />
              </lines>
            </method>
            <method name="get_body" signature="()" line-rate="1" branch-rate="1" complexity="1">
              <lines>
                <line number="13" hits="64" branch="False" />
              </lines>
            </method>
          </methods>
          <lines>
            <line number="11" hits="64" branch="False" />
            <line number="13" hits="64" branch="False" />
          </lines>
        </class>
        <class name="RestSharp_GitHub_Demo.GithubIssue" filename="Desktop\RestSharp_GitHub_Demo\RestSharp_GitHub_Demo\GithubIssue.cs" line-rate="1" branch-rate="1" complexity="4">
          <methods>
            <method name="get_id" signature="()" line-rate="1" branch-rate="1" complexity="1">
              <lines>
                <line number="6" hits="66" branch="False" />
              </lines>
            </method>
            <method name="get_number" signature="()" line-rate="1" branch-rate="1" complexity="1">
              <lines>
                <line number="8" hits="66" branch="False" />
              </lines>
            </method>
            <method name="get_title" signature="()" line-rate="1" branch-rate="1" complexity="1">
              <lines>
                <line number="10" hits="66" branch="False" />
              </lines>
            </method>
            <method name="get_body" signature="()" line-rate="1" branch-rate="1" complexity="1">
              <lines>
                <line number="12" hits="35" branch="False" />
              </lines>
            </method>
          </methods>
          <lines>
            <line number="6" hits="66" branch="False" />
            <line number="8" hits="66" branch="False" />
            <line number="10" hits="66" branch="False" />
            <line number="12" hits="35" branch="False" />
          </lines>
        </class>
      </classes>
    </package>
  </packages>
</coverage>