TpTrace Verbose: 0 : 5532, 1, 2022/05/16, 16:52:10.064, 3732384601125, vstest.console.dll, Version: 17.1.0-release-20220113-05
TpTrace Information: 0 : 5532, 1, 2022/05/16, 16:52:10.078, 3732384696196, vstest.console.dll, FilePatternParser: The given file C:\Users\Oleg\Desktop\Zippopotamus_API_Test\Zippopotamus\ZippopotamusAPITest\bin\Debug\net6.0\fine-code-coverage\build-output\ZippopotamusAPITest.dll is a full path.
TpTrace Verbose: 0 : 5532, 1, 2022/05/16, 16:52:10.084, 3732384760164, vstest.console.dll, TestPluginCache.DiscoverTestExtensions: finding test extensions in assemblies ends with: RuntimeProvider.dll TPluginInfo: Microsoft.VisualStudio.TestPlatform.Common.ExtensionFramework.Utilities.TestRuntimePluginInformation TExtension: Microsoft.VisualStudio.TestPlatform.ObjectModel.Host.ITestRuntimeProvider
TpTrace Verbose: 0 : 5532, 1, 2022/05/16, 16:52:10.085, 3732384764697, vstest.console.dll, TestPluginCache.GetExtensionPaths: Filtered extension paths: 
TpTrace Verbose: 0 : 5532, 1, 2022/05/16, 16:52:10.085, 3732384765797, vstest.console.dll, TestPluginCache.GetExtensionPaths: Added default extension paths: C:\Program Files\dotnet\sdk\6.0.202\Extensions\DumpMinitool.exe
C:\Program Files\dotnet\sdk\6.0.202\Extensions\DumpMinitool.x86.exe
C:\Program Files\dotnet\sdk\6.0.202\Extensions\Microsoft.Diagnostics.NETCore.Client.dll
C:\Program Files\dotnet\sdk\6.0.202\Extensions\Microsoft.TestPlatform.Extensions.BlameDataCollector.dll
C:\Program Files\dotnet\sdk\6.0.202\Extensions\Microsoft.TestPlatform.Extensions.EventLogCollector.dll
C:\Program Files\dotnet\sdk\6.0.202\Extensions\Microsoft.TestPlatform.TestHostRuntimeProvider.dll
C:\Program Files\dotnet\sdk\6.0.202\Extensions\Microsoft.VisualStudio.TestPlatform.Extensions.Html.TestLogger.dll
C:\Program Files\dotnet\sdk\6.0.202\Extensions\Microsoft.VisualStudio.TestPlatform.Extensions.Trx.TestLogger.dll
TpTrace Verbose: 0 : 5532, 1, 2022/05/16, 16:52:10.085, 3732384766387, vstest.console.dll, TestPluginCache.GetExtensionPaths: Added unfilterableExtensionPaths: 
TpTrace Information: 0 : 5532, 1, 2022/05/16, 16:52:10.086, 3732384775650, vstest.console.dll, AssemblyResolver.ctor: Creating AssemblyResolver with searchDirectories C:\Program Files\dotnet\sdk\6.0.202\Extensions,C:\Program Files\dotnet\sdk\6.0.202
TpTrace Verbose: 0 : 5532, 1, 2022/05/16, 16:52:10.087, 3732384784481, vstest.console.dll, TestPluginCache.DiscoverTestExtensions: Discovering the extensions using extension path.
TpTrace Verbose: 0 : 5532, 1, 2022/05/16, 16:52:10.087, 3732384785983, vstest.console.dll, TestPluginCache.GetExtensionPaths: Filtered extension paths: 
TpTrace Verbose: 0 : 5532, 1, 2022/05/16, 16:52:10.087, 3732384786443, vstest.console.dll, TestPluginCache.GetExtensionPaths: Added default extension paths: C:\Program Files\dotnet\sdk\6.0.202\Extensions\DumpMinitool.exe
C:\Program Files\dotnet\sdk\6.0.202\Extensions\DumpMinitool.x86.exe
C:\Program Files\dotnet\sdk\6.0.202\Extensions\Microsoft.Diagnostics.NETCore.Client.dll
C:\Program Files\dotnet\sdk\6.0.202\Extensions\Microsoft.TestPlatform.Extensions.BlameDataCollector.dll
C:\Program Files\dotnet\sdk\6.0.202\Extensions\Microsoft.TestPlatform.Extensions.EventLogCollector.dll
C:\Program Files\dotnet\sdk\6.0.202\Extensions\Microsoft.TestPlatform.TestHostRuntimeProvider.dll
C:\Program Files\dotnet\sdk\6.0.202\Extensions\Microsoft.VisualStudio.TestPlatform.Extensions.Html.TestLogger.dll
C:\Program Files\dotnet\sdk\6.0.202\Extensions\Microsoft.VisualStudio.TestPlatform.Extensions.Trx.TestLogger.dll
TpTrace Verbose: 0 : 5532, 1, 2022/05/16, 16:52:10.087, 3732384786915, vstest.console.dll, TestPluginCache.GetExtensionPaths: Added unfilterableExtensionPaths: 
TpTrace Verbose: 0 : 5532, 1, 2022/05/16, 16:52:10.087, 3732384787746, vstest.console.dll, TestPluginCache.DiscoverTestExtensions: Discovering the extensions using allExtensionPaths: C:\Program Files\dotnet\sdk\6.0.202\Extensions\DumpMinitool.exe
C:\Program Files\dotnet\sdk\6.0.202\Extensions\DumpMinitool.x86.exe
C:\Program Files\dotnet\sdk\6.0.202\Extensions\Microsoft.Diagnostics.NETCore.Client.dll
C:\Program Files\dotnet\sdk\6.0.202\Extensions\Microsoft.TestPlatform.Extensions.BlameDataCollector.dll
C:\Program Files\dotnet\sdk\6.0.202\Extensions\Microsoft.TestPlatform.Extensions.EventLogCollector.dll
C:\Program Files\dotnet\sdk\6.0.202\Extensions\Microsoft.TestPlatform.TestHostRuntimeProvider.dll
C:\Program Files\dotnet\sdk\6.0.202\Extensions\Microsoft.VisualStudio.TestPlatform.Extensions.Html.TestLogger.dll
C:\Program Files\dotnet\sdk\6.0.202\Extensions\Microsoft.VisualStudio.TestPlatform.Extensions.Trx.TestLogger.dll
TpTrace Information: 0 : 5532, 1, 2022/05/16, 16:52:10.087, 3732384789523, vstest.console.dll, AssemblyResolver.AddSearchDirectories: Adding more searchDirectories C:\Program Files\dotnet\sdk\6.0.202\Extensions,C:\Program Files\dotnet\sdk\6.0.202
TpTrace Information: 0 : 5532, 1, 2022/05/16, 16:52:10.087, 3732384790158, vstest.console.dll, AssemblyResolver.AddSearchDirectories: Adding more searchDirectories C:\Program Files\dotnet\sdk\6.0.202\Extensions,C:\Program Files\dotnet\sdk\6.0.202
TpTrace Information: 0 : 5532, 1, 2022/05/16, 16:52:10.087, 3732384790585, vstest.console.dll, AssemblyResolver.AddSearchDirectories: Adding more searchDirectories C:\Program Files\dotnet\sdk\6.0.202\Extensions,C:\Program Files\dotnet\sdk\6.0.202
TpTrace Information: 0 : 5532, 1, 2022/05/16, 16:52:10.087, 3732384791045, vstest.console.dll, AssemblyResolver.AddSearchDirectories: Adding more searchDirectories C:\Program Files\dotnet\sdk\6.0.202\Extensions,C:\Program Files\dotnet\sdk\6.0.202
TpTrace Information: 0 : 5532, 1, 2022/05/16, 16:52:10.087, 3732384791436, vstest.console.dll, AssemblyResolver.AddSearchDirectories: Adding more searchDirectories C:\Program Files\dotnet\sdk\6.0.202\Extensions,C:\Program Files\dotnet\sdk\6.0.202
TpTrace Information: 0 : 5532, 1, 2022/05/16, 16:52:10.087, 3732384791824, vstest.console.dll, AssemblyResolver.AddSearchDirectories: Adding more searchDirectories C:\Program Files\dotnet\sdk\6.0.202\Extensions,C:\Program Files\dotnet\sdk\6.0.202
TpTrace Information: 0 : 5532, 1, 2022/05/16, 16:52:10.087, 3732384792267, vstest.console.dll, AssemblyResolver.AddSearchDirectories: Adding more searchDirectories C:\Program Files\dotnet\sdk\6.0.202\Extensions,C:\Program Files\dotnet\sdk\6.0.202
TpTrace Information: 0 : 5532, 1, 2022/05/16, 16:52:10.087, 3732384792659, vstest.console.dll, AssemblyResolver.AddSearchDirectories: Adding more searchDirectories C:\Program Files\dotnet\sdk\6.0.202\Extensions,C:\Program Files\dotnet\sdk\6.0.202
TpTrace Information: 0 : 5532, 1, 2022/05/16, 16:52:10.088, 3732384796449, vstest.console.dll, AssemblyResolver.OnResolve: DumpMinitool: Resolving assembly.
TpTrace Information: 0 : 5532, 1, 2022/05/16, 16:52:10.088, 3732384797166, vstest.console.dll, AssemblyResolver.OnResolve: DumpMinitool: Searching in: 'C:\Program Files\dotnet\sdk\6.0.202\Extensions'.
TpTrace Information: 0 : 5532, 1, 2022/05/16, 16:52:10.088, 3732384798564, vstest.console.dll, AssemblyResolver.OnResolve: DumpMinitool: Assembly path does not exist: 'C:\Program Files\dotnet\sdk\6.0.202\Extensions\DumpMinitool.dll', returning.
TpTrace Information: 0 : 5532, 1, 2022/05/16, 16:52:10.089, 3732384805197, vstest.console.dll, AssemblyResolver.OnResolve: DumpMinitool: Loading assembly 'C:\Program Files\dotnet\sdk\6.0.202\Extensions\DumpMinitool.exe'.
TpTrace Information: 0 : 5532, 1, 2022/05/16, 16:52:10.089, 3732384811262, vstest.console.dll, AssemblyResolver.OnResolve: Resolved assembly: DumpMinitool, from path: C:\Program Files\dotnet\sdk\6.0.202\Extensions\DumpMinitool.exe
TpTrace Information: 0 : 5532, 1, 2022/05/16, 16:52:10.095, 3732384868233, vstest.console.dll, AssemblyResolver.OnResolve: DumpMinitool.x86: Resolving assembly.
TpTrace Information: 0 : 5532, 1, 2022/05/16, 16:52:10.095, 3732384869311, vstest.console.dll, AssemblyResolver.OnResolve: DumpMinitool.x86: Searching in: 'C:\Program Files\dotnet\sdk\6.0.202\Extensions'.
TpTrace Information: 0 : 5532, 1, 2022/05/16, 16:52:10.095, 3732384870696, vstest.console.dll, AssemblyResolver.OnResolve: DumpMinitool.x86: Assembly path does not exist: 'C:\Program Files\dotnet\sdk\6.0.202\Extensions\DumpMinitool.x86.dll', returning.
TpTrace Information: 0 : 5532, 1, 2022/05/16, 16:52:10.096, 3732384879918, vstest.console.dll, AssemblyResolver.OnResolve: DumpMinitool.x86: Loading assembly 'C:\Program Files\dotnet\sdk\6.0.202\Extensions\DumpMinitool.x86.exe'.
TpTrace Information: 0 : 5532, 1, 2022/05/16, 16:52:10.097, 3732384887822, vstest.console.dll, AssemblyResolver.OnResolve: Resolved assembly: DumpMinitool.x86, from path: C:\Program Files\dotnet\sdk\6.0.202\Extensions\DumpMinitool.x86.exe
TpTrace Information: 0 : 5532, 1, 2022/05/16, 16:52:10.097, 3732384892012, vstest.console.dll, AssemblyResolver.OnResolve: Microsoft.Diagnostics.NETCore.Client: Resolving assembly.
TpTrace Information: 0 : 5532, 1, 2022/05/16, 16:52:10.097, 3732384892736, vstest.console.dll, AssemblyResolver.OnResolve: Microsoft.Diagnostics.NETCore.Client: Searching in: 'C:\Program Files\dotnet\sdk\6.0.202\Extensions'.
TpTrace Information: 0 : 5532, 1, 2022/05/16, 16:52:10.098, 3732384897636, vstest.console.dll, AssemblyResolver.OnResolve: Microsoft.Diagnostics.NETCore.Client: Loading assembly 'C:\Program Files\dotnet\sdk\6.0.202\Extensions\Microsoft.Diagnostics.NETCore.Client.dll'.
TpTrace Information: 0 : 5532, 1, 2022/05/16, 16:52:10.099, 3732384904356, vstest.console.dll, AssemblyResolver.OnResolve: Resolved assembly: Microsoft.Diagnostics.NETCore.Client, from path: C:\Program Files\dotnet\sdk\6.0.202\Extensions\Microsoft.Diagnostics.NETCore.Client.dll
TpTrace Information: 0 : 5532, 1, 2022/05/16, 16:52:10.101, 3732384932273, vstest.console.dll, AssemblyResolver.OnResolve: Microsoft.Bcl.AsyncInterfaces: Resolving assembly.
TpTrace Information: 0 : 5532, 1, 2022/05/16, 16:52:10.101, 3732384933328, vstest.console.dll, AssemblyResolver.OnResolve: Microsoft.Bcl.AsyncInterfaces: Searching in: 'C:\Program Files\dotnet\sdk\6.0.202\Extensions'.
TpTrace Information: 0 : 5532, 1, 2022/05/16, 16:52:10.102, 3732384934520, vstest.console.dll, AssemblyResolver.OnResolve: Microsoft.Bcl.AsyncInterfaces: Assembly path does not exist: 'C:\Program Files\dotnet\sdk\6.0.202\Extensions\Microsoft.Bcl.AsyncInterfaces.dll', returning.
TpTrace Information: 0 : 5532, 1, 2022/05/16, 16:52:10.102, 3732384935476, vstest.console.dll, AssemblyResolver.OnResolve: Microsoft.Bcl.AsyncInterfaces: Assembly path does not exist: 'C:\Program Files\dotnet\sdk\6.0.202\Extensions\Microsoft.Bcl.AsyncInterfaces.exe', returning.
TpTrace Information: 0 : 5532, 1, 2022/05/16, 16:52:10.102, 3732384935874, vstest.console.dll, AssemblyResolver.OnResolve: Microsoft.Bcl.AsyncInterfaces: Searching in: 'C:\Program Files\dotnet\sdk\6.0.202'.
TpTrace Information: 0 : 5532, 1, 2022/05/16, 16:52:10.102, 3732384936880, vstest.console.dll, AssemblyResolver.OnResolve: Microsoft.Bcl.AsyncInterfaces: Assembly path does not exist: 'C:\Program Files\dotnet\sdk\6.0.202\Microsoft.Bcl.AsyncInterfaces.dll', returning.
TpTrace Information: 0 : 5532, 1, 2022/05/16, 16:52:10.102, 3732384937791, vstest.console.dll, AssemblyResolver.OnResolve: Microsoft.Bcl.AsyncInterfaces: Assembly path does not exist: 'C:\Program Files\dotnet\sdk\6.0.202\Microsoft.Bcl.AsyncInterfaces.exe', returning.
TpTrace Information: 0 : 5532, 1, 2022/05/16, 16:52:10.102, 3732384938169, vstest.console.dll, AssemblyResolver.OnResolve: Microsoft.Bcl.AsyncInterfaces: Failed to load assembly.
TpTrace Verbose: 0 : 5532, 1, 2022/05/16, 16:52:10.102, 3732384938693, vstest.console.dll, CurrentDomainAssemblyResolve: Resolving assembly 'Microsoft.Bcl.AsyncInterfaces'.
TpTrace Information: 0 : 5532, 1, 2022/05/16, 16:52:10.102, 3732384939493, vstest.console.dll, AssemblyResolver.OnResolve: Microsoft.Bcl.AsyncInterfaces: Resolving assembly.
TpTrace Information: 0 : 5532, 1, 2022/05/16, 16:52:10.102, 3732384940005, vstest.console.dll, AssemblyResolver.OnResolve: Microsoft.Bcl.AsyncInterfaces: Resolved from cache.
TpTrace Verbose: 0 : 5532, 1, 2022/05/16, 16:52:10.102, 3732384940417, vstest.console.dll, CurrentDomainAssemblyResolve: Resolving assembly 'Microsoft.Bcl.AsyncInterfaces'.
TpTrace Verbose: 0 : 5532, 1, 2022/05/16, 16:52:10.102, 3732384940951, vstest.console.dll, CurrentDomainAssemblyResolve: Failed to resolve assembly 'Microsoft.Bcl.AsyncInterfaces'.
TpTrace Verbose: 0 : 5532, 1, 2022/05/16, 16:52:10.103, 3732384945416, vstest.console.dll, CurrentDomainAssemblyResolve: Failed to resolve assembly 'Microsoft.Bcl.AsyncInterfaces'.
TpTrace Warning: 0 : 5532, 1, 2022/05/16, 16:52:10.121, 3732385125715, vstest.console.dll, TestPluginDiscoverer: Failed to get types from assembly 'Microsoft.Diagnostics.NETCore.Client, Version=0.2.5.801, Culture=neutral, PublicKeyToken=31bf3856ad364e35'.  Skipping test extension scan for this assembly.  Error: System.Reflection.ReflectionTypeLoadException: Unable to load one or more of the requested types.
Could not load file or assembly 'Microsoft.Bcl.AsyncInterfaces, Version=1.0.0.0, Culture=neutral, PublicKeyToken=cc7b13ffcd2ddd51'. The system cannot find the file specified.
   at System.Reflection.RuntimeModule.GetTypes(RuntimeModule module)
   at System.Reflection.Assembly.GetTypes()
   at Microsoft.VisualStudio.TestPlatform.Common.ExtensionFramework.TestPluginDiscoverer.GetTestExtensionsFromAssembly[TPluginInfo,TExtension](Assembly assembly, Dictionary`2 pluginInfos)
System.IO.FileNotFoundException: Could not load file or assembly 'Microsoft.Bcl.AsyncInterfaces, Version=1.0.0.0, Culture=neutral, PublicKeyToken=cc7b13ffcd2ddd51'. The system cannot find the file specified.
File name: 'Microsoft.Bcl.AsyncInterfaces, Version=1.0.0.0, Culture=neutral, PublicKeyToken=cc7b13ffcd2ddd51'
 ---> System.IO.FileNotFoundException: Could not load file or assembly 'Microsoft.Bcl.AsyncInterfaces, Culture=neutral, PublicKeyToken=null'. The system cannot find the file specified.
File name: 'Microsoft.Bcl.AsyncInterfaces, Culture=neutral, PublicKeyToken=null'
   at System.Reflection.RuntimeAssembly.InternalLoad(ObjectHandleOnStack assemblyName, ObjectHandleOnStack requestingAssembly, StackCrawlMarkHandle stackMark, Boolean throwOnFileNotFound, ObjectHandleOnStack assemblyLoadContext, ObjectHandleOnStack retAssembly)
   at System.Reflection.RuntimeAssembly.InternalLoad(AssemblyName assemblyName, RuntimeAssembly requestingAssembly, StackCrawlMark& stackMark, Boolean throwOnFileNotFound, AssemblyLoadContext assemblyLoadContext)
   at System.Reflection.Assembly.Load(AssemblyName assemblyRef)
   at Microsoft.VisualStudio.TestPlatform.Common.ExtensionFramework.TestPluginCache.CurrentDomainAssemblyResolve(Object sender, AssemblyResolveEventArgs args)
   at Microsoft.VisualStudio.TestPlatform.PlatformAbstractions.PlatformAssemblyResolver.AssemblyResolverEvent(Object sender, Object eventArgs)
   at System.Runtime.Loader.AssemblyLoadContext.GetFirstResolvedAssemblyFromResolvingEvent(AssemblyName assemblyName)
   at System.Runtime.Loader.AssemblyLoadContext.ResolveUsingEvent(AssemblyName assemblyName)
   at System.Runtime.Loader.AssemblyLoadContext.ResolveUsingResolvingEvent(IntPtr gchManagedAssemblyLoadContext, AssemblyName assemblyName)
TpTrace Warning: 0 : 5532, 1, 2022/05/16, 16:52:10.121, 3732385128125, vstest.console.dll, LoaderExceptions: System.IO.FileNotFoundException: Could not load file or assembly 'Microsoft.Bcl.AsyncInterfaces, Version=1.0.0.0, Culture=neutral, PublicKeyToken=cc7b13ffcd2ddd51'. The system cannot find the file specified.
File name: 'Microsoft.Bcl.AsyncInterfaces, Version=1.0.0.0, Culture=neutral, PublicKeyToken=cc7b13ffcd2ddd51'
 ---> System.IO.FileNotFoundException: Could not load file or assembly 'Microsoft.Bcl.AsyncInterfaces, Culture=neutral, PublicKeyToken=null'. The system cannot find the file specified.
File name: 'Microsoft.Bcl.AsyncInterfaces, Culture=neutral, PublicKeyToken=null'
   at System.Reflection.RuntimeAssembly.InternalLoad(ObjectHandleOnStack assemblyName, ObjectHandleOnStack requestingAssembly, StackCrawlMarkHandle stackMark, Boolean throwOnFileNotFound, ObjectHandleOnStack assemblyLoadContext, ObjectHandleOnStack retAssembly)
   at System.Reflection.RuntimeAssembly.InternalLoad(AssemblyName assemblyName, RuntimeAssembly requestingAssembly, StackCrawlMark& stackMark, Boolean throwOnFileNotFound, AssemblyLoadContext assemblyLoadContext)
   at System.Reflection.Assembly.Load(AssemblyName assemblyRef)
   at Microsoft.VisualStudio.TestPlatform.Common.ExtensionFramework.TestPluginCache.CurrentDomainAssemblyResolve(Object sender, AssemblyResolveEventArgs args)
   at Microsoft.VisualStudio.TestPlatform.PlatformAbstractions.PlatformAssemblyResolver.AssemblyResolverEvent(Object sender, Object eventArgs)
   at System.Runtime.Loader.AssemblyLoadContext.GetFirstResolvedAssemblyFromResolvingEvent(AssemblyName assemblyName)
   at System.Runtime.Loader.AssemblyLoadContext.ResolveUsingEvent(AssemblyName assemblyName)
   at System.Runtime.Loader.AssemblyLoadContext.ResolveUsingResolvingEvent(IntPtr gchManagedAssemblyLoadContext, AssemblyName assemblyName)
TpTrace Information: 0 : 5532, 1, 2022/05/16, 16:52:10.121, 3732385129907, vstest.console.dll, AssemblyResolver.OnResolve: Microsoft.TestPlatform.Extensions.BlameDataCollector: Resolving assembly.
TpTrace Information: 0 : 5532, 1, 2022/05/16, 16:52:10.121, 3732385130480, vstest.console.dll, AssemblyResolver.OnResolve: Microsoft.TestPlatform.Extensions.BlameDataCollector: Searching in: 'C:\Program Files\dotnet\sdk\6.0.202\Extensions'.
TpTrace Information: 0 : 5532, 1, 2022/05/16, 16:52:10.122, 3732385135820, vstest.console.dll, AssemblyResolver.OnResolve: Microsoft.TestPlatform.Extensions.BlameDataCollector: Loading assembly 'C:\Program Files\dotnet\sdk\6.0.202\Extensions\Microsoft.TestPlatform.Extensions.BlameDataCollector.dll'.
TpTrace Information: 0 : 5532, 1, 2022/05/16, 16:52:10.122, 3732385142748, vstest.console.dll, AssemblyResolver.OnResolve: Resolved assembly: Microsoft.TestPlatform.Extensions.BlameDataCollector, from path: C:\Program Files\dotnet\sdk\6.0.202\Extensions\Microsoft.TestPlatform.Extensions.BlameDataCollector.dll
TpTrace Information: 0 : 5532, 1, 2022/05/16, 16:52:10.123, 3732385150222, vstest.console.dll, AssemblyResolver.OnResolve: Microsoft.TestPlatform.Extensions.EventLogCollector: Resolving assembly.
TpTrace Information: 0 : 5532, 1, 2022/05/16, 16:52:10.123, 3732385150964, vstest.console.dll, AssemblyResolver.OnResolve: Microsoft.TestPlatform.Extensions.EventLogCollector: Searching in: 'C:\Program Files\dotnet\sdk\6.0.202\Extensions'.
TpTrace Information: 0 : 5532, 1, 2022/05/16, 16:52:10.124, 3732385156108, vstest.console.dll, AssemblyResolver.OnResolve: Microsoft.TestPlatform.Extensions.EventLogCollector: Loading assembly 'C:\Program Files\dotnet\sdk\6.0.202\Extensions\Microsoft.TestPlatform.Extensions.EventLogCollector.dll'.
TpTrace Information: 0 : 5532, 1, 2022/05/16, 16:52:10.124, 3732385162456, vstest.console.dll, AssemblyResolver.OnResolve: Resolved assembly: Microsoft.TestPlatform.Extensions.EventLogCollector, from path: C:\Program Files\dotnet\sdk\6.0.202\Extensions\Microsoft.TestPlatform.Extensions.EventLogCollector.dll
TpTrace Information: 0 : 5532, 1, 2022/05/16, 16:52:10.126, 3732385178849, vstest.console.dll, AssemblyResolver.OnResolve: Microsoft.TestPlatform.TestHostRuntimeProvider: Resolving assembly.
TpTrace Information: 0 : 5532, 1, 2022/05/16, 16:52:10.126, 3732385180114, vstest.console.dll, AssemblyResolver.OnResolve: Microsoft.TestPlatform.TestHostRuntimeProvider: Searching in: 'C:\Program Files\dotnet\sdk\6.0.202\Extensions'.
TpTrace Information: 0 : 5532, 1, 2022/05/16, 16:52:10.127, 3732385186359, vstest.console.dll, AssemblyResolver.OnResolve: Microsoft.TestPlatform.TestHostRuntimeProvider: Loading assembly 'C:\Program Files\dotnet\sdk\6.0.202\Extensions\Microsoft.TestPlatform.TestHostRuntimeProvider.dll'.
TpTrace Information: 0 : 5532, 1, 2022/05/16, 16:52:10.127, 3732385193255, vstest.console.dll, AssemblyResolver.OnResolve: Resolved assembly: Microsoft.TestPlatform.TestHostRuntimeProvider, from path: C:\Program Files\dotnet\sdk\6.0.202\Extensions\Microsoft.TestPlatform.TestHostRuntimeProvider.dll
TpTrace Information: 0 : 5532, 1, 2022/05/16, 16:52:10.129, 3732385207735, vstest.console.dll, AssemblyResolver.OnResolve: Microsoft.VisualStudio.TestPlatform.Extensions.Html.TestLogger: Resolving assembly.
TpTrace Information: 0 : 5532, 1, 2022/05/16, 16:52:10.129, 3732385209537, vstest.console.dll, AssemblyResolver.OnResolve: Microsoft.VisualStudio.TestPlatform.Extensions.Html.TestLogger: Searching in: 'C:\Program Files\dotnet\sdk\6.0.202\Extensions'.
TpTrace Information: 0 : 5532, 1, 2022/05/16, 16:52:10.130, 3732385215346, vstest.console.dll, AssemblyResolver.OnResolve: Microsoft.VisualStudio.TestPlatform.Extensions.Html.TestLogger: Loading assembly 'C:\Program Files\dotnet\sdk\6.0.202\Extensions\Microsoft.VisualStudio.TestPlatform.Extensions.Html.TestLogger.dll'.
TpTrace Information: 0 : 5532, 1, 2022/05/16, 16:52:10.130, 3732385222851, vstest.console.dll, AssemblyResolver.OnResolve: Resolved assembly: Microsoft.VisualStudio.TestPlatform.Extensions.Html.TestLogger, from path: C:\Program Files\dotnet\sdk\6.0.202\Extensions\Microsoft.VisualStudio.TestPlatform.Extensions.Html.TestLogger.dll
TpTrace Information: 0 : 5532, 1, 2022/05/16, 16:52:10.131, 3732385227507, vstest.console.dll, AssemblyResolver.OnResolve: Microsoft.VisualStudio.TestPlatform.Extensions.Trx.TestLogger: Resolving assembly.
TpTrace Information: 0 : 5532, 1, 2022/05/16, 16:52:10.131, 3732385228225, vstest.console.dll, AssemblyResolver.OnResolve: Microsoft.VisualStudio.TestPlatform.Extensions.Trx.TestLogger: Searching in: 'C:\Program Files\dotnet\sdk\6.0.202\Extensions'.
TpTrace Information: 0 : 5532, 1, 2022/05/16, 16:52:10.132, 3732385233883, vstest.console.dll, AssemblyResolver.OnResolve: Microsoft.VisualStudio.TestPlatform.Extensions.Trx.TestLogger: Loading assembly 'C:\Program Files\dotnet\sdk\6.0.202\Extensions\Microsoft.VisualStudio.TestPlatform.Extensions.Trx.TestLogger.dll'.
TpTrace Information: 0 : 5532, 1, 2022/05/16, 16:52:10.132, 3732385241068, vstest.console.dll, AssemblyResolver.OnResolve: Resolved assembly: Microsoft.VisualStudio.TestPlatform.Extensions.Trx.TestLogger, from path: C:\Program Files\dotnet\sdk\6.0.202\Extensions\Microsoft.VisualStudio.TestPlatform.Extensions.Trx.TestLogger.dll
TpTrace Verbose: 0 : 5532, 1, 2022/05/16, 16:52:10.133, 3732385248096, vstest.console.dll, TestPluginCache: Discovered the extensions using extension path ''.
TpTrace Verbose: 0 : 5532, 1, 2022/05/16, 16:52:10.133, 3732385248907, vstest.console.dll, TestPluginCache: Discoverers are ''.
TpTrace Verbose: 0 : 5532, 1, 2022/05/16, 16:52:10.133, 3732385249318, vstest.console.dll, TestPluginCache: Executors are ''.
TpTrace Verbose: 0 : 5532, 1, 2022/05/16, 16:52:10.133, 3732385249666, vstest.console.dll, TestPluginCache: Executors2 are ''.
TpTrace Verbose: 0 : 5532, 1, 2022/05/16, 16:52:10.133, 3732385249999, vstest.console.dll, TestPluginCache: Setting providers are ''.
TpTrace Verbose: 0 : 5532, 1, 2022/05/16, 16:52:10.133, 3732385250331, vstest.console.dll, TestPluginCache: Loggers are ''.
TpTrace Information: 0 : 5532, 1, 2022/05/16, 16:52:10.139, 3732385310084, vstest.console.dll, RunTestsArgumentProcessor:Execute: Test run is starting.
TpTrace Verbose: 0 : 5532, 1, 2022/05/16, 16:52:10.139, 3732385311186, vstest.console.dll, RunTestsArgumentProcessor:Execute: Queuing Test run.
TpTrace Information: 0 : 5532, 1, 2022/05/16, 16:52:10.140, 3732385315032, vstest.console.dll, TestRequestManager.RunTests: run tests started.
TpTrace Information: 0 : 5532, 1, 2022/05/16, 16:52:10.145, 3732385367967, vstest.console.dll, AssemblyMetadataProvider.GetFrameWork: Determined framework:'.NETCoreApp,Version=v6.0' for source: 'C:\Users\Oleg\Desktop\Zippopotamus_API_Test\Zippopotamus\ZippopotamusAPITest\bin\Debug\net6.0\fine-code-coverage\build-output\ZippopotamusAPITest.dll'
TpTrace Information: 0 : 5532, 1, 2022/05/16, 16:52:10.145, 3732385370062, vstest.console.dll, Determined framework for all sources: .NETCoreApp,Version=v6.0
TpTrace Verbose: 0 : 5532, 1, 2022/05/16, 16:52:10.146, 3732385373555, vstest.console.dll, Default architecture: X64 IsDefaultTargetArchitecture: True
TpTrace Information: 0 : 5532, 1, 2022/05/16, 16:52:10.146, 3732385381835, vstest.console.dll, AssemblyMetadataProvider.GetArchitecture: Determined architecture:AnyCPU info for assembly: C:\Users\Oleg\Desktop\Zippopotamus_API_Test\Zippopotamus\ZippopotamusAPITest\bin\Debug\net6.0\fine-code-coverage\build-output\ZippopotamusAPITest.dll
TpTrace Information: 0 : 5532, 1, 2022/05/16, 16:52:10.146, 3732385383307, vstest.console.dll, Determined platform for source 'C:\Users\Oleg\Desktop\Zippopotamus_API_Test\Zippopotamus\ZippopotamusAPITest\bin\Debug\net6.0\fine-code-coverage\build-output\ZippopotamusAPITest.dll' is 'AnyCPU'
TpTrace Information: 0 : 5532, 1, 2022/05/16, 16:52:10.149, 3732385413182, vstest.console.dll, Determined platform for all sources: X64
TpTrace Information: 0 : 5532, 1, 2022/05/16, 16:52:10.150, 3732385414535, vstest.console.dll, Infered platform 'X64'.
TpTrace Information: 0 : 5532, 1, 2022/05/16, 16:52:10.150, 3732385415294, vstest.console.dll, Platform update to 'X64' required.
TpTrace Information: 0 : 5532, 1, 2022/05/16, 16:52:10.153, 3732385447381, vstest.console.dll, Compatible sources list : 
TpTrace Information: 0 : 5532, 1, 2022/05/16, 16:52:10.153, 3732385448748, vstest.console.dll, C:\Users\Oleg\Desktop\Zippopotamus_API_Test\Zippopotamus\ZippopotamusAPITest\bin\Debug\net6.0\fine-code-coverage\build-output\ZippopotamusAPITest.dll
TpTrace Information: 0 : 5532, 1, 2022/05/16, 16:52:10.156, 3732385482143, vstest.console.dll, InferRunSettingsHelper.IsTestSettingsEnabled: Unable to navigate to RunSettings/MSTest. Current node: RunSettings
TpTrace Information: 0 : 5532, 1, 2022/05/16, 16:52:10.159, 3732385511358, vstest.console.dll, AssemblyResolver.OnResolve: Microsoft.VisualStudio.TestPlatform.Fakes: Resolving assembly.
TpTrace Information: 0 : 5532, 1, 2022/05/16, 16:52:10.159, 3732385512810, vstest.console.dll, AssemblyResolver.OnResolve: Microsoft.VisualStudio.TestPlatform.Fakes: Searching in: 'C:\Program Files\dotnet\sdk\6.0.202\Extensions'.
TpTrace Information: 0 : 5532, 1, 2022/05/16, 16:52:10.160, 3732385514607, vstest.console.dll, AssemblyResolver.OnResolve: Microsoft.VisualStudio.TestPlatform.Fakes: Assembly path does not exist: 'C:\Program Files\dotnet\sdk\6.0.202\Extensions\Microsoft.VisualStudio.TestPlatform.Fakes.dll', returning.
TpTrace Information: 0 : 5532, 1, 2022/05/16, 16:52:10.160, 3732385516216, vstest.console.dll, AssemblyResolver.OnResolve: Microsoft.VisualStudio.TestPlatform.Fakes: Assembly path does not exist: 'C:\Program Files\dotnet\sdk\6.0.202\Extensions\Microsoft.VisualStudio.TestPlatform.Fakes.exe', returning.
TpTrace Information: 0 : 5532, 1, 2022/05/16, 16:52:10.160, 3732385517025, vstest.console.dll, AssemblyResolver.OnResolve: Microsoft.VisualStudio.TestPlatform.Fakes: Searching in: 'C:\Program Files\dotnet\sdk\6.0.202'.
TpTrace Information: 0 : 5532, 1, 2022/05/16, 16:52:10.160, 3732385518512, vstest.console.dll, AssemblyResolver.OnResolve: Microsoft.VisualStudio.TestPlatform.Fakes: Assembly path does not exist: 'C:\Program Files\dotnet\sdk\6.0.202\Microsoft.VisualStudio.TestPlatform.Fakes.dll', returning.
TpTrace Information: 0 : 5532, 1, 2022/05/16, 16:52:10.160, 3732385520002, vstest.console.dll, AssemblyResolver.OnResolve: Microsoft.VisualStudio.TestPlatform.Fakes: Assembly path does not exist: 'C:\Program Files\dotnet\sdk\6.0.202\Microsoft.VisualStudio.TestPlatform.Fakes.exe', returning.
TpTrace Information: 0 : 5532, 1, 2022/05/16, 16:52:10.160, 3732385520673, vstest.console.dll, AssemblyResolver.OnResolve: Microsoft.VisualStudio.TestPlatform.Fakes: Failed to load assembly.
TpTrace Information: 0 : 5532, 1, 2022/05/16, 16:52:10.161, 3732385525712, vstest.console.dll, Failed to load assembly Microsoft.VisualStudio.TestPlatform.Fakes, Version=17.0.0.0, Culture=neutral. Reason:System.IO.FileNotFoundException: Could not load file or assembly 'Microsoft.VisualStudio.TestPlatform.Fakes, Version=17.0.0.0, Culture=neutral, PublicKeyToken=null'. The system cannot find the file specified.
File name: 'Microsoft.VisualStudio.TestPlatform.Fakes, Version=17.0.0.0, Culture=neutral, PublicKeyToken=null'
   at System.Reflection.RuntimeAssembly.InternalLoad(ObjectHandleOnStack assemblyName, ObjectHandleOnStack requestingAssembly, StackCrawlMarkHandle stackMark, Boolean throwOnFileNotFound, ObjectHandleOnStack assemblyLoadContext, ObjectHandleOnStack retAssembly)
   at System.Reflection.RuntimeAssembly.InternalLoad(AssemblyName assemblyName, RuntimeAssembly requestingAssembly, StackCrawlMark& stackMark, Boolean throwOnFileNotFound, AssemblyLoadContext assemblyLoadContext)
   at System.Reflection.Assembly.Load(AssemblyName assemblyRef)
   at Microsoft.VisualStudio.TestPlatform.Common.Utilities.FakesUtilities.LoadTestPlatformAssembly()
TpTrace Verbose: 0 : 5532, 1, 2022/05/16, 16:52:10.167, 3732385585626, vstest.console.dll, TestPluginCache.DiscoverTestExtensions: finding test extensions in assemblies ends with: TestLogger.dll TPluginInfo: Microsoft.VisualStudio.TestPlatform.Common.ExtensionFramework.Utilities.TestLoggerPluginInformation TExtension: Microsoft.VisualStudio.TestPlatform.ObjectModel.Client.ITestLogger
TpTrace Verbose: 0 : 5532, 1, 2022/05/16, 16:52:10.167, 3732385586858, vstest.console.dll, TestPluginCache.GetExtensionPaths: Filtered extension paths: 
TpTrace Verbose: 0 : 5532, 1, 2022/05/16, 16:52:10.167, 3732385587459, vstest.console.dll, TestPluginCache.GetExtensionPaths: Added default extension paths: C:\Program Files\dotnet\sdk\6.0.202\Extensions\DumpMinitool.exe
C:\Program Files\dotnet\sdk\6.0.202\Extensions\DumpMinitool.x86.exe
C:\Program Files\dotnet\sdk\6.0.202\Extensions\Microsoft.Diagnostics.NETCore.Client.dll
C:\Program Files\dotnet\sdk\6.0.202\Extensions\Microsoft.TestPlatform.Extensions.BlameDataCollector.dll
C:\Program Files\dotnet\sdk\6.0.202\Extensions\Microsoft.TestPlatform.Extensions.EventLogCollector.dll
C:\Program Files\dotnet\sdk\6.0.202\Extensions\Microsoft.TestPlatform.TestHostRuntimeProvider.dll
C:\Program Files\dotnet\sdk\6.0.202\Extensions\Microsoft.VisualStudio.TestPlatform.Extensions.Html.TestLogger.dll
C:\Program Files\dotnet\sdk\6.0.202\Extensions\Microsoft.VisualStudio.TestPlatform.Extensions.Trx.TestLogger.dll
TpTrace Verbose: 0 : 5532, 1, 2022/05/16, 16:52:10.167, 3732385588005, vstest.console.dll, TestPluginCache.GetExtensionPaths: Added unfilterableExtensionPaths: 
TpTrace Information: 0 : 5532, 1, 2022/05/16, 16:52:10.167, 3732385590193, vstest.console.dll, AssemblyResolver.AddSearchDirectories: Adding more searchDirectories C:\Program Files\dotnet\sdk\6.0.202\Extensions,C:\Program Files\dotnet\sdk\6.0.202
TpTrace Verbose: 0 : 5532, 1, 2022/05/16, 16:52:10.167, 3732385590792, vstest.console.dll, TestPluginCache.DiscoverTestExtensions: Discovering the extensions using extension path.
TpTrace Verbose: 0 : 5532, 1, 2022/05/16, 16:52:10.167, 3732385591306, vstest.console.dll, TestPluginCache.GetExtensionPaths: Filtered extension paths: 
TpTrace Verbose: 0 : 5532, 1, 2022/05/16, 16:52:10.167, 3732385591710, vstest.console.dll, TestPluginCache.GetExtensionPaths: Added default extension paths: C:\Program Files\dotnet\sdk\6.0.202\Extensions\DumpMinitool.exe
C:\Program Files\dotnet\sdk\6.0.202\Extensions\DumpMinitool.x86.exe
C:\Program Files\dotnet\sdk\6.0.202\Extensions\Microsoft.Diagnostics.NETCore.Client.dll
C:\Program Files\dotnet\sdk\6.0.202\Extensions\Microsoft.TestPlatform.Extensions.BlameDataCollector.dll
C:\Program Files\dotnet\sdk\6.0.202\Extensions\Microsoft.TestPlatform.Extensions.EventLogCollector.dll
C:\Program Files\dotnet\sdk\6.0.202\Extensions\Microsoft.TestPlatform.TestHostRuntimeProvider.dll
C:\Program Files\dotnet\sdk\6.0.202\Extensions\Microsoft.VisualStudio.TestPlatform.Extensions.Html.TestLogger.dll
C:\Program Files\dotnet\sdk\6.0.202\Extensions\Microsoft.VisualStudio.TestPlatform.Extensions.Trx.TestLogger.dll
TpTrace Verbose: 0 : 5532, 1, 2022/05/16, 16:52:10.167, 3732385592174, vstest.console.dll, TestPluginCache.GetExtensionPaths: Added unfilterableExtensionPaths: 
TpTrace Verbose: 0 : 5532, 1, 2022/05/16, 16:52:10.167, 3732385592632, vstest.console.dll, TestPluginCache.DiscoverTestExtensions: Discovering the extensions using allExtensionPaths: C:\Program Files\dotnet\sdk\6.0.202\Extensions\DumpMinitool.exe
C:\Program Files\dotnet\sdk\6.0.202\Extensions\DumpMinitool.x86.exe
C:\Program Files\dotnet\sdk\6.0.202\Extensions\Microsoft.Diagnostics.NETCore.Client.dll
C:\Program Files\dotnet\sdk\6.0.202\Extensions\Microsoft.TestPlatform.Extensions.BlameDataCollector.dll
C:\Program Files\dotnet\sdk\6.0.202\Extensions\Microsoft.TestPlatform.Extensions.EventLogCollector.dll
C:\Program Files\dotnet\sdk\6.0.202\Extensions\Microsoft.TestPlatform.TestHostRuntimeProvider.dll
C:\Program Files\dotnet\sdk\6.0.202\Extensions\Microsoft.VisualStudio.TestPlatform.Extensions.Html.TestLogger.dll
C:\Program Files\dotnet\sdk\6.0.202\Extensions\Microsoft.VisualStudio.TestPlatform.Extensions.Trx.TestLogger.dll
TpTrace Information: 0 : 5532, 1, 2022/05/16, 16:52:10.167, 3732385593281, vstest.console.dll, AssemblyResolver.AddSearchDirectories: Adding more searchDirectories C:\Program Files\dotnet\sdk\6.0.202\Extensions,C:\Program Files\dotnet\sdk\6.0.202
TpTrace Information: 0 : 5532, 1, 2022/05/16, 16:52:10.168, 3732385593756, vstest.console.dll, AssemblyResolver.AddSearchDirectories: Adding more searchDirectories C:\Program Files\dotnet\sdk\6.0.202\Extensions,C:\Program Files\dotnet\sdk\6.0.202
TpTrace Information: 0 : 5532, 1, 2022/05/16, 16:52:10.168, 3732385594291, vstest.console.dll, AssemblyResolver.AddSearchDirectories: Adding more searchDirectories C:\Program Files\dotnet\sdk\6.0.202\Extensions,C:\Program Files\dotnet\sdk\6.0.202
TpTrace Information: 0 : 5532, 1, 2022/05/16, 16:52:10.168, 3732385594700, vstest.console.dll, AssemblyResolver.AddSearchDirectories: Adding more searchDirectories C:\Program Files\dotnet\sdk\6.0.202\Extensions,C:\Program Files\dotnet\sdk\6.0.202
TpTrace Information: 0 : 5532, 1, 2022/05/16, 16:52:10.168, 3732385595095, vstest.console.dll, AssemblyResolver.AddSearchDirectories: Adding more searchDirectories C:\Program Files\dotnet\sdk\6.0.202\Extensions,C:\Program Files\dotnet\sdk\6.0.202
TpTrace Information: 0 : 5532, 1, 2022/05/16, 16:52:10.168, 3732385595528, vstest.console.dll, AssemblyResolver.AddSearchDirectories: Adding more searchDirectories C:\Program Files\dotnet\sdk\6.0.202\Extensions,C:\Program Files\dotnet\sdk\6.0.202
TpTrace Information: 0 : 5532, 1, 2022/05/16, 16:52:10.168, 3732385595926, vstest.console.dll, AssemblyResolver.AddSearchDirectories: Adding more searchDirectories C:\Program Files\dotnet\sdk\6.0.202\Extensions,C:\Program Files\dotnet\sdk\6.0.202
TpTrace Information: 0 : 5532, 1, 2022/05/16, 16:52:10.169, 3732385609706, vstest.console.dll, AssemblyResolver.AddSearchDirectories: Adding more searchDirectories C:\Program Files\dotnet\sdk\6.0.202\Extensions,C:\Program Files\dotnet\sdk\6.0.202
TpTrace Information: 0 : 5532, 1, 2022/05/16, 16:52:10.170, 3732385617235, vstest.console.dll, AssemblyResolver.OnResolve: Microsoft.Bcl.AsyncInterfaces: Resolving assembly.
TpTrace Information: 0 : 5532, 1, 2022/05/16, 16:52:10.170, 3732385617943, vstest.console.dll, AssemblyResolver.OnResolve: Microsoft.Bcl.AsyncInterfaces: Resolved from cache.
TpTrace Verbose: 0 : 5532, 1, 2022/05/16, 16:52:10.170, 3732385618460, vstest.console.dll, CurrentDomainAssemblyResolve: Resolving assembly 'Microsoft.Bcl.AsyncInterfaces'.
TpTrace Information: 0 : 5532, 1, 2022/05/16, 16:52:10.170, 3732385619105, vstest.console.dll, AssemblyResolver.OnResolve: Microsoft.Bcl.AsyncInterfaces: Resolving assembly.
TpTrace Information: 0 : 5532, 1, 2022/05/16, 16:52:10.170, 3732385619531, vstest.console.dll, AssemblyResolver.OnResolve: Microsoft.Bcl.AsyncInterfaces: Resolved from cache.
TpTrace Verbose: 0 : 5532, 1, 2022/05/16, 16:52:10.170, 3732385619943, vstest.console.dll, CurrentDomainAssemblyResolve: Resolving assembly 'Microsoft.Bcl.AsyncInterfaces'.
TpTrace Verbose: 0 : 5532, 1, 2022/05/16, 16:52:10.170, 3732385620304, vstest.console.dll, CurrentDomainAssemblyResolve: Failed to resolve assembly 'Microsoft.Bcl.AsyncInterfaces'.
TpTrace Verbose: 0 : 5532, 1, 2022/05/16, 16:52:10.170, 3732385622064, vstest.console.dll, CurrentDomainAssemblyResolve: Failed to resolve assembly 'Microsoft.Bcl.AsyncInterfaces'.
TpTrace Warning: 0 : 5532, 1, 2022/05/16, 16:52:10.171, 3732385626768, vstest.console.dll, TestPluginDiscoverer: Failed to get types from assembly 'Microsoft.Diagnostics.NETCore.Client, Version=0.2.5.801, Culture=neutral, PublicKeyToken=31bf3856ad364e35'.  Skipping test extension scan for this assembly.  Error: System.Reflection.ReflectionTypeLoadException: Unable to load one or more of the requested types.
Could not load file or assembly 'Microsoft.Bcl.AsyncInterfaces, Version=1.0.0.0, Culture=neutral, PublicKeyToken=cc7b13ffcd2ddd51'. The system cannot find the file specified.
   at System.Reflection.RuntimeModule.GetTypes(RuntimeModule module)
   at System.Reflection.Assembly.GetTypes()
   at Microsoft.VisualStudio.TestPlatform.Common.ExtensionFramework.TestPluginDiscoverer.GetTestExtensionsFromAssembly[TPluginInfo,TExtension](Assembly assembly, Dictionary`2 pluginInfos)
System.IO.FileNotFoundException: Could not load file or assembly 'Microsoft.Bcl.AsyncInterfaces, Version=1.0.0.0, Culture=neutral, PublicKeyToken=cc7b13ffcd2ddd51'. The system cannot find the file specified.
File name: 'Microsoft.Bcl.AsyncInterfaces, Version=1.0.0.0, Culture=neutral, PublicKeyToken=cc7b13ffcd2ddd51'
 ---> System.IO.FileNotFoundException: Could not load file or assembly 'Microsoft.Bcl.AsyncInterfaces, Culture=neutral, PublicKeyToken=null'. The system cannot find the file specified.
File name: 'Microsoft.Bcl.AsyncInterfaces, Culture=neutral, PublicKeyToken=null'
   at System.Reflection.RuntimeAssembly.InternalLoad(ObjectHandleOnStack assemblyName, ObjectHandleOnStack requestingAssembly, StackCrawlMarkHandle stackMark, Boolean throwOnFileNotFound, ObjectHandleOnStack assemblyLoadContext, ObjectHandleOnStack retAssembly)
   at System.Reflection.RuntimeAssembly.InternalLoad(AssemblyName assemblyName, RuntimeAssembly requestingAssembly, StackCrawlMark& stackMark, Boolean throwOnFileNotFound, AssemblyLoadContext assemblyLoadContext)
   at System.Reflection.Assembly.Load(AssemblyName assemblyRef)
   at Microsoft.VisualStudio.TestPlatform.Common.ExtensionFramework.TestPluginCache.CurrentDomainAssemblyResolve(Object sender, AssemblyResolveEventArgs args)
   at Microsoft.VisualStudio.TestPlatform.PlatformAbstractions.PlatformAssemblyResolver.AssemblyResolverEvent(Object sender, Object eventArgs)
   at System.Runtime.Loader.AssemblyLoadContext.GetFirstResolvedAssemblyFromResolvingEvent(AssemblyName assemblyName)
   at System.Runtime.Loader.AssemblyLoadContext.ResolveUsingEvent(AssemblyName assemblyName)
   at System.Runtime.Loader.AssemblyLoadContext.ResolveUsingResolvingEvent(IntPtr gchManagedAssemblyLoadContext, AssemblyName assemblyName)
TpTrace Warning: 0 : 5532, 1, 2022/05/16, 16:52:10.171, 3732385628332, vstest.console.dll, LoaderExceptions: System.IO.FileNotFoundException: Could not load file or assembly 'Microsoft.Bcl.AsyncInterfaces, Version=1.0.0.0, Culture=neutral, PublicKeyToken=cc7b13ffcd2ddd51'. The system cannot find the file specified.
File name: 'Microsoft.Bcl.AsyncInterfaces, Version=1.0.0.0, Culture=neutral, PublicKeyToken=cc7b13ffcd2ddd51'
 ---> System.IO.FileNotFoundException: Could not load file or assembly 'Microsoft.Bcl.AsyncInterfaces, Culture=neutral, PublicKeyToken=null'. The system cannot find the file specified.
File name: 'Microsoft.Bcl.AsyncInterfaces, Culture=neutral, PublicKeyToken=null'
   at System.Reflection.RuntimeAssembly.InternalLoad(ObjectHandleOnStack assemblyName, ObjectHandleOnStack requestingAssembly, StackCrawlMarkHandle stackMark, Boolean throwOnFileNotFound, ObjectHandleOnStack assemblyLoadContext, ObjectHandleOnStack retAssembly)
   at System.Reflection.RuntimeAssembly.InternalLoad(AssemblyName assemblyName, RuntimeAssembly requestingAssembly, StackCrawlMark& stackMark, Boolean throwOnFileNotFound, AssemblyLoadContext assemblyLoadContext)
   at System.Reflection.Assembly.Load(AssemblyName assemblyRef)
   at Microsoft.VisualStudio.TestPlatform.Common.ExtensionFramework.TestPluginCache.CurrentDomainAssemblyResolve(Object sender, AssemblyResolveEventArgs args)
   at Microsoft.VisualStudio.TestPlatform.PlatformAbstractions.PlatformAssemblyResolver.AssemblyResolverEvent(Object sender, Object eventArgs)
   at System.Runtime.Loader.AssemblyLoadContext.GetFirstResolvedAssemblyFromResolvingEvent(AssemblyName assemblyName)
   at System.Runtime.Loader.AssemblyLoadContext.ResolveUsingEvent(AssemblyName assemblyName)
   at System.Runtime.Loader.AssemblyLoadContext.ResolveUsingResolvingEvent(IntPtr gchManagedAssemblyLoadContext, AssemblyName assemblyName)
TpTrace Verbose: 0 : 5532, 1, 2022/05/16, 16:52:10.172, 3732385633760, vstest.console.dll, TestPluginCache: Discovered the extensions using extension path ''.
TpTrace Verbose: 0 : 5532, 1, 2022/05/16, 16:52:10.172, 3732385634498, vstest.console.dll, TestPluginCache: Discoverers are ''.
TpTrace Verbose: 0 : 5532, 1, 2022/05/16, 16:52:10.172, 3732385634872, vstest.console.dll, TestPluginCache: Executors are ''.
TpTrace Verbose: 0 : 5532, 1, 2022/05/16, 16:52:10.172, 3732385635199, vstest.console.dll, TestPluginCache: Executors2 are ''.
TpTrace Verbose: 0 : 5532, 1, 2022/05/16, 16:52:10.172, 3732385635518, vstest.console.dll, TestPluginCache: Setting providers are ''.
TpTrace Verbose: 0 : 5532, 1, 2022/05/16, 16:52:10.172, 3732385636396, vstest.console.dll, TestPluginCache: Loggers are 'logger://Microsoft/TestPlatform/Extensions/Blame/v1,logger://Microsoft/TestPlatform/HtmlLogger/v1,logger://Microsoft/TestPlatform/TrxLogger/v1'.
TpTrace Information: 0 : 5532, 1, 2022/05/16, 16:52:10.173, 3732385643980, vstest.console.dll, TestPluginManager.CreateTestExtension: Attempting to load test extension: Microsoft.TestPlatform.Extensions.BlameDataCollector.BlameLogger
TpTrace Information: 0 : 5532, 1, 2022/05/16, 16:52:10.181, 3732385732595, vstest.console.dll, TestPluginManager.CreateTestExtension: Attempting to load test extension: Microsoft.VisualStudio.TestPlatform.CrossPlatEngine.Hosting.DefaultTestHostManager
TpTrace Information: 0 : 5532, 1, 2022/05/16, 16:52:10.183, 3732385750741, vstest.console.dll, TestPluginManager.CreateTestExtension: Attempting to load test extension: Microsoft.VisualStudio.TestPlatform.CrossPlatEngine.Hosting.DotnetTestHostManager
TpTrace Verbose: 0 : 5532, 1, 2022/05/16, 16:52:10.184, 3732385760273, vstest.console.dll, TestEngine: Initializing Parallel Execution as MaxCpuCount is set to: 1
TpTrace Information: 0 : 5532, 1, 2022/05/16, 16:52:10.185, 3732385769079, vstest.console.dll, InferRunSettingsHelper.IsTestSettingsEnabled: Unable to navigate to RunSettings/MSTest. Current node: RunSettings
TpTrace Verbose: 0 : 5532, 1, 2022/05/16, 16:52:10.202, 3732385937154, vstest.console.dll, TestRequestSender is acting as server
TpTrace Verbose: 0 : 5532, 5, 2022/05/16, 16:52:10.208, 3732385997503, vstest.console.dll, DataCollectionRequestSender.InitializeCommunication : Initialize communication. 
TpTrace Information: 0 : 5532, 5, 2022/05/16, 16:52:10.216, 3732386082181, vstest.console.dll, Listening on Endpoint : 127.0.0.1:55418
TpTrace Verbose: 0 : 5532, 5, 2022/05/16, 16:52:10.233, 3732386244719, vstest.console.dll, DotnetDataCollectionLauncher: Full path of dotnet.exe is C:\Program Files\dotnet\dotnet.exe
TpTrace Verbose: 0 : 5532, 5, 2022/05/16, 16:52:10.233, 3732386247263, vstest.console.dll, DotnetDataCollectionLauncher: Adding  --runtimeconfig "C:\Program Files\dotnet\sdk\6.0.202\datacollector.runtimeconfig.json" in args
TpTrace Verbose: 0 : 5532, 5, 2022/05/16, 16:52:10.233, 3732386249780, vstest.console.dll, DotnetDataCollectionLauncher: Adding  --depsfile "C:\Program Files\dotnet\sdk\6.0.202\datacollector.deps.json" in args
TpTrace Information: 0 : 5532, 5, 2022/05/16, 16:52:10.249, 3732386406826, vstest.console.dll, ProxyDataCollectionManager.Initialize: Launched datacollector processId: 17932 port: 55418
TpTrace Information: 0 : 5532, 5, 2022/05/16, 16:52:10.249, 3732386409065, vstest.console.dll, ProxyDataCollectionManager.Initialize: waiting for connection with timeout: 90 seconds
TpTrace Verbose: 0 : 5532, 5, 2022/05/16, 16:52:10.249, 3732386410000, vstest.console.dll, DataCollectionRequestSender.WaitForRequestHandlerConnection : Waiting for connection with timeout: 90000
TpTrace Information: 0 : 5532, 8, 2022/05/16, 16:52:10.448, 3732388401205, vstest.console.dll, Using the buffer size of 16384 bytes
TpTrace Verbose: 0 : 5532, 5, 2022/05/16, 16:52:10.448, 3732388401981, vstest.console.dll, ProxyDataCollectionManager.InvokeDataCollectionServiceAction: Starting.
TpTrace Information: 0 : 5532, 8, 2022/05/16, 16:52:10.448, 3732388402951, vstest.console.dll, Accepted Client request and set the flag
TpTrace Information: 0 : 5532, 5, 2022/05/16, 16:52:10.449, 3732388403389, vstest.console.dll, ProxyDataCollectionManager.BeforeTestRunStart: Get environment variable and port for datacollector processId: 17932 port: 55418
TpTrace Verbose: 0 : 5532, 5, 2022/05/16, 16:52:10.449, 3732388405077, vstest.console.dll, DataCollectionRequestSender.SendBeforeTestRunStartAndGetResult : Send BeforeTestRunStart message with settingsXml <RunSettings><RunConfiguration><ResultsDirectory>C:\Users\Oleg\Desktop\Zippopotamus_API_Test\Zippopotamus\ZippopotamusAPITest\bin\Debug\net6.0\fine-code-coverage\coverage-tool-output</ResultsDirectory><TargetPlatform>X64</TargetPlatform><TargetFrameworkVersion>.NETCoreApp,Version=v6.0</TargetFrameworkVersion><DesignMode>False</DesignMode><CollectSourceInformation>False</CollectSourceInformation><TestAdaptersPaths>C:\Program Files\dotnet\sdk\6.0.202\Extensions</TestAdaptersPaths></RunConfiguration><LoggerRunSettings><Loggers><Logger friendlyName="blame" enabled="True" /><Logger friendlyName="Console" uri="logger://microsoft/TestPlatform/ConsoleLogger/v1" assemblyQualifiedName="Microsoft.VisualStudio.TestPlatform.CommandLine.Internal.ConsoleLogger, vstest.console, Version=15.0.0.0, Culture=neutral, PublicKeyToken=b03f5f7f11d50a3a" codeBase="C:\Program Files\dotnet\sdk\6.0.202\vstest.console.dll" enabled="True" /></Loggers></LoggerRunSettings><DataCollectionRunSettings><DataCollectors><DataCollector friendlyName="blame" enabled="True"><Configuration><ResultsDirectory>C:\Users\Oleg\Desktop\Zippopotamus_API_Test\Zippopotamus\ZippopotamusAPITest\bin\Debug\net6.0\fine-code-coverage\coverage-tool-output</ResultsDirectory></Configuration></DataCollector></DataCollectors></DataCollectionRunSettings></RunSettings> and sources System.Linq.Enumerable+Concat2Iterator`1[System.String]: 
TpTrace Verbose: 0 : 5532, 5, 2022/05/16, 16:52:10.584, 3732389762498, vstest.console.dll, DataCollectionRequestSender.SendBeforeTestRunStartAndGetResult : Received message: (DataCollection.SendMessage) -> {
  "FriendlyName": null,
  "Uri": null,
  "TestCaseId": "00000000-0000-0000-0000-000000000000",
  "Message": "Logging DataCollector Diagnostics in file: C:\\Users\\Oleg\\Desktop\\Zippopotamus_API_Test\\Zippopotamus\\ZippopotamusAPITest\\bin\\Debug\\net6.0\\fine-code-coverage\\coverage-tool-output\\diagnostics.datacollector.22-05-16_16-52-10_22561_5.log",
  "Level": 0
}
TpTrace Verbose: 0 : 5532, 5, 2022/05/16, 16:52:10.684, 3732390758468, vstest.console.dll, DataCollectionRequestSender.SendBeforeTestRunStartAndGetResult : Received message: (DataCollection.BeforeTestRunStartResult) -> {
  "EnvironmentVariables": {},
  "DataCollectionEventsPort": 55423
}
TpTrace Information: 0 : 5532, 5, 2022/05/16, 16:52:10.691, 3732390824663, vstest.console.dll, ProxyDataCollectionManager.BeforeTestRunStart: SendBeforeTestRunStartAndGetResult successful, env variable from datacollector:   and testhost port: 55423
TpTrace Information: 0 : 5532, 5, 2022/05/16, 16:52:10.691, 3732390825924, vstest.console.dll, ProxyDataCollectionManager.InvokeDataCollectionServiceAction: Completed.
TpTrace Verbose: 0 : 5532, 1, 2022/05/16, 16:52:10.691, 3732390827821, vstest.console.dll, TestRunRequest.ExecuteAsync: Creating test run request.
TpTrace Verbose: 0 : 5532, 1, 2022/05/16, 16:52:10.691, 3732390832329, vstest.console.dll, TestRunRequest.ExecuteAsync: Starting.
TpTrace Information: 0 : 5532, 1, 2022/05/16, 16:52:10.692, 3732390838220, vstest.console.dll, TestRunRequest.ExecuteAsync: Starting run with settings:TestRunCriteria:
   KeepAlive=False,FrequencyOfRunStatsChangeEvent=10,RunStatsChangeEventTimeout=00:00:01.5000000,TestCaseFilter=,TestExecutorLauncher=
   Settingsxml=<RunSettings>
  <RunConfiguration>
    <ResultsDirectory>C:\Users\Oleg\Desktop\Zippopotamus_API_Test\Zippopotamus\ZippopotamusAPITest\bin\Debug\net6.0\fine-code-coverage\coverage-tool-output</ResultsDirectory>
    <TargetPlatform>X64</TargetPlatform>
    <TargetFrameworkVersion>.NETCoreApp,Version=v6.0</TargetFrameworkVersion>
    <DesignMode>False</DesignMode>
    <CollectSourceInformation>False</CollectSourceInformation>
  </RunConfiguration>
  <LoggerRunSettings>
    <Loggers>
      <Logger friendlyName="blame" enabled="True" />
      <Logger friendlyName="Console" uri="logger://microsoft/TestPlatform/ConsoleLogger/v1" assemblyQualifiedName="Microsoft.VisualStudio.TestPlatform.CommandLine.Internal.ConsoleLogger, vstest.console, Version=15.0.0.0, Culture=neutral, PublicKeyToken=b03f5f7f11d50a3a" codeBase="C:\Program Files\dotnet\sdk\6.0.202\vstest.console.dll" enabled="True" />
    </Loggers>
  </LoggerRunSettings>
  <DataCollectionRunSettings>
    <DataCollectors>
      <DataCollector friendlyName="blame" enabled="True">
        <Configuration>
          <ResultsDirectory>C:\Users\Oleg\Desktop\Zippopotamus_API_Test\Zippopotamus\ZippopotamusAPITest\bin\Debug\net6.0\fine-code-coverage\coverage-tool-output</ResultsDirectory>
        </Configuration>
      </DataCollector>
    </DataCollectors>
  </DataCollectionRunSettings>
</RunSettings>

TpTrace Verbose: 0 : 5532, 1, 2022/05/16, 16:52:10.692, 3732390839194, vstest.console.dll, TestRunRequest.ExecuteAsync: Wait for the first run request is over.
TpTrace Verbose: 0 : 5532, 1, 2022/05/16, 16:52:10.693, 3732390846512, vstest.console.dll, ParallelProxyExecutionManager: Start execution. Total sources: 1
TpTrace Information: 0 : 5532, 1, 2022/05/16, 16:52:10.694, 3732390856098, vstest.console.dll, ProxyParallelExecutionManager: Triggering test run for next source: C:\Users\Oleg\Desktop\Zippopotamus_API_Test\Zippopotamus\ZippopotamusAPITest\bin\Debug\net6.0\fine-code-coverage\build-output\ZippopotamusAPITest.dll
TpTrace Verbose: 0 : 5532, 5, 2022/05/16, 16:52:10.694, 3732390858069, vstest.console.dll, ParallelProxyExecutionManager: Execution started. Started clients: 1
TpTrace Verbose: 0 : 5532, 1, 2022/05/16, 16:52:10.694, 3732390858897, vstest.console.dll, ProxyParallelExecutionManager: No sources available for execution.
TpTrace Information: 0 : 5532, 1, 2022/05/16, 16:52:10.694, 3732390859520, vstest.console.dll, TestRunRequest.ExecuteAsync: Started.
TpTrace Verbose: 0 : 5532, 1, 2022/05/16, 16:52:10.694, 3732390860421, vstest.console.dll, TestRunRequest.WaitForCompletion: Waiting with timeout -1.
TpTrace Verbose: 0 : 5532, 5, 2022/05/16, 16:52:10.694, 3732390862543, vstest.console.dll, TestRunRequest:SendTestRunMessage: Starting.
TpTrace Information: 0 : 5532, 5, 2022/05/16, 16:52:10.695, 3732390864289, vstest.console.dll, TestRunRequest:SendTestRunMessage: Completed.
TpTrace Verbose: 0 : 5532, 5, 2022/05/16, 16:52:10.695, 3732390867830, vstest.console.dll, ProxyExecutionManager: Test host is always Lazy initialize.
TpTrace Verbose: 0 : 5532, 5, 2022/05/16, 16:52:10.695, 3732390871032, vstest.console.dll, TestRequestSender.InitializeCommunication: initialize communication. 
TpTrace Information: 0 : 5532, 5, 2022/05/16, 16:52:10.696, 3732390878761, vstest.console.dll, SocketServer.Start: Listening on endpoint : 127.0.0.1:55424
TpTrace Verbose: 0 : 5532, 5, 2022/05/16, 16:52:10.697, 3732390888776, vstest.console.dll, DotnetTestHostmanager.GetTestHostProcessStartInfo: Platform environment 'X64' target architecture 'X64' framework '.NETCoreApp,Version=v6.0' OS 'Windows'
TpTrace Verbose: 0 : 5532, 5, 2022/05/16, 16:52:10.697, 3732390892254, vstest.console.dll, DotnetTestHostmanager: Adding  --runtimeconfig "C:\Users\Oleg\Desktop\Zippopotamus_API_Test\Zippopotamus\ZippopotamusAPITest\bin\Debug\net6.0\fine-code-coverage\build-output\ZippopotamusAPITest.runtimeconfig.json" in args
TpTrace Verbose: 0 : 5532, 5, 2022/05/16, 16:52:10.698, 3732390893987, vstest.console.dll, DotnetTestHostmanager: Adding  --depsfile "C:\Users\Oleg\Desktop\Zippopotamus_API_Test\Zippopotamus\ZippopotamusAPITest\bin\Debug\net6.0\fine-code-coverage\build-output\ZippopotamusAPITest.deps.json" in args
TpTrace Verbose: 0 : 5532, 5, 2022/05/16, 16:52:10.701, 3732390923503, vstest.console.dll, DotnetTestHostmanager.IsWinOnArm: Current PROCESSOR_ARCHITECTURE from registry 'AMD64'
TpTrace Verbose: 0 : 5532, 5, 2022/05/16, 16:52:10.701, 3732390925517, vstest.console.dll, DotnetTestHostmanager.IsWinOnArm: Is Windows on ARM 'False'
TpTrace Verbose: 0 : 5532, 5, 2022/05/16, 16:52:10.701, 3732390927535, vstest.console.dll, DotnetTestHostManager: testhost.exe found at path: C:\Users\Oleg\Desktop\Zippopotamus_API_Test\Zippopotamus\ZippopotamusAPITest\bin\Debug\net6.0\fine-code-coverage\build-output\testhost.exe
TpTrace Verbose: 0 : 5532, 5, 2022/05/16, 16:52:10.701, 3732390928336, vstest.console.dll, DotnetTestHostmanager: Full path of host exe is C:\Users\Oleg\Desktop\Zippopotamus_API_Test\Zippopotamus\ZippopotamusAPITest\bin\Debug\net6.0\fine-code-coverage\build-output\testhost.exe
TpTrace Verbose: 0 : 5532, 5, 2022/05/16, 16:52:10.701, 3732390930901, vstest.console.dll, DotnetTestHostmanager.LaunchTestHostAsync: Found 'VSTEST_WINAPPHOST_DOTNET_ROOT' in env variables, value 'C:\Program Files\dotnet'
TpTrace Verbose: 0 : 5532, 7, 2022/05/16, 16:52:10.702, 3732390943211, vstest.console.dll, DotnetTestHostManager: Starting process 'C:\Users\Oleg\Desktop\Zippopotamus_API_Test\Zippopotamus\ZippopotamusAPITest\bin\Debug\net6.0\fine-code-coverage\build-output\testhost.exe' with command line ' --runtimeconfig "C:\Users\Oleg\Desktop\Zippopotamus_API_Test\Zippopotamus\ZippopotamusAPITest\bin\Debug\net6.0\fine-code-coverage\build-output\ZippopotamusAPITest.runtimeconfig.json" --depsfile "C:\Users\Oleg\Desktop\Zippopotamus_API_Test\Zippopotamus\ZippopotamusAPITest\bin\Debug\net6.0\fine-code-coverage\build-output\ZippopotamusAPITest.deps.json" --port 55424 --endpoint 127.0.0.1:055424 --role client --parentprocessid 5532 --diag "C:\Users\Oleg\Desktop\Zippopotamus_API_Test\Zippopotamus\ZippopotamusAPITest\bin\Debug\net6.0\fine-code-coverage\coverage-tool-output\diagnostics.host.22-05-16_16-52-10_69707_5.log" --tracelevel 4 --datacollectionport 55423 --telemetryoptedin false'
TpTrace Verbose: 0 : 5532, 7, 2022/05/16, 16:52:10.718, 3732391103354, vstest.console.dll, Test Runtime launched
TpTrace Verbose: 0 : 5532, 5, 2022/05/16, 16:52:10.720, 3732391117711, vstest.console.dll, TestRequestSender.WaitForRequestHandlerConnection: waiting for connection with timeout: 90000
TpTrace Verbose: 0 : 5532, 7, 2022/05/16, 16:52:10.895, 3732392863424, vstest.console.dll, SocketServer.OnClientConnected: Client connected for endPoint: 127.0.0.1:55424, starting MessageLoopAsync:
TpTrace Verbose: 0 : 5532, 7, 2022/05/16, 16:52:10.895, 3732392866352, vstest.console.dll, TcpClientExtensions.MessageLoopAsync: Polling on remoteEndPoint: 127.0.0.1:55425 localEndPoint: 127.0.0.1:55424
TpTrace Verbose: 0 : 5532, 5, 2022/05/16, 16:52:10.896, 3732392877517, vstest.console.dll, TestRequestSender.CheckVersionWithTestHost: Sending check version message: {"MessageType":"ProtocolVersion","Payload":5}
TpTrace Verbose: 0 : 5532, 7, 2022/05/16, 16:52:11.055, 3732394471854, vstest.console.dll, TcpClientExtensions.MessageLoopAsync: NotifyDataAvailable remoteEndPoint: 127.0.0.1:55425 localEndPoint: 127.0.0.1:55424
TpTrace Verbose: 0 : 5532, 7, 2022/05/16, 16:52:11.056, 3732394474929, vstest.console.dll, TestRequestSender.CheckVersionWithTestHost: onMessageReceived received message: (ProtocolVersion) -> 5
TpTrace Verbose: 0 : 5532, 7, 2022/05/16, 16:52:11.056, 3732394478812, vstest.console.dll, TcpClientExtensions.MessageLoopAsync: Polling on remoteEndPoint: 127.0.0.1:55425 localEndPoint: 127.0.0.1:55424
TpTrace Verbose: 0 : 5532, 5, 2022/05/16, 16:52:11.056, 3732394479666, vstest.console.dll, TestPluginCache.GetExtensionPaths: Filtered extension paths: 
TpTrace Verbose: 0 : 5532, 5, 2022/05/16, 16:52:11.056, 3732394480391, vstest.console.dll, TestPluginCache.GetExtensionPaths: Added default extension paths: C:\Program Files\dotnet\sdk\6.0.202\Extensions\DumpMinitool.exe
C:\Program Files\dotnet\sdk\6.0.202\Extensions\DumpMinitool.x86.exe
C:\Program Files\dotnet\sdk\6.0.202\Extensions\Microsoft.Diagnostics.NETCore.Client.dll
C:\Program Files\dotnet\sdk\6.0.202\Extensions\Microsoft.TestPlatform.Extensions.BlameDataCollector.dll
C:\Program Files\dotnet\sdk\6.0.202\Extensions\Microsoft.TestPlatform.Extensions.EventLogCollector.dll
C:\Program Files\dotnet\sdk\6.0.202\Extensions\Microsoft.TestPlatform.TestHostRuntimeProvider.dll
C:\Program Files\dotnet\sdk\6.0.202\Extensions\Microsoft.VisualStudio.TestPlatform.Extensions.Html.TestLogger.dll
C:\Program Files\dotnet\sdk\6.0.202\Extensions\Microsoft.VisualStudio.TestPlatform.Extensions.Trx.TestLogger.dll
TpTrace Verbose: 0 : 5532, 5, 2022/05/16, 16:52:11.056, 3732394481033, vstest.console.dll, TestPluginCache.GetExtensionPaths: Added unfilterableExtensionPaths: 
TpTrace Verbose: 0 : 5532, 5, 2022/05/16, 16:52:11.060, 3732394519990, vstest.console.dll, TestRequestSender.InitializeExecution: Sending initialize execution with message: {"Version":5,"MessageType":"TestExecution.Initialize","Payload":["C:\\Users\\Oleg\\Desktop\\Zippopotamus_API_Test\\Zippopotamus\\ZippopotamusAPITest\\bin\\Debug\\net6.0\\fine-code-coverage\\build-output\\NUnit3.TestAdapter.dll"]}
TpTrace Warning: 0 : 5532, 5, 2022/05/16, 16:52:11.061, 3732394524663, vstest.console.dll, InferRunSettingsHelper.MakeRunsettingsCompatible: Removing the following settings: TargetPlatform from RunSettings file. To use those settings please move to latest version of Microsoft.NET.Test.Sdk
TpTrace Verbose: 0 : 5532, 7, 2022/05/16, 16:52:11.068, 3732394596535, vstest.console.dll, TcpClientExtensions.MessageLoopAsync: NotifyDataAvailable remoteEndPoint: 127.0.0.1:55425 localEndPoint: 127.0.0.1:55424
TpTrace Verbose: 0 : 5532, 7, 2022/05/16, 16:52:11.068, 3732394598331, vstest.console.dll, TestRequestSender.OnExecutionMessageReceived: Received message: {"Version":5,"MessageType":"TestSession.Message","Payload":{"MessageLevel":0,"Message":"Logging TestHost Diagnostics in file: C:\\Users\\Oleg\\Desktop\\Zippopotamus_API_Test\\Zippopotamus\\ZippopotamusAPITest\\bin\\Debug\\net6.0\\fine-code-coverage\\coverage-tool-output\\diagnostics.host.22-05-16_16-52-10_69707_5.log"}}
TpTrace Verbose: 0 : 5532, 7, 2022/05/16, 16:52:11.070, 3732394619327, vstest.console.dll, TestRunRequest:SendTestRunMessage: Starting.
TpTrace Information: 0 : 5532, 7, 2022/05/16, 16:52:11.070, 3732394620861, vstest.console.dll, TestRunRequest:SendTestRunMessage: Completed.
TpTrace Verbose: 0 : 5532, 7, 2022/05/16, 16:52:11.070, 3732394621532, vstest.console.dll, TcpClientExtensions.MessageLoopAsync: Polling on remoteEndPoint: 127.0.0.1:55425 localEndPoint: 127.0.0.1:55424
TpTrace Verbose: 0 : 5532, 5, 2022/05/16, 16:52:11.072, 3732394642725, vstest.console.dll, TestRequestSender.StartTestRun: Sending test run with message: {"Version":5,"MessageType":"TestExecution.StartWithSources","Payload":{"AdapterSourceMap":{"_none_":["C:\\Users\\Oleg\\Desktop\\Zippopotamus_API_Test\\Zippopotamus\\ZippopotamusAPITest\\bin\\Debug\\net6.0\\fine-code-coverage\\build-output\\ZippopotamusAPITest.dll"]},"RunSettings":"<RunSettings>\r\n  <RunConfiguration>\r\n    <ResultsDirectory>C:\\Users\\Oleg\\Desktop\\Zippopotamus_API_Test\\Zippopotamus\\ZippopotamusAPITest\\bin\\Debug\\net6.0\\fine-code-coverage\\coverage-tool-output</ResultsDirectory>\r\n    <TargetFrameworkVersion>.NETCoreApp,Version=v6.0</TargetFrameworkVersion>\r\n    <DesignMode>False</DesignMode>\r\n    <CollectSourceInformation>False</CollectSourceInformation>\r\n  </RunConfiguration>\r\n  <LoggerRunSettings>\r\n    <Loggers>\r\n      <Logger friendlyName=\"blame\" enabled=\"True\" />\r\n      <Logger friendlyName=\"Console\" uri=\"logger://microsoft/TestPlatform/ConsoleLogger/v1\" assemblyQualifiedName=\"Microsoft.VisualStudio.TestPlatform.CommandLine.Internal.ConsoleLogger, vstest.console, Version=15.0.0.0, Culture=neutral, PublicKeyToken=b03f5f7f11d50a3a\" codeBase=\"C:\\Program Files\\dotnet\\sdk\\6.0.202\\vstest.console.dll\" enabled=\"True\" />\r\n    </Loggers>\r\n  </LoggerRunSettings>\r\n  <DataCollectionRunSettings>\r\n    <DataCollectors>\r\n      <DataCollector friendlyName=\"blame\" enabled=\"True\">\r\n        <Configuration>\r\n          <ResultsDirectory>C:\\Users\\Oleg\\Desktop\\Zippopotamus_API_Test\\Zippopotamus\\ZippopotamusAPITest\\bin\\Debug\\net6.0\\fine-code-coverage\\coverage-tool-output</ResultsDirectory>\r\n        </Configuration>\r\n      </DataCollector>\r\n    </DataCollectors>\r\n  </DataCollectionRunSettings>\r\n</RunSettings>","TestExecutionContext":{"FrequencyOfRunStatsChangeEvent":10,"RunStatsChangeEventTimeout":"00:00:01.5000000","InIsolation":false,"KeepAlive":false,"AreTestCaseLevelEventsRequired":false,"IsDebug":false,"TestCaseFilter":null,"FilterOptions":null},"Package":null}}
TpTrace Verbose: 0 : 5532, 7, 2022/05/16, 16:52:11.269, 3732396609892, vstest.console.dll, TcpClientExtensions.MessageLoopAsync: NotifyDataAvailable remoteEndPoint: 127.0.0.1:55425 localEndPoint: 127.0.0.1:55424
TpTrace Verbose: 0 : 5532, 7, 2022/05/16, 16:52:11.269, 3732396611386, vstest.console.dll, TestRequestSender.OnExecutionMessageReceived: Received message: {"Version":5,"MessageType":"TestSession.Message","Payload":{"MessageLevel":0,"Message":"NUnit Adapter 4.0.0.0: Test execution started"}}
TpTrace Verbose: 0 : 5532, 7, 2022/05/16, 16:52:11.270, 3732396614783, vstest.console.dll, TestRunRequest:SendTestRunMessage: Starting.
TpTrace Information: 0 : 5532, 7, 2022/05/16, 16:52:11.270, 3732396615599, vstest.console.dll, TestRunRequest:SendTestRunMessage: Completed.
TpTrace Verbose: 0 : 5532, 7, 2022/05/16, 16:52:11.270, 3732396616194, vstest.console.dll, TcpClientExtensions.MessageLoopAsync: Polling on remoteEndPoint: 127.0.0.1:55425 localEndPoint: 127.0.0.1:55424
TpTrace Verbose: 0 : 5532, 7, 2022/05/16, 16:52:11.309, 3732397004674, vstest.console.dll, TcpClientExtensions.MessageLoopAsync: NotifyDataAvailable remoteEndPoint: 127.0.0.1:55425 localEndPoint: 127.0.0.1:55424
TpTrace Verbose: 0 : 5532, 7, 2022/05/16, 16:52:11.309, 3732397006249, vstest.console.dll, TestRequestSender.OnExecutionMessageReceived: Received message: {"Version":5,"MessageType":"TestSession.Message","Payload":{"MessageLevel":0,"Message":"Running all tests in C:\\Users\\Oleg\\Desktop\\Zippopotamus_API_Test\\Zippopotamus\\ZippopotamusAPITest\\bin\\Debug\\net6.0\\fine-code-coverage\\build-output\\ZippopotamusAPITest.dll"}}
TpTrace Verbose: 0 : 5532, 7, 2022/05/16, 16:52:11.309, 3732397009571, vstest.console.dll, TestRunRequest:SendTestRunMessage: Starting.
TpTrace Information: 0 : 5532, 7, 2022/05/16, 16:52:11.309, 3732397010698, vstest.console.dll, TestRunRequest:SendTestRunMessage: Completed.
TpTrace Verbose: 0 : 5532, 7, 2022/05/16, 16:52:11.309, 3732397011377, vstest.console.dll, TcpClientExtensions.MessageLoopAsync: Polling on remoteEndPoint: 127.0.0.1:55425 localEndPoint: 127.0.0.1:55424
TpTrace Verbose: 0 : 5532, 7, 2022/05/16, 16:52:11.510, 3732399017588, vstest.console.dll, TcpClientExtensions.MessageLoopAsync: NotifyDataAvailable remoteEndPoint: 127.0.0.1:55425 localEndPoint: 127.0.0.1:55424
TpTrace Verbose: 0 : 5532, 7, 2022/05/16, 16:52:11.510, 3732399019441, vstest.console.dll, TestRequestSender.OnExecutionMessageReceived: Received message: {"Version":5,"MessageType":"TestSession.Message","Payload":{"MessageLevel":0,"Message":"   NUnit3TestExecutor discovered 5 of 5 NUnit test cases using Current Discovery mode, Non-Explicit run"}}
TpTrace Verbose: 0 : 5532, 7, 2022/05/16, 16:52:11.510, 3732399022728, vstest.console.dll, TestRunRequest:SendTestRunMessage: Starting.
TpTrace Information: 0 : 5532, 7, 2022/05/16, 16:52:11.511, 3732399023602, vstest.console.dll, TestRunRequest:SendTestRunMessage: Completed.
TpTrace Verbose: 0 : 5532, 7, 2022/05/16, 16:52:11.511, 3732399024268, vstest.console.dll, TcpClientExtensions.MessageLoopAsync: Polling on remoteEndPoint: 127.0.0.1:55425 localEndPoint: 127.0.0.1:55424
TpTrace Verbose: 0 : 5532, 7, 2022/05/16, 16:52:12.522, 3732409134511, vstest.console.dll, TcpClientExtensions.MessageLoopAsync: Polling on remoteEndPoint: 127.0.0.1:55425 localEndPoint: 127.0.0.1:55424
TpTrace Verbose: 0 : 5532, 7, 2022/05/16, 16:52:12.778, 3732411693877, vstest.console.dll, TcpClientExtensions.MessageLoopAsync: NotifyDataAvailable remoteEndPoint: 127.0.0.1:55425 localEndPoint: 127.0.0.1:55424
TpTrace Verbose: 0 : 5532, 7, 2022/05/16, 16:52:12.778, 3732411696044, vstest.console.dll, TestRequestSender.OnExecutionMessageReceived: Received message: {"Version":5,"MessageType":"TestExecution.StatsChange","Payload":{"NewTestResults":[{"TestCase":{"Id":"f391ec93-3562-7dbe-1a55-bc6ca7f58989","FullyQualifiedName":"ZippopotamusAPITest.DataDrivenApiTests.Test_GetCountryInfo(\"IT\",\"00100\",\"Roma\")","DisplayName":"Test_GetCountryInfo(\"IT\",\"00100\",\"Roma\")","ExecutorUri":"executor://NUnit3TestExecutor","Source":"C:\\Users\\Oleg\\Desktop\\Zippopotamus_API_Test\\Zippopotamus\\ZippopotamusAPITest\\bin\\Debug\\net6.0\\fine-code-coverage\\build-output\\ZippopotamusAPITest.dll","CodeFilePath":null,"LineNumber":0,"Properties":[{"Key":{"Id":"NUnit.Seed","Label":"Seed","Category":"","Description":"","Attributes":0,"ValueType":"System.String"},"Value":"381054466"}]},"Attachments":[],"Outcome":1,"ErrorMessage":null,"ErrorStackTrace":null,"DisplayName":"Test_GetCountryInfo(\"IT\",\"00100\",\"Roma\")","Messages":[],"ComputerName":"DESKTOP-VSB273D","Duration":"00:00:00.6603150","StartTime":"2022-05-16T13:52:11.5483135+00:00","EndTime":"2022-05-16T13:52:12.2085204+00:00","Properties":[{"Key":{"Id":"NUnit.Seed","Label":"Seed","Category":"","Description":"","Attributes":0,"ValueType":"System.String"},"Value":"381054466"}]},{"TestCase":{"Id":"d5010766-0e86-93f0-4db1-f2dcaabc8202","FullyQualifiedName":"ZippopotamusAPITest.DataDrivenApiTests.Test_GetCountryInfo(\"GB\",\"WC2N\",\"London\")","DisplayName":"Test_GetCountryInfo(\"GB\",\"WC2N\",\"London\")","ExecutorUri":"executor://NUnit3TestExecutor","Source":"C:\\Users\\Oleg\\Desktop\\Zippopotamus_API_Test\\Zippopotamus\\ZippopotamusAPITest\\bin\\Debug\\net6.0\\fine-code-coverage\\build-output\\ZippopotamusAPITest.dll","CodeFilePath":null,"LineNumber":0,"Properties":[{"Key":{"Id":"NUnit.Seed","Label":"Seed","Category":"","Description":"","Attributes":0,"ValueType":"System.String"},"Value":"424281225"}]},"Attachments":[],"Outcome":1,"ErrorMessage":null,"ErrorStackTrace":null,"DisplayName":"Test_GetCountryInfo(\"GB\",\"WC2N\",\"London\")","Messages":[],"ComputerName":"DESKTOP-VSB273D","Duration":"00:00:00.3227780","StartTime":"2022-05-16T13:52:12.2104332+00:00","EndTime":"2022-05-16T13:52:12.5332113+00:00","Properties":[{"Key":{"Id":"NUnit.Seed","Label":"Seed","Category":"","Description":"","Attributes":0,"ValueType":"System.String"},"Value":"424281225"}]}],"TestRunStatistics":{"ExecutedTests":2,"Stats":{"Passed":2}},"ActiveTests":[{"Id":"6e71ab90-a004-c689-cf3a-38a6b9ff3ce3","FullyQualifiedName":"ZippopotamusAPITest.DataDrivenApiTests.Test_GetCountryInfo(\"US\",\"90001\",\"Los Angeles\")","DisplayName":"Test_GetCountryInfo(\"US\",\"90001\",\"Los Angeles\")","ExecutorUri":"executor://NUnit3TestExecutor","Source":"C:\\Users\\Oleg\\Desktop\\Zippopotamus_API_Test\\Zippopotamus\\ZippopotamusAPITest\\bin\\Debug\\net6.0\\fine-code-coverage\\build-output\\ZippopotamusAPITest.dll","CodeFilePath":null,"LineNumber":0,"Properties":[{"Key":{"Id":"NUnit.Seed","Label":"Seed","Category":"","Description":"","Attributes":0,"ValueType":"System.String"},"Value":"40710061"}]}]}}
TpTrace Verbose: 0 : 5532, 7, 2022/05/16, 16:52:12.807, 3732411984944, vstest.console.dll, TestRunRequest:SendTestRunStatsChange: Starting.
TpTrace Verbose: 0 : 5532, 7, 2022/05/16, 16:52:12.807, 3732411986552, vstest.console.dll, InProgress is Test_GetCountryInfo("US","90001","Los Angeles")
TpTrace Information: 0 : 5532, 7, 2022/05/16, 16:52:12.807, 3732411988312, vstest.console.dll, TestRunRequest:SendTestRunStatsChange: Completed.
TpTrace Verbose: 0 : 5532, 7, 2022/05/16, 16:52:12.807, 3732411988754, vstest.console.dll, TcpClientExtensions.MessageLoopAsync: Polling on remoteEndPoint: 127.0.0.1:55425 localEndPoint: 127.0.0.1:55424
TpTrace Verbose: 0 : 5532, 7, 2022/05/16, 16:52:13.490, 3732418820607, vstest.console.dll, TcpClientExtensions.MessageLoopAsync: NotifyDataAvailable remoteEndPoint: 127.0.0.1:55425 localEndPoint: 127.0.0.1:55424
TpTrace Verbose: 0 : 5532, 7, 2022/05/16, 16:52:13.490, 3732418821925, vstest.console.dll, TestRequestSender.OnExecutionMessageReceived: Received message: {"Version":5,"MessageType":"TestSession.Message","Payload":{"MessageLevel":0,"Message":"NUnit Adapter 4.0.0.0: Test execution complete"}}
TpTrace Verbose: 0 : 5532, 7, 2022/05/16, 16:52:13.491, 3732418823467, vstest.console.dll, TestRunRequest:SendTestRunMessage: Starting.
TpTrace Information: 0 : 5532, 7, 2022/05/16, 16:52:13.491, 3732418824089, vstest.console.dll, TestRunRequest:SendTestRunMessage: Completed.
TpTrace Verbose: 0 : 5532, 7, 2022/05/16, 16:52:13.491, 3732418824453, vstest.console.dll, TcpClientExtensions.MessageLoopAsync: Polling on remoteEndPoint: 127.0.0.1:55425 localEndPoint: 127.0.0.1:55424
TpTrace Verbose: 0 : 5532, 7, 2022/05/16, 16:52:13.508, 3732419000253, vstest.console.dll, TcpClientExtensions.MessageLoopAsync: NotifyDataAvailable remoteEndPoint: 127.0.0.1:55425 localEndPoint: 127.0.0.1:55424
TpTrace Verbose: 0 : 5532, 7, 2022/05/16, 16:52:13.508, 3732419001879, vstest.console.dll, TestRequestSender.OnExecutionMessageReceived: Received message: {"Version":5,"MessageType":"TestExecution.Completed","Payload":{"TestRunCompleteArgs":{"TestRunStatistics":{"ExecutedTests":5,"Stats":{"Passed":5}},"IsCanceled":false,"IsAborted":false,"Error":null,"AttachmentSets":[],"ElapsedTimeInRunningTests":"00:00:02.2483160","Metrics":{}},"LastRunTests":{"NewTestResults":[{"TestCase":{"Id":"6e71ab90-a004-c689-cf3a-38a6b9ff3ce3","FullyQualifiedName":"ZippopotamusAPITest.DataDrivenApiTests.Test_GetCountryInfo(\"US\",\"90001\",\"Los Angeles\")","DisplayName":"Test_GetCountryInfo(\"US\",\"90001\",\"Los Angeles\")","ExecutorUri":"executor://NUnit3TestExecutor","Source":"C:\\Users\\Oleg\\Desktop\\Zippopotamus_API_Test\\Zippopotamus\\ZippopotamusAPITest\\bin\\Debug\\net6.0\\fine-code-coverage\\build-output\\ZippopotamusAPITest.dll","CodeFilePath":null,"LineNumber":0,"Properties":[{"Key":{"Id":"NUnit.Seed","Label":"Seed","Category":"","Description":"","Attributes":0,"ValueType":"System.String"},"Value":"40710061"}]},"Attachments":[],"Outcome":1,"ErrorMessage":null,"ErrorStackTrace":null,"DisplayName":"Test_GetCountryInfo(\"US\",\"90001\",\"Los Angeles\")","Messages":[],"ComputerName":"DESKTOP-VSB273D","Duration":"00:00:00.3077190","StartTime":"2022-05-16T13:52:12.5332651+00:00","EndTime":"2022-05-16T13:52:12.8409842+00:00","Properties":[{"Key":{"Id":"NUnit.Seed","Label":"Seed","Category":"","Description":"","Attributes":0,"ValueType":"System.String"},"Value":"40710061"}]},{"TestCase":{"Id":"6f9b825b-5655-c250-1a96-790b45228742","FullyQualifiedName":"ZippopotamusAPITest.DataDrivenApiTests.Test_GetCountryInfo(\"DE\",\"01067\",\"Dresden\")","DisplayName":"Test_GetCountryInfo(\"DE\",\"01067\",\"Dresden\")","ExecutorUri":"executor://NUnit3TestExecutor","Source":"C:\\Users\\Oleg\\Desktop\\Zippopotamus_API_Test\\Zippopotamus\\ZippopotamusAPITest\\bin\\Debug\\net6.0\\fine-code-coverage\\build-output\\ZippopotamusAPITest.dll","CodeFilePath":null,"LineNumber":0,"Properties":[{"Key":{"Id":"NUnit.Seed","Label":"Seed","Category":"","Description":"","Attributes":0,"ValueType":"System.String"},"Value":"1330683786"}]},"Attachments":[],"Outcome":1,"ErrorMessage":null,"ErrorStackTrace":null,"DisplayName":"Test_GetCountryInfo(\"DE\",\"01067\",\"Dresden\")","Messages":[],"ComputerName":"DESKTOP-VSB273D","Duration":"00:00:00.3078890","StartTime":"2022-05-16T13:52:12.8410128+00:00","EndTime":"2022-05-16T13:52:13.1489012+00:00","Properties":[{"Key":{"Id":"NUnit.Seed","Label":"Seed","Category":"","Description":"","Attributes":0,"ValueType":"System.String"},"Value":"1330683786"}]},{"TestCase":{"Id":"32b750cb-79be-f43a-c862-6cac3e904bcc","FullyQualifiedName":"ZippopotamusAPITest.DataDrivenApiTests.Test_GetCountryInfo(\"GB\",\"B1\",\"Birmingham\")","DisplayName":"Test_GetCountryInfo(\"GB\",\"B1\",\"Birmingham\")","ExecutorUri":"executor://NUnit3TestExecutor","Source":"C:\\Users\\Oleg\\Desktop\\Zippopotamus_API_Test\\Zippopotamus\\ZippopotamusAPITest\\bin\\Debug\\net6.0\\fine-code-coverage\\build-output\\ZippopotamusAPITest.dll","CodeFilePath":null,"LineNumber":0,"Properties":[{"Key":{"Id":"NUnit.Seed","Label":"Seed","Category":"","Description":"","Attributes":0,"ValueType":"System.String"},"Value":"1498053300"}]},"Attachments":[],"Outcome":1,"ErrorMessage":null,"ErrorStackTrace":null,"DisplayName":"Test_GetCountryInfo(\"GB\",\"B1\",\"Birmingham\")","Messages":[],"ComputerName":"DESKTOP-VSB273D","Duration":"00:00:00.3329970","StartTime":"2022-05-16T13:52:13.1489516+00:00","EndTime":"2022-05-16T13:52:13.4819477+00:00","Properties":[{"Key":{"Id":"NUnit.Seed","Label":"Seed","Category":"","Description":"","Attributes":0,"ValueType":"System.String"},"Value":"1498053300"}]}],"TestRunStatistics":{"ExecutedTests":5,"Stats":{"Passed":5}},"ActiveTests":[]},"RunAttachments":[],"ExecutorUris":["executor://nunit3testexecutor/"]}}
TpTrace Verbose: 0 : 5532, 7, 2022/05/16, 16:52:13.509, 3732419004584, vstest.console.dll, TestRequestSender.EndSession: Sending end session.
TpTrace Verbose: 0 : 5532, 7, 2022/05/16, 16:52:13.509, 3732419005808, vstest.console.dll, ProxyOperationManager.Close: waiting for test host to exit for 100 ms
TpTrace Warning: 0 : 5532, 11, 2022/05/16, 16:52:13.538, 3732419302981, vstest.console.dll, TestHostManagerCallbacks.ErrorReceivedCallback Test host standard error line: 
TpTrace Verbose: 0 : 5532, 8, 2022/05/16, 16:52:13.545, 3732419369419, vstest.console.dll, TestHostProvider.ExitCallBack: Host exited starting callback.
TpTrace Information: 0 : 5532, 8, 2022/05/16, 16:52:13.546, 3732419375614, vstest.console.dll, TestHostManagerCallbacks.ExitCallBack: Testhost processId: 23512 exited with exitcode: 0 error: ''
TpTrace Verbose: 0 : 5532, 8, 2022/05/16, 16:52:13.546, 3732419376479, vstest.console.dll, DotnetTestHostManager.OnHostExited: invoking OnHostExited callback
TpTrace Verbose: 0 : 5532, 8, 2022/05/16, 16:52:13.546, 3732419377355, vstest.console.dll, CrossPlatEngine.TestHostManagerHostExited: calling on client process exit callback.
TpTrace Information: 0 : 5532, 8, 2022/05/16, 16:52:13.546, 3732419378166, vstest.console.dll, TestRequestSender.OnClientProcessExit: Test host process exited. Standard error: 
TpTrace Information: 0 : 5532, 7, 2022/05/16, 16:52:13.546, 3732419378405, vstest.console.dll, SocketServer.Stop: Stop server endPoint: 127.0.0.1:55424
TpTrace Information: 0 : 5532, 8, 2022/05/16, 16:52:13.546, 3732419378839, vstest.console.dll, SocketServer.Stop: Stop server endPoint: 127.0.0.1:55424
TpTrace Information: 0 : 5532, 7, 2022/05/16, 16:52:13.546, 3732419379181, vstest.console.dll, SocketServer.Stop: Cancellation requested. Stopping message loop.
TpTrace Information: 0 : 5532, 8, 2022/05/16, 16:52:13.546, 3732419379677, vstest.console.dll, SocketServer.Stop: Cancellation requested. Stopping message loop.
TpTrace Information: 0 : 5532, 7, 2022/05/16, 16:52:13.546, 3732419380889, vstest.console.dll, Closing the connection
TpTrace Warning: 0 : 5532, 7, 2022/05/16, 16:52:13.546, 3732419381306, vstest.console.dll, ProxyOperationManager: Timed out waiting for test host to exit. Will terminate process.
TpTrace Verbose: 0 : 5532, 7, 2022/05/16, 16:52:13.549, 3732419404034, vstest.console.dll, ProxyDataCollectionManager.InvokeDataCollectionServiceAction: Starting.
TpTrace Information: 0 : 5532, 7, 2022/05/16, 16:52:13.549, 3732419405103, vstest.console.dll, ProxyDataCollectionManager.AfterTestRunEnd: Get attachment set for datacollector processId: 17932 port: 55418
TpTrace Verbose: 0 : 5532, 7, 2022/05/16, 16:52:13.549, 3732419405689, vstest.console.dll, DataCollectionRequestSender.SendAfterTestRunStartAndGetResult : Send AfterTestRunEnd message with isCancelled: False
TpTrace Verbose: 0 : 5532, 7, 2022/05/16, 16:52:13.552, 3732419441396, vstest.console.dll, DataCollectionRequestSender.SendAfterTestRunStartAndGetResult : Received message: (DataCollection.AfterTestRunEndResult) -> {
  "AttachmentSets": [],
  "Metrics": {}
}
TpTrace Information: 0 : 5532, 7, 2022/05/16, 16:52:13.555, 3732419467632, vstest.console.dll, ProxyDataCollectionManager.InvokeDataCollectionServiceAction: Completed.
TpTrace Warning: 0 : 5532, 10, 2022/05/16, 16:52:13.557, 3732419490406, vstest.console.dll, DataCollectionLauncher.ErrorReceivedCallback datacollector standard error line: 
TpTrace Information: 0 : 5532, 8, 2022/05/16, 16:52:13.568, 3732419601086, vstest.console.dll, DataCollectionLauncher.ExitCallBack: Data collector exited with exitcode: 0 error: ''
TpTrace Verbose: 0 : 5532, 7, 2022/05/16, 16:52:13.582, 3732419738001, vstest.console.dll, TestRunRequest:SendTestRunStatsChange: Starting.
TpTrace Information: 0 : 5532, 7, 2022/05/16, 16:52:13.582, 3732419739150, vstest.console.dll, TestRunRequest:SendTestRunStatsChange: Completed.
TpTrace Verbose: 0 : 5532, 7, 2022/05/16, 16:52:13.582, 3732419740860, vstest.console.dll, ParallelProxyExecutionManager: HandlePartialRunComplete: Total completed clients = 1, Run complete = True, Run canceled: False.
TpTrace Verbose: 0 : 5532, 7, 2022/05/16, 16:52:13.602, 3732419934691, vstest.console.dll, TestRunRequest:TestRunComplete: Starting. IsAborted:False IsCanceled:False.
TpTrace Verbose: 0 : 5532, 7, 2022/05/16, 16:52:13.602, 3732419937282, vstest.console.dll, TestLoggerManager.HandleTestRunComplete: Ignoring as the object is disposed.
TpTrace Verbose: 0 : 5532, 1, 2022/05/16, 16:52:13.602, 3732419941336, vstest.console.dll, TestRunRequest.Dispose: Starting.
TpTrace Information: 0 : 5532, 7, 2022/05/16, 16:52:13.602, 3732419941313, vstest.console.dll, TestRunRequest:TestRunComplete: Completed.
TpTrace Verbose: 0 : 5532, 7, 2022/05/16, 16:52:13.602, 3732419942705, vstest.console.dll, TestRequestSender.SetOperationComplete: Setting operation complete.
TpTrace Information: 0 : 5532, 1, 2022/05/16, 16:52:13.602, 3732419942798, vstest.console.dll, TestRunRequest.Dispose: Completed.
TpTrace Information: 0 : 5532, 7, 2022/05/16, 16:52:13.602, 3732419943313, vstest.console.dll, SocketServer.Stop: Stop server endPoint: 127.0.0.1:55424
TpTrace Information: 0 : 5532, 1, 2022/05/16, 16:52:13.603, 3732419943862, vstest.console.dll, TestRequestManager.RunTests: run tests completed.
TpTrace Information: 0 : 5532, 7, 2022/05/16, 16:52:13.603, 3732419944261, vstest.console.dll, SocketServer.Stop: Cancellation requested. Stopping message loop.
TpTrace Information: 0 : 5532, 7, 2022/05/16, 16:52:13.603, 3732419944786, vstest.console.dll, SocketServer.PrivateStop: Stopping server endPoint: 127.0.0.1:55424 error: 
TpTrace Information: 0 : 5532, 1, 2022/05/16, 16:52:13.603, 3732419944810, vstest.console.dll, RunTestsArgumentProcessor:Execute: Test run is completed.
TpTrace Verbose: 0 : 5532, 1, 2022/05/16, 16:52:13.603, 3732419947598, vstest.console.dll, Executor.Execute: Exiting with exit code of 0
TpTrace Verbose: 0 : 5532, 7, 2022/05/16, 16:52:13.603, 3732419952046, vstest.console.dll, LengthPrefixCommunicationChannel.Dispose: Dispose reader and writer.
TpTrace Information: 0 : 5532, 7, 2022/05/16, 16:52:13.603, 3732419953201, vstest.console.dll, SocketServer.Stop: Raise disconnected event endPoint: 127.0.0.1:55424 error: 
